2020-08-06 16:38:17,296 - INFO - user_log.py - 春衫 - 日志信息:等待元素('id', 'com.ecloud.hobay:id/tv_yes')可见
2020-08-06 16:38:17,401 - INFO - user_log.py - 春衫 - 日志信息:等待时长为：0
2020-08-06 16:38:17,402 - INFO - user_log.py - 春衫 - 日志信息:定位方式:by.id--->定位值:com.ecloud.hobay:id/tv_yes
2020-08-06 16:38:17,433 - INFO - user_log.py - 春衫 - 日志信息:处理欢迎页面点击元素('id', 'com.ecloud.hobay:id/tv_yes')
2020-08-06 16:38:17,434 - INFO - user_log.py - 春衫 - 日志信息:元素点击操作失败
2020-08-06 16:38:18,297 - INFO - user_log.py - 春衫 - 日志信息:截取网页成功，文件路径为为：D:\Pycharm_workspace\APPV1.0\Outputs\Error_Image\2020-08-06\处理欢迎页面2020-08-06-16-38-17.png
2020-08-06 16:40:29,336 - INFO - user_log.py - 春衫 - 日志信息:等待元素('id', 'com.ecloud.hobay:id/tv_yes')可见
2020-08-06 16:40:29,414 - INFO - user_log.py - 春衫 - 日志信息:等待时长为：0
2020-08-06 16:40:29,415 - INFO - user_log.py - 春衫 - 日志信息:定位方式:by.id--->定位值:com.ecloud.hobay:id/tv_yes
2020-08-06 16:40:29,450 - INFO - user_log.py - 春衫 - 日志信息:处理欢迎页面点击元素('id', 'com.ecloud.hobay:id/tv_yes')
2020-08-06 16:40:29,450 - INFO - user_log.py - 春衫 - 日志信息:元素点击操作失败
2020-08-06 16:40:30,079 - INFO - user_log.py - 春衫 - 日志信息:截取网页成功，文件路径为为：D:\Pycharm_workspace\APPV1.0\Outputs\Error_Image\2020-08-06\处理欢迎页面2020-08-06-16-40-29.png
2020-08-06 16:44:22,664 - INFO - user_log.py - 春衫 - 日志信息:等待元素('id', 'com.ecloud.hobay:id/tv_yes')可见
2020-08-06 16:44:22,744 - INFO - user_log.py - 春衫 - 日志信息:等待时长为：0
2020-08-06 16:44:22,745 - INFO - user_log.py - 春衫 - 日志信息:定位方式:by.id--->定位值:com.ecloud.hobay:id/tv_yes
2020-08-06 16:44:22,777 - INFO - user_log.py - 春衫 - 日志信息:处理欢迎页面点击元素('id', 'com.ecloud.hobay:id/tv_yes')
2020-08-06 16:44:22,862 - INFO - user_log.py - 春衫 - 日志信息:当前手机屏幕尺寸是：{'width': 1080, 'height': 2029}
2020-08-06 16:44:29,147 - INFO - user_log.py - 春衫 - 日志信息:定位方式:by.id--->定位值:com.ecloud.hobay:id/btn_experience_now
2020-08-06 16:44:29,375 - INFO - user_log.py - 春衫 - 日志信息:处理欢迎页面点击元素('id', 'com.ecloud.hobay:id/btn_experience_now')
2020-08-06 16:44:31,450 - INFO - user_log.py - 春衫 - 日志信息:定位方式:by.id--->定位值:com.lbe.security.miui:id/permission_allow_always_button
2020-08-06 16:44:31,496 - INFO - user_log.py - 春衫 - 日志信息:处理欢迎页面点击元素('id', 'com.lbe.security.miui:id/permission_allow_always_button')
2020-08-06 16:44:32,549 - INFO - user_log.py - 春衫 - 日志信息:等待元素('id', 'com.ecloud.hobay:id/rb_me')可见
2020-08-06 16:44:32,792 - INFO - user_log.py - 春衫 - 日志信息:等待时长为：0
2020-08-06 16:44:32,793 - INFO - user_log.py - 春衫 - 日志信息:定位方式:by.id--->定位值:com.ecloud.hobay:id/rb_me
2020-08-06 16:44:33,053 - INFO - user_log.py - 春衫 - 日志信息:点击底部导航栏-我的点击元素('id', 'com.ecloud.hobay:id/rb_me')
2020-08-06 16:44:34,409 - INFO - user_log.py - 春衫 - 日志信息:点击坐标(440, 775)
2020-08-06 16:44:41,120 - INFO - user_log.py - 春衫 - 日志信息:输入数字是17777777776
2020-08-06 16:44:42,121 - INFO - user_log.py - 春衫 - 日志信息:点击坐标(540, 1030)
2020-08-06 16:44:43,810 - INFO - user_log.py - 春衫 - 日志信息:点击坐标(500, 860)
2020-08-06 16:44:49,033 - INFO - user_log.py - 春衫 - 日志信息:点击坐标(540, 1110)
2020-08-06 16:44:55,549 - INFO - user_log.py - 春衫 - 日志信息:定位方式:by.id--->定位值:com.ecloud.hobay:id/rb_me
2020-08-06 16:44:55,985 - INFO - user_log.py - 春衫 - 日志信息:获取当前app的登陆状态点击元素('id', 'com.ecloud.hobay:id/rb_me')
2020-08-06 16:44:56,731 - INFO - user_log.py - 春衫 - 日志信息:定位方式:by.id--->定位值:com.ecloud.hobay:id/tv_setting
2020-08-06 16:45:49,672 - INFO - user_log.py - 春衫 - 日志信息:等待元素('id', 'com.ecloud.hobay:id/tv_yes')可见
2020-08-06 16:45:49,736 - INFO - user_log.py - 春衫 - 日志信息:等待时长为：0
2020-08-06 16:45:49,736 - INFO - user_log.py - 春衫 - 日志信息:定位方式:by.id--->定位值:com.ecloud.hobay:id/tv_yes
2020-08-06 16:45:49,763 - INFO - user_log.py - 春衫 - 日志信息:处理欢迎页面点击元素('id', 'com.ecloud.hobay:id/tv_yes')
2020-08-06 16:45:49,830 - INFO - user_log.py - 春衫 - 日志信息:当前手机屏幕尺寸是：{'width': 1080, 'height': 2029}
2020-08-06 16:45:56,061 - INFO - user_log.py - 春衫 - 日志信息:定位方式:by.id--->定位值:com.ecloud.hobay:id/btn_experience_now
2020-08-06 16:45:56,112 - INFO - user_log.py - 春衫 - 日志信息:处理欢迎页面点击元素('id', 'com.ecloud.hobay:id/btn_experience_now')
2020-08-06 16:45:58,164 - INFO - user_log.py - 春衫 - 日志信息:定位方式:by.id--->定位值:com.lbe.security.miui:id/permission_allow_always_button
2020-08-06 16:45:58,203 - INFO - user_log.py - 春衫 - 日志信息:处理欢迎页面点击元素('id', 'com.lbe.security.miui:id/permission_allow_always_button')
2020-08-06 16:45:59,292 - INFO - user_log.py - 春衫 - 日志信息:等待元素('id', 'com.ecloud.hobay:id/rb_me')可见
2020-08-06 16:45:59,328 - INFO - user_log.py - 春衫 - 日志信息:等待元素可见失败
2020-08-06 16:47:59,215 - INFO - user_log.py - 春衫 - 日志信息:等待元素('id', 'com.ecloud.hobay:id/tv_yes')可见
2020-08-06 16:47:59,286 - INFO - user_log.py - 春衫 - 日志信息:等待时长为：0
2020-08-06 16:47:59,287 - INFO - user_log.py - 春衫 - 日志信息:定位方式:by.id--->定位值:com.ecloud.hobay:id/tv_yes
2020-08-06 16:47:59,326 - INFO - user_log.py - 春衫 - 日志信息:处理欢迎页面点击元素('id', 'com.ecloud.hobay:id/tv_yes')
2020-08-06 16:47:59,426 - INFO - user_log.py - 春衫 - 日志信息:当前手机屏幕尺寸是：{'width': 1080, 'height': 2029}
2020-08-06 16:48:05,657 - INFO - user_log.py - 春衫 - 日志信息:定位方式:by.id--->定位值:com.ecloud.hobay:id/btn_experience_now
2020-08-06 16:48:06,198 - INFO - user_log.py - 春衫 - 日志信息:处理欢迎页面点击元素('id', 'com.ecloud.hobay:id/btn_experience_now')
2020-08-06 16:48:08,266 - INFO - user_log.py - 春衫 - 日志信息:定位方式:by.id--->定位值:com.lbe.security.miui:id/permission_allow_always_button
2020-08-06 16:48:08,314 - INFO - user_log.py - 春衫 - 日志信息:处理欢迎页面点击元素('id', 'com.lbe.security.miui:id/permission_allow_always_button')
2020-08-06 16:48:09,373 - INFO - user_log.py - 春衫 - 日志信息:等待元素('id', 'com.ecloud.hobay:id/rb_me')可见
2020-08-06 16:48:10,443 - INFO - user_log.py - 春衫 - 日志信息:等待时长为：1
2020-08-06 16:48:10,444 - INFO - user_log.py - 春衫 - 日志信息:定位方式:by.id--->定位值:com.ecloud.hobay:id/rb_me
2020-08-06 16:48:10,692 - INFO - user_log.py - 春衫 - 日志信息:点击底部导航栏-我的点击元素('id', 'com.ecloud.hobay:id/rb_me')
2020-08-06 16:48:11,738 - INFO - user_log.py - 春衫 - 日志信息:点击坐标(440, 775)
2020-08-06 16:48:18,593 - INFO - user_log.py - 春衫 - 日志信息:输入数字是17777777776
2020-08-06 16:48:19,595 - INFO - user_log.py - 春衫 - 日志信息:点击坐标(540, 1030)
2020-08-06 16:48:20,788 - INFO - user_log.py - 春衫 - 日志信息:点击坐标(500, 860)
2020-08-06 16:48:26,287 - INFO - user_log.py - 春衫 - 日志信息:点击坐标(540, 1110)
2020-08-06 16:48:32,786 - INFO - user_log.py - 春衫 - 日志信息:定位方式:by.id--->定位值:com.ecloud.hobay:id/rb_me
2020-08-06 16:48:33,208 - INFO - user_log.py - 春衫 - 日志信息:获取当前app的登陆状态点击元素('id', 'com.ecloud.hobay:id/rb_me')
2020-08-06 16:48:33,997 - INFO - user_log.py - 春衫 - 日志信息:定位方式:by.id--->定位值:com.ecloud.hobay:id/tv_setting
