2020-07-19 22:13:39,390 - INFO - user_log.py - 春衫 - 日志信息:定位方式:id--->定位值:com.ecloud.hobay:id/rb_helpping_me
2020-07-19 22:14:05,156 - INFO - user_log.py - 春衫 - 日志信息:定位方式:id--->定位值:com.ecloud.hobay:id/rb_helpping_me
2020-07-19 22:14:44,521 - INFO - user_log.py - 春衫 - 日志信息:定位方式:id--->定位值:com.ecloud.hobay:id/rb_helpping_me
2020-07-19 22:15:11,765 - INFO - user_log.py - 春衫 - 日志信息:定位方式:id--->定位值:com.ecloud.hobay:id/rb_helpping_me
2020-07-19 22:15:12,948 - INFO - user_log.py - 春衫 - 日志信息:定位方式:id--->定位值:com.ecloud.hobay:id/iv_publish_product
2020-07-19 22:15:14,573 - INFO - user_log.py - 春衫 - 日志信息:定位方式:id--->定位值:com.ecloud.hobay:id/iv_add_pic
2020-07-19 22:15:15,199 - INFO - user_log.py - 春衫 - 日志信息:定位方式:id--->定位值:com.ecloud.hobay:id/cb_check
2020-07-19 22:15:16,787 - INFO - user_log.py - 春衫 - 日志信息:定位方式:id--->定位值:com.ecloud.hobay:id/iv_publish_card
2020-07-19 22:15:17,836 - INFO - user_log.py - 春衫 - 日志信息:定位方式:id--->定位值:com.ecloud.hobay:id/iv_publish_service
2020-07-19 22:16:02,998 - INFO - user_log.py - 春衫 - 日志信息:定位方式:id--->定位值:com.ecloud.hobay:id/rb_helpping_me
2020-07-19 22:16:30,921 - INFO - user_log.py - 春衫 - 日志信息:定位方式:id--->定位值:com.ecloud.hobay:id/rb_helpping_me
2020-07-19 22:16:32,182 - INFO - user_log.py - 春衫 - 日志信息:定位方式:id--->定位值:com.ecloud.hobay:id/iv_publish_product
2020-07-19 22:16:33,806 - INFO - user_log.py - 春衫 - 日志信息:定位方式:id--->定位值:com.ecloud.hobay:id/iv_add_pic
2020-07-19 22:16:34,431 - INFO - user_log.py - 春衫 - 日志信息:定位方式:id--->定位值:com.ecloud.hobay:id/cb_check
2020-07-19 22:16:35,606 - INFO - user_log.py - 春衫 - 日志信息:定位方式:id--->定位值:com.ecloud.hobay:id/btn_ok
2020-07-19 22:16:36,622 - INFO - user_log.py - 春衫 - 日志信息:输入的商品标题是:APP实物商品
2020-07-19 22:16:36,622 - INFO - user_log.py - 春衫 - 日志信息:定位方式:id--->定位值:com.ecloud.hobay:id/et_product_title
2020-07-19 22:16:38,436 - INFO - user_log.py - 春衫 - 日志信息:定位方式:id--->定位值:com.ecloud.hobay:id/tv_product_detail
2020-07-19 22:16:39,226 - INFO - user_log.py - 春衫 - 日志信息:输入商品详情:发布实物商品搞定啦，继续优化
2020-07-19 22:16:39,227 - INFO - user_log.py - 春衫 - 日志信息:定位方式:class_name--->定位值:android.widget.EditText
2020-07-19 22:16:40,585 - INFO - user_log.py - 春衫 - 日志信息:定位方式:id--->定位值:com.ecloud.hobay:id/btn_add_pic
2020-07-19 22:16:41,291 - INFO - user_log.py - 春衫 - 日志信息:定位方式:id--->定位值:com.ecloud.hobay:id/cb_check
2020-07-19 22:16:42,415 - INFO - user_log.py - 春衫 - 日志信息:定位方式:id--->定位值:com.ecloud.hobay:id/btn_ok
2020-07-19 22:16:43,894 - INFO - user_log.py - 春衫 - 日志信息:定位方式:id--->定位值:com.ecloud.hobay:id/btn_complete
2020-07-19 22:16:45,122 - INFO - user_log.py - 春衫 - 日志信息:定位方式:id--->定位值:com.ecloud.hobay:id/tv_product_phase
2020-07-19 22:16:46,325 - INFO - user_log.py - 春衫 - 日志信息:定位方式:id--->定位值:com.ecloud.hobay:id/tv_dialog_item
2020-07-19 22:16:47,181 - INFO - user_log.py - 春衫 - 日志信息:定位方式:id--->定位值:com.ecloud.hobay:id/tv_select_type
2020-07-19 22:16:48,854 - INFO - user_log.py - 春衫 - 日志信息:定位方式:id--->定位值:com.ecloud.hobay:id/tv_list_name
2020-07-19 22:16:49,834 - INFO - user_log.py - 春衫 - 日志信息:定位方式:id--->定位值:com.ecloud.hobay:id/tv_show_name
2020-07-19 22:16:50,521 - INFO - user_log.py - 春衫 - 日志信息:定位方式:id--->定位值:com.ecloud.hobay:id/tv_product_type
2020-07-19 22:16:51,695 - INFO - user_log.py - 春衫 - 日志信息:定位方式:id--->定位值:com.ecloud.hobay:id/tv_dialog_item
2020-07-19 22:16:53,054 - INFO - user_log.py - 春衫 - 日志信息:定位方式:id--->定位值:com.ecloud.hobay:id/tv_specification
2020-07-19 22:16:54,194 - INFO - user_log.py - 春衫 - 日志信息:输入的商品规格是:外套
2020-07-19 22:16:54,195 - INFO - user_log.py - 春衫 - 日志信息:定位方式:id--->定位值:com.ecloud.hobay:id/et_first_attributes
2020-07-19 22:16:55,199 - INFO - user_log.py - 春衫 - 日志信息:输入的商品属性是:红色
2020-07-19 22:16:55,201 - INFO - user_log.py - 春衫 - 日志信息:定位方式:id--->定位值:com.ecloud.hobay:id/et_name
2020-07-19 22:16:57,175 - INFO - user_log.py - 春衫 - 日志信息:定位方式:id--->定位值:com.ecloud.hobay:id/tv_add_pic
2020-07-19 22:16:57,768 - INFO - user_log.py - 春衫 - 日志信息:定位方式:id--->定位值:com.ecloud.hobay:id/iv_thumb
2020-07-19 22:16:59,746 - INFO - user_log.py - 春衫 - 日志信息:定位方式:id--->定位值:com.ecloud.hobay:id/btn_next
2020-07-19 22:17:00,502 - INFO - user_log.py - 春衫 - 日志信息:输入的商品进货价是:100
2020-07-19 22:17:00,503 - INFO - user_log.py - 春衫 - 日志信息:定位方式:id--->定位值:com.ecloud.hobay:id/et_purchase_price
2020-07-19 22:17:02,241 - INFO - user_log.py - 春衫 - 日志信息:输入的商品出售价是:100
2020-07-19 22:17:02,241 - INFO - user_log.py - 春衫 - 日志信息:定位方式:id--->定位值:com.ecloud.hobay:id/et_price
2020-07-19 22:17:03,748 - INFO - user_log.py - 春衫 - 日志信息:输入的商品库存是:10000
2020-07-19 22:17:03,748 - INFO - user_log.py - 春衫 - 日志信息:定位方式:id--->定位值:com.ecloud.hobay:id/et_number
2020-07-19 22:17:04,352 - INFO - user_log.py - 春衫 - 日志信息:定位方式:id--->定位值:com.ecloud.hobay:id/btn_confirm
2020-07-19 22:17:05,370 - INFO - user_log.py - 春衫 - 日志信息:定位方式:id--->定位值:com.ecloud.hobay:id/tv_freight
2020-07-19 22:17:06,495 - INFO - user_log.py - 春衫 - 日志信息:定位方式:id--->定位值:com.ecloud.hobay:id/tv_dialog_item
2020-07-19 22:17:07,368 - INFO - user_log.py - 春衫 - 日志信息:输入的商品限购数量是:
2020-07-19 22:17:07,369 - INFO - user_log.py - 春衫 - 日志信息:定位方式:id--->定位值:com.ecloud.hobay:id/et_buy_num
2020-07-19 22:17:09,019 - INFO - user_log.py - 春衫 - 日志信息:定位方式:id--->定位值:com.ecloud.hobay:id/btn_immediately_publish
2020-07-19 22:17:11,147 - INFO - user_log.py - 春衫 - 日志信息:定位方式:id--->定位值:com.ecloud.hobay:id/tv_tips
2020-07-19 22:17:11,223 - INFO - user_log.py - 春衫 - 日志信息:定位方式:id--->定位值:com.ecloud.hobay:id/btn_look_product
2020-07-19 22:17:12,332 - INFO - user_log.py - 春衫 - 日志信息:定位方式:id--->定位值:com.ecloud.hobay:id/iv_publish_card
2020-07-19 22:17:14,049 - INFO - user_log.py - 春衫 - 日志信息:定位方式:id--->定位值:com.ecloud.hobay:id/iv_add_pic
2020-07-19 22:17:14,634 - INFO - user_log.py - 春衫 - 日志信息:定位方式:id--->定位值:com.ecloud.hobay:id/cb_check
2020-07-19 22:17:15,753 - INFO - user_log.py - 春衫 - 日志信息:定位方式:id--->定位值:com.ecloud.hobay:id/btn_ok
2020-07-19 22:17:16,760 - INFO - user_log.py - 春衫 - 日志信息:输入的商品标题是:APP本地生活
2020-07-19 22:17:16,760 - INFO - user_log.py - 春衫 - 日志信息:定位方式:id--->定位值:com.ecloud.hobay:id/et_product_title
2020-07-19 22:17:18,618 - INFO - user_log.py - 春衫 - 日志信息:输入商品详情:发布本地生活搞定啦，继续优化
2020-07-19 22:17:18,619 - INFO - user_log.py - 春衫 - 日志信息:定位方式:id--->定位值:com.ecloud.hobay:id/et_product_desc
2020-07-19 22:17:19,843 - INFO - user_log.py - 春衫 - 日志信息:定位方式:id--->定位值:com.ecloud.hobay:id/tv_select_type
2020-07-19 22:17:20,452 - INFO - user_log.py - 春衫 - 日志信息:定位方式:id--->定位值:com.ecloud.hobay:id/tv_list_name
2020-07-19 22:17:21,443 - INFO - user_log.py - 春衫 - 日志信息:定位方式:id--->定位值:com.ecloud.hobay:id/tv_show_name
2020-07-19 22:17:22,133 - INFO - user_log.py - 春衫 - 日志信息:定位方式:id--->定位值:com.ecloud.hobay:id/tv_select_volume
2020-07-19 22:17:23,321 - INFO - user_log.py - 春衫 - 日志信息:定位方式:class_name--->定位值:android.widget.TextView
2020-07-19 22:17:24,043 - INFO - user_log.py - 春衫 - 日志信息:输入的商品总价是:100
2020-07-19 22:17:24,044 - INFO - user_log.py - 春衫 - 日志信息:定位方式:id--->定位值:com.ecloud.hobay:id/et_product_price
2020-07-19 22:17:25,688 - INFO - user_log.py - 春衫 - 日志信息:输入的商品库存是:10000
2020-07-19 22:17:25,688 - INFO - user_log.py - 春衫 - 日志信息:定位方式:id--->定位值:com.ecloud.hobay:id/et_product_number
2020-07-19 22:17:27,274 - INFO - user_log.py - 春衫 - 日志信息:输入的商品限购数量是:
2020-07-19 22:17:27,274 - INFO - user_log.py - 春衫 - 日志信息:定位方式:id--->定位值:com.ecloud.hobay:id/et_buy_num
2020-07-19 22:17:27,871 - INFO - user_log.py - 春衫 - 日志信息:定位方式:id--->定位值:com.ecloud.hobay:id/btn_immediately_publish
2020-07-19 22:17:30,462 - INFO - user_log.py - 春衫 - 日志信息:定位方式:id--->定位值:com.ecloud.hobay:id/tv_tips
2020-07-19 22:17:30,836 - INFO - user_log.py - 春衫 - 日志信息:定位方式:id--->定位值:com.ecloud.hobay:id/btn_look_product
2020-07-19 22:17:31,947 - INFO - user_log.py - 春衫 - 日志信息:定位方式:id--->定位值:com.ecloud.hobay:id/iv_publish_service
2020-07-19 22:17:33,649 - INFO - user_log.py - 春衫 - 日志信息:定位方式:id--->定位值:com.ecloud.hobay:id/iv_add_pic
2020-07-19 22:17:34,279 - INFO - user_log.py - 春衫 - 日志信息:定位方式:id--->定位值:com.ecloud.hobay:id/cb_check
2020-07-19 22:17:35,386 - INFO - user_log.py - 春衫 - 日志信息:定位方式:id--->定位值:com.ecloud.hobay:id/btn_ok
2020-07-19 22:17:36,375 - INFO - user_log.py - 春衫 - 日志信息:输入的商品标题是:APP商企服务
2020-07-19 22:17:36,376 - INFO - user_log.py - 春衫 - 日志信息:定位方式:id--->定位值:com.ecloud.hobay:id/et_product_title
2020-07-19 22:17:38,110 - INFO - user_log.py - 春衫 - 日志信息:输入商品详情:发布商企服务搞定啦，继续优化
2020-07-19 22:17:38,110 - INFO - user_log.py - 春衫 - 日志信息:定位方式:id--->定位值:com.ecloud.hobay:id/et_product_desc
2020-07-19 22:17:39,888 - INFO - user_log.py - 春衫 - 日志信息:定位方式:id--->定位值:com.ecloud.hobay:id/tv_select_type
2020-07-19 22:17:40,523 - INFO - user_log.py - 春衫 - 日志信息:定位方式:id--->定位值:com.ecloud.hobay:id/tv_list_name
2020-07-19 22:17:41,758 - INFO - user_log.py - 春衫 - 日志信息:定位方式:id--->定位值:com.ecloud.hobay:id/tv_show_name
2020-07-19 22:17:42,448 - INFO - user_log.py - 春衫 - 日志信息:定位方式:id--->定位值:com.ecloud.hobay:id/et_product_all_price
2020-07-19 22:17:44,090 - INFO - user_log.py - 春衫 - 日志信息:定位方式:id--->定位值:com.ecloud.hobay:id/et_product_price
2020-07-19 22:17:45,700 - INFO - user_log.py - 春衫 - 日志信息:定位方式:id--->定位值:com.ecloud.hobay:id/et_product_number
2020-07-19 22:17:46,789 - INFO - user_log.py - 春衫 - 日志信息:定位方式:id--->定位值:com.ecloud.hobay:id/et_buy_num
2020-07-19 22:17:47,900 - INFO - user_log.py - 春衫 - 日志信息:定位方式:id--->定位值:com.ecloud.hobay:id/btn_immediately_publish
2020-07-19 22:17:50,004 - INFO - user_log.py - 春衫 - 日志信息:定位方式:id--->定位值:com.ecloud.hobay:id/tv_tips
2020-07-19 22:17:50,065 - INFO - user_log.py - 春衫 - 日志信息:定位方式:id--->定位值:com.ecloud.hobay:id/btn_look_product
2020-07-19 22:18:36,751 - INFO - user_log.py - 春衫 - 日志信息:定位方式:id--->定位值:com.ecloud.hobay:id/rb_helpping_me
2020-07-19 22:21:16,394 - INFO - user_log.py - 春衫 - 日志信息:定位方式:id--->定位值:com.ecloud.hobay:id/rb_helpping_me
2020-07-19 22:21:43,726 - INFO - user_log.py - 春衫 - 日志信息:定位方式:id--->定位值:com.ecloud.hobay:id/rb_helpping_me
2020-07-19 22:21:45,030 - INFO - user_log.py - 春衫 - 日志信息:定位方式:id--->定位值:com.ecloud.hobay:id/iv_publish_product
2020-07-19 22:21:46,655 - INFO - user_log.py - 春衫 - 日志信息:定位方式:id--->定位值:com.ecloud.hobay:id/iv_add_pic
2020-07-19 22:21:47,286 - INFO - user_log.py - 春衫 - 日志信息:定位方式:id--->定位值:com.ecloud.hobay:id/cb_check
2020-07-19 22:21:48,393 - INFO - user_log.py - 春衫 - 日志信息:定位方式:id--->定位值:com.ecloud.hobay:id/btn_ok
2020-07-19 22:21:49,414 - INFO - user_log.py - 春衫 - 日志信息:输入的商品标题是:APP实物商品
2020-07-19 22:21:49,415 - INFO - user_log.py - 春衫 - 日志信息:定位方式:id--->定位值:com.ecloud.hobay:id/et_product_title
2020-07-19 22:21:50,677 - INFO - user_log.py - 春衫 - 日志信息:定位方式:id--->定位值:com.ecloud.hobay:id/tv_product_detail
2020-07-19 22:21:51,290 - INFO - user_log.py - 春衫 - 日志信息:输入商品详情:发布实物商品搞定啦，继续优化
2020-07-19 22:21:51,290 - INFO - user_log.py - 春衫 - 日志信息:定位方式:class_name--->定位值:android.widget.EditText
2020-07-19 22:21:52,304 - INFO - user_log.py - 春衫 - 日志信息:定位方式:id--->定位值:com.ecloud.hobay:id/btn_add_pic
2020-07-19 22:21:52,988 - INFO - user_log.py - 春衫 - 日志信息:定位方式:id--->定位值:com.ecloud.hobay:id/cb_check
2020-07-19 22:21:54,132 - INFO - user_log.py - 春衫 - 日志信息:定位方式:id--->定位值:com.ecloud.hobay:id/btn_ok
2020-07-19 22:21:55,128 - INFO - user_log.py - 春衫 - 日志信息:定位方式:id--->定位值:com.ecloud.hobay:id/btn_complete
2020-07-19 22:21:56,394 - INFO - user_log.py - 春衫 - 日志信息:定位方式:id--->定位值:com.ecloud.hobay:id/tv_product_phase
2020-07-19 22:21:57,585 - INFO - user_log.py - 春衫 - 日志信息:定位方式:id--->定位值:com.ecloud.hobay:id/tv_dialog_item
2020-07-19 22:21:58,459 - INFO - user_log.py - 春衫 - 日志信息:定位方式:id--->定位值:com.ecloud.hobay:id/tv_select_type
2020-07-19 22:22:00,781 - INFO - user_log.py - 春衫 - 日志信息:定位方式:id--->定位值:com.ecloud.hobay:id/tv_list_name
2020-07-19 22:22:02,035 - INFO - user_log.py - 春衫 - 日志信息:定位方式:id--->定位值:com.ecloud.hobay:id/tv_show_name
2020-07-19 22:22:02,741 - INFO - user_log.py - 春衫 - 日志信息:定位方式:id--->定位值:com.ecloud.hobay:id/tv_product_type
2020-07-19 22:22:04,301 - INFO - user_log.py - 春衫 - 日志信息:定位方式:id--->定位值:com.ecloud.hobay:id/tv_dialog_item
2020-07-19 22:22:05,172 - INFO - user_log.py - 春衫 - 日志信息:定位方式:id--->定位值:com.ecloud.hobay:id/tv_specification
2020-07-19 22:22:06,295 - INFO - user_log.py - 春衫 - 日志信息:输入的商品规格是:外套
2020-07-19 22:22:06,296 - INFO - user_log.py - 春衫 - 日志信息:定位方式:id--->定位值:com.ecloud.hobay:id/et_first_attributes
2020-07-19 22:22:07,541 - INFO - user_log.py - 春衫 - 日志信息:输入的商品属性是:红色
2020-07-19 22:22:07,541 - INFO - user_log.py - 春衫 - 日志信息:定位方式:id--->定位值:com.ecloud.hobay:id/et_name
2020-07-19 22:22:09,433 - INFO - user_log.py - 春衫 - 日志信息:定位方式:id--->定位值:com.ecloud.hobay:id/tv_add_pic
2020-07-19 22:22:10,055 - INFO - user_log.py - 春衫 - 日志信息:定位方式:id--->定位值:com.ecloud.hobay:id/iv_thumb
2020-07-19 22:22:11,665 - INFO - user_log.py - 春衫 - 日志信息:定位方式:id--->定位值:com.ecloud.hobay:id/btn_next
2020-07-19 22:22:12,440 - INFO - user_log.py - 春衫 - 日志信息:输入的商品进货价是:100
2020-07-19 22:22:12,440 - INFO - user_log.py - 春衫 - 日志信息:定位方式:id--->定位值:com.ecloud.hobay:id/et_purchase_price
2020-07-19 22:22:13,673 - INFO - user_log.py - 春衫 - 日志信息:输入的商品出售价是:100
2020-07-19 22:22:13,674 - INFO - user_log.py - 春衫 - 日志信息:定位方式:id--->定位值:com.ecloud.hobay:id/et_price
2020-07-19 22:22:14,796 - INFO - user_log.py - 春衫 - 日志信息:输入的商品库存是:10000
2020-07-19 22:22:14,798 - INFO - user_log.py - 春衫 - 日志信息:定位方式:id--->定位值:com.ecloud.hobay:id/et_number
2020-07-19 22:22:15,383 - INFO - user_log.py - 春衫 - 日志信息:定位方式:id--->定位值:com.ecloud.hobay:id/btn_confirm
2020-07-19 22:22:16,417 - INFO - user_log.py - 春衫 - 日志信息:定位方式:id--->定位值:com.ecloud.hobay:id/tv_freight
2020-07-19 22:22:17,528 - INFO - user_log.py - 春衫 - 日志信息:定位方式:id--->定位值:com.ecloud.hobay:id/tv_dialog_item
2020-07-19 22:22:18,380 - INFO - user_log.py - 春衫 - 日志信息:输入的商品限购数量是:
2020-07-19 22:22:18,380 - INFO - user_log.py - 春衫 - 日志信息:定位方式:id--->定位值:com.ecloud.hobay:id/et_buy_num
2020-07-19 22:22:20,348 - INFO - user_log.py - 春衫 - 日志信息:定位方式:id--->定位值:com.ecloud.hobay:id/btn_immediately_publish
2020-07-19 22:22:22,766 - INFO - user_log.py - 春衫 - 日志信息:定位方式:id--->定位值:com.ecloud.hobay:id/tv_tips
2020-07-19 22:22:22,835 - INFO - user_log.py - 春衫 - 日志信息:定位方式:id--->定位值:com.ecloud.hobay:id/btn_look_product
2020-07-19 22:22:23,915 - INFO - user_log.py - 春衫 - 日志信息:定位方式:id--->定位值:com.ecloud.hobay:id/iv_publish_card
2020-07-19 22:22:25,641 - INFO - user_log.py - 春衫 - 日志信息:定位方式:id--->定位值:com.ecloud.hobay:id/iv_add_pic
2020-07-19 22:22:26,259 - INFO - user_log.py - 春衫 - 日志信息:定位方式:id--->定位值:com.ecloud.hobay:id/cb_check
2020-07-19 22:22:27,411 - INFO - user_log.py - 春衫 - 日志信息:定位方式:id--->定位值:com.ecloud.hobay:id/btn_ok
2020-07-19 22:22:28,433 - INFO - user_log.py - 春衫 - 日志信息:输入的商品标题是:APP本地生活
2020-07-19 22:22:28,433 - INFO - user_log.py - 春衫 - 日志信息:定位方式:id--->定位值:com.ecloud.hobay:id/et_product_title
2020-07-19 22:22:29,666 - INFO - user_log.py - 春衫 - 日志信息:输入商品详情:发布本地生活搞定啦，继续优化
2020-07-19 22:22:29,667 - INFO - user_log.py - 春衫 - 日志信息:定位方式:id--->定位值:com.ecloud.hobay:id/et_product_desc
2020-07-19 22:22:30,867 - INFO - user_log.py - 春衫 - 日志信息:定位方式:id--->定位值:com.ecloud.hobay:id/tv_select_type
2020-07-19 22:22:31,468 - INFO - user_log.py - 春衫 - 日志信息:定位方式:id--->定位值:com.ecloud.hobay:id/tv_list_name
2020-07-19 22:22:33,087 - INFO - user_log.py - 春衫 - 日志信息:定位方式:id--->定位值:com.ecloud.hobay:id/tv_show_name
2020-07-19 22:22:33,692 - INFO - user_log.py - 春衫 - 日志信息:定位方式:id--->定位值:com.ecloud.hobay:id/tv_select_volume
2020-07-19 22:22:34,826 - INFO - user_log.py - 春衫 - 日志信息:定位方式:class_name--->定位值:android.widget.TextView
2020-07-19 22:22:35,549 - INFO - user_log.py - 春衫 - 日志信息:输入的商品总价是:100
2020-07-19 22:22:35,549 - INFO - user_log.py - 春衫 - 日志信息:定位方式:id--->定位值:com.ecloud.hobay:id/et_product_price
2020-07-19 22:22:37,193 - INFO - user_log.py - 春衫 - 日志信息:输入的商品库存是:10000
2020-07-19 22:22:37,193 - INFO - user_log.py - 春衫 - 日志信息:定位方式:id--->定位值:com.ecloud.hobay:id/et_product_number
2020-07-19 22:22:38,294 - INFO - user_log.py - 春衫 - 日志信息:输入的商品限购数量是:
2020-07-19 22:22:38,294 - INFO - user_log.py - 春衫 - 日志信息:定位方式:id--->定位值:com.ecloud.hobay:id/et_buy_num
2020-07-19 22:22:38,388 - INFO - user_log.py - 春衫 - 日志信息:定位方式:id--->定位值:com.ecloud.hobay:id/btn_immediately_publish
2020-07-19 22:22:41,073 - INFO - user_log.py - 春衫 - 日志信息:定位方式:id--->定位值:com.ecloud.hobay:id/tv_tips
2020-07-19 22:22:41,129 - INFO - user_log.py - 春衫 - 日志信息:定位方式:id--->定位值:com.ecloud.hobay:id/btn_look_product
2020-07-19 22:22:42,213 - INFO - user_log.py - 春衫 - 日志信息:定位方式:id--->定位值:com.ecloud.hobay:id/iv_publish_service
2020-07-19 22:22:43,897 - INFO - user_log.py - 春衫 - 日志信息:定位方式:id--->定位值:com.ecloud.hobay:id/iv_add_pic
2020-07-19 22:22:44,495 - INFO - user_log.py - 春衫 - 日志信息:定位方式:id--->定位值:com.ecloud.hobay:id/cb_check
2020-07-19 22:22:45,637 - INFO - user_log.py - 春衫 - 日志信息:定位方式:id--->定位值:com.ecloud.hobay:id/btn_ok
2020-07-19 22:22:46,657 - INFO - user_log.py - 春衫 - 日志信息:输入的商品标题是:APP商企服务
2020-07-19 22:22:46,657 - INFO - user_log.py - 春衫 - 日志信息:定位方式:id--->定位值:com.ecloud.hobay:id/et_product_title
2020-07-19 22:22:48,520 - INFO - user_log.py - 春衫 - 日志信息:输入商品详情:发布商企服务搞定啦，继续优化
2020-07-19 22:22:48,520 - INFO - user_log.py - 春衫 - 日志信息:定位方式:id--->定位值:com.ecloud.hobay:id/et_product_desc
2020-07-19 22:22:49,610 - INFO - user_log.py - 春衫 - 日志信息:定位方式:id--->定位值:com.ecloud.hobay:id/tv_select_type
2020-07-19 22:22:50,220 - INFO - user_log.py - 春衫 - 日志信息:定位方式:id--->定位值:com.ecloud.hobay:id/tv_list_name
2020-07-19 22:22:51,388 - INFO - user_log.py - 春衫 - 日志信息:定位方式:id--->定位值:com.ecloud.hobay:id/tv_show_name
2020-07-19 22:22:52,595 - INFO - user_log.py - 春衫 - 日志信息:定位方式:id--->定位值:com.ecloud.hobay:id/et_product_all_price
2020-07-19 22:22:54,238 - INFO - user_log.py - 春衫 - 日志信息:定位方式:id--->定位值:com.ecloud.hobay:id/et_product_price
2020-07-19 22:22:55,346 - INFO - user_log.py - 春衫 - 日志信息:定位方式:id--->定位值:com.ecloud.hobay:id/et_product_number
2020-07-19 22:22:56,470 - INFO - user_log.py - 春衫 - 日志信息:定位方式:id--->定位值:com.ecloud.hobay:id/et_buy_num
2020-07-19 22:22:57,793 - INFO - user_log.py - 春衫 - 日志信息:定位方式:id--->定位值:com.ecloud.hobay:id/btn_immediately_publish
2020-07-19 22:22:59,901 - INFO - user_log.py - 春衫 - 日志信息:定位方式:id--->定位值:com.ecloud.hobay:id/tv_tips
2020-07-19 22:23:00,422 - INFO - user_log.py - 春衫 - 日志信息:定位方式:id--->定位值:com.ecloud.hobay:id/btn_look_product
