2020-07-20 13:31:56,450 - INFO - user_log.py - 春衫 - 日志信息:定位方式:id--->定位值:com.ecloud.hobay:id/rb_helpping_me
2020-07-20 13:32:24,998 - INFO - user_log.py - 春衫 - 日志信息:定位方式:id--->定位值:com.ecloud.hobay:id/tv_search
2020-07-20 13:32:48,720 - INFO - user_log.py - 春衫 - 日志信息:定位方式:id--->定位值:com.ecloud.hobay:id/rb_helpping_me
2020-07-20 13:33:15,398 - INFO - user_log.py - 春衫 - 日志信息:定位方式:id--->定位值:com.ecloud.hobay:id/tv_search
2020-07-20 13:33:16,617 - INFO - user_log.py - 春衫 - 日志信息:定位方式:id--->定位值:com.ecloud.hobay:id/et_search
2020-07-20 13:33:18,352 - INFO - user_log.py - 春衫 - 日志信息:定位方式:id--->定位值:com.ecloud.hobay:id/fl_root
2020-07-20 13:33:20,527 - INFO - user_log.py - 春衫 - 日志信息:定位方式:id--->定位值:com.ecloud.hobay:id/tv_buy_now
2020-07-20 13:35:30,614 - INFO - user_log.py - 春衫 - 日志信息:定位方式:id--->定位值:com.ecloud.hobay:id/tv_search
2020-07-20 13:35:32,881 - INFO - user_log.py - 春衫 - 日志信息:定位方式:id--->定位值:com.ecloud.hobay:id/et_search
2020-07-20 13:35:34,586 - INFO - user_log.py - 春衫 - 日志信息:定位方式:id--->定位值:com.ecloud.hobay:id/fl_root
2020-07-20 13:35:35,923 - INFO - user_log.py - 春衫 - 日志信息:定位方式:id--->定位值:com.ecloud.hobay:id/tv_buy_now
2020-07-20 13:35:36,973 - INFO - user_log.py - 春衫 - 日志信息:定位方式:android_uiautomator--->定位值:new UiSelector().text("＋")
2020-07-20 13:37:30,929 - INFO - user_log.py - 春衫 - 日志信息:定位方式:id--->定位值:com.ecloud.hobay:id/tv_search
2020-07-20 13:37:32,146 - INFO - user_log.py - 春衫 - 日志信息:定位方式:id--->定位值:com.ecloud.hobay:id/et_search
2020-07-20 13:37:34,371 - INFO - user_log.py - 春衫 - 日志信息:定位方式:id--->定位值:com.ecloud.hobay:id/fl_root
2020-07-20 13:37:35,716 - INFO - user_log.py - 春衫 - 日志信息:定位方式:id--->定位值:com.ecloud.hobay:id/tv_buy_now
2020-07-20 13:37:37,378 - INFO - user_log.py - 春衫 - 日志信息:定位方式:android_uiautomator--->定位值:new UiSelector().text("＋")
2020-07-20 13:38:39,575 - INFO - user_log.py - 春衫 - 日志信息:定位方式:id--->定位值:com.ecloud.hobay:id/tv_search
2020-07-20 13:38:40,960 - INFO - user_log.py - 春衫 - 日志信息:定位方式:id--->定位值:com.ecloud.hobay:id/et_search
2020-07-20 13:38:43,175 - INFO - user_log.py - 春衫 - 日志信息:定位方式:id--->定位值:com.ecloud.hobay:id/fl_root
2020-07-20 13:38:44,459 - INFO - user_log.py - 春衫 - 日志信息:定位方式:id--->定位值:com.ecloud.hobay:id/tv_buy_now
2020-07-20 13:38:46,114 - INFO - user_log.py - 春衫 - 日志信息:定位方式:android_uiautomator--->定位值:new UiSelector().text("＋")
2020-07-20 13:38:48,469 - INFO - user_log.py - 春衫 - 日志信息:定位方式:id--->定位值:com.ecloud.hobay:id/btn_confirm
2020-07-20 13:38:49,564 - INFO - user_log.py - 春衫 - 日志信息:定位方式:id--->定位值:com.ecloud.hobay:id/btn_submit_order
2020-07-20 13:38:52,313 - INFO - user_log.py - 春衫 - 日志信息:定位方式:id--->定位值:com.ecloud.hobay:id/btn_pay
2020-07-20 13:38:57,844 - INFO - user_log.py - 春衫 - 日志信息:定位方式:id--->定位值:com.ecloud.hobay:id/title
2020-07-20 13:39:23,675 - INFO - user_log.py - 春衫 - 日志信息:定位方式:id--->定位值:com.ecloud.hobay:id/tv_search
2020-07-20 13:39:25,371 - INFO - user_log.py - 春衫 - 日志信息:定位方式:id--->定位值:com.ecloud.hobay:id/et_search
2020-07-20 13:39:27,734 - INFO - user_log.py - 春衫 - 日志信息:定位方式:id--->定位值:com.ecloud.hobay:id/fl_root
2020-07-20 13:39:28,986 - INFO - user_log.py - 春衫 - 日志信息:定位方式:id--->定位值:com.ecloud.hobay:id/tv_buy_now
2020-07-20 13:39:30,679 - INFO - user_log.py - 春衫 - 日志信息:定位方式:android_uiautomator--->定位值:new UiSelector().text("＋")
2020-07-20 13:39:32,541 - INFO - user_log.py - 春衫 - 日志信息:定位方式:id--->定位值:com.ecloud.hobay:id/btn_confirm
2020-07-20 13:39:33,636 - INFO - user_log.py - 春衫 - 日志信息:定位方式:id--->定位值:com.ecloud.hobay:id/btn_submit_order
2020-07-20 13:39:36,392 - INFO - user_log.py - 春衫 - 日志信息:定位方式:id--->定位值:com.ecloud.hobay:id/btn_pay
2020-07-20 13:39:39,965 - INFO - user_log.py - 春衫 - 日志信息:定位方式:id--->定位值:com.ecloud.hobay:id/iv_delete
2020-07-20 13:39:43,535 - INFO - user_log.py - 春衫 - 日志信息:定位方式:id--->定位值:com.ecloud.hobay:id/title
2020-07-20 13:39:43,605 - INFO - user_log.py - 春衫 - 日志信息:定位方式:id--->定位值:com.ecloud.hobay:id/return_home
2020-07-20 13:44:53,153 - INFO - user_log.py - 春衫 - 日志信息:定位方式:id--->定位值:com.ecloud.hobay:id/rb_helpping_me
2020-07-20 13:45:23,081 - INFO - user_log.py - 春衫 - 日志信息:定位方式:id--->定位值:com.ecloud.hobay:id/tv_search
2020-07-20 13:45:23,857 - INFO - user_log.py - 春衫 - 日志信息:定位方式:id--->定位值:com.ecloud.hobay:id/et_search
2020-07-20 13:45:27,154 - INFO - user_log.py - 春衫 - 日志信息:定位方式:id--->定位值:com.ecloud.hobay:id/fl_root
2020-07-20 13:45:28,301 - INFO - user_log.py - 春衫 - 日志信息:定位方式:id--->定位值:com.ecloud.hobay:id/tv_buy_now
2020-07-20 13:45:29,944 - INFO - user_log.py - 春衫 - 日志信息:定位方式:android_uiautomator--->定位值:new UiSelector().text("＋")
2020-07-20 13:45:31,788 - INFO - user_log.py - 春衫 - 日志信息:定位方式:id--->定位值:com.ecloud.hobay:id/btn_confirm
2020-07-20 13:45:32,908 - INFO - user_log.py - 春衫 - 日志信息:定位方式:id--->定位值:com.ecloud.hobay:id/btn_submit_order
2020-07-20 13:45:38,026 - INFO - user_log.py - 春衫 - 日志信息:定位方式:id--->定位值:com.ecloud.hobay:id/btn_pay
2020-07-20 13:45:42,769 - INFO - user_log.py - 春衫 - 日志信息:定位方式:id--->定位值:com.ecloud.hobay:id/iv_delete
2020-07-20 13:45:46,101 - INFO - user_log.py - 春衫 - 日志信息:定位方式:id--->定位值:com.ecloud.hobay:id/title
2020-07-20 13:45:46,164 - INFO - user_log.py - 春衫 - 日志信息:定位方式:id--->定位值:com.ecloud.hobay:id/return_home
2020-07-20 13:45:47,258 - INFO - user_log.py - 春衫 - 日志信息:定位方式:id--->定位值:com.ecloud.hobay:id/tv_search
2020-07-20 13:45:47,982 - INFO - user_log.py - 春衫 - 日志信息:定位方式:id--->定位值:com.ecloud.hobay:id/et_search
2020-07-20 13:45:51,239 - INFO - user_log.py - 春衫 - 日志信息:定位方式:id--->定位值:com.ecloud.hobay:id/fl_root
2020-07-20 13:45:52,934 - INFO - user_log.py - 春衫 - 日志信息:定位方式:id--->定位值:com.ecloud.hobay:id/tv_buy_now
2020-07-20 13:45:54,134 - INFO - user_log.py - 春衫 - 日志信息:定位方式:android_uiautomator--->定位值:new UiSelector().text("＋")
2020-07-20 13:45:55,962 - INFO - user_log.py - 春衫 - 日志信息:定位方式:id--->定位值:com.ecloud.hobay:id/btn_confirm
2020-07-20 13:45:57,056 - INFO - user_log.py - 春衫 - 日志信息:定位方式:id--->定位值:com.ecloud.hobay:id/btn_submit_order
2020-07-20 13:46:00,819 - INFO - user_log.py - 春衫 - 日志信息:定位方式:id--->定位值:com.ecloud.hobay:id/tv_replace_pay
2020-07-20 13:46:01,929 - INFO - user_log.py - 春衫 - 日志信息:定位方式:id--->定位值:com.ecloud.hobay:id/view_voucher
2020-07-20 13:46:02,806 - INFO - user_log.py - 春衫 - 日志信息:定位方式:id--->定位值:com.ecloud.hobay:id/btn_pay
2020-07-20 13:46:07,793 - INFO - user_log.py - 春衫 - 日志信息:定位方式:id--->定位值:com.ecloud.hobay:id/iv_delete
2020-07-20 13:46:10,334 - INFO - user_log.py - 春衫 - 日志信息:定位方式:id--->定位值:com.ecloud.hobay:id/title
2020-07-20 13:46:10,496 - INFO - user_log.py - 春衫 - 日志信息:定位方式:id--->定位值:com.ecloud.hobay:id/return_home
2020-07-20 13:46:11,606 - INFO - user_log.py - 春衫 - 日志信息:定位方式:id--->定位值:com.ecloud.hobay:id/tv_search
2020-07-20 13:46:12,376 - INFO - user_log.py - 春衫 - 日志信息:定位方式:id--->定位值:com.ecloud.hobay:id/et_search
2020-07-20 13:46:15,629 - INFO - user_log.py - 春衫 - 日志信息:定位方式:id--->定位值:com.ecloud.hobay:id/fl_root
2020-07-20 13:46:16,758 - INFO - user_log.py - 春衫 - 日志信息:定位方式:id--->定位值:com.ecloud.hobay:id/tv_buy_now
2020-07-20 13:46:18,469 - INFO - user_log.py - 春衫 - 日志信息:定位方式:android_uiautomator--->定位值:new UiSelector().text("＋")
2020-07-20 13:46:20,637 - INFO - user_log.py - 春衫 - 日志信息:定位方式:id--->定位值:com.ecloud.hobay:id/btn_confirm
2020-07-20 13:46:21,777 - INFO - user_log.py - 春衫 - 日志信息:定位方式:id--->定位值:com.ecloud.hobay:id/btn_submit_order
2020-07-20 13:46:25,676 - INFO - user_log.py - 春衫 - 日志信息:定位方式:id--->定位值:com.ecloud.hobay:id/tv_replace_pay
2020-07-20 13:46:26,714 - INFO - user_log.py - 春衫 - 日志信息:定位方式:id--->定位值:com.ecloud.hobay:id/view_wages
2020-07-20 13:46:27,600 - INFO - user_log.py - 春衫 - 日志信息:定位方式:id--->定位值:com.ecloud.hobay:id/btn_pay
2020-07-20 13:46:32,457 - INFO - user_log.py - 春衫 - 日志信息:定位方式:id--->定位值:com.ecloud.hobay:id/iv_delete
2020-07-20 13:46:36,133 - INFO - user_log.py - 春衫 - 日志信息:定位方式:id--->定位值:com.ecloud.hobay:id/title
2020-07-20 13:46:36,234 - INFO - user_log.py - 春衫 - 日志信息:定位方式:id--->定位值:com.ecloud.hobay:id/return_home
2020-07-20 13:46:37,351 - INFO - user_log.py - 春衫 - 日志信息:定位方式:id--->定位值:com.ecloud.hobay:id/tv_search
2020-07-20 13:46:38,650 - INFO - user_log.py - 春衫 - 日志信息:定位方式:id--->定位值:com.ecloud.hobay:id/et_search
2020-07-20 13:46:42,415 - INFO - user_log.py - 春衫 - 日志信息:定位方式:id--->定位值:com.ecloud.hobay:id/fl_root
2020-07-20 13:46:44,091 - INFO - user_log.py - 春衫 - 日志信息:定位方式:id--->定位值:com.ecloud.hobay:id/tv_buy_now
2020-07-20 13:46:45,247 - INFO - user_log.py - 春衫 - 日志信息:定位方式:android_uiautomator--->定位值:new UiSelector().text("＋")
2020-07-20 13:46:47,166 - INFO - user_log.py - 春衫 - 日志信息:定位方式:id--->定位值:com.ecloud.hobay:id/btn_confirm
2020-07-20 13:46:48,417 - INFO - user_log.py - 春衫 - 日志信息:定位方式:id--->定位值:com.ecloud.hobay:id/btn_submit_order
2020-07-20 13:46:52,133 - INFO - user_log.py - 春衫 - 日志信息:定位方式:id--->定位值:com.ecloud.hobay:id/tv_replace_pay
2020-07-20 13:46:52,775 - INFO - user_log.py - 春衫 - 日志信息:定位方式:class_name--->定位值:android.view.ViewGroup
2020-07-20 13:46:54,091 - INFO - user_log.py - 春衫 - 日志信息:定位方式:id--->定位值:com.ecloud.hobay:id/btn_pay
2020-07-20 13:46:58,958 - INFO - user_log.py - 春衫 - 日志信息:定位方式:id--->定位值:com.ecloud.hobay:id/iv_delete
2020-07-20 13:47:01,751 - INFO - user_log.py - 春衫 - 日志信息:定位方式:id--->定位值:com.ecloud.hobay:id/title
2020-07-20 13:47:02,267 - INFO - user_log.py - 春衫 - 日志信息:定位方式:id--->定位值:com.ecloud.hobay:id/return_home
2020-07-20 13:47:03,373 - INFO - user_log.py - 春衫 - 日志信息:定位方式:id--->定位值:com.ecloud.hobay:id/tv_search
2020-07-20 13:47:04,166 - INFO - user_log.py - 春衫 - 日志信息:定位方式:id--->定位值:com.ecloud.hobay:id/et_search
2020-07-20 13:47:07,417 - INFO - user_log.py - 春衫 - 日志信息:定位方式:id--->定位值:com.ecloud.hobay:id/fl_root
2020-07-20 13:47:09,122 - INFO - user_log.py - 春衫 - 日志信息:定位方式:id--->定位值:com.ecloud.hobay:id/tv_buy_now
2020-07-20 13:47:10,259 - INFO - user_log.py - 春衫 - 日志信息:定位方式:android_uiautomator--->定位值:new UiSelector().text("＋")
2020-07-20 13:47:12,095 - INFO - user_log.py - 春衫 - 日志信息:定位方式:id--->定位值:com.ecloud.hobay:id/btn_confirm
2020-07-20 13:47:13,199 - INFO - user_log.py - 春衫 - 日志信息:定位方式:id--->定位值:com.ecloud.hobay:id/btn_submit_order
2020-07-20 13:47:16,887 - INFO - user_log.py - 春衫 - 日志信息:定位方式:id--->定位值:com.ecloud.hobay:id/tv_replace_pay
2020-07-20 13:47:17,481 - INFO - user_log.py - 春衫 - 日志信息:定位方式:id--->定位值:com.ecloud.hobay:id/tv_cash
2020-07-20 13:47:18,837 - INFO - user_log.py - 春衫 - 日志信息:定位方式:id--->定位值:com.ecloud.hobay:id/btn_pay
2020-07-20 13:47:23,681 - INFO - user_log.py - 春衫 - 日志信息:定位方式:id--->定位值:com.ecloud.hobay:id/iv_delete
2020-07-20 13:47:26,291 - INFO - user_log.py - 春衫 - 日志信息:定位方式:id--->定位值:com.ecloud.hobay:id/title
2020-07-20 13:47:26,361 - INFO - user_log.py - 春衫 - 日志信息:定位方式:id--->定位值:com.ecloud.hobay:id/return_home
2020-07-20 14:39:10,835 - INFO - user_log.py - 春衫 - 日志信息:定位方式:id--->定位值:com.ecloud.hobay:id/rb_helpping_me
2020-07-20 14:39:34,842 - INFO - user_log.py - 春衫 - 日志信息:定位方式:id--->定位值:com.ecloud.hobay:id/tv_search
2020-07-20 14:39:35,546 - INFO - user_log.py - 春衫 - 日志信息:定位方式:id--->定位值:com.ecloud.hobay:id/et_search
2020-07-20 14:39:39,275 - INFO - user_log.py - 春衫 - 日志信息:定位方式:id--->定位值:com.ecloud.hobay:id/fl_root
2020-07-20 14:39:40,420 - INFO - user_log.py - 春衫 - 日志信息:定位方式:id--->定位值:com.ecloud.hobay:id/tv_buy_now
2020-07-20 14:39:41,468 - INFO - user_log.py - 春衫 - 日志信息:定位方式:id--->定位值:com.ecloud.hobay:id/tv_search
2020-07-20 14:39:43,235 - INFO - user_log.py - 春衫 - 日志信息:定位方式:id--->定位值:com.ecloud.hobay:id/tv_search
2020-07-20 14:41:40,955 - INFO - user_log.py - 春衫 - 日志信息:定位方式:id--->定位值:com.ecloud.hobay:id/tv_search
2020-07-20 14:41:42,054 - INFO - user_log.py - 春衫 - 日志信息:定位方式:id--->定位值:com.ecloud.hobay:id/tv_search
2020-07-20 14:41:43,167 - INFO - user_log.py - 春衫 - 日志信息:定位方式:id--->定位值:com.ecloud.hobay:id/tv_search
2020-07-20 14:41:44,475 - INFO - user_log.py - 春衫 - 日志信息:定位方式:id--->定位值:com.ecloud.hobay:id/tv_search
2020-07-20 14:41:45,580 - INFO - user_log.py - 春衫 - 日志信息:定位方式:id--->定位值:com.ecloud.hobay:id/tv_search
2020-07-20 14:42:11,019 - INFO - user_log.py - 春衫 - 日志信息:定位方式:id--->定位值:com.ecloud.hobay:id/tv_search
2020-07-20 14:42:12,448 - INFO - user_log.py - 春衫 - 日志信息:定位方式:id--->定位值:com.ecloud.hobay:id/et_search
2020-07-20 14:42:15,673 - INFO - user_log.py - 春衫 - 日志信息:定位方式:id--->定位值:com.ecloud.hobay:id/fl_root
2020-07-20 14:42:17,821 - INFO - user_log.py - 春衫 - 日志信息:定位方式:id--->定位值:com.ecloud.hobay:id/tv_buy_now
2020-07-20 14:42:19,015 - INFO - user_log.py - 春衫 - 日志信息:定位方式:android_uiautomator--->定位值:new UiSelector().text("＋")
2020-07-20 14:42:21,305 - INFO - user_log.py - 春衫 - 日志信息:定位方式:id--->定位值:com.ecloud.hobay:id/btn_confirm
2020-07-20 14:42:22,420 - INFO - user_log.py - 春衫 - 日志信息:定位方式:id--->定位值:com.ecloud.hobay:id/btn_submit_order
2020-07-20 14:42:26,672 - INFO - user_log.py - 春衫 - 日志信息:定位方式:id--->定位值:com.ecloud.hobay:id/btn_pay
2020-07-20 14:42:31,022 - INFO - user_log.py - 春衫 - 日志信息:定位方式:id--->定位值:com.ecloud.hobay:id/iv_delete
2020-07-20 14:42:33,635 - INFO - user_log.py - 春衫 - 日志信息:定位方式:id--->定位值:com.ecloud.hobay:id/title
2020-07-20 14:42:33,698 - INFO - user_log.py - 春衫 - 日志信息:定位方式:id--->定位值:com.ecloud.hobay:id/return_home
2020-07-20 14:42:34,785 - INFO - user_log.py - 春衫 - 日志信息:定位方式:id--->定位值:com.ecloud.hobay:id/tv_search
2020-07-20 14:42:36,067 - INFO - user_log.py - 春衫 - 日志信息:定位方式:id--->定位值:com.ecloud.hobay:id/et_search
2020-07-20 14:42:39,767 - INFO - user_log.py - 春衫 - 日志信息:定位方式:id--->定位值:com.ecloud.hobay:id/fl_root
2020-07-20 14:42:41,894 - INFO - user_log.py - 春衫 - 日志信息:定位方式:id--->定位值:com.ecloud.hobay:id/tv_buy_now
2020-07-20 14:42:43,035 - INFO - user_log.py - 春衫 - 日志信息:定位方式:android_uiautomator--->定位值:new UiSelector().text("＋")
2020-07-20 14:42:45,307 - INFO - user_log.py - 春衫 - 日志信息:定位方式:id--->定位值:com.ecloud.hobay:id/btn_confirm
2020-07-20 14:42:46,400 - INFO - user_log.py - 春衫 - 日志信息:定位方式:id--->定位值:com.ecloud.hobay:id/btn_submit_order
2020-07-20 14:42:50,084 - INFO - user_log.py - 春衫 - 日志信息:定位方式:id--->定位值:com.ecloud.hobay:id/tv_replace_pay
2020-07-20 14:42:50,678 - INFO - user_log.py - 春衫 - 日志信息:定位方式:id--->定位值:com.ecloud.hobay:id/view_voucher
2020-07-20 14:42:52,587 - INFO - user_log.py - 春衫 - 日志信息:定位方式:id--->定位值:com.ecloud.hobay:id/btn_pay
2020-07-20 14:42:57,047 - INFO - user_log.py - 春衫 - 日志信息:定位方式:id--->定位值:com.ecloud.hobay:id/iv_delete
2020-07-20 14:42:59,543 - INFO - user_log.py - 春衫 - 日志信息:定位方式:id--->定位值:com.ecloud.hobay:id/title
2020-07-20 14:42:59,609 - INFO - user_log.py - 春衫 - 日志信息:定位方式:id--->定位值:com.ecloud.hobay:id/return_home
2020-07-20 14:43:00,708 - INFO - user_log.py - 春衫 - 日志信息:定位方式:id--->定位值:com.ecloud.hobay:id/tv_search
2020-07-20 14:43:01,987 - INFO - user_log.py - 春衫 - 日志信息:定位方式:id--->定位值:com.ecloud.hobay:id/et_search
2020-07-20 14:43:06,273 - INFO - user_log.py - 春衫 - 日志信息:定位方式:id--->定位值:com.ecloud.hobay:id/fl_root
2020-07-20 14:43:08,394 - INFO - user_log.py - 春衫 - 日志信息:定位方式:id--->定位值:com.ecloud.hobay:id/tv_buy_now
2020-07-20 14:43:09,522 - INFO - user_log.py - 春衫 - 日志信息:定位方式:android_uiautomator--->定位值:new UiSelector().text("＋")
2020-07-20 14:43:11,365 - INFO - user_log.py - 春衫 - 日志信息:定位方式:id--->定位值:com.ecloud.hobay:id/btn_confirm
2020-07-20 14:43:12,661 - INFO - user_log.py - 春衫 - 日志信息:定位方式:id--->定位值:com.ecloud.hobay:id/btn_submit_order
2020-07-20 14:43:16,350 - INFO - user_log.py - 春衫 - 日志信息:定位方式:id--->定位值:com.ecloud.hobay:id/tv_replace_pay
2020-07-20 14:43:16,960 - INFO - user_log.py - 春衫 - 日志信息:定位方式:id--->定位值:com.ecloud.hobay:id/view_wages
2020-07-20 14:43:18,324 - INFO - user_log.py - 春衫 - 日志信息:定位方式:id--->定位值:com.ecloud.hobay:id/btn_pay
2020-07-20 14:43:22,677 - INFO - user_log.py - 春衫 - 日志信息:定位方式:id--->定位值:com.ecloud.hobay:id/iv_delete
2020-07-20 14:43:26,519 - INFO - user_log.py - 春衫 - 日志信息:定位方式:id--->定位值:com.ecloud.hobay:id/title
2020-07-20 14:43:26,591 - INFO - user_log.py - 春衫 - 日志信息:定位方式:id--->定位值:com.ecloud.hobay:id/return_home
2020-07-20 14:43:27,691 - INFO - user_log.py - 春衫 - 日志信息:定位方式:id--->定位值:com.ecloud.hobay:id/tv_search
2020-07-20 14:43:28,902 - INFO - user_log.py - 春衫 - 日志信息:定位方式:id--->定位值:com.ecloud.hobay:id/et_search
2020-07-20 14:43:32,064 - INFO - user_log.py - 春衫 - 日志信息:定位方式:id--->定位值:com.ecloud.hobay:id/fl_root
2020-07-20 14:43:34,177 - INFO - user_log.py - 春衫 - 日志信息:定位方式:id--->定位值:com.ecloud.hobay:id/tv_buy_now
2020-07-20 14:43:35,308 - INFO - user_log.py - 春衫 - 日志信息:定位方式:android_uiautomator--->定位值:new UiSelector().text("＋")
2020-07-20 14:43:37,444 - INFO - user_log.py - 春衫 - 日志信息:定位方式:id--->定位值:com.ecloud.hobay:id/btn_confirm
2020-07-20 14:43:38,551 - INFO - user_log.py - 春衫 - 日志信息:定位方式:id--->定位值:com.ecloud.hobay:id/btn_submit_order
2020-07-20 14:43:42,224 - INFO - user_log.py - 春衫 - 日志信息:定位方式:id--->定位值:com.ecloud.hobay:id/tv_replace_pay
2020-07-20 14:43:42,816 - INFO - user_log.py - 春衫 - 日志信息:定位方式:class_name--->定位值:android.view.ViewGroup
2020-07-20 14:43:44,883 - INFO - user_log.py - 春衫 - 日志信息:定位方式:id--->定位值:com.ecloud.hobay:id/btn_pay
2020-07-20 14:43:49,279 - INFO - user_log.py - 春衫 - 日志信息:定位方式:id--->定位值:com.ecloud.hobay:id/iv_delete
2020-07-20 14:43:51,767 - INFO - user_log.py - 春衫 - 日志信息:定位方式:id--->定位值:com.ecloud.hobay:id/title
2020-07-20 14:43:51,827 - INFO - user_log.py - 春衫 - 日志信息:定位方式:id--->定位值:com.ecloud.hobay:id/return_home
2020-07-20 14:43:52,914 - INFO - user_log.py - 春衫 - 日志信息:定位方式:id--->定位值:com.ecloud.hobay:id/tv_search
2020-07-20 14:43:53,965 - INFO - user_log.py - 春衫 - 日志信息:定位方式:id--->定位值:com.ecloud.hobay:id/et_search
2020-07-20 14:43:57,767 - INFO - user_log.py - 春衫 - 日志信息:定位方式:id--->定位值:com.ecloud.hobay:id/fl_root
2020-07-20 14:43:59,888 - INFO - user_log.py - 春衫 - 日志信息:定位方式:id--->定位值:com.ecloud.hobay:id/tv_buy_now
2020-07-20 14:44:00,982 - INFO - user_log.py - 春衫 - 日志信息:定位方式:android_uiautomator--->定位值:new UiSelector().text("＋")
2020-07-20 14:44:03,230 - INFO - user_log.py - 春衫 - 日志信息:定位方式:id--->定位值:com.ecloud.hobay:id/btn_confirm
2020-07-20 14:44:04,838 - INFO - user_log.py - 春衫 - 日志信息:定位方式:id--->定位值:com.ecloud.hobay:id/btn_submit_order
2020-07-20 14:44:08,517 - INFO - user_log.py - 春衫 - 日志信息:定位方式:id--->定位值:com.ecloud.hobay:id/tv_replace_pay
2020-07-20 14:44:09,111 - INFO - user_log.py - 春衫 - 日志信息:定位方式:id--->定位值:com.ecloud.hobay:id/tv_cash
2020-07-20 14:44:10,460 - INFO - user_log.py - 春衫 - 日志信息:定位方式:id--->定位值:com.ecloud.hobay:id/btn_pay
2020-07-20 14:44:14,883 - INFO - user_log.py - 春衫 - 日志信息:定位方式:id--->定位值:com.ecloud.hobay:id/iv_delete
2020-07-20 14:44:17,887 - INFO - user_log.py - 春衫 - 日志信息:定位方式:id--->定位值:com.ecloud.hobay:id/title
2020-07-20 14:44:17,950 - INFO - user_log.py - 春衫 - 日志信息:定位方式:id--->定位值:com.ecloud.hobay:id/return_home
2020-07-20 15:16:36,278 - INFO - user_log.py - 春衫 - 日志信息:定位方式:id--->定位值:com.ecloud.hobay:id/tv_search
2020-07-20 15:16:37,208 - INFO - user_log.py - 春衫 - 日志信息:定位方式:id--->定位值:com.ecloud.hobay:id/et_search
2020-07-20 15:16:41,008 - INFO - user_log.py - 春衫 - 日志信息:定位方式:id--->定位值:com.ecloud.hobay:id/fl_root
2020-07-20 15:19:04,301 - INFO - user_log.py - 春衫 - 日志信息:定位方式:id--->定位值:com.ecloud.hobay:id/tv_search
2020-07-20 15:19:05,390 - INFO - user_log.py - 春衫 - 日志信息:定位方式:id--->定位值:com.ecloud.hobay:id/et_search
2020-07-20 15:19:09,116 - INFO - user_log.py - 春衫 - 日志信息:定位方式:id--->定位值:com.ecloud.hobay:id/fl_root
2020-07-20 15:19:11,246 - INFO - user_log.py - 春衫 - 日志信息:定位方式:id--->定位值:com.ecloud.hobay:id/tv_buy_now
2020-07-20 15:19:12,372 - INFO - user_log.py - 春衫 - 日志信息:定位方式:android_uiautomator--->定位值:new UiSelector().text("＋")
2020-07-20 15:19:14,640 - INFO - user_log.py - 春衫 - 日志信息:定位方式:id--->定位值:com.ecloud.hobay:id/btn_confirm
2020-07-20 15:19:15,749 - INFO - user_log.py - 春衫 - 日志信息:定位方式:id--->定位值:com.ecloud.hobay:id/btn_submit_order
2020-07-20 15:19:20,802 - INFO - user_log.py - 春衫 - 日志信息:定位方式:id--->定位值:com.ecloud.hobay:id/btn_pay
2020-07-20 15:19:25,180 - INFO - user_log.py - 春衫 - 日志信息:定位方式:id--->定位值:com.ecloud.hobay:id/iv_delete
2020-07-20 15:19:28,568 - INFO - user_log.py - 春衫 - 日志信息:定位方式:id--->定位值:com.ecloud.hobay:id/title
2020-07-20 15:19:29,006 - INFO - user_log.py - 春衫 - 日志信息:定位方式:id--->定位值:com.ecloud.hobay:id/return_home
2020-07-20 15:20:32,819 - INFO - user_log.py - 春衫 - 日志信息:定位方式:id--->定位值:com.ecloud.hobay:id/rb_home
2020-07-20 15:24:32,333 - INFO - user_log.py - 春衫 - 日志信息:定位方式:id--->定位值:com.ecloud.hobay:id/rb_me
2020-07-20 15:24:34,462 - INFO - user_log.py - 春衫 - 日志信息:定位方式:id--->定位值:com.ecloud.hobay:id/tv_setting
2020-07-20 15:24:35,764 - INFO - user_log.py - 春衫 - 日志信息:定位方式:id--->定位值:com.ecloud.hobay:id/btn_exit
2020-07-20 15:30:28,846 - INFO - user_log.py - 春衫 - 日志信息:定位方式:id--->定位值:com.ecloud.hobay:id/rb_helpping_me
2020-07-20 15:30:59,075 - INFO - user_log.py - 春衫 - 日志信息:定位方式:id--->定位值:com.ecloud.hobay:id/rb_helpping_me
2020-07-20 15:38:47,031 - INFO - user_log.py - 春衫 - 日志信息:定位方式:id--->定位值:com.ecloud.hobay:id/rb_helpping_me
2020-07-20 15:39:13,769 - INFO - user_log.py - 春衫 - 日志信息:定位方式:id--->定位值:com.ecloud.hobay:id/tv_search
2020-07-20 15:39:14,426 - INFO - user_log.py - 春衫 - 日志信息:定位方式:id--->定位值:com.ecloud.hobay:id/et_search
2020-07-20 15:39:18,253 - INFO - user_log.py - 春衫 - 日志信息:定位方式:id--->定位值:com.ecloud.hobay:id/fl_root
2020-07-20 15:39:21,001 - INFO - user_log.py - 春衫 - 日志信息:定位方式:id--->定位值:com.ecloud.hobay:id/tv_buy_now
2020-07-20 15:39:22,189 - INFO - user_log.py - 春衫 - 日志信息:定位方式:android_uiautomator--->定位值:new UiSelector().text("＋")
2020-07-20 15:39:23,956 - INFO - user_log.py - 春衫 - 日志信息:定位方式:id--->定位值:com.ecloud.hobay:id/btn_confirm
2020-07-20 15:39:25,870 - INFO - user_log.py - 春衫 - 日志信息:定位方式:id--->定位值:com.ecloud.hobay:id/btn_submit_order
2020-07-20 15:39:26,950 - INFO - user_log.py - 春衫 - 日志信息:定位方式:id--->定位值:com.ecloud.hobay:id/tv_search
2020-07-20 15:39:28,015 - INFO - user_log.py - 春衫 - 日志信息:定位方式:id--->定位值:com.ecloud.hobay:id/tv_search
2020-07-20 15:39:29,624 - INFO - user_log.py - 春衫 - 日志信息:定位方式:id--->定位值:com.ecloud.hobay:id/tv_search
2020-07-20 15:39:30,710 - INFO - user_log.py - 春衫 - 日志信息:定位方式:id--->定位值:com.ecloud.hobay:id/tv_search
2020-07-20 15:39:30,782 - INFO - user_log.py - 春衫 - 日志信息:定位方式:id--->定位值:com.ecloud.hobay:id/rb_me
2020-07-20 15:45:12,825 - INFO - user_log.py - 春衫 - 日志信息:定位方式:id--->定位值:com.ecloud.hobay:id/tv_search
2020-07-20 15:45:13,764 - INFO - user_log.py - 春衫 - 日志信息:定位方式:id--->定位值:com.ecloud.hobay:id/et_search
2020-07-20 15:45:17,425 - INFO - user_log.py - 春衫 - 日志信息:定位方式:id--->定位值:com.ecloud.hobay:id/fl_root
2020-07-20 15:45:20,159 - INFO - user_log.py - 春衫 - 日志信息:定位方式:id--->定位值:com.ecloud.hobay:id/tv_buy_now
2020-07-20 15:45:21,294 - INFO - user_log.py - 春衫 - 日志信息:定位方式:android_uiautomator--->定位值:new UiSelector().text("＋")
2020-07-20 15:45:23,073 - INFO - user_log.py - 春衫 - 日志信息:定位方式:id--->定位值:com.ecloud.hobay:id/btn_confirm
2020-07-20 15:45:24,308 - INFO - user_log.py - 春衫 - 日志信息:定位方式:android_uiautomator--->定位值:new UiSelector().text("提交订单")
2020-07-20 15:45:30,080 - INFO - user_log.py - 春衫 - 日志信息:定位方式:id--->定位值:com.ecloud.hobay:id/btn_pay
2020-07-20 15:45:34,567 - INFO - user_log.py - 春衫 - 日志信息:定位方式:id--->定位值:com.ecloud.hobay:id/iv_delete
2020-07-20 15:45:37,250 - INFO - user_log.py - 春衫 - 日志信息:定位方式:id--->定位值:com.ecloud.hobay:id/title
2020-07-20 15:45:37,318 - INFO - user_log.py - 春衫 - 日志信息:定位方式:id--->定位值:com.ecloud.hobay:id/return_home
2020-07-20 15:45:38,418 - INFO - user_log.py - 春衫 - 日志信息:定位方式:id--->定位值:com.ecloud.hobay:id/tv_search
2020-07-20 15:45:39,423 - INFO - user_log.py - 春衫 - 日志信息:定位方式:id--->定位值:com.ecloud.hobay:id/et_search
2020-07-20 15:45:42,584 - INFO - user_log.py - 春衫 - 日志信息:定位方式:id--->定位值:com.ecloud.hobay:id/fl_root
2020-07-20 15:45:44,711 - INFO - user_log.py - 春衫 - 日志信息:定位方式:id--->定位值:com.ecloud.hobay:id/tv_buy_now
2020-07-20 15:45:45,827 - INFO - user_log.py - 春衫 - 日志信息:定位方式:android_uiautomator--->定位值:new UiSelector().text("＋")
2020-07-20 15:45:47,841 - INFO - user_log.py - 春衫 - 日志信息:定位方式:id--->定位值:com.ecloud.hobay:id/btn_confirm
2020-07-20 15:45:48,933 - INFO - user_log.py - 春衫 - 日志信息:定位方式:android_uiautomator--->定位值:new UiSelector().text("提交订单")
2020-07-20 15:45:53,969 - INFO - user_log.py - 春衫 - 日志信息:定位方式:id--->定位值:com.ecloud.hobay:id/tv_replace_pay
2020-07-20 15:45:54,985 - INFO - user_log.py - 春衫 - 日志信息:定位方式:id--->定位值:com.ecloud.hobay:id/tv_search
2020-07-20 15:45:56,002 - INFO - user_log.py - 春衫 - 日志信息:定位方式:id--->定位值:com.ecloud.hobay:id/tv_search
2020-07-20 15:45:57,021 - INFO - user_log.py - 春衫 - 日志信息:定位方式:id--->定位值:com.ecloud.hobay:id/tv_search
2020-07-20 15:45:57,040 - INFO - user_log.py - 春衫 - 日志信息:定位方式:id--->定位值:com.ecloud.hobay:id/rb_me
2020-07-20 15:47:15,993 - INFO - user_log.py - 春衫 - 日志信息:定位方式:id--->定位值:com.ecloud.hobay:id/tv_search
2020-07-20 15:47:17,264 - INFO - user_log.py - 春衫 - 日志信息:定位方式:id--->定位值:com.ecloud.hobay:id/et_search
2020-07-20 15:47:21,081 - INFO - user_log.py - 春衫 - 日志信息:定位方式:id--->定位值:com.ecloud.hobay:id/fl_root
2020-07-20 15:47:23,221 - INFO - user_log.py - 春衫 - 日志信息:定位方式:id--->定位值:com.ecloud.hobay:id/tv_buy_now
2020-07-20 15:47:24,368 - INFO - user_log.py - 春衫 - 日志信息:定位方式:android_uiautomator--->定位值:new UiSelector().text("＋")
2020-07-20 15:47:26,132 - INFO - user_log.py - 春衫 - 日志信息:定位方式:id--->定位值:com.ecloud.hobay:id/btn_confirm
2020-07-20 15:47:27,950 - INFO - user_log.py - 春衫 - 日志信息:定位方式:android_uiautomator--->定位值:new UiSelector().text("提交订单")
2020-07-20 15:47:33,800 - INFO - user_log.py - 春衫 - 日志信息:定位方式:id--->定位值:com.ecloud.hobay:id/btn_pay
2020-07-20 15:47:38,264 - INFO - user_log.py - 春衫 - 日志信息:定位方式:id--->定位值:com.ecloud.hobay:id/iv_delete
2020-07-20 15:47:41,051 - INFO - user_log.py - 春衫 - 日志信息:定位方式:id--->定位值:com.ecloud.hobay:id/title
2020-07-20 15:47:41,141 - INFO - user_log.py - 春衫 - 日志信息:定位方式:id--->定位值:com.ecloud.hobay:id/return_home
2020-07-20 15:47:42,248 - INFO - user_log.py - 春衫 - 日志信息:定位方式:id--->定位值:com.ecloud.hobay:id/tv_search
2020-07-20 15:47:43,576 - INFO - user_log.py - 春衫 - 日志信息:定位方式:id--->定位值:com.ecloud.hobay:id/et_search
2020-07-20 15:47:46,777 - INFO - user_log.py - 春衫 - 日志信息:定位方式:id--->定位值:com.ecloud.hobay:id/fl_root
2020-07-20 15:47:48,917 - INFO - user_log.py - 春衫 - 日志信息:定位方式:id--->定位值:com.ecloud.hobay:id/tv_buy_now
2020-07-20 15:47:50,031 - INFO - user_log.py - 春衫 - 日志信息:定位方式:android_uiautomator--->定位值:new UiSelector().text("＋")
2020-07-20 15:47:52,250 - INFO - user_log.py - 春衫 - 日志信息:定位方式:id--->定位值:com.ecloud.hobay:id/btn_confirm
2020-07-20 15:47:53,348 - INFO - user_log.py - 春衫 - 日志信息:定位方式:android_uiautomator--->定位值:new UiSelector().text("提交订单")
2020-07-20 15:47:58,876 - INFO - user_log.py - 春衫 - 日志信息:定位方式:id--->定位值:com.ecloud.hobay:id/tv_replace_pay
2020-07-20 15:47:59,488 - INFO - user_log.py - 春衫 - 日志信息:定位方式:id--->定位值:com.ecloud.hobay:id/view_voucher
2020-07-20 15:48:00,870 - INFO - user_log.py - 春衫 - 日志信息:定位方式:id--->定位值:com.ecloud.hobay:id/btn_pay
2020-07-20 15:48:05,338 - INFO - user_log.py - 春衫 - 日志信息:定位方式:id--->定位值:com.ecloud.hobay:id/iv_delete
2020-07-20 15:48:07,876 - INFO - user_log.py - 春衫 - 日志信息:定位方式:id--->定位值:com.ecloud.hobay:id/title
2020-07-20 15:48:07,961 - INFO - user_log.py - 春衫 - 日志信息:定位方式:id--->定位值:com.ecloud.hobay:id/return_home
2020-07-20 15:48:10,178 - INFO - user_log.py - 春衫 - 日志信息:定位方式:id--->定位值:com.ecloud.hobay:id/tv_search
2020-07-20 15:48:11,686 - INFO - user_log.py - 春衫 - 日志信息:定位方式:id--->定位值:com.ecloud.hobay:id/et_search
2020-07-20 15:48:14,913 - INFO - user_log.py - 春衫 - 日志信息:定位方式:id--->定位值:com.ecloud.hobay:id/fl_root
2020-07-20 15:48:17,133 - INFO - user_log.py - 春衫 - 日志信息:定位方式:id--->定位值:com.ecloud.hobay:id/tv_buy_now
2020-07-20 15:48:18,253 - INFO - user_log.py - 春衫 - 日志信息:定位方式:android_uiautomator--->定位值:new UiSelector().text("＋")
2020-07-20 15:48:20,369 - INFO - user_log.py - 春衫 - 日志信息:定位方式:id--->定位值:com.ecloud.hobay:id/btn_confirm
2020-07-20 15:48:21,464 - INFO - user_log.py - 春衫 - 日志信息:定位方式:android_uiautomator--->定位值:new UiSelector().text("提交订单")
2020-07-20 15:48:27,043 - INFO - user_log.py - 春衫 - 日志信息:定位方式:id--->定位值:com.ecloud.hobay:id/tv_replace_pay
2020-07-20 15:48:27,647 - INFO - user_log.py - 春衫 - 日志信息:定位方式:id--->定位值:com.ecloud.hobay:id/view_wages
2020-07-20 15:48:29,188 - INFO - user_log.py - 春衫 - 日志信息:定位方式:id--->定位值:com.ecloud.hobay:id/btn_pay
2020-07-20 15:48:33,615 - INFO - user_log.py - 春衫 - 日志信息:定位方式:id--->定位值:com.ecloud.hobay:id/iv_delete
2020-07-20 15:48:36,733 - INFO - user_log.py - 春衫 - 日志信息:定位方式:id--->定位值:com.ecloud.hobay:id/title
2020-07-20 15:48:36,982 - INFO - user_log.py - 春衫 - 日志信息:定位方式:id--->定位值:com.ecloud.hobay:id/return_home
2020-07-20 15:48:38,069 - INFO - user_log.py - 春衫 - 日志信息:定位方式:id--->定位值:com.ecloud.hobay:id/tv_search
2020-07-20 15:48:39,289 - INFO - user_log.py - 春衫 - 日志信息:定位方式:id--->定位值:com.ecloud.hobay:id/et_search
2020-07-20 15:48:42,604 - INFO - user_log.py - 春衫 - 日志信息:定位方式:id--->定位值:com.ecloud.hobay:id/fl_root
2020-07-20 15:48:44,848 - INFO - user_log.py - 春衫 - 日志信息:定位方式:id--->定位值:com.ecloud.hobay:id/tv_buy_now
2020-07-20 15:48:45,991 - INFO - user_log.py - 春衫 - 日志信息:定位方式:android_uiautomator--->定位值:new UiSelector().text("＋")
2020-07-20 15:48:47,734 - INFO - user_log.py - 春衫 - 日志信息:定位方式:id--->定位值:com.ecloud.hobay:id/btn_confirm
2020-07-20 15:48:48,841 - INFO - user_log.py - 春衫 - 日志信息:定位方式:android_uiautomator--->定位值:new UiSelector().text("提交订单")
2020-07-20 15:48:53,910 - INFO - user_log.py - 春衫 - 日志信息:定位方式:id--->定位值:com.ecloud.hobay:id/tv_replace_pay
2020-07-20 15:48:54,520 - INFO - user_log.py - 春衫 - 日志信息:定位方式:class_name--->定位值:android.view.ViewGroup
2020-07-20 15:48:55,885 - INFO - user_log.py - 春衫 - 日志信息:定位方式:id--->定位值:com.ecloud.hobay:id/btn_pay
2020-07-20 15:49:00,447 - INFO - user_log.py - 春衫 - 日志信息:定位方式:id--->定位值:com.ecloud.hobay:id/iv_delete
2020-07-20 15:49:03,611 - INFO - user_log.py - 春衫 - 日志信息:定位方式:id--->定位值:com.ecloud.hobay:id/title
2020-07-20 15:49:03,681 - INFO - user_log.py - 春衫 - 日志信息:定位方式:id--->定位值:com.ecloud.hobay:id/return_home
2020-07-20 15:49:04,802 - INFO - user_log.py - 春衫 - 日志信息:定位方式:id--->定位值:com.ecloud.hobay:id/tv_search
2020-07-20 15:49:05,939 - INFO - user_log.py - 春衫 - 日志信息:定位方式:id--->定位值:com.ecloud.hobay:id/et_search
2020-07-20 15:49:10,143 - INFO - user_log.py - 春衫 - 日志信息:定位方式:id--->定位值:com.ecloud.hobay:id/fl_root
2020-07-20 15:49:12,956 - INFO - user_log.py - 春衫 - 日志信息:定位方式:id--->定位值:com.ecloud.hobay:id/tv_buy_now
2020-07-20 15:49:14,693 - INFO - user_log.py - 春衫 - 日志信息:定位方式:android_uiautomator--->定位值:new UiSelector().text("＋")
2020-07-20 15:49:16,540 - INFO - user_log.py - 春衫 - 日志信息:定位方式:id--->定位值:com.ecloud.hobay:id/btn_confirm
2020-07-20 15:49:17,791 - INFO - user_log.py - 春衫 - 日志信息:定位方式:android_uiautomator--->定位值:new UiSelector().text("提交订单")
2020-07-20 15:49:23,272 - INFO - user_log.py - 春衫 - 日志信息:定位方式:id--->定位值:com.ecloud.hobay:id/tv_replace_pay
2020-07-20 15:49:23,871 - INFO - user_log.py - 春衫 - 日志信息:定位方式:id--->定位值:com.ecloud.hobay:id/tv_cash
2020-07-20 15:49:25,244 - INFO - user_log.py - 春衫 - 日志信息:定位方式:id--->定位值:com.ecloud.hobay:id/btn_pay
2020-07-20 15:49:29,785 - INFO - user_log.py - 春衫 - 日志信息:定位方式:id--->定位值:com.ecloud.hobay:id/iv_delete
2020-07-20 15:49:32,967 - INFO - user_log.py - 春衫 - 日志信息:定位方式:id--->定位值:com.ecloud.hobay:id/title
2020-07-20 15:49:33,040 - INFO - user_log.py - 春衫 - 日志信息:定位方式:id--->定位值:com.ecloud.hobay:id/return_home
2020-07-20 15:49:33,135 - INFO - user_log.py - 春衫 - 日志信息:定位方式:id--->定位值:com.ecloud.hobay:id/rb_me
2020-07-20 15:51:38,162 - INFO - user_log.py - 春衫 - 日志信息:定位方式:id--->定位值:com.ecloud.hobay:id/tv_search
2020-07-20 15:51:39,044 - INFO - user_log.py - 春衫 - 日志信息:定位方式:id--->定位值:com.ecloud.hobay:id/et_search
2020-07-20 15:51:43,232 - INFO - user_log.py - 春衫 - 日志信息:定位方式:id--->定位值:com.ecloud.hobay:id/fl_root
2020-07-20 15:52:10,109 - INFO - user_log.py - 春衫 - 日志信息:定位方式:id--->定位值:com.ecloud.hobay:id/rb_me
2020-07-20 15:52:11,656 - INFO - user_log.py - 春衫 - 日志信息:定位方式:id--->定位值:com.ecloud.hobay:id/tv_setting
2020-07-20 15:52:13,117 - INFO - user_log.py - 春衫 - 日志信息:定位方式:id--->定位值:com.ecloud.hobay:id/btn_exit
2020-07-20 15:54:06,435 - INFO - user_log.py - 春衫 - 日志信息:定位方式:id--->定位值:com.ecloud.hobay:id/tv_search
2020-07-20 15:54:07,536 - INFO - user_log.py - 春衫 - 日志信息:定位方式:id--->定位值:com.ecloud.hobay:id/et_search
2020-07-20 15:54:10,740 - INFO - user_log.py - 春衫 - 日志信息:定位方式:id--->定位值:com.ecloud.hobay:id/fl_root
2020-07-20 15:54:12,923 - INFO - user_log.py - 春衫 - 日志信息:定位方式:id--->定位值:com.ecloud.hobay:id/tv_buy_now
2020-07-20 15:54:14,060 - INFO - user_log.py - 春衫 - 日志信息:定位方式:android_uiautomator--->定位值:new UiSelector().text("＋")
2020-07-20 15:54:15,811 - INFO - user_log.py - 春衫 - 日志信息:定位方式:id--->定位值:com.ecloud.hobay:id/btn_confirm
2020-07-20 15:54:17,095 - INFO - user_log.py - 春衫 - 日志信息:定位方式:android_uiautomator--->定位值:new UiSelector().text("提交订单")
2020-07-20 15:54:22,619 - INFO - user_log.py - 春衫 - 日志信息:定位方式:id--->定位值:com.ecloud.hobay:id/btn_pay
2020-07-20 15:54:27,321 - INFO - user_log.py - 春衫 - 日志信息:定位方式:id--->定位值:com.ecloud.hobay:id/iv_delete
2020-07-20 15:54:30,328 - INFO - user_log.py - 春衫 - 日志信息:定位方式:id--->定位值:com.ecloud.hobay:id/title
2020-07-20 15:54:30,422 - INFO - user_log.py - 春衫 - 日志信息:定位方式:id--->定位值:com.ecloud.hobay:id/return_home
2020-07-20 15:54:31,525 - INFO - user_log.py - 春衫 - 日志信息:定位方式:id--->定位值:com.ecloud.hobay:id/tv_search
2020-07-20 15:54:33,115 - INFO - user_log.py - 春衫 - 日志信息:定位方式:id--->定位值:com.ecloud.hobay:id/et_search
2020-07-20 15:54:36,312 - INFO - user_log.py - 春衫 - 日志信息:定位方式:id--->定位值:com.ecloud.hobay:id/fl_root
2020-07-20 15:54:38,456 - INFO - user_log.py - 春衫 - 日志信息:定位方式:id--->定位值:com.ecloud.hobay:id/tv_buy_now
2020-07-20 15:54:39,602 - INFO - user_log.py - 春衫 - 日志信息:定位方式:android_uiautomator--->定位值:new UiSelector().text("＋")
2020-07-20 15:54:41,732 - INFO - user_log.py - 春衫 - 日志信息:定位方式:id--->定位值:com.ecloud.hobay:id/btn_confirm
2020-07-20 15:54:42,824 - INFO - user_log.py - 春衫 - 日志信息:定位方式:android_uiautomator--->定位值:new UiSelector().text("提交订单")
2020-07-20 15:54:48,496 - INFO - user_log.py - 春衫 - 日志信息:定位方式:id--->定位值:com.ecloud.hobay:id/tv_replace_pay
2020-07-20 15:54:49,090 - INFO - user_log.py - 春衫 - 日志信息:定位方式:id--->定位值:com.ecloud.hobay:id/view_voucher
2020-07-20 15:54:50,455 - INFO - user_log.py - 春衫 - 日志信息:定位方式:id--->定位值:com.ecloud.hobay:id/btn_pay
2020-07-20 15:54:55,127 - INFO - user_log.py - 春衫 - 日志信息:定位方式:id--->定位值:com.ecloud.hobay:id/iv_delete
2020-07-20 15:54:58,174 - INFO - user_log.py - 春衫 - 日志信息:定位方式:id--->定位值:com.ecloud.hobay:id/title
2020-07-20 15:54:58,236 - INFO - user_log.py - 春衫 - 日志信息:定位方式:id--->定位值:com.ecloud.hobay:id/return_home
2020-07-20 15:54:59,330 - INFO - user_log.py - 春衫 - 日志信息:定位方式:id--->定位值:com.ecloud.hobay:id/tv_search
2020-07-20 15:55:00,688 - INFO - user_log.py - 春衫 - 日志信息:定位方式:id--->定位值:com.ecloud.hobay:id/et_search
2020-07-20 15:55:04,188 - INFO - user_log.py - 春衫 - 日志信息:定位方式:id--->定位值:com.ecloud.hobay:id/fl_root
2020-07-20 15:55:06,323 - INFO - user_log.py - 春衫 - 日志信息:定位方式:id--->定位值:com.ecloud.hobay:id/tv_buy_now
2020-07-20 15:55:07,449 - INFO - user_log.py - 春衫 - 日志信息:定位方式:android_uiautomator--->定位值:new UiSelector().text("＋")
2020-07-20 15:55:09,184 - INFO - user_log.py - 春衫 - 日志信息:定位方式:id--->定位值:com.ecloud.hobay:id/btn_confirm
2020-07-20 15:55:10,278 - INFO - user_log.py - 春衫 - 日志信息:定位方式:android_uiautomator--->定位值:new UiSelector().text("提交订单")
2020-07-20 15:55:16,069 - INFO - user_log.py - 春衫 - 日志信息:定位方式:id--->定位值:com.ecloud.hobay:id/tv_replace_pay
2020-07-20 15:55:16,726 - INFO - user_log.py - 春衫 - 日志信息:定位方式:id--->定位值:com.ecloud.hobay:id/view_wages
2020-07-20 15:55:18,114 - INFO - user_log.py - 春衫 - 日志信息:定位方式:id--->定位值:com.ecloud.hobay:id/btn_pay
2020-07-20 15:55:22,677 - INFO - user_log.py - 春衫 - 日志信息:定位方式:id--->定位值:com.ecloud.hobay:id/iv_delete
2020-07-20 15:55:25,258 - INFO - user_log.py - 春衫 - 日志信息:定位方式:id--->定位值:com.ecloud.hobay:id/title
2020-07-20 15:55:25,321 - INFO - user_log.py - 春衫 - 日志信息:定位方式:id--->定位值:com.ecloud.hobay:id/return_home
2020-07-20 15:55:26,415 - INFO - user_log.py - 春衫 - 日志信息:定位方式:id--->定位值:com.ecloud.hobay:id/tv_search
2020-07-20 15:55:28,015 - INFO - user_log.py - 春衫 - 日志信息:定位方式:id--->定位值:com.ecloud.hobay:id/et_search
2020-07-20 15:55:31,728 - INFO - user_log.py - 春衫 - 日志信息:定位方式:id--->定位值:com.ecloud.hobay:id/fl_root
2020-07-20 15:55:34,291 - INFO - user_log.py - 春衫 - 日志信息:定位方式:id--->定位值:com.ecloud.hobay:id/tv_buy_now
2020-07-20 15:55:35,436 - INFO - user_log.py - 春衫 - 日志信息:定位方式:android_uiautomator--->定位值:new UiSelector().text("＋")
2020-07-20 15:55:37,301 - INFO - user_log.py - 春衫 - 日志信息:定位方式:id--->定位值:com.ecloud.hobay:id/tv_search
2020-07-20 15:55:38,365 - INFO - user_log.py - 春衫 - 日志信息:定位方式:id--->定位值:com.ecloud.hobay:id/rb_me
2020-07-20 15:56:46,503 - INFO - user_log.py - 春衫 - 日志信息:定位方式:id--->定位值:com.ecloud.hobay:id/tv_search
2020-07-20 15:56:47,418 - INFO - user_log.py - 春衫 - 日志信息:定位方式:id--->定位值:com.ecloud.hobay:id/et_search
2020-07-20 15:56:51,671 - INFO - user_log.py - 春衫 - 日志信息:定位方式:id--->定位值:com.ecloud.hobay:id/fl_root
2020-07-20 15:56:53,837 - INFO - user_log.py - 春衫 - 日志信息:定位方式:id--->定位值:com.ecloud.hobay:id/tv_buy_now
2020-07-20 15:56:54,982 - INFO - user_log.py - 春衫 - 日志信息:定位方式:android_uiautomator--->定位值:new UiSelector().text("＋")
2020-07-20 15:56:56,743 - INFO - user_log.py - 春衫 - 日志信息:定位方式:id--->定位值:com.ecloud.hobay:id/btn_confirm
2020-07-20 15:56:57,859 - INFO - user_log.py - 春衫 - 日志信息:定位方式:android_uiautomator--->定位值:new UiSelector().text("提交订单")
2020-07-20 15:57:03,586 - INFO - user_log.py - 春衫 - 日志信息:定位方式:id--->定位值:com.ecloud.hobay:id/tv_replace_pay
2020-07-20 15:57:04,196 - INFO - user_log.py - 春衫 - 日志信息:定位方式:class_name--->定位值:android.view.ViewGroup
2020-07-20 15:57:05,613 - INFO - user_log.py - 春衫 - 日志信息:定位方式:id--->定位值:com.ecloud.hobay:id/btn_pay
2020-07-20 15:57:10,077 - INFO - user_log.py - 春衫 - 日志信息:定位方式:id--->定位值:com.ecloud.hobay:id/iv_delete
2020-07-20 15:57:12,665 - INFO - user_log.py - 春衫 - 日志信息:定位方式:id--->定位值:com.ecloud.hobay:id/title
2020-07-20 15:57:12,739 - INFO - user_log.py - 春衫 - 日志信息:定位方式:id--->定位值:com.ecloud.hobay:id/return_home
2020-07-20 15:57:13,851 - INFO - user_log.py - 春衫 - 日志信息:定位方式:id--->定位值:com.ecloud.hobay:id/tv_search
2020-07-20 15:57:15,181 - INFO - user_log.py - 春衫 - 日志信息:定位方式:id--->定位值:com.ecloud.hobay:id/et_search
2020-07-20 15:57:18,393 - INFO - user_log.py - 春衫 - 日志信息:定位方式:id--->定位值:com.ecloud.hobay:id/fl_root
2020-07-20 15:57:20,515 - INFO - user_log.py - 春衫 - 日志信息:定位方式:id--->定位值:com.ecloud.hobay:id/tv_buy_now
2020-07-20 15:57:21,628 - INFO - user_log.py - 春衫 - 日志信息:定位方式:android_uiautomator--->定位值:new UiSelector().text("＋")
2020-07-20 15:57:23,468 - INFO - user_log.py - 春衫 - 日志信息:定位方式:id--->定位值:com.ecloud.hobay:id/btn_confirm
2020-07-20 15:57:24,579 - INFO - user_log.py - 春衫 - 日志信息:定位方式:android_uiautomator--->定位值:new UiSelector().text("提交订单")
2020-07-20 15:57:30,094 - INFO - user_log.py - 春衫 - 日志信息:定位方式:id--->定位值:com.ecloud.hobay:id/tv_replace_pay
2020-07-20 15:57:30,719 - INFO - user_log.py - 春衫 - 日志信息:定位方式:id--->定位值:com.ecloud.hobay:id/tv_cash
2020-07-20 15:57:32,088 - INFO - user_log.py - 春衫 - 日志信息:定位方式:id--->定位值:com.ecloud.hobay:id/btn_pay
2020-07-20 15:57:37,397 - INFO - user_log.py - 春衫 - 日志信息:定位方式:id--->定位值:com.ecloud.hobay:id/iv_delete
2020-07-20 15:57:40,225 - INFO - user_log.py - 春衫 - 日志信息:定位方式:id--->定位值:com.ecloud.hobay:id/title
2020-07-20 15:57:40,631 - INFO - user_log.py - 春衫 - 日志信息:定位方式:id--->定位值:com.ecloud.hobay:id/return_home
2020-07-20 15:57:41,740 - INFO - user_log.py - 春衫 - 日志信息:定位方式:id--->定位值:com.ecloud.hobay:id/rb_me
2020-07-20 15:57:43,300 - INFO - user_log.py - 春衫 - 日志信息:定位方式:id--->定位值:com.ecloud.hobay:id/tv_setting
2020-07-20 15:57:44,628 - INFO - user_log.py - 春衫 - 日志信息:定位方式:id--->定位值:com.ecloud.hobay:id/btn_exit
2020-07-20 16:54:11,958 - INFO - user_log.py - 春衫 - 日志信息:定位方式:id--->定位值:com.ecloud.hobay:id/tv_search
2020-07-20 16:54:12,646 - INFO - user_log.py - 春衫 - 日志信息:定位方式:id--->定位值:com.ecloud.hobay:id/et_search
2020-07-20 16:54:15,824 - INFO - user_log.py - 春衫 - 日志信息:定位方式:id--->定位值:com.ecloud.hobay:id/fl_root
2020-07-20 16:54:18,541 - INFO - user_log.py - 春衫 - 日志信息:定位方式:id--->定位值:com.ecloud.hobay:id/tv_buy_now
2020-07-20 16:54:19,779 - INFO - user_log.py - 春衫 - 日志信息:定位方式:android_uiautomator--->定位值:new UiSelector().text("＋")
2020-07-20 16:54:20,863 - INFO - user_log.py - 春衫 - 日志信息:定位方式:id--->定位值:com.ecloud.hobay:id/tv_search
2020-07-20 16:54:21,915 - INFO - user_log.py - 春衫 - 日志信息:定位方式:id--->定位值:com.ecloud.hobay:id/tv_search
2020-07-20 16:54:22,975 - INFO - user_log.py - 春衫 - 日志信息:定位方式:id--->定位值:com.ecloud.hobay:id/tv_search
2020-07-20 16:54:24,035 - INFO - user_log.py - 春衫 - 日志信息:定位方式:id--->定位值:com.ecloud.hobay:id/tv_search
2020-07-20 16:54:25,096 - INFO - user_log.py - 春衫 - 日志信息:定位方式:id--->定位值:com.ecloud.hobay:id/rb_me
2020-07-20 16:54:55,891 - INFO - user_log.py - 春衫 - 日志信息:定位方式:id--->定位值:com.ecloud.hobay:id/tv_search
2020-07-20 16:54:57,393 - INFO - user_log.py - 春衫 - 日志信息:定位方式:id--->定位值:com.ecloud.hobay:id/tv_search
2020-07-20 16:54:58,430 - INFO - user_log.py - 春衫 - 日志信息:定位方式:id--->定位值:com.ecloud.hobay:id/tv_search
2020-07-20 16:54:59,465 - INFO - user_log.py - 春衫 - 日志信息:定位方式:id--->定位值:com.ecloud.hobay:id/et_search
2020-07-20 16:55:00,906 - INFO - user_log.py - 春衫 - 日志信息:定位方式:id--->定位值:com.ecloud.hobay:id/rb_helpping_me
2020-07-20 16:55:02,839 - INFO - user_log.py - 春衫 - 日志信息:定位方式:id--->定位值:com.ecloud.hobay:id/fl_root
2020-07-20 16:55:04,977 - INFO - user_log.py - 春衫 - 日志信息:定位方式:id--->定位值:com.ecloud.hobay:id/tv_buy_now
2020-07-20 16:55:06,132 - INFO - user_log.py - 春衫 - 日志信息:定位方式:android_uiautomator--->定位值:new UiSelector().text("＋")
2020-07-20 16:55:07,221 - INFO - user_log.py - 春衫 - 日志信息:定位方式:id--->定位值:com.ecloud.hobay:id/tv_search
2020-07-20 16:55:08,280 - INFO - user_log.py - 春衫 - 日志信息:定位方式:id--->定位值:com.ecloud.hobay:id/tv_search
2020-07-20 16:55:09,335 - INFO - user_log.py - 春衫 - 日志信息:定位方式:id--->定位值:com.ecloud.hobay:id/rb_me
2020-07-20 16:55:34,597 - INFO - user_log.py - 春衫 - 日志信息:定位方式:id--->定位值:com.ecloud.hobay:id/rb_helpping_me
2020-07-20 16:55:58,762 - INFO - user_log.py - 春衫 - 日志信息:定位方式:id--->定位值:com.ecloud.hobay:id/rb_helpping_me
2020-07-20 16:56:24,265 - INFO - user_log.py - 春衫 - 日志信息:定位方式:id--->定位值:com.ecloud.hobay:id/tv_search
2020-07-20 16:56:24,959 - INFO - user_log.py - 春衫 - 日志信息:定位方式:id--->定位值:com.ecloud.hobay:id/et_search
2020-07-20 16:56:28,742 - INFO - user_log.py - 春衫 - 日志信息:定位方式:id--->定位值:com.ecloud.hobay:id/fl_root
2020-07-20 16:56:31,913 - INFO - user_log.py - 春衫 - 日志信息:定位方式:id--->定位值:com.ecloud.hobay:id/tv_buy_now
2020-07-20 16:56:33,060 - INFO - user_log.py - 春衫 - 日志信息:定位方式:android_uiautomator--->定位值:new UiSelector().text("＋")
2020-07-20 16:56:34,908 - INFO - user_log.py - 春衫 - 日志信息:定位方式:id--->定位值:com.ecloud.hobay:id/btn_confirm
2020-07-20 16:56:36,211 - INFO - user_log.py - 春衫 - 日志信息:定位方式:android_uiautomator--->定位值:new UiSelector().text("提交订单")
2020-07-20 16:56:41,488 - INFO - user_log.py - 春衫 - 日志信息:定位方式:id--->定位值:com.ecloud.hobay:id/btn_pay
2020-07-20 16:56:56,871 - INFO - user_log.py - 春衫 - 日志信息:定位方式:id--->定位值:com.ecloud.hobay:id/tv_search
2020-07-20 16:56:57,918 - INFO - user_log.py - 春衫 - 日志信息:定位方式:id--->定位值:com.ecloud.hobay:id/tv_search
2020-07-20 16:57:01,212 - INFO - user_log.py - 春衫 - 日志信息:定位方式:id--->定位值:com.ecloud.hobay:id/et_search
2020-07-20 16:57:04,498 - INFO - user_log.py - 春衫 - 日志信息:定位方式:id--->定位值:com.ecloud.hobay:id/fl_root
2020-07-20 16:57:06,652 - INFO - user_log.py - 春衫 - 日志信息:定位方式:id--->定位值:com.ecloud.hobay:id/tv_buy_now
2020-07-20 16:57:08,295 - INFO - user_log.py - 春衫 - 日志信息:定位方式:android_uiautomator--->定位值:new UiSelector().text("＋")
2020-07-20 16:57:10,145 - INFO - user_log.py - 春衫 - 日志信息:定位方式:id--->定位值:com.ecloud.hobay:id/btn_confirm
2020-07-20 16:57:11,245 - INFO - user_log.py - 春衫 - 日志信息:定位方式:android_uiautomator--->定位值:new UiSelector().text("提交订单")
2020-07-20 16:57:16,982 - INFO - user_log.py - 春衫 - 日志信息:定位方式:id--->定位值:com.ecloud.hobay:id/tv_replace_pay
2020-07-20 16:57:17,587 - INFO - user_log.py - 春衫 - 日志信息:定位方式:id--->定位值:com.ecloud.hobay:id/view_wages
2020-07-20 16:57:19,463 - INFO - user_log.py - 春衫 - 日志信息:定位方式:id--->定位值:com.ecloud.hobay:id/btn_pay
2020-07-20 16:57:24,917 - INFO - user_log.py - 春衫 - 日志信息:定位方式:id--->定位值:com.ecloud.hobay:id/iv_delete
2020-07-20 16:57:27,506 - INFO - user_log.py - 春衫 - 日志信息:定位方式:id--->定位值:com.ecloud.hobay:id/title
2020-07-20 16:57:27,611 - INFO - user_log.py - 春衫 - 日志信息:定位方式:id--->定位值:com.ecloud.hobay:id/return_home
2020-07-20 16:57:28,704 - INFO - user_log.py - 春衫 - 日志信息:定位方式:id--->定位值:com.ecloud.hobay:id/tv_search
2020-07-20 16:57:29,925 - INFO - user_log.py - 春衫 - 日志信息:定位方式:id--->定位值:com.ecloud.hobay:id/et_search
2020-07-20 16:57:33,161 - INFO - user_log.py - 春衫 - 日志信息:定位方式:id--->定位值:com.ecloud.hobay:id/fl_root
2020-07-20 16:57:35,370 - INFO - user_log.py - 春衫 - 日志信息:定位方式:id--->定位值:com.ecloud.hobay:id/tv_buy_now
2020-07-20 16:57:36,513 - INFO - user_log.py - 春衫 - 日志信息:定位方式:android_uiautomator--->定位值:new UiSelector().text("＋")
2020-07-20 16:57:38,348 - INFO - user_log.py - 春衫 - 日志信息:定位方式:id--->定位值:com.ecloud.hobay:id/btn_confirm
2020-07-20 16:57:39,492 - INFO - user_log.py - 春衫 - 日志信息:定位方式:android_uiautomator--->定位值:new UiSelector().text("提交订单")
2020-07-20 16:57:45,153 - INFO - user_log.py - 春衫 - 日志信息:定位方式:id--->定位值:com.ecloud.hobay:id/tv_replace_pay
2020-07-20 16:57:45,787 - INFO - user_log.py - 春衫 - 日志信息:定位方式:class_name--->定位值:android.view.ViewGroup
2020-07-20 16:57:47,170 - INFO - user_log.py - 春衫 - 日志信息:定位方式:id--->定位值:com.ecloud.hobay:id/btn_pay
2020-07-20 16:57:51,926 - INFO - user_log.py - 春衫 - 日志信息:定位方式:id--->定位值:com.ecloud.hobay:id/iv_delete
2020-07-20 16:57:54,460 - INFO - user_log.py - 春衫 - 日志信息:定位方式:id--->定位值:com.ecloud.hobay:id/title
2020-07-20 16:57:54,533 - INFO - user_log.py - 春衫 - 日志信息:定位方式:id--->定位值:com.ecloud.hobay:id/return_home
2020-07-20 16:57:56,506 - INFO - user_log.py - 春衫 - 日志信息:定位方式:id--->定位值:com.ecloud.hobay:id/tv_search
2020-07-20 16:57:56,537 - INFO - user_log.py - 春衫 - 日志信息:定位方式:id--->定位值:com.ecloud.hobay:id/rb_me
