2020-08-14 19:50:31,107 - INFO - user_log.py - 春衫 - 日志信息:元素('xpath', "//*[@text='始终允许']")不存在
2020-08-14 19:50:31,147 - INFO - user_log.py - 春衫 - 日志信息:等待元素('id', 'com.ecloud.hobay:id/rb_me')可见
2020-08-14 19:50:31,413 - INFO - user_log.py - 春衫 - 日志信息:等待时长为：0
2020-08-14 19:50:31,414 - INFO - user_log.py - 春衫 - 日志信息:定位方式:by.id--->定位值:com.ecloud.hobay:id/rb_me
2020-08-14 19:50:31,657 - INFO - user_log.py - 春衫 - 日志信息:发布商品-通用条件-处理登陆账号-获取当前app的登陆状态-点击元素('id', 'com.ecloud.hobay:id/rb_me')
2020-08-14 19:50:31,908 - INFO - user_log.py - 春衫 - 日志信息:元素('id', 'com.ecloud.hobay:id/tv_setting')不存在
2020-08-14 19:50:32,910 - INFO - user_log.py - 春衫 - 日志信息:点击坐标(440, 775)
2020-08-14 19:50:39,769 - INFO - user_log.py - 春衫 - 日志信息:输入数字是17777777776
2020-08-14 19:50:40,769 - INFO - user_log.py - 春衫 - 日志信息:点击坐标(540, 1030)
2020-08-14 19:50:43,645 - INFO - user_log.py - 春衫 - 日志信息:点击坐标(500, 860)
2020-08-14 19:50:49,373 - INFO - user_log.py - 春衫 - 日志信息:点击坐标(540, 1110)
2020-08-14 19:50:50,168 - INFO - user_log.py - 春衫 - 日志信息:等待元素('id', 'com.ecloud.hobay:id/rb_helpping_me')可见
2020-08-14 19:51:20,603 - INFO - user_log.py - 春衫 - 日志信息:等待元素可见失败!
2020-08-14 19:51:21,221 - INFO - user_log.py - 春衫 - 日志信息:截取网页成功，文件路径为为：D:\Pycharm_workspace\APPV1.0\Outputs\Error_Image\2020-08-14\2020-08-14-19-51-20-点击底部导航栏-发布商品-.png
2020-08-14 22:05:19,725 - INFO - user_log.py - 春衫 - 日志信息:元素('xpath', "//*[@text='始终允许']")不存在
2020-08-14 22:05:20,043 - INFO - user_log.py - 春衫 - 日志信息:等待元素('id', 'com.ecloud.hobay:id/rb_me')可见
2020-08-14 22:05:20,261 - INFO - user_log.py - 春衫 - 日志信息:等待时长为：0
2020-08-14 22:05:20,262 - INFO - user_log.py - 春衫 - 日志信息:定位方式:by.id--->定位值:com.ecloud.hobay:id/rb_me
2020-08-14 22:05:20,483 - INFO - user_log.py - 春衫 - 日志信息:发布商品-通用条件-处理登陆账号-获取当前app的登陆状态-点击元素('id', 'com.ecloud.hobay:id/rb_me')
2020-08-14 22:05:20,769 - INFO - user_log.py - 春衫 - 日志信息:元素('id', 'com.ecloud.hobay:id/tv_setting')不存在
2020-08-14 22:05:21,769 - INFO - user_log.py - 春衫 - 日志信息:点击坐标(440, 775)
2020-08-14 22:05:27,935 - INFO - user_log.py - 春衫 - 日志信息:输入数字是17777777776
2020-08-14 22:05:28,936 - INFO - user_log.py - 春衫 - 日志信息:点击坐标(540, 1030)
2020-08-14 22:05:31,599 - INFO - user_log.py - 春衫 - 日志信息:点击坐标(500, 860)
2020-08-14 22:05:36,474 - INFO - user_log.py - 春衫 - 日志信息:点击坐标(540, 1110)
2020-08-14 22:05:38,005 - INFO - user_log.py - 春衫 - 日志信息:等待元素('id', 'com.ecloud.hobay:id/rb_helpping_me')可见
2020-08-14 22:05:38,422 - INFO - user_log.py - 春衫 - 日志信息:等待时长为：0
2020-08-14 22:05:38,423 - INFO - user_log.py - 春衫 - 日志信息:定位方式:by.id--->定位值:com.ecloud.hobay:id/rb_helpping_me
2020-08-14 22:05:38,678 - INFO - user_log.py - 春衫 - 日志信息:点击底部导航栏-发布商品-点击元素('id', 'com.ecloud.hobay:id/rb_helpping_me')
2020-08-14 22:05:38,753 - INFO - user_log.py - 春衫 - 日志信息:等待元素('id', 'com.ecloud.hobay:id/iv_publish_service')可见
2020-08-14 22:05:39,422 - INFO - user_log.py - 春衫 - 日志信息:等待时长为：0
2020-08-14 22:05:39,424 - INFO - user_log.py - 春衫 - 日志信息:定位方式:by.id--->定位值:com.ecloud.hobay:id/iv_publish_service
2020-08-14 22:05:39,460 - INFO - user_log.py - 春衫 - 日志信息:点击发布商企服务-点击元素('id', 'com.ecloud.hobay:id/iv_publish_service')
2020-08-14 22:05:40,175 - INFO - user_log.py - 春衫 - 日志信息:等待元素('id', 'com.ecloud.hobay:id/iv_add_pic')可见
2020-08-14 22:05:40,364 - INFO - user_log.py - 春衫 - 日志信息:等待时长为：0
2020-08-14 22:05:40,365 - INFO - user_log.py - 春衫 - 日志信息:定位方式:by.id--->定位值:com.ecloud.hobay:id/iv_add_pic
2020-08-14 22:05:40,395 - INFO - user_log.py - 春衫 - 日志信息:点击元素('id', 'com.ecloud.hobay:id/iv_add_pic')
2020-08-14 22:05:41,603 - INFO - user_log.py - 春衫 - 日志信息:元素('xpath', "//*[@text='始终允许']")不存在
2020-08-14 22:05:41,603 - INFO - user_log.py - 春衫 - 日志信息:等待元素('id', 'com.ecloud.hobay:id/cb_check')可见
2020-08-14 22:05:46,794 - INFO - user_log.py - 春衫 - 日志信息:等待时长为：5
2020-08-14 22:05:46,795 - INFO - user_log.py - 春衫 - 日志信息:定位方式:by.id--->定位值:com.ecloud.hobay:id/cb_check
2020-08-14 22:05:46,841 - INFO - user_log.py - 春衫 - 日志信息:点击元素('id', 'com.ecloud.hobay:id/cb_check')
2020-08-14 22:05:46,900 - INFO - user_log.py - 春衫 - 日志信息:等待元素('id', 'com.ecloud.hobay:id/btn_ok')可见
2020-08-14 22:05:47,841 - INFO - user_log.py - 春衫 - 日志信息:等待时长为：0
2020-08-14 22:05:47,841 - INFO - user_log.py - 春衫 - 日志信息:定位方式:by.id--->定位值:com.ecloud.hobay:id/btn_ok
2020-08-14 22:05:47,889 - INFO - user_log.py - 春衫 - 日志信息:点击元素('id', 'com.ecloud.hobay:id/btn_ok')
2020-08-14 22:05:47,971 - INFO - user_log.py - 春衫 - 日志信息:输入的商品标题是:APP商企服务
2020-08-14 22:05:47,972 - INFO - user_log.py - 春衫 - 日志信息:等待元素('id', 'com.ecloud.hobay:id/et_product_title')可见
2020-08-14 22:05:49,458 - INFO - user_log.py - 春衫 - 日志信息:等待时长为：1
2020-08-14 22:05:49,459 - INFO - user_log.py - 春衫 - 日志信息:定位方式:by.id--->定位值:com.ecloud.hobay:id/et_product_title
2020-08-14 22:05:50,103 - INFO - user_log.py - 春衫 - 日志信息:输入商品详情是:发布商企服务搞定啦，继续优化
2020-08-14 22:05:50,104 - INFO - user_log.py - 春衫 - 日志信息:等待元素('id', 'com.ecloud.hobay:id/et_product_desc')可见
2020-08-14 22:05:50,657 - INFO - user_log.py - 春衫 - 日志信息:等待时长为：0
2020-08-14 22:05:50,659 - INFO - user_log.py - 春衫 - 日志信息:定位方式:by.id--->定位值:com.ecloud.hobay:id/et_product_desc
2020-08-14 22:05:51,278 - INFO - user_log.py - 春衫 - 日志信息:等待元素('id', 'com.ecloud.hobay:id/tv_select_type')可见
2020-08-14 22:05:51,849 - INFO - user_log.py - 春衫 - 日志信息:等待时长为：0
2020-08-14 22:05:51,849 - INFO - user_log.py - 春衫 - 日志信息:定位方式:by.id--->定位值:com.ecloud.hobay:id/tv_select_type
2020-08-14 22:05:51,905 - INFO - user_log.py - 春衫 - 日志信息:测试发布商企服务商品-点击【分类】选项-点击元素('id', 'com.ecloud.hobay:id/tv_select_type')
2020-08-14 22:05:51,980 - INFO - user_log.py - 春衫 - 日志信息:等待元素('-android uiautomator', 'new UiSelector().text("设计")')可见
2020-08-14 22:05:53,586 - INFO - user_log.py - 春衫 - 日志信息:等待时长为：1
2020-08-14 22:05:53,587 - INFO - user_log.py - 春衫 - 日志信息:定位方式:by.-android uiautomator--->定位值:new UiSelector().text("设计")
2020-08-14 22:05:53,627 - INFO - user_log.py - 春衫 - 日志信息:测试发布商企服务商品-点击【二级分类】-【设计】选项-点击元素('-android uiautomator', 'new UiSelector().text("设计")')
2020-08-14 22:05:54,408 - INFO - user_log.py - 春衫 - 日志信息:等待元素('-android uiautomator', 'new UiSelector().text("广告设计")')可见
2020-08-14 22:05:54,483 - INFO - user_log.py - 春衫 - 日志信息:等待时长为：0
2020-08-14 22:05:54,483 - INFO - user_log.py - 春衫 - 日志信息:定位方式:by.-android uiautomator--->定位值:new UiSelector().text("广告设计")
2020-08-14 22:05:54,514 - INFO - user_log.py - 春衫 - 日志信息:测试发布商企服务商品-选择【三级分类】-【广告设计】选项-点击元素('-android uiautomator', 'new UiSelector().text("广告设计")')
2020-08-14 22:05:55,247 - INFO - user_log.py - 春衫 - 日志信息:输入商品总价是:100
2020-08-14 22:05:55,248 - INFO - user_log.py - 春衫 - 日志信息:等待元素('id', 'com.ecloud.hobay:id/et_product_all_price')可见
2020-08-14 22:05:56,280 - INFO - user_log.py - 春衫 - 日志信息:等待时长为：1
2020-08-14 22:05:56,280 - INFO - user_log.py - 春衫 - 日志信息:定位方式:by.id--->定位值:com.ecloud.hobay:id/et_product_all_price
2020-08-14 22:05:56,870 - INFO - user_log.py - 春衫 - 日志信息:输入预付款是:10
2020-08-14 22:05:56,871 - INFO - user_log.py - 春衫 - 日志信息:等待元素('id', 'com.ecloud.hobay:id/et_product_price')可见
2020-08-14 22:05:57,543 - INFO - user_log.py - 春衫 - 日志信息:等待时长为：0
2020-08-14 22:05:57,543 - INFO - user_log.py - 春衫 - 日志信息:定位方式:by.id--->定位值:com.ecloud.hobay:id/et_product_price
2020-08-14 22:05:58,125 - INFO - user_log.py - 春衫 - 日志信息:输入商品库存是:10000
2020-08-14 22:05:58,126 - INFO - user_log.py - 春衫 - 日志信息:等待元素('id', 'com.ecloud.hobay:id/et_product_number')可见
2020-08-14 22:05:58,692 - INFO - user_log.py - 春衫 - 日志信息:等待时长为：0
2020-08-14 22:05:58,693 - INFO - user_log.py - 春衫 - 日志信息:定位方式:by.id--->定位值:com.ecloud.hobay:id/et_product_number
2020-08-14 22:05:58,782 - INFO - user_log.py - 春衫 - 日志信息:等待元素('id', 'com.ecloud.hobay:id/btn_immediately_publish')可见
2020-08-14 22:05:59,343 - INFO - user_log.py - 春衫 - 日志信息:等待时长为：0
2020-08-14 22:05:59,344 - INFO - user_log.py - 春衫 - 日志信息:定位方式:by.id--->定位值:com.ecloud.hobay:id/btn_immediately_publish
2020-08-14 22:05:59,385 - INFO - user_log.py - 春衫 - 日志信息:点击【立即上架】按钮-点击元素('id', 'com.ecloud.hobay:id/btn_immediately_publish')
2020-08-14 22:05:59,450 - INFO - user_log.py - 春衫 - 日志信息:等待元素('id', 'com.ecloud.hobay:id/tv_tips')可见
2020-08-14 22:06:00,316 - INFO - user_log.py - 春衫 - 日志信息:等待时长为：0
2020-08-14 22:06:00,317 - INFO - user_log.py - 春衫 - 日志信息:定位方式:by.id--->定位值:com.ecloud.hobay:id/tv_tips
2020-08-14 22:06:00,379 - INFO - user_log.py - 春衫 - 日志信息:获取到的文本内容是：商品审核中
2020-08-14 22:22:06,905 - INFO - user_log.py - 春衫 - 日志信息:元素('xpath', "//*[@text='始终允许']")不存在
2020-08-14 22:22:06,907 - INFO - user_log.py - 春衫 - 日志信息:等待元素('id', 'com.ecloud.hobay:id/rb_me')可见
2020-08-14 22:22:07,470 - INFO - user_log.py - 春衫 - 日志信息:等待时长为：0
2020-08-14 22:22:07,470 - INFO - user_log.py - 春衫 - 日志信息:定位方式:by.id--->定位值:com.ecloud.hobay:id/rb_me
2020-08-14 22:22:07,801 - INFO - user_log.py - 春衫 - 日志信息:发布商品-通用条件-处理登陆账号-获取当前app的登陆状态-点击元素('id', 'com.ecloud.hobay:id/rb_me')
2020-08-14 22:22:08,294 - INFO - user_log.py - 春衫 - 日志信息:元素('id', 'com.ecloud.hobay:id/tv_setting')存在
2020-08-14 22:22:08,295 - INFO - user_log.py - 春衫 - 日志信息:等待元素('id', 'com.ecloud.hobay:id/tv_phone')可见
2020-08-14 22:22:09,316 - INFO - user_log.py - 春衫 - 日志信息:等待时长为：1
2020-08-14 22:22:09,318 - INFO - user_log.py - 春衫 - 日志信息:定位方式:by.id--->定位值:com.ecloud.hobay:id/tv_phone
2020-08-14 22:22:09,462 - INFO - user_log.py - 春衫 - 日志信息:获取到的文本内容是：17777777776
2020-08-14 22:22:09,518 - INFO - user_log.py - 春衫 - 日志信息:等待元素('id', 'com.ecloud.hobay:id/rb_helpping_me')可见
2020-08-14 22:22:09,817 - INFO - user_log.py - 春衫 - 日志信息:等待时长为：0
2020-08-14 22:22:09,817 - INFO - user_log.py - 春衫 - 日志信息:定位方式:by.id--->定位值:com.ecloud.hobay:id/rb_helpping_me
2020-08-14 22:22:10,259 - INFO - user_log.py - 春衫 - 日志信息:点击底部导航栏-发布商品-点击元素('id', 'com.ecloud.hobay:id/rb_helpping_me')
2020-08-14 22:22:10,550 - INFO - user_log.py - 春衫 - 日志信息:等待元素('id', 'com.ecloud.hobay:id/iv_publish_service')可见
2020-08-14 22:22:11,175 - INFO - user_log.py - 春衫 - 日志信息:等待时长为：0
2020-08-14 22:22:11,176 - INFO - user_log.py - 春衫 - 日志信息:定位方式:by.id--->定位值:com.ecloud.hobay:id/iv_publish_service
2020-08-14 22:22:11,232 - INFO - user_log.py - 春衫 - 日志信息:点击发布商企服务-点击元素('id', 'com.ecloud.hobay:id/iv_publish_service')
2020-08-14 22:22:11,323 - INFO - user_log.py - 春衫 - 日志信息:等待元素('id', 'com.ecloud.hobay:id/iv_add_pic')可见
2020-08-14 22:22:12,016 - INFO - user_log.py - 春衫 - 日志信息:等待时长为：0
2020-08-14 22:22:12,016 - INFO - user_log.py - 春衫 - 日志信息:定位方式:by.id--->定位值:com.ecloud.hobay:id/iv_add_pic
2020-08-14 22:22:12,057 - INFO - user_log.py - 春衫 - 日志信息:点击元素('id', 'com.ecloud.hobay:id/iv_add_pic')
2020-08-14 22:22:13,456 - INFO - user_log.py - 春衫 - 日志信息:元素('xpath', "//*[@text='始终允许']")不存在
2020-08-14 22:22:13,456 - INFO - user_log.py - 春衫 - 日志信息:等待元素('id', 'com.ecloud.hobay:id/cb_check')可见
2020-08-14 22:22:13,519 - INFO - user_log.py - 春衫 - 日志信息:等待时长为：0
2020-08-14 22:22:13,519 - INFO - user_log.py - 春衫 - 日志信息:定位方式:by.id--->定位值:com.ecloud.hobay:id/cb_check
2020-08-14 22:22:13,588 - INFO - user_log.py - 春衫 - 日志信息:点击元素('id', 'com.ecloud.hobay:id/cb_check')
2020-08-14 22:22:13,650 - INFO - user_log.py - 春衫 - 日志信息:等待元素('id', 'com.ecloud.hobay:id/btn_ok')可见
2020-08-14 22:22:14,570 - INFO - user_log.py - 春衫 - 日志信息:等待时长为：0
2020-08-14 22:22:14,571 - INFO - user_log.py - 春衫 - 日志信息:定位方式:by.id--->定位值:com.ecloud.hobay:id/btn_ok
2020-08-14 22:22:14,619 - INFO - user_log.py - 春衫 - 日志信息:点击元素('id', 'com.ecloud.hobay:id/btn_ok')
2020-08-14 22:22:14,673 - INFO - user_log.py - 春衫 - 日志信息:输入的商品标题是:APP商企服务
2020-08-14 22:22:14,673 - INFO - user_log.py - 春衫 - 日志信息:等待元素('id', 'com.ecloud.hobay:id/et_product_title')可见
2020-08-14 22:22:45,130 - INFO - user_log.py - 春衫 - 日志信息:等待元素可见失败!
2020-08-14 22:22:45,838 - INFO - user_log.py - 春衫 - 日志信息:截取网页成功，文件路径为为：D:\Pycharm_workspace\APPV1.0\Outputs\Error_Image\2020-08-14\2020-08-14-22-22-45-测试发布商企服务商品-发布商企服务商品-输入商品标题-.png
2020-08-14 22:24:02,363 - INFO - user_log.py - 春衫 - 日志信息:元素('xpath', "//*[@text='始终允许']")不存在
2020-08-14 22:24:02,364 - INFO - user_log.py - 春衫 - 日志信息:等待元素('id', 'com.ecloud.hobay:id/rb_me')可见
2020-08-14 22:24:03,740 - INFO - user_log.py - 春衫 - 日志信息:等待时长为：1
2020-08-14 22:24:03,741 - INFO - user_log.py - 春衫 - 日志信息:定位方式:by.id--->定位值:com.ecloud.hobay:id/rb_me
2020-08-14 22:24:04,444 - INFO - user_log.py - 春衫 - 日志信息:发布商品-通用条件-处理登陆账号-获取当前app的登陆状态-点击元素('id', 'com.ecloud.hobay:id/rb_me')
2020-08-14 22:24:05,814 - INFO - user_log.py - 春衫 - 日志信息:元素('id', 'com.ecloud.hobay:id/tv_setting')存在
2020-08-14 22:24:05,816 - INFO - user_log.py - 春衫 - 日志信息:等待元素('id', 'com.ecloud.hobay:id/tv_phone')可见
2020-08-14 22:24:06,593 - INFO - user_log.py - 春衫 - 日志信息:等待时长为：0
2020-08-14 22:24:06,593 - INFO - user_log.py - 春衫 - 日志信息:定位方式:by.id--->定位值:com.ecloud.hobay:id/tv_phone
2020-08-14 22:24:06,822 - INFO - user_log.py - 春衫 - 日志信息:获取到的文本内容是：17777777776
2020-08-14 22:24:06,847 - INFO - user_log.py - 春衫 - 日志信息:等待元素('id', 'com.ecloud.hobay:id/rb_helpping_me')可见
2020-08-14 22:24:07,775 - INFO - user_log.py - 春衫 - 日志信息:等待时长为：0
2020-08-14 22:24:07,775 - INFO - user_log.py - 春衫 - 日志信息:定位方式:by.id--->定位值:com.ecloud.hobay:id/rb_helpping_me
2020-08-14 22:24:08,044 - INFO - user_log.py - 春衫 - 日志信息:点击底部导航栏-发布商品-点击元素('id', 'com.ecloud.hobay:id/rb_helpping_me')
2020-08-14 22:24:08,248 - INFO - user_log.py - 春衫 - 日志信息:等待元素('id', 'com.ecloud.hobay:id/iv_publish_service')可见
2020-08-14 22:24:08,861 - INFO - user_log.py - 春衫 - 日志信息:等待时长为：0
2020-08-14 22:24:08,861 - INFO - user_log.py - 春衫 - 日志信息:定位方式:by.id--->定位值:com.ecloud.hobay:id/iv_publish_service
2020-08-14 22:24:08,910 - INFO - user_log.py - 春衫 - 日志信息:点击发布商企服务-点击元素('id', 'com.ecloud.hobay:id/iv_publish_service')
2020-08-14 22:24:08,981 - INFO - user_log.py - 春衫 - 日志信息:等待元素('id', 'com.ecloud.hobay:id/iv_add_pic')可见
2020-08-14 22:24:09,933 - INFO - user_log.py - 春衫 - 日志信息:等待时长为：0
2020-08-14 22:24:09,933 - INFO - user_log.py - 春衫 - 日志信息:定位方式:by.id--->定位值:com.ecloud.hobay:id/iv_add_pic
2020-08-14 22:24:09,970 - INFO - user_log.py - 春衫 - 日志信息:点击元素('id', 'com.ecloud.hobay:id/iv_add_pic')
2020-08-14 22:24:11,661 - INFO - user_log.py - 春衫 - 日志信息:元素('xpath', "//*[@text='始终允许']")不存在
2020-08-14 22:24:11,663 - INFO - user_log.py - 春衫 - 日志信息:等待元素('id', 'com.ecloud.hobay:id/cb_check')可见
2020-08-14 22:24:42,277 - INFO - user_log.py - 春衫 - 日志信息:等待元素可见失败!
2020-08-14 22:24:42,880 - INFO - user_log.py - 春衫 - 日志信息:截取网页成功，文件路径为为：D:\Pycharm_workspace\APPV1.0\Outputs\Error_Image\2020-08-14\2020-08-14-22-24-42-.png
2020-08-14 22:24:42,881 - INFO - user_log.py - 春衫 - 日志信息:上传图片失败!
2020-08-14 22:24:43,489 - INFO - user_log.py - 春衫 - 日志信息:截取网页成功，文件路径为为：D:\Pycharm_workspace\APPV1.0\Outputs\Error_Image\2020-08-14\2020-08-14-22-24-42-测试发布商企服务商品-发布商企服务商品-.png
2020-08-14 22:25:00,137 - INFO - user_log.py - 春衫 - 日志信息:元素('xpath', "//*[@text='始终允许']")不存在
2020-08-14 22:25:00,139 - INFO - user_log.py - 春衫 - 日志信息:等待元素('id', 'com.ecloud.hobay:id/rb_me')可见
2020-08-14 22:25:01,167 - INFO - user_log.py - 春衫 - 日志信息:等待时长为：1
2020-08-14 22:25:01,168 - INFO - user_log.py - 春衫 - 日志信息:定位方式:by.id--->定位值:com.ecloud.hobay:id/rb_me
2020-08-14 22:25:01,524 - INFO - user_log.py - 春衫 - 日志信息:发布商品-通用条件-处理登陆账号-获取当前app的登陆状态-点击元素('id', 'com.ecloud.hobay:id/rb_me')
2020-08-14 22:25:03,123 - INFO - user_log.py - 春衫 - 日志信息:元素('id', 'com.ecloud.hobay:id/tv_setting')存在
2020-08-14 22:25:03,124 - INFO - user_log.py - 春衫 - 日志信息:等待元素('id', 'com.ecloud.hobay:id/tv_phone')可见
2020-08-14 22:25:03,246 - INFO - user_log.py - 春衫 - 日志信息:等待时长为：0
2020-08-14 22:25:03,246 - INFO - user_log.py - 春衫 - 日志信息:定位方式:by.id--->定位值:com.ecloud.hobay:id/tv_phone
2020-08-14 22:25:03,376 - INFO - user_log.py - 春衫 - 日志信息:获取到的文本内容是：17777777776
2020-08-14 22:25:03,415 - INFO - user_log.py - 春衫 - 日志信息:等待元素('id', 'com.ecloud.hobay:id/rb_helpping_me')可见
2020-08-14 22:25:03,894 - INFO - user_log.py - 春衫 - 日志信息:等待时长为：0
2020-08-14 22:25:03,895 - INFO - user_log.py - 春衫 - 日志信息:定位方式:by.id--->定位值:com.ecloud.hobay:id/rb_helpping_me
2020-08-14 22:25:04,251 - INFO - user_log.py - 春衫 - 日志信息:点击底部导航栏-发布商品-点击元素('id', 'com.ecloud.hobay:id/rb_helpping_me')
2020-08-14 22:25:04,333 - INFO - user_log.py - 春衫 - 日志信息:等待元素('id', 'com.ecloud.hobay:id/iv_publish_service')可见
2020-08-14 22:25:05,845 - INFO - user_log.py - 春衫 - 日志信息:等待时长为：1
2020-08-14 22:25:05,847 - INFO - user_log.py - 春衫 - 日志信息:定位方式:by.id--->定位值:com.ecloud.hobay:id/iv_publish_service
2020-08-14 22:25:05,901 - INFO - user_log.py - 春衫 - 日志信息:点击发布商企服务-点击元素('id', 'com.ecloud.hobay:id/iv_publish_service')
2020-08-14 22:25:05,968 - INFO - user_log.py - 春衫 - 日志信息:等待元素('id', 'com.ecloud.hobay:id/iv_add_pic')可见
2020-08-14 22:25:06,689 - INFO - user_log.py - 春衫 - 日志信息:等待时长为：0
2020-08-14 22:25:06,691 - INFO - user_log.py - 春衫 - 日志信息:定位方式:by.id--->定位值:com.ecloud.hobay:id/iv_add_pic
2020-08-14 22:25:06,743 - INFO - user_log.py - 春衫 - 日志信息:点击元素('id', 'com.ecloud.hobay:id/iv_add_pic')
2020-08-14 22:25:08,067 - INFO - user_log.py - 春衫 - 日志信息:元素('xpath', "//*[@text='始终允许']")不存在
2020-08-14 22:25:08,068 - INFO - user_log.py - 春衫 - 日志信息:等待元素('id', 'com.ecloud.hobay:id/cb_check')可见
2020-08-14 22:25:08,143 - INFO - user_log.py - 春衫 - 日志信息:等待时长为：0
2020-08-14 22:25:08,143 - INFO - user_log.py - 春衫 - 日志信息:定位方式:by.id--->定位值:com.ecloud.hobay:id/cb_check
2020-08-14 22:25:08,210 - INFO - user_log.py - 春衫 - 日志信息:点击元素('id', 'com.ecloud.hobay:id/cb_check')
2020-08-14 22:25:08,270 - INFO - user_log.py - 春衫 - 日志信息:等待元素('id', 'com.ecloud.hobay:id/btn_ok')可见
2020-08-14 22:25:09,186 - INFO - user_log.py - 春衫 - 日志信息:等待时长为：0
2020-08-14 22:25:09,187 - INFO - user_log.py - 春衫 - 日志信息:定位方式:by.id--->定位值:com.ecloud.hobay:id/btn_ok
2020-08-14 22:25:09,243 - INFO - user_log.py - 春衫 - 日志信息:点击元素('id', 'com.ecloud.hobay:id/btn_ok')
2020-08-14 22:25:09,997 - INFO - user_log.py - 春衫 - 日志信息:输入的商品标题是:APP商企服务
2020-08-14 22:25:09,998 - INFO - user_log.py - 春衫 - 日志信息:等待元素('id', 'com.ecloud.hobay:id/et_product_title')可见
2020-08-14 22:25:10,564 - INFO - user_log.py - 春衫 - 日志信息:等待时长为：0
2020-08-14 22:25:10,565 - INFO - user_log.py - 春衫 - 日志信息:定位方式:by.id--->定位值:com.ecloud.hobay:id/et_product_title
2020-08-14 22:25:10,694 - INFO - user_log.py - 春衫 - 日志信息:输入商品详情是:发布商企服务搞定啦，继续优化
2020-08-14 22:25:10,696 - INFO - user_log.py - 春衫 - 日志信息:等待元素('id', 'com.ecloud.hobay:id/et_product_desc')可见
2020-08-14 22:25:11,258 - INFO - user_log.py - 春衫 - 日志信息:等待时长为：0
2020-08-14 22:25:11,259 - INFO - user_log.py - 春衫 - 日志信息:定位方式:by.id--->定位值:com.ecloud.hobay:id/et_product_desc
2020-08-14 22:25:11,858 - INFO - user_log.py - 春衫 - 日志信息:等待元素('id', 'com.ecloud.hobay:id/tv_select_type')可见
2020-08-14 22:25:12,414 - INFO - user_log.py - 春衫 - 日志信息:等待时长为：0
2020-08-14 22:25:12,414 - INFO - user_log.py - 春衫 - 日志信息:定位方式:by.id--->定位值:com.ecloud.hobay:id/tv_select_type
2020-08-14 22:25:12,457 - INFO - user_log.py - 春衫 - 日志信息:测试发布商企服务商品-点击【分类】选项-点击元素('id', 'com.ecloud.hobay:id/tv_select_type')
2020-08-14 22:25:12,509 - INFO - user_log.py - 春衫 - 日志信息:等待元素('-android uiautomator', 'new UiSelector().text("设计")')可见
2020-08-14 22:25:13,899 - INFO - user_log.py - 春衫 - 日志信息:等待时长为：1
2020-08-14 22:25:13,900 - INFO - user_log.py - 春衫 - 日志信息:定位方式:by.-android uiautomator--->定位值:new UiSelector().text("设计")
2020-08-14 22:25:13,941 - INFO - user_log.py - 春衫 - 日志信息:测试发布商企服务商品-点击【二级分类】-【设计】选项-点击元素('-android uiautomator', 'new UiSelector().text("设计")')
2020-08-14 22:25:14,740 - INFO - user_log.py - 春衫 - 日志信息:等待元素('-android uiautomator', 'new UiSelector().text("广告设计")')可见
2020-08-14 22:25:14,816 - INFO - user_log.py - 春衫 - 日志信息:等待时长为：0
2020-08-14 22:25:14,817 - INFO - user_log.py - 春衫 - 日志信息:定位方式:by.-android uiautomator--->定位值:new UiSelector().text("广告设计")
2020-08-14 22:25:14,851 - INFO - user_log.py - 春衫 - 日志信息:测试发布商企服务商品-选择【三级分类】-【广告设计】选项-点击元素('-android uiautomator', 'new UiSelector().text("广告设计")')
2020-08-14 22:25:15,590 - INFO - user_log.py - 春衫 - 日志信息:输入商品总价是:100
2020-08-14 22:25:15,592 - INFO - user_log.py - 春衫 - 日志信息:等待元素('id', 'com.ecloud.hobay:id/et_product_all_price')可见
2020-08-14 22:25:16,145 - INFO - user_log.py - 春衫 - 日志信息:等待时长为：0
2020-08-14 22:25:16,145 - INFO - user_log.py - 春衫 - 日志信息:定位方式:by.id--->定位值:com.ecloud.hobay:id/et_product_all_price
2020-08-14 22:25:16,721 - INFO - user_log.py - 春衫 - 日志信息:输入预付款是:10
2020-08-14 22:25:16,723 - INFO - user_log.py - 春衫 - 日志信息:等待元素('id', 'com.ecloud.hobay:id/et_product_price')可见
2020-08-14 22:25:17,268 - INFO - user_log.py - 春衫 - 日志信息:等待时长为：0
2020-08-14 22:25:17,269 - INFO - user_log.py - 春衫 - 日志信息:定位方式:by.id--->定位值:com.ecloud.hobay:id/et_product_price
2020-08-14 22:25:18,354 - INFO - user_log.py - 春衫 - 日志信息:输入商品库存是:10000
2020-08-14 22:25:18,356 - INFO - user_log.py - 春衫 - 日志信息:等待元素('id', 'com.ecloud.hobay:id/et_product_number')可见
2020-08-14 22:25:18,904 - INFO - user_log.py - 春衫 - 日志信息:等待时长为：0
2020-08-14 22:25:18,905 - INFO - user_log.py - 春衫 - 日志信息:定位方式:by.id--->定位值:com.ecloud.hobay:id/et_product_number
2020-08-14 22:25:19,484 - INFO - user_log.py - 春衫 - 日志信息:等待元素('id', 'com.ecloud.hobay:id/btn_immediately_publish')可见
2020-08-14 22:25:20,024 - INFO - user_log.py - 春衫 - 日志信息:等待时长为：0
2020-08-14 22:25:20,025 - INFO - user_log.py - 春衫 - 日志信息:定位方式:by.id--->定位值:com.ecloud.hobay:id/btn_immediately_publish
2020-08-14 22:25:20,074 - INFO - user_log.py - 春衫 - 日志信息:点击【立即上架】按钮-点击元素('id', 'com.ecloud.hobay:id/btn_immediately_publish')
2020-08-14 22:25:20,125 - INFO - user_log.py - 春衫 - 日志信息:等待元素('id', 'com.ecloud.hobay:id/tv_tips')可见
2020-08-14 22:25:20,916 - INFO - user_log.py - 春衫 - 日志信息:等待时长为：0
2020-08-14 22:25:20,917 - INFO - user_log.py - 春衫 - 日志信息:定位方式:by.id--->定位值:com.ecloud.hobay:id/tv_tips
2020-08-14 22:25:20,951 - INFO - user_log.py - 春衫 - 日志信息:获取到的文本内容是：商品审核中
2020-08-14 22:28:00,240 - INFO - user_log.py - 春衫 - 日志信息:元素('xpath', "//*[@text='始终允许']")不存在
2020-08-14 22:28:00,241 - INFO - user_log.py - 春衫 - 日志信息:等待元素('id', 'com.ecloud.hobay:id/rb_me')可见
2020-08-14 22:28:01,509 - INFO - user_log.py - 春衫 - 日志信息:等待时长为：1
2020-08-14 22:28:01,509 - INFO - user_log.py - 春衫 - 日志信息:定位方式:by.id--->定位值:com.ecloud.hobay:id/rb_me
2020-08-14 22:28:01,935 - INFO - user_log.py - 春衫 - 日志信息:发布商品-通用条件-处理登陆账号-获取当前app的登陆状态-点击元素('id', 'com.ecloud.hobay:id/rb_me')
2020-08-14 22:28:03,170 - INFO - user_log.py - 春衫 - 日志信息:元素('id', 'com.ecloud.hobay:id/tv_setting')存在
2020-08-14 22:28:03,170 - INFO - user_log.py - 春衫 - 日志信息:等待元素('id', 'com.ecloud.hobay:id/tv_phone')可见
2020-08-14 22:28:03,854 - INFO - user_log.py - 春衫 - 日志信息:等待时长为：0
2020-08-14 22:28:03,855 - INFO - user_log.py - 春衫 - 日志信息:定位方式:by.id--->定位值:com.ecloud.hobay:id/tv_phone
2020-08-14 22:28:03,999 - INFO - user_log.py - 春衫 - 日志信息:获取到的文本内容是：17777777776
2020-08-14 22:28:04,038 - INFO - user_log.py - 春衫 - 日志信息:等待元素('id', 'com.ecloud.hobay:id/rb_helpping_me')可见
2020-08-14 22:28:04,901 - INFO - user_log.py - 春衫 - 日志信息:等待时长为：0
2020-08-14 22:28:04,902 - INFO - user_log.py - 春衫 - 日志信息:定位方式:by.id--->定位值:com.ecloud.hobay:id/rb_helpping_me
2020-08-14 22:28:05,429 - INFO - user_log.py - 春衫 - 日志信息:点击底部导航栏-发布商品-点击元素('id', 'com.ecloud.hobay:id/rb_helpping_me')
2020-08-14 22:28:05,653 - INFO - user_log.py - 春衫 - 日志信息:等待元素('id', 'com.ecloud.hobay:id/iv_publish_service')可见
2020-08-14 22:28:06,351 - INFO - user_log.py - 春衫 - 日志信息:等待时长为：0
2020-08-14 22:28:06,352 - INFO - user_log.py - 春衫 - 日志信息:定位方式:by.id--->定位值:com.ecloud.hobay:id/iv_publish_service
2020-08-14 22:28:06,468 - INFO - user_log.py - 春衫 - 日志信息:没有找到这个元素
2020-08-14 22:28:07,774 - INFO - user_log.py - 春衫 - 日志信息:截取网页成功，文件路径为为：D:\Pycharm_workspace\APPV1.0\Outputs\Error_Image\2020-08-14\2020-08-14-22-28-06-点击发布商企服务-.png
2020-08-14 22:28:40,113 - INFO - user_log.py - 春衫 - 日志信息:元素('xpath', "//*[@text='始终允许']")不存在
2020-08-14 22:28:40,113 - INFO - user_log.py - 春衫 - 日志信息:等待元素('id', 'com.ecloud.hobay:id/rb_me')可见
2020-08-14 22:28:41,320 - INFO - user_log.py - 春衫 - 日志信息:等待时长为：1
2020-08-14 22:28:41,320 - INFO - user_log.py - 春衫 - 日志信息:定位方式:by.id--->定位值:com.ecloud.hobay:id/rb_me
2020-08-14 22:28:41,894 - INFO - user_log.py - 春衫 - 日志信息:发布商品-通用条件-处理登陆账号-获取当前app的登陆状态-点击元素('id', 'com.ecloud.hobay:id/rb_me')
2020-08-14 22:28:44,146 - INFO - user_log.py - 春衫 - 日志信息:元素('id', 'com.ecloud.hobay:id/tv_setting')不存在
2020-08-14 22:28:45,148 - INFO - user_log.py - 春衫 - 日志信息:点击坐标(440, 775)
2020-08-14 22:28:51,764 - INFO - user_log.py - 春衫 - 日志信息:输入数字是17777777776
2020-08-14 22:28:52,765 - INFO - user_log.py - 春衫 - 日志信息:点击坐标(540, 1030)
2020-08-14 22:28:54,938 - INFO - user_log.py - 春衫 - 日志信息:点击坐标(500, 860)
2020-08-14 22:29:00,475 - INFO - user_log.py - 春衫 - 日志信息:点击坐标(540, 1110)
2020-08-14 22:29:01,050 - INFO - user_log.py - 春衫 - 日志信息:等待元素('id', 'com.ecloud.hobay:id/rb_helpping_me')可见
2020-08-14 22:29:31,141 - INFO - user_log.py - 春衫 - 日志信息:等待元素可见失败!
2020-08-14 22:29:31,711 - INFO - user_log.py - 春衫 - 日志信息:截取网页成功，文件路径为为：D:\Pycharm_workspace\APPV1.0\Outputs\Error_Image\2020-08-14\2020-08-14-22-29-31-点击底部导航栏-发布商品-.png
2020-08-14 22:29:48,101 - INFO - user_log.py - 春衫 - 日志信息:元素('xpath', "//*[@text='始终允许']")不存在
2020-08-14 22:29:48,101 - INFO - user_log.py - 春衫 - 日志信息:等待元素('id', 'com.ecloud.hobay:id/rb_me')可见
2020-08-14 22:29:49,280 - INFO - user_log.py - 春衫 - 日志信息:等待时长为：1
2020-08-14 22:29:49,281 - INFO - user_log.py - 春衫 - 日志信息:定位方式:by.id--->定位值:com.ecloud.hobay:id/rb_me
2020-08-14 22:29:49,619 - INFO - user_log.py - 春衫 - 日志信息:发布商品-通用条件-处理登陆账号-获取当前app的登陆状态-点击元素('id', 'com.ecloud.hobay:id/rb_me')
2020-08-14 22:29:50,206 - INFO - user_log.py - 春衫 - 日志信息:元素('id', 'com.ecloud.hobay:id/tv_setting')存在
2020-08-14 22:29:50,206 - INFO - user_log.py - 春衫 - 日志信息:等待元素('id', 'com.ecloud.hobay:id/tv_phone')可见
2020-08-14 22:29:50,851 - INFO - user_log.py - 春衫 - 日志信息:等待时长为：0
2020-08-14 22:29:50,853 - INFO - user_log.py - 春衫 - 日志信息:定位方式:by.id--->定位值:com.ecloud.hobay:id/tv_phone
2020-08-14 22:29:51,107 - INFO - user_log.py - 春衫 - 日志信息:获取到的文本内容是：17777777776
2020-08-14 22:29:51,133 - INFO - user_log.py - 春衫 - 日志信息:等待元素('id', 'com.ecloud.hobay:id/rb_helpping_me')可见
2020-08-14 22:29:51,565 - INFO - user_log.py - 春衫 - 日志信息:等待时长为：0
2020-08-14 22:29:51,566 - INFO - user_log.py - 春衫 - 日志信息:定位方式:by.id--->定位值:com.ecloud.hobay:id/rb_helpping_me
2020-08-14 22:29:51,932 - INFO - user_log.py - 春衫 - 日志信息:点击底部导航栏-发布商品-点击元素('id', 'com.ecloud.hobay:id/rb_helpping_me')
2020-08-14 22:29:52,000 - INFO - user_log.py - 春衫 - 日志信息:等待元素('id', 'com.ecloud.hobay:id/iv_publish_service')可见
2020-08-14 22:29:52,613 - INFO - user_log.py - 春衫 - 日志信息:等待时长为：0
2020-08-14 22:29:52,614 - INFO - user_log.py - 春衫 - 日志信息:定位方式:by.id--->定位值:com.ecloud.hobay:id/iv_publish_service
2020-08-14 22:29:52,682 - INFO - user_log.py - 春衫 - 日志信息:点击发布商企服务-点击元素('id', 'com.ecloud.hobay:id/iv_publish_service')
2020-08-14 22:29:52,765 - INFO - user_log.py - 春衫 - 日志信息:等待元素('id', 'com.ecloud.hobay:id/iv_add_pic')可见
2020-08-14 22:29:53,474 - INFO - user_log.py - 春衫 - 日志信息:等待时长为：0
2020-08-14 22:29:53,474 - INFO - user_log.py - 春衫 - 日志信息:定位方式:by.id--->定位值:com.ecloud.hobay:id/iv_add_pic
2020-08-14 22:29:53,518 - INFO - user_log.py - 春衫 - 日志信息:点击元素('id', 'com.ecloud.hobay:id/iv_add_pic')
2020-08-14 22:29:54,874 - INFO - user_log.py - 春衫 - 日志信息:元素('xpath', "//*[@text='始终允许']")不存在
2020-08-14 22:29:54,875 - INFO - user_log.py - 春衫 - 日志信息:等待元素('id', 'com.ecloud.hobay:id/cb_check')可见
2020-08-14 22:29:54,954 - INFO - user_log.py - 春衫 - 日志信息:等待时长为：0
2020-08-14 22:29:54,954 - INFO - user_log.py - 春衫 - 日志信息:定位方式:by.id--->定位值:com.ecloud.hobay:id/cb_check
2020-08-14 22:29:54,988 - INFO - user_log.py - 春衫 - 日志信息:点击元素('id', 'com.ecloud.hobay:id/cb_check')
2020-08-14 22:29:55,049 - INFO - user_log.py - 春衫 - 日志信息:等待元素('id', 'com.ecloud.hobay:id/btn_ok')可见
2020-08-14 22:29:55,971 - INFO - user_log.py - 春衫 - 日志信息:等待时长为：0
2020-08-14 22:29:55,971 - INFO - user_log.py - 春衫 - 日志信息:定位方式:by.id--->定位值:com.ecloud.hobay:id/btn_ok
2020-08-14 22:29:56,019 - INFO - user_log.py - 春衫 - 日志信息:点击元素('id', 'com.ecloud.hobay:id/btn_ok')
2020-08-14 22:29:56,071 - INFO - user_log.py - 春衫 - 日志信息:输入的商品标题是:APP商企服务
2020-08-14 22:29:56,072 - INFO - user_log.py - 春衫 - 日志信息:等待元素('id', 'com.ecloud.hobay:id/et_product_title')可见
2020-08-14 22:29:57,268 - INFO - user_log.py - 春衫 - 日志信息:等待时长为：1
2020-08-14 22:29:57,269 - INFO - user_log.py - 春衫 - 日志信息:定位方式:by.id--->定位值:com.ecloud.hobay:id/et_product_title
2020-08-14 22:29:57,880 - INFO - user_log.py - 春衫 - 日志信息:输入商品详情是:发布商企服务搞定啦，继续优化
2020-08-14 22:29:57,880 - INFO - user_log.py - 春衫 - 日志信息:等待元素('id', 'com.ecloud.hobay:id/et_product_desc')可见
2020-08-14 22:29:58,771 - INFO - user_log.py - 春衫 - 日志信息:等待时长为：0
2020-08-14 22:29:58,772 - INFO - user_log.py - 春衫 - 日志信息:定位方式:by.id--->定位值:com.ecloud.hobay:id/et_product_desc
2020-08-14 22:29:59,366 - INFO - user_log.py - 春衫 - 日志信息:等待元素('id', 'com.ecloud.hobay:id/tv_select_type')可见
2020-08-14 22:29:59,919 - INFO - user_log.py - 春衫 - 日志信息:等待时长为：0
2020-08-14 22:29:59,920 - INFO - user_log.py - 春衫 - 日志信息:定位方式:by.id--->定位值:com.ecloud.hobay:id/tv_select_type
2020-08-14 22:29:59,954 - INFO - user_log.py - 春衫 - 日志信息:测试发布商企服务商品-点击【分类】选项-点击元素('id', 'com.ecloud.hobay:id/tv_select_type')
2020-08-14 22:30:00,013 - INFO - user_log.py - 春衫 - 日志信息:等待元素('-android uiautomator', 'new UiSelector().text("设计")')可见
2020-08-14 22:30:01,287 - INFO - user_log.py - 春衫 - 日志信息:等待时长为：1
2020-08-14 22:30:01,288 - INFO - user_log.py - 春衫 - 日志信息:定位方式:by.-android uiautomator--->定位值:new UiSelector().text("设计")
2020-08-14 22:30:01,330 - INFO - user_log.py - 春衫 - 日志信息:测试发布商企服务商品-点击【二级分类】-【设计】选项-点击元素('-android uiautomator', 'new UiSelector().text("设计")')
2020-08-14 22:30:02,128 - INFO - user_log.py - 春衫 - 日志信息:等待元素('-android uiautomator', 'new UiSelector().text("广告设计")')可见
2020-08-14 22:30:02,213 - INFO - user_log.py - 春衫 - 日志信息:等待时长为：0
2020-08-14 22:30:02,214 - INFO - user_log.py - 春衫 - 日志信息:定位方式:by.-android uiautomator--->定位值:new UiSelector().text("广告设计")
2020-08-14 22:30:02,750 - INFO - user_log.py - 春衫 - 日志信息:测试发布商企服务商品-选择【三级分类】-【广告设计】选项-点击元素('-android uiautomator', 'new UiSelector().text("广告设计")')
2020-08-14 22:30:04,881 - INFO - user_log.py - 春衫 - 日志信息:输入商品总价是:100
2020-08-14 22:30:04,881 - INFO - user_log.py - 春衫 - 日志信息:等待元素('id', 'com.ecloud.hobay:id/et_product_all_price')可见
2020-08-14 22:30:04,951 - INFO - user_log.py - 春衫 - 日志信息:等待时长为：0
2020-08-14 22:30:04,951 - INFO - user_log.py - 春衫 - 日志信息:定位方式:by.id--->定位值:com.ecloud.hobay:id/et_product_all_price
2020-08-14 22:30:05,549 - INFO - user_log.py - 春衫 - 日志信息:输入预付款是:10
2020-08-14 22:30:05,549 - INFO - user_log.py - 春衫 - 日志信息:等待元素('id', 'com.ecloud.hobay:id/et_product_price')可见
2020-08-14 22:30:06,098 - INFO - user_log.py - 春衫 - 日志信息:等待时长为：0
2020-08-14 22:30:06,099 - INFO - user_log.py - 春衫 - 日志信息:定位方式:by.id--->定位值:com.ecloud.hobay:id/et_product_price
2020-08-14 22:30:06,195 - INFO - user_log.py - 春衫 - 日志信息:输入商品库存是:10000
2020-08-14 22:30:06,195 - INFO - user_log.py - 春衫 - 日志信息:等待元素('id', 'com.ecloud.hobay:id/et_product_number')可见
2020-08-14 22:30:06,797 - INFO - user_log.py - 春衫 - 日志信息:等待时长为：0
2020-08-14 22:30:06,798 - INFO - user_log.py - 春衫 - 日志信息:定位方式:by.id--->定位值:com.ecloud.hobay:id/et_product_number
2020-08-14 22:30:07,482 - INFO - user_log.py - 春衫 - 日志信息:等待元素('id', 'com.ecloud.hobay:id/btn_immediately_publish')可见
2020-08-14 22:30:08,042 - INFO - user_log.py - 春衫 - 日志信息:等待时长为：0
2020-08-14 22:30:08,043 - INFO - user_log.py - 春衫 - 日志信息:定位方式:by.id--->定位值:com.ecloud.hobay:id/btn_immediately_publish
2020-08-14 22:30:08,083 - INFO - user_log.py - 春衫 - 日志信息:点击【立即上架】按钮-点击元素('id', 'com.ecloud.hobay:id/btn_immediately_publish')
2020-08-14 22:30:08,148 - INFO - user_log.py - 春衫 - 日志信息:等待元素('id', 'com.ecloud.hobay:id/tv_tips')可见
2020-08-14 22:30:08,949 - INFO - user_log.py - 春衫 - 日志信息:等待时长为：0
2020-08-14 22:30:08,949 - INFO - user_log.py - 春衫 - 日志信息:定位方式:by.id--->定位值:com.ecloud.hobay:id/tv_tips
2020-08-14 22:30:09,003 - INFO - user_log.py - 春衫 - 日志信息:获取到的文本内容是：商品审核中
2020-08-14 22:31:37,073 - INFO - user_log.py - 春衫 - 日志信息:元素('xpath', "//*[@text='始终允许']")不存在
2020-08-14 22:31:37,075 - INFO - user_log.py - 春衫 - 日志信息:等待元素('id', 'com.ecloud.hobay:id/rb_me')可见
2020-08-14 22:31:37,775 - INFO - user_log.py - 春衫 - 日志信息:等待时长为：0
2020-08-14 22:31:37,775 - INFO - user_log.py - 春衫 - 日志信息:定位方式:by.id--->定位值:com.ecloud.hobay:id/rb_me
2020-08-14 22:31:38,261 - INFO - user_log.py - 春衫 - 日志信息:发布商品-通用条件-处理登陆账号-获取当前app的登陆状态-点击元素('id', 'com.ecloud.hobay:id/rb_me')
2020-08-14 22:32:17,813 - INFO - user_log.py - 春衫 - 日志信息:元素('xpath', "//*[@text='始终允许']")不存在
2020-08-14 22:32:17,815 - INFO - user_log.py - 春衫 - 日志信息:等待元素('id', 'com.ecloud.hobay:id/rb_me')可见
2020-08-14 22:32:19,559 - INFO - user_log.py - 春衫 - 日志信息:等待时长为：1
2020-08-14 22:32:19,560 - INFO - user_log.py - 春衫 - 日志信息:定位方式:by.id--->定位值:com.ecloud.hobay:id/rb_me
2020-08-14 22:32:19,914 - INFO - user_log.py - 春衫 - 日志信息:发布商品-通用条件-处理登陆账号-获取当前app的登陆状态-点击元素('id', 'com.ecloud.hobay:id/rb_me')
2020-08-14 22:32:24,213 - INFO - user_log.py - 春衫 - 日志信息:元素('id', 'com.ecloud.hobay:id/tv_setting')不存在
2020-08-14 22:32:25,215 - INFO - user_log.py - 春衫 - 日志信息:点击坐标(440, 775)
2020-08-14 22:32:32,084 - INFO - user_log.py - 春衫 - 日志信息:输入数字是17777777776
2020-08-14 22:32:33,085 - INFO - user_log.py - 春衫 - 日志信息:点击坐标(540, 1030)
2020-08-14 22:32:35,642 - INFO - user_log.py - 春衫 - 日志信息:点击坐标(500, 860)
2020-08-14 22:32:40,830 - INFO - user_log.py - 春衫 - 日志信息:点击坐标(540, 1110)
2020-08-14 22:32:40,843 - INFO - user_log.py - 春衫 - 日志信息:点击坐标失败!
2020-08-14 22:34:31,271 - INFO - user_log.py - 春衫 - 日志信息:元素('xpath', "//*[@text='始终允许']")不存在
2020-08-14 22:34:31,272 - INFO - user_log.py - 春衫 - 日志信息:等待元素('id', 'com.ecloud.hobay:id/rb_me')可见
2020-08-14 22:35:01,427 - INFO - user_log.py - 春衫 - 日志信息:等待元素可见失败!
2020-08-14 22:35:02,059 - INFO - user_log.py - 春衫 - 日志信息:截取网页成功，文件路径为为：D:\Pycharm_workspace\APPV1.0\Outputs\Error_Image\2020-08-14\2020-08-14-22-35-01-发布商品-通用条件-处理登陆账号-获取当前app的登陆状态-.png
2020-08-14 22:37:43,700 - INFO - user_log.py - 春衫 - 日志信息:元素('xpath', "//*[@text='始终允许']")不存在
2020-08-14 22:37:43,700 - INFO - user_log.py - 春衫 - 日志信息:等待元素('id', 'com.ecloud.hobay:id/rb_me')可见
2020-08-14 22:37:43,813 - INFO - user_log.py - 春衫 - 日志信息:等待时长为：0
2020-08-14 22:37:43,814 - INFO - user_log.py - 春衫 - 日志信息:定位方式:by.id--->定位值:com.ecloud.hobay:id/rb_me
2020-08-14 22:37:43,953 - INFO - user_log.py - 春衫 - 日志信息:发布商品-通用条件-处理登陆账号-获取当前app的登陆状态-点击元素('id', 'com.ecloud.hobay:id/rb_me')
2020-08-14 22:37:44,608 - INFO - user_log.py - 春衫 - 日志信息:元素('id', 'com.ecloud.hobay:id/tv_setting')不存在
2020-08-14 22:37:45,609 - INFO - user_log.py - 春衫 - 日志信息:点击坐标(440, 775)
2020-08-14 22:37:51,888 - INFO - user_log.py - 春衫 - 日志信息:输入数字是17777777776
2020-08-14 22:37:52,888 - INFO - user_log.py - 春衫 - 日志信息:点击坐标(540, 1030)
2020-08-14 22:37:55,567 - INFO - user_log.py - 春衫 - 日志信息:点击坐标(500, 860)
2020-08-14 22:38:00,526 - INFO - user_log.py - 春衫 - 日志信息:点击坐标(540, 1110)
2020-08-14 22:38:02,015 - INFO - user_log.py - 春衫 - 日志信息:等待元素('id', 'com.ecloud.hobay:id/rb_helpping_me')可见
2020-08-14 22:38:02,315 - INFO - user_log.py - 春衫 - 日志信息:等待时长为：0
2020-08-14 22:38:02,316 - INFO - user_log.py - 春衫 - 日志信息:定位方式:by.id--->定位值:com.ecloud.hobay:id/rb_helpping_me
2020-08-14 22:38:02,609 - INFO - user_log.py - 春衫 - 日志信息:点击底部导航栏-发布商品-点击元素('id', 'com.ecloud.hobay:id/rb_helpping_me')
2020-08-14 22:38:03,265 - INFO - user_log.py - 春衫 - 日志信息:等待元素('id', 'com.ecloud.hobay:id/iv_publish_service')可见
2020-08-14 22:38:33,370 - INFO - user_log.py - 春衫 - 日志信息:等待元素可见失败!
2020-08-14 22:38:34,699 - INFO - user_log.py - 春衫 - 日志信息:截取网页成功，文件路径为为：D:\Pycharm_workspace\APPV1.0\Outputs\Error_Image\2020-08-14\2020-08-14-22-38-33-点击发布商企服务-.png
2020-08-14 22:41:10,563 - INFO - user_log.py - 春衫 - 日志信息:元素('xpath', "//*[@text='始终允许']")不存在
2020-08-14 22:41:10,564 - INFO - user_log.py - 春衫 - 日志信息:等待元素('id', 'com.ecloud.hobay:id/rb_me')可见
2020-08-14 22:41:11,013 - INFO - user_log.py - 春衫 - 日志信息:等待时长为：0
2020-08-14 22:41:11,014 - INFO - user_log.py - 春衫 - 日志信息:定位方式:by.id--->定位值:com.ecloud.hobay:id/rb_me
2020-08-14 22:41:11,520 - INFO - user_log.py - 春衫 - 日志信息:发布商品-通用条件-处理登陆账号-获取当前app的登陆状态-点击元素('id', 'com.ecloud.hobay:id/rb_me')
2020-08-14 22:41:13,509 - INFO - user_log.py - 春衫 - 日志信息:元素('id', 'com.ecloud.hobay:id/tv_setting')存在
2020-08-14 22:41:13,510 - INFO - user_log.py - 春衫 - 日志信息:等待元素('id', 'com.ecloud.hobay:id/tv_phone')可见
2020-08-14 22:41:13,717 - INFO - user_log.py - 春衫 - 日志信息:等待时长为：0
2020-08-14 22:41:13,718 - INFO - user_log.py - 春衫 - 日志信息:定位方式:by.id--->定位值:com.ecloud.hobay:id/tv_phone
2020-08-14 22:41:13,960 - INFO - user_log.py - 春衫 - 日志信息:获取到的文本内容是：17777777776
2020-08-14 22:41:14,000 - INFO - user_log.py - 春衫 - 日志信息:等待元素('id', 'com.ecloud.hobay:id/rb_helpping_me')可见
2020-08-14 22:41:14,776 - INFO - user_log.py - 春衫 - 日志信息:等待时长为：0
2020-08-14 22:41:14,776 - INFO - user_log.py - 春衫 - 日志信息:定位方式:by.id--->定位值:com.ecloud.hobay:id/rb_helpping_me
2020-08-14 22:41:15,245 - INFO - user_log.py - 春衫 - 日志信息:点击底部导航栏-发布商品-点击元素('id', 'com.ecloud.hobay:id/rb_helpping_me')
2020-08-14 22:41:15,338 - INFO - user_log.py - 春衫 - 日志信息:等待元素('id', 'com.ecloud.hobay:id/iv_publish_service')可见
2020-08-14 22:41:15,972 - INFO - user_log.py - 春衫 - 日志信息:等待时长为：0
2020-08-14 22:41:15,973 - INFO - user_log.py - 春衫 - 日志信息:定位方式:by.id--->定位值:com.ecloud.hobay:id/iv_publish_service
2020-08-14 22:41:16,028 - INFO - user_log.py - 春衫 - 日志信息:点击发布商企服务-点击元素('id', 'com.ecloud.hobay:id/iv_publish_service')
2020-08-14 22:41:16,093 - INFO - user_log.py - 春衫 - 日志信息:等待元素('id', 'com.ecloud.hobay:id/iv_add_pic')可见
2020-08-14 22:41:17,246 - INFO - user_log.py - 春衫 - 日志信息:等待时长为：1
2020-08-14 22:41:17,247 - INFO - user_log.py - 春衫 - 日志信息:定位方式:by.id--->定位值:com.ecloud.hobay:id/iv_add_pic
2020-08-14 22:41:17,283 - INFO - user_log.py - 春衫 - 日志信息:点击元素('id', 'com.ecloud.hobay:id/iv_add_pic')
2020-08-14 22:41:18,530 - INFO - user_log.py - 春衫 - 日志信息:元素('xpath', "//*[@text='始终允许']")不存在
2020-08-14 22:41:18,532 - INFO - user_log.py - 春衫 - 日志信息:等待元素('id', 'com.ecloud.hobay:id/cb_check')可见
2020-08-14 22:41:18,601 - INFO - user_log.py - 春衫 - 日志信息:等待时长为：0
2020-08-14 22:41:18,602 - INFO - user_log.py - 春衫 - 日志信息:定位方式:by.id--->定位值:com.ecloud.hobay:id/cb_check
2020-08-14 22:41:18,660 - INFO - user_log.py - 春衫 - 日志信息:点击元素('id', 'com.ecloud.hobay:id/cb_check')
2020-08-14 22:41:18,745 - INFO - user_log.py - 春衫 - 日志信息:等待元素('id', 'com.ecloud.hobay:id/btn_ok')可见
2020-08-14 22:41:19,659 - INFO - user_log.py - 春衫 - 日志信息:等待时长为：0
2020-08-14 22:41:19,660 - INFO - user_log.py - 春衫 - 日志信息:定位方式:by.id--->定位值:com.ecloud.hobay:id/btn_ok
2020-08-14 22:41:19,726 - INFO - user_log.py - 春衫 - 日志信息:点击元素('id', 'com.ecloud.hobay:id/btn_ok')
2020-08-14 22:41:19,780 - INFO - user_log.py - 春衫 - 日志信息:输入的商品标题是:APP商企服务
2020-08-14 22:41:19,780 - INFO - user_log.py - 春衫 - 日志信息:等待元素('id', 'com.ecloud.hobay:id/et_product_title')可见
2020-08-14 22:41:21,229 - INFO - user_log.py - 春衫 - 日志信息:等待时长为：1
2020-08-14 22:41:21,230 - INFO - user_log.py - 春衫 - 日志信息:定位方式:by.id--->定位值:com.ecloud.hobay:id/et_product_title
2020-08-14 22:41:21,873 - INFO - user_log.py - 春衫 - 日志信息:输入商品详情是:发布商企服务搞定啦，继续优化
2020-08-14 22:41:21,874 - INFO - user_log.py - 春衫 - 日志信息:等待元素('id', 'com.ecloud.hobay:id/et_product_desc')可见
2020-08-14 22:41:22,396 - INFO - user_log.py - 春衫 - 日志信息:等待时长为：0
2020-08-14 22:41:22,397 - INFO - user_log.py - 春衫 - 日志信息:定位方式:by.id--->定位值:com.ecloud.hobay:id/et_product_desc
2020-08-14 22:41:23,010 - INFO - user_log.py - 春衫 - 日志信息:等待元素('id', 'com.ecloud.hobay:id/tv_select_type')可见
2020-08-14 22:41:23,566 - INFO - user_log.py - 春衫 - 日志信息:等待时长为：0
2020-08-14 22:41:23,567 - INFO - user_log.py - 春衫 - 日志信息:定位方式:by.id--->定位值:com.ecloud.hobay:id/tv_select_type
2020-08-14 22:41:23,609 - INFO - user_log.py - 春衫 - 日志信息:测试发布商企服务商品-点击【分类】选项-点击元素('id', 'com.ecloud.hobay:id/tv_select_type')
2020-08-14 22:41:23,670 - INFO - user_log.py - 春衫 - 日志信息:等待元素('-android uiautomator', 'new UiSelector().text("设计")')可见
2020-08-14 22:41:25,317 - INFO - user_log.py - 春衫 - 日志信息:等待时长为：1
2020-08-14 22:41:25,317 - INFO - user_log.py - 春衫 - 日志信息:定位方式:by.-android uiautomator--->定位值:new UiSelector().text("设计")
2020-08-14 22:41:25,374 - INFO - user_log.py - 春衫 - 日志信息:测试发布商企服务商品-点击【二级分类】-【设计】选项-点击元素('-android uiautomator', 'new UiSelector().text("设计")')
2020-08-14 22:41:26,161 - INFO - user_log.py - 春衫 - 日志信息:等待元素('-android uiautomator', 'new UiSelector().text("广告设计")')可见
2020-08-14 22:41:26,258 - INFO - user_log.py - 春衫 - 日志信息:等待时长为：0
2020-08-14 22:41:26,258 - INFO - user_log.py - 春衫 - 日志信息:定位方式:by.-android uiautomator--->定位值:new UiSelector().text("广告设计")
2020-08-14 22:41:26,291 - INFO - user_log.py - 春衫 - 日志信息:测试发布商企服务商品-选择【三级分类】-【广告设计】选项-点击元素('-android uiautomator', 'new UiSelector().text("广告设计")')
2020-08-14 22:41:29,243 - INFO - user_log.py - 春衫 - 日志信息:输入商品总价是:100
2020-08-14 22:41:29,243 - INFO - user_log.py - 春衫 - 日志信息:等待元素('id', 'com.ecloud.hobay:id/et_product_all_price')可见
2020-08-14 22:41:29,313 - INFO - user_log.py - 春衫 - 日志信息:等待时长为：0
2020-08-14 22:41:29,314 - INFO - user_log.py - 春衫 - 日志信息:定位方式:by.id--->定位值:com.ecloud.hobay:id/et_product_all_price
2020-08-14 22:41:29,397 - INFO - user_log.py - 春衫 - 日志信息:输入预付款是:10
2020-08-14 22:41:29,397 - INFO - user_log.py - 春衫 - 日志信息:等待元素('id', 'com.ecloud.hobay:id/et_product_price')可见
2020-08-14 22:41:29,936 - INFO - user_log.py - 春衫 - 日志信息:等待时长为：0
2020-08-14 22:41:29,936 - INFO - user_log.py - 春衫 - 日志信息:定位方式:by.id--->定位值:com.ecloud.hobay:id/et_product_price
2020-08-14 22:41:30,547 - INFO - user_log.py - 春衫 - 日志信息:输入商品库存是:10000
2020-08-14 22:41:30,549 - INFO - user_log.py - 春衫 - 日志信息:等待元素('id', 'com.ecloud.hobay:id/et_product_number')可见
2020-08-14 22:41:31,093 - INFO - user_log.py - 春衫 - 日志信息:等待时长为：0
2020-08-14 22:41:31,094 - INFO - user_log.py - 春衫 - 日志信息:定位方式:by.id--->定位值:com.ecloud.hobay:id/et_product_number
2020-08-14 22:41:31,839 - INFO - user_log.py - 春衫 - 日志信息:等待元素('id', 'com.ecloud.hobay:id/btn_immediately_publish')可见
2020-08-14 22:41:32,385 - INFO - user_log.py - 春衫 - 日志信息:等待时长为：0
2020-08-14 22:41:32,386 - INFO - user_log.py - 春衫 - 日志信息:定位方式:by.id--->定位值:com.ecloud.hobay:id/btn_immediately_publish
2020-08-14 22:41:32,421 - INFO - user_log.py - 春衫 - 日志信息:点击【立即上架】按钮-点击元素('id', 'com.ecloud.hobay:id/btn_immediately_publish')
2020-08-14 22:41:32,477 - INFO - user_log.py - 春衫 - 日志信息:等待元素('id', 'com.ecloud.hobay:id/tv_tips')可见
2020-08-14 22:41:33,300 - INFO - user_log.py - 春衫 - 日志信息:等待时长为：0
2020-08-14 22:41:33,300 - INFO - user_log.py - 春衫 - 日志信息:定位方式:by.id--->定位值:com.ecloud.hobay:id/tv_tips
2020-08-14 22:41:33,353 - INFO - user_log.py - 春衫 - 日志信息:获取到的文本内容是：商品审核中
2020-08-14 22:45:36,690 - INFO - user_log.py - 春衫 - 日志信息:元素('xpath', "//*[@text='始终允许']")不存在
2020-08-14 22:45:36,692 - INFO - user_log.py - 春衫 - 日志信息:等待元素('id', 'com.ecloud.hobay:id/rb_me')可见
2020-08-14 22:45:38,261 - INFO - user_log.py - 春衫 - 日志信息:等待时长为：1
2020-08-14 22:45:38,262 - INFO - user_log.py - 春衫 - 日志信息:定位方式:by.id--->定位值:com.ecloud.hobay:id/rb_me
2020-08-14 22:45:38,533 - INFO - user_log.py - 春衫 - 日志信息:发布商品-通用条件-处理登陆账号-获取当前app的登陆状态-点击元素('id', 'com.ecloud.hobay:id/rb_me')
2020-08-14 22:45:40,009 - INFO - user_log.py - 春衫 - 日志信息:元素('id', 'com.ecloud.hobay:id/tv_setting')存在
2020-08-14 22:45:40,010 - INFO - user_log.py - 春衫 - 日志信息:等待元素('id', 'com.ecloud.hobay:id/tv_phone')可见
2020-08-14 22:45:40,137 - INFO - user_log.py - 春衫 - 日志信息:等待时长为：0
2020-08-14 22:45:40,137 - INFO - user_log.py - 春衫 - 日志信息:定位方式:by.id--->定位值:com.ecloud.hobay:id/tv_phone
2020-08-14 22:45:40,244 - INFO - user_log.py - 春衫 - 日志信息:获取到的文本内容是：17777777776
2020-08-14 22:45:40,340 - INFO - user_log.py - 春衫 - 日志信息:等待元素('id', 'com.ecloud.hobay:id/rb_helpping_me')可见
2020-08-14 22:45:40,746 - INFO - user_log.py - 春衫 - 日志信息:等待时长为：0
2020-08-14 22:45:40,747 - INFO - user_log.py - 春衫 - 日志信息:定位方式:by.id--->定位值:com.ecloud.hobay:id/rb_helpping_me
2020-08-14 22:45:41,126 - INFO - user_log.py - 春衫 - 日志信息:点击底部导航栏-发布商品-点击元素('id', 'com.ecloud.hobay:id/rb_helpping_me')
2020-08-14 22:45:41,206 - INFO - user_log.py - 春衫 - 日志信息:等待元素('id', 'com.ecloud.hobay:id/iv_publish_service')可见
2020-08-14 22:45:42,252 - INFO - user_log.py - 春衫 - 日志信息:等待时长为：1
2020-08-14 22:45:42,252 - INFO - user_log.py - 春衫 - 日志信息:定位方式:by.id--->定位值:com.ecloud.hobay:id/iv_publish_service
2020-08-14 22:45:42,340 - INFO - user_log.py - 春衫 - 日志信息:点击发布商企服务-点击元素('id', 'com.ecloud.hobay:id/iv_publish_service')
2020-08-14 22:45:42,427 - INFO - user_log.py - 春衫 - 日志信息:等待元素('id', 'com.ecloud.hobay:id/iv_add_pic')可见
2020-08-14 22:45:43,093 - INFO - user_log.py - 春衫 - 日志信息:等待时长为：0
2020-08-14 22:45:43,094 - INFO - user_log.py - 春衫 - 日志信息:定位方式:by.id--->定位值:com.ecloud.hobay:id/iv_add_pic
2020-08-14 22:45:43,132 - INFO - user_log.py - 春衫 - 日志信息:点击元素('id', 'com.ecloud.hobay:id/iv_add_pic')
2020-08-14 22:45:44,458 - INFO - user_log.py - 春衫 - 日志信息:元素('xpath', "//*[@text='始终允许']")不存在
2020-08-14 22:45:44,459 - INFO - user_log.py - 春衫 - 日志信息:等待元素('id', 'com.ecloud.hobay:id/cb_check')可见
2020-08-14 22:45:44,506 - INFO - user_log.py - 春衫 - 日志信息:等待时长为：0
2020-08-14 22:45:44,507 - INFO - user_log.py - 春衫 - 日志信息:定位方式:by.id--->定位值:com.ecloud.hobay:id/cb_check
2020-08-14 22:45:44,551 - INFO - user_log.py - 春衫 - 日志信息:点击元素('id', 'com.ecloud.hobay:id/cb_check')
2020-08-14 22:45:44,610 - INFO - user_log.py - 春衫 - 日志信息:等待元素('id', 'com.ecloud.hobay:id/btn_ok')可见
2020-08-14 22:45:45,533 - INFO - user_log.py - 春衫 - 日志信息:等待时长为：0
2020-08-14 22:45:45,534 - INFO - user_log.py - 春衫 - 日志信息:定位方式:by.id--->定位值:com.ecloud.hobay:id/btn_ok
2020-08-14 22:45:45,581 - INFO - user_log.py - 春衫 - 日志信息:点击元素('id', 'com.ecloud.hobay:id/btn_ok')
2020-08-14 22:45:45,648 - INFO - user_log.py - 春衫 - 日志信息:输入的商品标题是:APP商企服务
2020-08-14 22:45:45,649 - INFO - user_log.py - 春衫 - 日志信息:等待元素('id', 'com.ecloud.hobay:id/et_product_title')可见
2020-08-14 22:45:46,852 - INFO - user_log.py - 春衫 - 日志信息:等待时长为：1
2020-08-14 22:45:46,855 - INFO - user_log.py - 春衫 - 日志信息:定位方式:by.id--->定位值:com.ecloud.hobay:id/et_product_title
2020-08-14 22:45:47,482 - INFO - user_log.py - 春衫 - 日志信息:输入商品详情是:发布商企服务搞定啦，继续优化
2020-08-14 22:45:47,483 - INFO - user_log.py - 春衫 - 日志信息:等待元素('id', 'com.ecloud.hobay:id/et_product_desc')可见
2020-08-14 22:45:48,059 - INFO - user_log.py - 春衫 - 日志信息:等待时长为：0
2020-08-14 22:45:48,060 - INFO - user_log.py - 春衫 - 日志信息:定位方式:by.id--->定位值:com.ecloud.hobay:id/et_product_desc
2020-08-14 22:45:48,147 - INFO - user_log.py - 春衫 - 日志信息:等待元素('id', 'com.ecloud.hobay:id/tv_select_type')可见
2020-08-14 22:45:48,711 - INFO - user_log.py - 春衫 - 日志信息:等待时长为：0
2020-08-14 22:45:48,712 - INFO - user_log.py - 春衫 - 日志信息:定位方式:by.id--->定位值:com.ecloud.hobay:id/tv_select_type
2020-08-14 22:45:48,752 - INFO - user_log.py - 春衫 - 日志信息:测试发布商企服务商品-点击【分类】选项-点击元素('id', 'com.ecloud.hobay:id/tv_select_type')
2020-08-14 22:45:48,801 - INFO - user_log.py - 春衫 - 日志信息:等待元素('-android uiautomator', 'new UiSelector().text("设计")')可见
2020-08-14 22:45:50,318 - INFO - user_log.py - 春衫 - 日志信息:等待时长为：1
2020-08-14 22:45:50,319 - INFO - user_log.py - 春衫 - 日志信息:定位方式:by.-android uiautomator--->定位值:new UiSelector().text("设计")
2020-08-14 22:45:50,357 - INFO - user_log.py - 春衫 - 日志信息:测试发布商企服务商品-点击【二级分类】-【设计】选项-点击元素('-android uiautomator', 'new UiSelector().text("设计")')
2020-08-14 22:45:51,166 - INFO - user_log.py - 春衫 - 日志信息:等待元素('-android uiautomator', 'new UiSelector().text("广告设计")')可见
2020-08-14 22:45:51,253 - INFO - user_log.py - 春衫 - 日志信息:等待时长为：0
2020-08-14 22:45:51,254 - INFO - user_log.py - 春衫 - 日志信息:定位方式:by.-android uiautomator--->定位值:new UiSelector().text("广告设计")
2020-08-14 22:45:51,292 - INFO - user_log.py - 春衫 - 日志信息:测试发布商企服务商品-选择【三级分类】-【广告设计】选项-点击元素('-android uiautomator', 'new UiSelector().text("广告设计")')
2020-08-14 22:45:53,158 - INFO - user_log.py - 春衫 - 日志信息:输入商品总价是:100
2020-08-14 22:45:53,161 - INFO - user_log.py - 春衫 - 日志信息:等待元素('id', 'com.ecloud.hobay:id/et_product_all_price')可见
2020-08-14 22:45:53,249 - INFO - user_log.py - 春衫 - 日志信息:等待时长为：0
2020-08-14 22:45:53,250 - INFO - user_log.py - 春衫 - 日志信息:定位方式:by.id--->定位值:com.ecloud.hobay:id/et_product_all_price
2020-08-14 22:45:53,342 - INFO - user_log.py - 春衫 - 日志信息:输入预付款是:10
2020-08-14 22:45:53,343 - INFO - user_log.py - 春衫 - 日志信息:等待元素('id', 'com.ecloud.hobay:id/et_product_price')可见
2020-08-14 22:45:54,331 - INFO - user_log.py - 春衫 - 日志信息:等待时长为：0
2020-08-14 22:45:54,332 - INFO - user_log.py - 春衫 - 日志信息:定位方式:by.id--->定位值:com.ecloud.hobay:id/et_product_price
2020-08-14 22:45:54,938 - INFO - user_log.py - 春衫 - 日志信息:输入商品库存是:10000
2020-08-14 22:45:54,939 - INFO - user_log.py - 春衫 - 日志信息:等待元素('id', 'com.ecloud.hobay:id/et_product_number')可见
2020-08-14 22:45:55,500 - INFO - user_log.py - 春衫 - 日志信息:等待时长为：0
2020-08-14 22:45:55,500 - INFO - user_log.py - 春衫 - 日志信息:定位方式:by.id--->定位值:com.ecloud.hobay:id/et_product_number
2020-08-14 22:45:56,218 - INFO - user_log.py - 春衫 - 日志信息:等待元素('id', 'com.ecloud.hobay:id/btn_immediately_publish')可见
2020-08-14 22:45:56,762 - INFO - user_log.py - 春衫 - 日志信息:等待时长为：0
2020-08-14 22:45:56,764 - INFO - user_log.py - 春衫 - 日志信息:定位方式:by.id--->定位值:com.ecloud.hobay:id/btn_immediately_publish
2020-08-14 22:45:56,802 - INFO - user_log.py - 春衫 - 日志信息:点击【立即上架】按钮-点击元素('id', 'com.ecloud.hobay:id/btn_immediately_publish')
2020-08-14 22:45:56,854 - INFO - user_log.py - 春衫 - 日志信息:等待元素('id', 'com.ecloud.hobay:id/tv_tips')可见
2020-08-14 22:45:57,677 - INFO - user_log.py - 春衫 - 日志信息:等待时长为：0
2020-08-14 22:45:57,679 - INFO - user_log.py - 春衫 - 日志信息:定位方式:by.id--->定位值:com.ecloud.hobay:id/tv_tips
2020-08-14 22:45:57,740 - INFO - user_log.py - 春衫 - 日志信息:获取到的文本内容是：商品审核中
2020-08-14 23:01:42,535 - INFO - user_log.py - 春衫 - 日志信息:元素('xpath', "//*[@text='始终允许']")不存在
2020-08-14 23:01:42,535 - INFO - user_log.py - 春衫 - 日志信息:等待元素('id', 'com.ecloud.hobay:id/rb_me')可见
2020-08-14 23:01:43,313 - INFO - user_log.py - 春衫 - 日志信息:等待时长为：0
2020-08-14 23:01:43,314 - INFO - user_log.py - 春衫 - 日志信息:定位方式:by.id--->定位值:com.ecloud.hobay:id/rb_me
2020-08-14 23:01:43,786 - INFO - user_log.py - 春衫 - 日志信息:发布商品-通用条件-处理登陆账号-获取当前app的登陆状态-点击元素('id', 'com.ecloud.hobay:id/rb_me')
2020-08-14 23:01:44,358 - INFO - user_log.py - 春衫 - 日志信息:元素('id', 'com.ecloud.hobay:id/tv_setting')存在
2020-08-14 23:01:44,360 - INFO - user_log.py - 春衫 - 日志信息:等待元素('id', 'com.ecloud.hobay:id/tv_phone')可见
2020-08-14 23:01:46,099 - INFO - user_log.py - 春衫 - 日志信息:等待时长为：1
2020-08-14 23:01:46,099 - INFO - user_log.py - 春衫 - 日志信息:定位方式:by.id--->定位值:com.ecloud.hobay:id/tv_phone
2020-08-14 23:01:46,258 - INFO - user_log.py - 春衫 - 日志信息:获取到的文本内容是：17777777776
2020-08-14 23:01:46,283 - INFO - user_log.py - 春衫 - 日志信息:等待元素('id', 'com.ecloud.hobay:id/rb_helpping_me')可见
2020-08-14 23:01:46,536 - INFO - user_log.py - 春衫 - 日志信息:等待时长为：0
2020-08-14 23:01:46,537 - INFO - user_log.py - 春衫 - 日志信息:定位方式:by.id--->定位值:com.ecloud.hobay:id/rb_helpping_me
2020-08-14 23:01:46,778 - INFO - user_log.py - 春衫 - 日志信息:点击底部导航栏-发布商品-点击元素('id', 'com.ecloud.hobay:id/rb_helpping_me')
2020-08-14 23:01:46,848 - INFO - user_log.py - 春衫 - 日志信息:等待元素('id', 'com.ecloud.hobay:id/iv_publish_service')可见
2020-08-14 23:01:47,479 - INFO - user_log.py - 春衫 - 日志信息:等待时长为：0
2020-08-14 23:01:47,480 - INFO - user_log.py - 春衫 - 日志信息:定位方式:by.id--->定位值:com.ecloud.hobay:id/iv_publish_service
2020-08-14 23:01:47,549 - INFO - user_log.py - 春衫 - 日志信息:点击发布商企服务-点击元素('id', 'com.ecloud.hobay:id/iv_publish_service')
2020-08-14 23:01:47,603 - INFO - user_log.py - 春衫 - 日志信息:等待元素('id', 'com.ecloud.hobay:id/iv_add_pic')可见
2020-08-14 23:01:48,299 - INFO - user_log.py - 春衫 - 日志信息:等待时长为：0
2020-08-14 23:01:48,299 - INFO - user_log.py - 春衫 - 日志信息:定位方式:by.id--->定位值:com.ecloud.hobay:id/iv_add_pic
2020-08-14 23:01:48,335 - INFO - user_log.py - 春衫 - 日志信息:点击元素('id', 'com.ecloud.hobay:id/iv_add_pic')
2020-08-14 23:01:49,660 - INFO - user_log.py - 春衫 - 日志信息:元素('xpath', "//*[@text='始终允许']")不存在
2020-08-14 23:01:49,660 - INFO - user_log.py - 春衫 - 日志信息:等待元素('id', 'com.ecloud.hobay:id/cb_check')可见
2020-08-14 23:01:50,039 - INFO - user_log.py - 春衫 - 日志信息:等待时长为：0
2020-08-14 23:01:50,040 - INFO - user_log.py - 春衫 - 日志信息:定位方式:by.id--->定位值:com.ecloud.hobay:id/cb_check
2020-08-14 23:01:50,088 - INFO - user_log.py - 春衫 - 日志信息:点击元素('id', 'com.ecloud.hobay:id/cb_check')
2020-08-14 23:01:50,152 - INFO - user_log.py - 春衫 - 日志信息:等待元素('id', 'com.ecloud.hobay:id/btn_ok')可见
2020-08-14 23:01:51,075 - INFO - user_log.py - 春衫 - 日志信息:等待时长为：0
2020-08-14 23:01:51,077 - INFO - user_log.py - 春衫 - 日志信息:定位方式:by.id--->定位值:com.ecloud.hobay:id/btn_ok
2020-08-14 23:01:51,136 - INFO - user_log.py - 春衫 - 日志信息:点击元素('id', 'com.ecloud.hobay:id/btn_ok')
2020-08-14 23:01:51,192 - INFO - user_log.py - 春衫 - 日志信息:输入的商品标题是:APP商企服务
2020-08-14 23:01:51,193 - INFO - user_log.py - 春衫 - 日志信息:等待元素('id', 'com.ecloud.hobay:id/et_product_title')可见
2020-08-14 23:01:52,404 - INFO - user_log.py - 春衫 - 日志信息:等待时长为：1
2020-08-14 23:01:52,404 - INFO - user_log.py - 春衫 - 日志信息:定位方式:by.id--->定位值:com.ecloud.hobay:id/et_product_title
2020-08-14 23:01:52,519 - INFO - user_log.py - 春衫 - 日志信息:输入商品详情是:发布商企服务搞定啦，继续优化
2020-08-14 23:01:52,520 - INFO - user_log.py - 春衫 - 日志信息:等待元素('id', 'com.ecloud.hobay:id/et_product_desc')可见
2020-08-14 23:01:53,086 - INFO - user_log.py - 春衫 - 日志信息:等待时长为：0
2020-08-14 23:01:53,087 - INFO - user_log.py - 春衫 - 日志信息:定位方式:by.id--->定位值:com.ecloud.hobay:id/et_product_desc
2020-08-14 23:01:53,994 - INFO - user_log.py - 春衫 - 日志信息:等待元素('id', 'com.ecloud.hobay:id/tv_select_type')可见
2020-08-14 23:01:55,009 - INFO - user_log.py - 春衫 - 日志信息:等待时长为：1
2020-08-14 23:01:55,010 - INFO - user_log.py - 春衫 - 日志信息:定位方式:by.id--->定位值:com.ecloud.hobay:id/tv_select_type
2020-08-14 23:01:55,068 - INFO - user_log.py - 春衫 - 日志信息:测试发布商企服务商品-点击【分类】选项-点击元素('id', 'com.ecloud.hobay:id/tv_select_type')
2020-08-14 23:01:55,142 - INFO - user_log.py - 春衫 - 日志信息:等待元素('-android uiautomator', 'new UiSelector().text("设计")')可见
2020-08-14 23:01:56,371 - INFO - user_log.py - 春衫 - 日志信息:等待时长为：1
2020-08-14 23:01:56,371 - INFO - user_log.py - 春衫 - 日志信息:定位方式:by.-android uiautomator--->定位值:new UiSelector().text("设计")
2020-08-14 23:01:56,407 - INFO - user_log.py - 春衫 - 日志信息:测试发布商企服务商品-点击【二级分类】-【设计】选项-点击元素('-android uiautomator', 'new UiSelector().text("设计")')
2020-08-14 23:01:57,179 - INFO - user_log.py - 春衫 - 日志信息:等待元素('-android uiautomator', 'new UiSelector().text("广告设计")')可见
2020-08-14 23:01:57,266 - INFO - user_log.py - 春衫 - 日志信息:等待时长为：0
2020-08-14 23:01:57,266 - INFO - user_log.py - 春衫 - 日志信息:定位方式:by.-android uiautomator--->定位值:new UiSelector().text("广告设计")
2020-08-14 23:01:57,301 - INFO - user_log.py - 春衫 - 日志信息:测试发布商企服务商品-选择【三级分类】-【广告设计】选项-点击元素('-android uiautomator', 'new UiSelector().text("广告设计")')
2020-08-14 23:01:58,043 - INFO - user_log.py - 春衫 - 日志信息:输入商品总价是:100
2020-08-14 23:01:58,044 - INFO - user_log.py - 春衫 - 日志信息:等待元素('id', 'com.ecloud.hobay:id/et_product_all_price')可见
2020-08-14 23:01:58,600 - INFO - user_log.py - 春衫 - 日志信息:等待时长为：0
2020-08-14 23:01:58,602 - INFO - user_log.py - 春衫 - 日志信息:定位方式:by.id--->定位值:com.ecloud.hobay:id/et_product_all_price
2020-08-14 23:01:59,198 - INFO - user_log.py - 春衫 - 日志信息:输入预付款是:10
2020-08-14 23:01:59,198 - INFO - user_log.py - 春衫 - 日志信息:等待元素('id', 'com.ecloud.hobay:id/et_product_price')可见
2020-08-14 23:01:59,755 - INFO - user_log.py - 春衫 - 日志信息:等待时长为：0
2020-08-14 23:01:59,755 - INFO - user_log.py - 春衫 - 日志信息:定位方式:by.id--->定位值:com.ecloud.hobay:id/et_product_price
2020-08-14 23:02:00,359 - INFO - user_log.py - 春衫 - 日志信息:输入商品库存是:10000
2020-08-14 23:02:00,360 - INFO - user_log.py - 春衫 - 日志信息:等待元素('id', 'com.ecloud.hobay:id/et_product_number')可见
2020-08-14 23:02:00,909 - INFO - user_log.py - 春衫 - 日志信息:等待时长为：0
2020-08-14 23:02:00,910 - INFO - user_log.py - 春衫 - 日志信息:定位方式:by.id--->定位值:com.ecloud.hobay:id/et_product_number
2020-08-14 23:02:01,512 - INFO - user_log.py - 春衫 - 日志信息:等待元素('id', 'com.ecloud.hobay:id/btn_immediately_publish')可见
2020-08-14 23:02:02,062 - INFO - user_log.py - 春衫 - 日志信息:等待时长为：0
2020-08-14 23:02:02,064 - INFO - user_log.py - 春衫 - 日志信息:定位方式:by.id--->定位值:com.ecloud.hobay:id/btn_immediately_publish
2020-08-14 23:02:02,126 - INFO - user_log.py - 春衫 - 日志信息:点击【立即上架】按钮-点击元素('id', 'com.ecloud.hobay:id/btn_immediately_publish')
2020-08-14 23:02:02,208 - INFO - user_log.py - 春衫 - 日志信息:等待元素('id', 'com.ecloud.hobay:id/tv_tips')可见
2020-08-14 23:02:03,277 - INFO - user_log.py - 春衫 - 日志信息:等待时长为：1
2020-08-14 23:02:03,278 - INFO - user_log.py - 春衫 - 日志信息:定位方式:by.id--->定位值:com.ecloud.hobay:id/tv_tips
2020-08-14 23:02:03,345 - INFO - user_log.py - 春衫 - 日志信息:获取到的文本内容是：商品审核中
2020-08-14 23:03:33,348 - INFO - user_log.py - 春衫 - 日志信息:元素('xpath', "//*[@text='始终允许']")不存在
2020-08-14 23:03:33,349 - INFO - user_log.py - 春衫 - 日志信息:等待元素('id', 'com.ecloud.hobay:id/rb_me')可见
2020-08-14 23:03:35,020 - INFO - user_log.py - 春衫 - 日志信息:等待时长为：1
2020-08-14 23:03:35,020 - INFO - user_log.py - 春衫 - 日志信息:定位方式:by.id--->定位值:com.ecloud.hobay:id/rb_me
2020-08-14 23:03:35,366 - INFO - user_log.py - 春衫 - 日志信息:发布商品-通用条件-处理登陆账号-获取当前app的登陆状态-点击元素('id', 'com.ecloud.hobay:id/rb_me')
2020-08-14 23:03:35,914 - INFO - user_log.py - 春衫 - 日志信息:元素('id', 'com.ecloud.hobay:id/tv_setting')存在
2020-08-14 23:03:35,915 - INFO - user_log.py - 春衫 - 日志信息:等待元素('id', 'com.ecloud.hobay:id/tv_phone')可见
2020-08-14 23:04:06,388 - INFO - user_log.py - 春衫 - 日志信息:等待元素可见失败!
2020-08-14 23:04:07,745 - INFO - user_log.py - 春衫 - 日志信息:截取网页成功，文件路径为为：D:\Pycharm_workspace\APPV1.0\Outputs\Error_Image\2020-08-14\2020-08-14-23-04-06-.png
2020-08-14 23:04:22,584 - INFO - user_log.py - 春衫 - 日志信息:元素('xpath', "//*[@text='始终允许']")不存在
2020-08-14 23:04:22,585 - INFO - user_log.py - 春衫 - 日志信息:等待元素('id', 'com.ecloud.hobay:id/rb_me')可见
2020-08-14 23:04:23,872 - INFO - user_log.py - 春衫 - 日志信息:等待时长为：1
2020-08-14 23:04:23,873 - INFO - user_log.py - 春衫 - 日志信息:定位方式:by.id--->定位值:com.ecloud.hobay:id/rb_me
2020-08-14 23:04:24,223 - INFO - user_log.py - 春衫 - 日志信息:发布商品-通用条件-处理登陆账号-获取当前app的登陆状态-点击元素('id', 'com.ecloud.hobay:id/rb_me')
2020-08-14 23:04:25,643 - INFO - user_log.py - 春衫 - 日志信息:元素('id', 'com.ecloud.hobay:id/tv_setting')存在
2020-08-14 23:04:25,645 - INFO - user_log.py - 春衫 - 日志信息:等待元素('id', 'com.ecloud.hobay:id/tv_phone')可见
2020-08-14 23:04:25,866 - INFO - user_log.py - 春衫 - 日志信息:等待时长为：0
2020-08-14 23:04:25,867 - INFO - user_log.py - 春衫 - 日志信息:定位方式:by.id--->定位值:com.ecloud.hobay:id/tv_phone
2020-08-14 23:04:26,488 - INFO - user_log.py - 春衫 - 日志信息:获取到的文本内容是：17777777776
2020-08-14 23:04:26,541 - INFO - user_log.py - 春衫 - 日志信息:等待元素('id', 'com.ecloud.hobay:id/rb_helpping_me')可见
2020-08-14 23:04:26,835 - INFO - user_log.py - 春衫 - 日志信息:等待时长为：0
2020-08-14 23:04:26,836 - INFO - user_log.py - 春衫 - 日志信息:定位方式:by.id--->定位值:com.ecloud.hobay:id/rb_helpping_me
2020-08-14 23:04:27,071 - INFO - user_log.py - 春衫 - 日志信息:点击底部导航栏-发布商品-点击元素('id', 'com.ecloud.hobay:id/rb_helpping_me')
2020-08-14 23:04:27,127 - INFO - user_log.py - 春衫 - 日志信息:等待元素('id', 'com.ecloud.hobay:id/iv_publish_service')可见
2020-08-14 23:04:27,843 - INFO - user_log.py - 春衫 - 日志信息:等待时长为：0
2020-08-14 23:04:27,844 - INFO - user_log.py - 春衫 - 日志信息:定位方式:by.id--->定位值:com.ecloud.hobay:id/iv_publish_service
2020-08-14 23:04:27,911 - INFO - user_log.py - 春衫 - 日志信息:点击发布商企服务-点击元素('id', 'com.ecloud.hobay:id/iv_publish_service')
2020-08-14 23:04:27,977 - INFO - user_log.py - 春衫 - 日志信息:等待元素('id', 'com.ecloud.hobay:id/iv_add_pic')可见
2020-08-14 23:04:28,674 - INFO - user_log.py - 春衫 - 日志信息:等待时长为：0
2020-08-14 23:04:28,676 - INFO - user_log.py - 春衫 - 日志信息:定位方式:by.id--->定位值:com.ecloud.hobay:id/iv_add_pic
2020-08-14 23:04:28,721 - INFO - user_log.py - 春衫 - 日志信息:点击元素('id', 'com.ecloud.hobay:id/iv_add_pic')
2020-08-14 23:04:30,070 - INFO - user_log.py - 春衫 - 日志信息:元素('xpath', "//*[@text='始终允许']")不存在
2020-08-14 23:04:30,071 - INFO - user_log.py - 春衫 - 日志信息:等待元素('id', 'com.ecloud.hobay:id/cb_check')可见
2020-08-14 23:04:30,525 - INFO - user_log.py - 春衫 - 日志信息:等待时长为：0
2020-08-14 23:04:30,525 - INFO - user_log.py - 春衫 - 日志信息:定位方式:by.id--->定位值:com.ecloud.hobay:id/cb_check
2020-08-14 23:04:30,573 - INFO - user_log.py - 春衫 - 日志信息:点击元素('id', 'com.ecloud.hobay:id/cb_check')
2020-08-14 23:04:30,631 - INFO - user_log.py - 春衫 - 日志信息:等待元素('id', 'com.ecloud.hobay:id/btn_ok')可见
2020-08-14 23:04:31,546 - INFO - user_log.py - 春衫 - 日志信息:等待时长为：0
2020-08-14 23:04:31,547 - INFO - user_log.py - 春衫 - 日志信息:定位方式:by.id--->定位值:com.ecloud.hobay:id/btn_ok
2020-08-14 23:04:31,594 - INFO - user_log.py - 春衫 - 日志信息:点击元素('id', 'com.ecloud.hobay:id/btn_ok')
2020-08-14 23:04:31,666 - INFO - user_log.py - 春衫 - 日志信息:输入的商品标题是:APP商企服务
2020-08-14 23:04:31,667 - INFO - user_log.py - 春衫 - 日志信息:等待元素('id', 'com.ecloud.hobay:id/et_product_title')可见
2020-08-14 23:04:32,860 - INFO - user_log.py - 春衫 - 日志信息:等待时长为：1
2020-08-14 23:04:32,860 - INFO - user_log.py - 春衫 - 日志信息:定位方式:by.id--->定位值:com.ecloud.hobay:id/et_product_title
2020-08-14 23:04:33,492 - INFO - user_log.py - 春衫 - 日志信息:输入商品详情是:发布商企服务搞定啦，继续优化
2020-08-14 23:04:33,494 - INFO - user_log.py - 春衫 - 日志信息:等待元素('id', 'com.ecloud.hobay:id/et_product_desc')可见
2020-08-14 23:04:34,548 - INFO - user_log.py - 春衫 - 日志信息:等待时长为：1
2020-08-14 23:04:34,549 - INFO - user_log.py - 春衫 - 日志信息:定位方式:by.id--->定位值:com.ecloud.hobay:id/et_product_desc
2020-08-14 23:04:34,634 - INFO - user_log.py - 春衫 - 日志信息:等待元素('id', 'com.ecloud.hobay:id/tv_select_type')可见
2020-08-14 23:04:35,196 - INFO - user_log.py - 春衫 - 日志信息:等待时长为：0
2020-08-14 23:04:35,197 - INFO - user_log.py - 春衫 - 日志信息:定位方式:by.id--->定位值:com.ecloud.hobay:id/tv_select_type
2020-08-14 23:04:35,237 - INFO - user_log.py - 春衫 - 日志信息:测试发布商企服务商品-点击【分类】选项-点击元素('id', 'com.ecloud.hobay:id/tv_select_type')
2020-08-14 23:04:35,293 - INFO - user_log.py - 春衫 - 日志信息:等待元素('-android uiautomator', 'new UiSelector().text("设计")')可见
2020-08-14 23:04:36,595 - INFO - user_log.py - 春衫 - 日志信息:等待时长为：1
2020-08-14 23:04:36,596 - INFO - user_log.py - 春衫 - 日志信息:定位方式:by.-android uiautomator--->定位值:new UiSelector().text("设计")
2020-08-14 23:04:36,637 - INFO - user_log.py - 春衫 - 日志信息:测试发布商企服务商品-点击【二级分类】-【设计】选项-点击元素('-android uiautomator', 'new UiSelector().text("设计")')
2020-08-14 23:04:37,423 - INFO - user_log.py - 春衫 - 日志信息:等待元素('-android uiautomator', 'new UiSelector().text("广告设计")')可见
2020-08-14 23:04:37,535 - INFO - user_log.py - 春衫 - 日志信息:等待时长为：0
2020-08-14 23:04:37,535 - INFO - user_log.py - 春衫 - 日志信息:定位方式:by.-android uiautomator--->定位值:new UiSelector().text("广告设计")
2020-08-14 23:04:37,570 - INFO - user_log.py - 春衫 - 日志信息:测试发布商企服务商品-选择【三级分类】-【广告设计】选项-点击元素('-android uiautomator', 'new UiSelector().text("广告设计")')
2020-08-14 23:04:38,788 - INFO - user_log.py - 春衫 - 日志信息:输入商品总价是:100
2020-08-14 23:04:38,788 - INFO - user_log.py - 春衫 - 日志信息:等待元素('id', 'com.ecloud.hobay:id/et_product_all_price')可见
2020-08-14 23:04:38,849 - INFO - user_log.py - 春衫 - 日志信息:等待时长为：0
2020-08-14 23:04:38,849 - INFO - user_log.py - 春衫 - 日志信息:定位方式:by.id--->定位值:com.ecloud.hobay:id/et_product_all_price
2020-08-14 23:04:39,436 - INFO - user_log.py - 春衫 - 日志信息:输入预付款是:10
2020-08-14 23:04:39,436 - INFO - user_log.py - 春衫 - 日志信息:等待元素('id', 'com.ecloud.hobay:id/et_product_price')可见
2020-08-14 23:04:40,129 - INFO - user_log.py - 春衫 - 日志信息:等待时长为：0
2020-08-14 23:04:40,131 - INFO - user_log.py - 春衫 - 日志信息:定位方式:by.id--->定位值:com.ecloud.hobay:id/et_product_price
2020-08-14 23:04:40,224 - INFO - user_log.py - 春衫 - 日志信息:输入商品库存是:10000
2020-08-14 23:04:40,225 - INFO - user_log.py - 春衫 - 日志信息:等待元素('id', 'com.ecloud.hobay:id/et_product_number')可见
2020-08-14 23:04:40,761 - INFO - user_log.py - 春衫 - 日志信息:等待时长为：0
2020-08-14 23:04:40,762 - INFO - user_log.py - 春衫 - 日志信息:定位方式:by.id--->定位值:com.ecloud.hobay:id/et_product_number
2020-08-14 23:04:41,347 - INFO - user_log.py - 春衫 - 日志信息:等待元素('id', 'com.ecloud.hobay:id/btn_immediately_publish')可见
2020-08-14 23:04:41,896 - INFO - user_log.py - 春衫 - 日志信息:等待时长为：0
2020-08-14 23:04:41,897 - INFO - user_log.py - 春衫 - 日志信息:定位方式:by.id--->定位值:com.ecloud.hobay:id/btn_immediately_publish
2020-08-14 23:04:41,951 - INFO - user_log.py - 春衫 - 日志信息:点击【立即上架】按钮-点击元素('id', 'com.ecloud.hobay:id/btn_immediately_publish')
2020-08-14 23:04:43,105 - INFO - user_log.py - 春衫 - 日志信息:等待元素('id', 'com.ecloud.hobay:id/tv_tips')可见
2020-08-14 23:04:43,166 - INFO - user_log.py - 春衫 - 日志信息:等待时长为：0
2020-08-14 23:04:43,167 - INFO - user_log.py - 春衫 - 日志信息:定位方式:by.id--->定位值:com.ecloud.hobay:id/tv_tips
2020-08-14 23:04:43,223 - INFO - user_log.py - 春衫 - 日志信息:获取到的文本内容是：商品审核中
2020-08-14 23:06:55,589 - INFO - user_log.py - 春衫 - 日志信息:元素('xpath', "//*[@text='始终允许']")不存在
2020-08-14 23:06:55,591 - INFO - user_log.py - 春衫 - 日志信息:等待元素('id', 'com.ecloud.hobay:id/rb_me')可见
2020-08-14 23:06:55,954 - INFO - user_log.py - 春衫 - 日志信息:等待时长为：0
2020-08-14 23:06:55,955 - INFO - user_log.py - 春衫 - 日志信息:定位方式:by.id--->定位值:com.ecloud.hobay:id/rb_me
2020-08-14 23:06:56,444 - INFO - user_log.py - 春衫 - 日志信息:发布商品-通用条件-处理登陆账号-获取当前app的登陆状态-点击元素('id', 'com.ecloud.hobay:id/rb_me')
2020-08-14 23:06:57,455 - INFO - user_log.py - 春衫 - 日志信息:元素('id', 'com.ecloud.hobay:id/tv_setting')存在
2020-08-14 23:06:57,457 - INFO - user_log.py - 春衫 - 日志信息:等待元素('id', 'com.ecloud.hobay:id/tv_phone')可见
2020-08-14 23:06:57,953 - INFO - user_log.py - 春衫 - 日志信息:等待时长为：0
2020-08-14 23:06:57,954 - INFO - user_log.py - 春衫 - 日志信息:定位方式:by.id--->定位值:com.ecloud.hobay:id/tv_phone
2020-08-14 23:06:58,132 - INFO - user_log.py - 春衫 - 日志信息:获取到的文本内容是：17777777776
2020-08-14 23:06:58,162 - INFO - user_log.py - 春衫 - 日志信息:等待元素('id', 'com.ecloud.hobay:id/rb_helpping_me')可见
2020-08-14 23:06:59,061 - INFO - user_log.py - 春衫 - 日志信息:等待时长为：0
2020-08-14 23:06:59,062 - INFO - user_log.py - 春衫 - 日志信息:定位方式:by.id--->定位值:com.ecloud.hobay:id/rb_helpping_me
2020-08-14 23:06:59,356 - INFO - user_log.py - 春衫 - 日志信息:点击底部导航栏-发布商品-点击元素('id', 'com.ecloud.hobay:id/rb_helpping_me')
2020-08-14 23:07:03,120 - INFO - user_log.py - 春衫 - 日志信息:等待元素('id', 'com.ecloud.hobay:id/iv_publish_service')可见
2020-08-14 23:07:03,745 - INFO - user_log.py - 春衫 - 日志信息:等待时长为：0
2020-08-14 23:07:03,746 - INFO - user_log.py - 春衫 - 日志信息:定位方式:by.id--->定位值:com.ecloud.hobay:id/iv_publish_service
2020-08-14 23:07:03,801 - INFO - user_log.py - 春衫 - 日志信息:点击发布商企服务-点击元素('id', 'com.ecloud.hobay:id/iv_publish_service')
2020-08-14 23:07:03,885 - INFO - user_log.py - 春衫 - 日志信息:等待元素('id', 'com.ecloud.hobay:id/iv_add_pic')可见
2020-08-14 23:07:04,932 - INFO - user_log.py - 春衫 - 日志信息:等待时长为：1
2020-08-14 23:07:04,933 - INFO - user_log.py - 春衫 - 日志信息:定位方式:by.id--->定位值:com.ecloud.hobay:id/iv_add_pic
2020-08-14 23:07:04,978 - INFO - user_log.py - 春衫 - 日志信息:点击元素('id', 'com.ecloud.hobay:id/iv_add_pic')
2020-08-14 23:07:06,581 - INFO - user_log.py - 春衫 - 日志信息:元素('xpath', "//*[@text='始终允许']")不存在
2020-08-14 23:07:06,581 - INFO - user_log.py - 春衫 - 日志信息:等待元素('id', 'com.ecloud.hobay:id/cb_check')可见
2020-08-14 23:07:36,685 - INFO - user_log.py - 春衫 - 日志信息:等待元素可见失败!
2020-08-14 23:07:37,363 - INFO - user_log.py - 春衫 - 日志信息:截取网页成功，文件路径为为：D:\Pycharm_workspace\APPV1.0\Outputs\Error_Image\2020-08-14\2020-08-14-23-07-36-.png
2020-08-14 23:07:37,364 - INFO - user_log.py - 春衫 - 日志信息:上传图片失败!
2020-08-14 23:07:37,947 - INFO - user_log.py - 春衫 - 日志信息:截取网页成功，文件路径为为：D:\Pycharm_workspace\APPV1.0\Outputs\Error_Image\2020-08-14\2020-08-14-23-07-37-测试发布商企服务商品-发布商企服务商品-.png
