2020-08-10 17:24:31,956 - INFO - user_log.py - 春衫 - 日志信息:元素('xpath', "//*[@text='始终允许']")不存在
2020-08-10 17:24:31,957 - INFO - user_log.py - 春衫 - 日志信息:等待元素('id', 'com.ecloud.hobay:id/tv_yes')可见
2020-08-10 17:25:02,474 - INFO - user_log.py - 春衫 - 日志信息:等待元素可见失败!
2020-08-10 17:25:03,095 - INFO - user_log.py - 春衫 - 日志信息:截取网页成功，文件路径为为：D:\Pycharm_workspace\APPV1.0\Outputs\Error_Image\2020-08-10\2020-08-10-17-25-02-发布商品-通用条件-处理欢迎页面-.png
2020-08-10 17:25:35,561 - INFO - user_log.py - 春衫 - 日志信息:元素('xpath', "//*[@text='始终允许']")不存在
2020-08-10 17:25:40,562 - INFO - user_log.py - 春衫 - 日志信息:定位方式:by.id--->定位值:com.ecloud.hobay:id/rb_me
2020-08-10 17:25:40,990 - INFO - user_log.py - 春衫 - 日志信息:发布商品-通用条件-获取当前app的登陆状态-点击元素('id', 'com.ecloud.hobay:id/rb_me')
2020-08-10 17:25:42,213 - INFO - user_log.py - 春衫 - 日志信息:元素('id', 'com.ecloud.hobay:id/tv_setting')不存在
2020-08-10 17:25:43,215 - INFO - user_log.py - 春衫 - 日志信息:点击坐标(440, 775)
2020-08-10 17:25:50,315 - INFO - user_log.py - 春衫 - 日志信息:输入数字是13724765586
2020-08-10 17:25:51,317 - INFO - user_log.py - 春衫 - 日志信息:点击坐标(540, 1030)
2020-08-10 17:25:52,510 - INFO - user_log.py - 春衫 - 日志信息:点击坐标(500, 860)
2020-08-10 17:25:57,900 - INFO - user_log.py - 春衫 - 日志信息:点击坐标(540, 1110)
2020-08-10 17:25:59,076 - INFO - user_log.py - 春衫 - 日志信息:等待元素('id', 'com.ecloud.hobay:id/rb_helpping_me')可见
2020-08-10 17:25:59,944 - INFO - user_log.py - 春衫 - 日志信息:等待时长为：0
2020-08-10 17:25:59,945 - INFO - user_log.py - 春衫 - 日志信息:定位方式:by.id--->定位值:com.ecloud.hobay:id/rb_helpping_me
2020-08-10 17:26:00,429 - INFO - user_log.py - 春衫 - 日志信息:点击底部导航栏-发布商品-点击元素('id', 'com.ecloud.hobay:id/rb_helpping_me')
2020-08-10 17:26:02,210 - INFO - user_log.py - 春衫 - 日志信息:定位方式:by.id--->定位值:com.ecloud.hobay:id/iv_publish_product
2020-08-10 17:26:03,743 - INFO - user_log.py - 春衫 - 日志信息:没有找到这个元素
2020-08-10 17:26:03,758 - INFO - user_log.py - 春衫 - 日志信息:元素点击操作失败!
2020-08-10 17:28:24,024 - INFO - user_log.py - 春衫 - 日志信息:元素('xpath', "//*[@text='始终允许']")不存在
2020-08-10 17:29:04,013 - INFO - user_log.py - 春衫 - 日志信息:元素('xpath', "//*[@text='始终允许']")不存在
2020-08-10 17:29:09,013 - INFO - user_log.py - 春衫 - 日志信息:定位方式:by.id--->定位值:com.ecloud.hobay:id/rb_me
2020-08-10 17:29:09,401 - INFO - user_log.py - 春衫 - 日志信息:发布商品-通用条件-获取当前app的登陆状态-点击元素('id', 'com.ecloud.hobay:id/rb_me')
2020-08-10 17:29:10,947 - INFO - user_log.py - 春衫 - 日志信息:元素('id', 'com.ecloud.hobay:id/tv_setting')存在
2020-08-10 17:29:10,948 - INFO - user_log.py - 春衫 - 日志信息:定位方式:by.id--->定位值:com.ecloud.hobay:id/tv_setting
2020-08-10 17:29:12,059 - INFO - user_log.py - 春衫 - 日志信息:发布商品-通用条件-点击【设置】按钮-点击元素('id', 'com.ecloud.hobay:id/tv_setting')
2020-08-10 17:29:12,660 - INFO - user_log.py - 春衫 - 日志信息:定位方式:by.id--->定位值:com.ecloud.hobay:id/btn_exit
2020-08-10 17:29:13,284 - INFO - user_log.py - 春衫 - 日志信息:发布商品-通用条件-点击【退出】按钮-点击元素('id', 'com.ecloud.hobay:id/btn_exit')
2020-08-10 17:29:14,350 - INFO - user_log.py - 春衫 - 日志信息:点击坐标(440, 775)
2020-08-10 17:29:21,803 - INFO - user_log.py - 春衫 - 日志信息:输入数字是13724765586
2020-08-10 17:29:22,805 - INFO - user_log.py - 春衫 - 日志信息:点击坐标(540, 1030)
2020-08-10 17:29:23,984 - INFO - user_log.py - 春衫 - 日志信息:点击坐标(500, 860)
2020-08-10 17:29:29,522 - INFO - user_log.py - 春衫 - 日志信息:点击坐标(540, 1110)
2020-08-10 17:29:32,098 - INFO - user_log.py - 春衫 - 日志信息:等待元素('id', 'com.ecloud.hobay:id/rb_helpping_me')可见
2020-08-10 17:29:32,811 - INFO - user_log.py - 春衫 - 日志信息:等待时长为：0
2020-08-10 17:29:32,812 - INFO - user_log.py - 春衫 - 日志信息:定位方式:by.id--->定位值:com.ecloud.hobay:id/rb_helpping_me
2020-08-10 17:29:33,306 - INFO - user_log.py - 春衫 - 日志信息:点击底部导航栏-发布商品-点击元素('id', 'com.ecloud.hobay:id/rb_helpping_me')
2020-08-10 17:29:35,637 - INFO - user_log.py - 春衫 - 日志信息:定位方式:by.id--->定位值:com.ecloud.hobay:id/iv_publish_product
2020-08-10 17:29:35,699 - INFO - user_log.py - 春衫 - 日志信息:点击元素('id', 'com.ecloud.hobay:id/iv_publish_product')
2020-08-10 17:29:37,306 - INFO - user_log.py - 春衫 - 日志信息:定位方式:by.id--->定位值:com.ecloud.hobay:id/iv_add_pic
2020-08-10 17:29:37,393 - INFO - user_log.py - 春衫 - 日志信息:点击元素('id', 'com.ecloud.hobay:id/iv_add_pic')
2020-08-10 17:29:38,833 - INFO - user_log.py - 春衫 - 日志信息:元素('xpath', "//*[@text='始终允许']")不存在
2020-08-10 17:29:39,334 - INFO - user_log.py - 春衫 - 日志信息:定位方式:by.id--->定位值:com.ecloud.hobay:id/cb_check
2020-08-10 17:29:39,710 - INFO - user_log.py - 春衫 - 日志信息:点击元素('id', 'com.ecloud.hobay:id/cb_check')
2020-08-10 17:29:40,276 - INFO - user_log.py - 春衫 - 日志信息:定位方式:by.id--->定位值:com.ecloud.hobay:id/btn_ok
2020-08-10 17:29:40,724 - INFO - user_log.py - 春衫 - 日志信息:点击元素('id', 'com.ecloud.hobay:id/btn_ok')
2020-08-10 17:29:41,298 - INFO - user_log.py - 春衫 - 日志信息:输入的商品标题是:APP实物商品
2020-08-10 17:29:41,299 - INFO - user_log.py - 春衫 - 日志信息:定位方式:by.id--->定位值:com.ecloud.hobay:id/et_product_title
2020-08-10 17:29:42,630 - INFO - user_log.py - 春衫 - 日志信息:定位方式:by.id--->定位值:com.ecloud.hobay:id/tv_product_detail
2020-08-10 17:29:42,704 - INFO - user_log.py - 春衫 - 日志信息:点击【商品描述】选项-点击元素('id', 'com.ecloud.hobay:id/tv_product_detail')
2020-08-10 17:29:43,274 - INFO - user_log.py - 春衫 - 日志信息:定位方式:by.class name--->定位值:android.widget.EditText
2020-08-10 17:29:43,780 - INFO - user_log.py - 春衫 - 日志信息:输入商品详情:发布实物商品搞定啦，继续优化
2020-08-10 17:29:44,281 - INFO - user_log.py - 春衫 - 日志信息:定位方式:by.id--->定位值:com.ecloud.hobay:id/btn_add_pic
2020-08-10 17:29:44,405 - INFO - user_log.py - 春衫 - 日志信息:点击元素('id', 'com.ecloud.hobay:id/btn_add_pic')
2020-08-10 17:29:45,687 - INFO - user_log.py - 春衫 - 日志信息:元素('xpath', "//*[@text='始终允许']")不存在
2020-08-10 17:29:46,188 - INFO - user_log.py - 春衫 - 日志信息:定位方式:by.id--->定位值:com.ecloud.hobay:id/cb_check
2020-08-10 17:29:46,248 - INFO - user_log.py - 春衫 - 日志信息:点击元素('id', 'com.ecloud.hobay:id/cb_check')
2020-08-10 17:29:46,810 - INFO - user_log.py - 春衫 - 日志信息:定位方式:by.id--->定位值:com.ecloud.hobay:id/btn_ok
2020-08-10 17:29:47,715 - INFO - user_log.py - 春衫 - 日志信息:点击元素('id', 'com.ecloud.hobay:id/btn_ok')
2020-08-10 17:29:48,286 - INFO - user_log.py - 春衫 - 日志信息:定位方式:by.id--->定位值:com.ecloud.hobay:id/btn_complete
2020-08-10 17:29:48,999 - INFO - user_log.py - 春衫 - 日志信息:点击【完成】按钮-点击元素('id', 'com.ecloud.hobay:id/btn_complete')
2020-08-10 17:29:49,558 - INFO - user_log.py - 春衫 - 日志信息:定位方式:by.id--->定位值:com.ecloud.hobay:id/tv_product_phase
2020-08-10 17:29:49,699 - INFO - user_log.py - 春衫 - 日志信息:点击【品相】选项-点击元素('id', 'com.ecloud.hobay:id/tv_product_phase')
2020-08-10 17:29:50,717 - INFO - user_log.py - 春衫 - 日志信息:定位方式:by.id--->定位值:com.ecloud.hobay:id/tv_dialog_item
2020-08-10 17:29:51,018 - INFO - user_log.py - 春衫 - 日志信息:点击【全新】选项-点击元素('id', 'com.ecloud.hobay:id/tv_dialog_item')
2020-08-10 17:29:51,595 - INFO - user_log.py - 春衫 - 日志信息:定位方式:by.id--->定位值:com.ecloud.hobay:id/tv_select_type
2020-08-10 17:29:52,193 - INFO - user_log.py - 春衫 - 日志信息:点击【分类】选项-点击元素('id', 'com.ecloud.hobay:id/tv_select_type')
2020-08-10 17:29:53,273 - INFO - user_log.py - 春衫 - 日志信息:定位方式:by.id--->定位值:com.ecloud.hobay:id/tv_list_name
2020-08-10 17:29:53,562 - INFO - user_log.py - 春衫 - 日志信息:点击【二级分类】选项-点击元素('id', 'com.ecloud.hobay:id/tv_list_name')
2020-08-10 17:29:54,153 - INFO - user_log.py - 春衫 - 日志信息:定位方式:by.id--->定位值:com.ecloud.hobay:id/tv_show_name
2020-08-10 17:29:54,304 - INFO - user_log.py - 春衫 - 日志信息:选择【三级分类】选项-点击元素('id', 'com.ecloud.hobay:id/tv_show_name')
2020-08-10 17:29:54,888 - INFO - user_log.py - 春衫 - 日志信息:定位方式:by.id--->定位值:com.ecloud.hobay:id/tv_product_type
2020-08-10 17:29:55,757 - INFO - user_log.py - 春衫 - 日志信息:点击【商品类型】选项-点击元素('id', 'com.ecloud.hobay:id/tv_product_type')
2020-08-10 17:29:56,311 - INFO - user_log.py - 春衫 - 日志信息:定位方式:by.id--->定位值:com.ecloud.hobay:id/tv_dialog_item
2020-08-10 17:29:56,648 - INFO - user_log.py - 春衫 - 日志信息:选择【商品类型】选项-点击元素('id', 'com.ecloud.hobay:id/tv_dialog_item')
2020-08-10 17:29:57,224 - INFO - user_log.py - 春衫 - 日志信息:定位方式:by.id--->定位值:com.ecloud.hobay:id/tv_specification
2020-08-10 17:29:57,819 - INFO - user_log.py - 春衫 - 日志信息:点击【规格】选项-点击元素('id', 'com.ecloud.hobay:id/tv_specification')
2020-08-10 17:29:58,374 - INFO - user_log.py - 春衫 - 日志信息:输入的商品规格是:外套
2020-08-10 17:29:58,375 - INFO - user_log.py - 春衫 - 日志信息:定位方式:by.id--->定位值:com.ecloud.hobay:id/et_first_attributes
2020-08-10 17:29:59,120 - INFO - user_log.py - 春衫 - 日志信息:输入的商品属性是:红色
2020-08-10 17:29:59,121 - INFO - user_log.py - 春衫 - 日志信息:定位方式:by.id--->定位值:com.ecloud.hobay:id/et_name
2020-08-10 17:30:00,834 - INFO - user_log.py - 春衫 - 日志信息:定位方式:by.id--->定位值:com.ecloud.hobay:id/tv_add_pic
2020-08-10 17:30:00,881 - INFO - user_log.py - 春衫 - 日志信息:点击上传规格图片-点击元素('id', 'com.ecloud.hobay:id/tv_add_pic')
2020-08-10 17:30:01,446 - INFO - user_log.py - 春衫 - 日志信息:定位方式:by.id--->定位值:com.ecloud.hobay:id/iv_thumb
2020-08-10 17:30:01,997 - INFO - user_log.py - 春衫 - 日志信息:选择规格图片-点击元素('id', 'com.ecloud.hobay:id/iv_thumb')
2020-08-10 17:30:03,014 - INFO - user_log.py - 春衫 - 日志信息:定位方式:by.id--->定位值:com.ecloud.hobay:id/btn_next
2020-08-10 17:30:03,731 - INFO - user_log.py - 春衫 - 日志信息:点击【下一步】按钮-点击元素('id', 'com.ecloud.hobay:id/btn_next')
2020-08-10 17:30:04,288 - INFO - user_log.py - 春衫 - 日志信息:输入的商品进货价是:100
2020-08-10 17:30:04,289 - INFO - user_log.py - 春衫 - 日志信息:定位方式:by.id--->定位值:com.ecloud.hobay:id/et_purchase_price
2020-08-10 17:30:05,957 - INFO - user_log.py - 春衫 - 日志信息:输入的商品出售价是:100
2020-08-10 17:30:05,958 - INFO - user_log.py - 春衫 - 日志信息:定位方式:by.id--->定位值:com.ecloud.hobay:id/et_price
2020-08-10 17:30:07,078 - INFO - user_log.py - 春衫 - 日志信息:输入的商品库存是:10000
2020-08-10 17:30:07,079 - INFO - user_log.py - 春衫 - 日志信息:定位方式:by.id--->定位值:com.ecloud.hobay:id/et_number
2020-08-10 17:30:08,264 - INFO - user_log.py - 春衫 - 日志信息:定位方式:by.id--->定位值:com.ecloud.hobay:id/btn_confirm
2020-08-10 17:30:08,312 - INFO - user_log.py - 春衫 - 日志信息:点击【确定】按钮-点击元素('id', 'com.ecloud.hobay:id/btn_confirm')
2020-08-10 17:30:08,866 - INFO - user_log.py - 春衫 - 日志信息:定位方式:by.id--->定位值:com.ecloud.hobay:id/tv_freight
2020-08-10 17:30:08,990 - INFO - user_log.py - 春衫 - 日志信息:点击【运费】选项-点击元素('id', 'com.ecloud.hobay:id/tv_freight')
2020-08-10 17:30:10,011 - INFO - user_log.py - 春衫 - 日志信息:定位方式:by.id--->定位值:com.ecloud.hobay:id/tv_dialog_item
2020-08-10 17:30:10,294 - INFO - user_log.py - 春衫 - 日志信息:选择【包邮】选项-点击元素('id', 'com.ecloud.hobay:id/tv_dialog_item')
2020-08-10 17:30:10,860 - INFO - user_log.py - 春衫 - 日志信息:定位方式:by.id--->定位值:com.ecloud.hobay:id/btn_immediately_publish
2020-08-10 17:30:11,853 - INFO - user_log.py - 春衫 - 日志信息:点击【立即上架】按钮-点击元素('id', 'com.ecloud.hobay:id/btn_immediately_publish')
2020-08-10 17:30:11,917 - INFO - user_log.py - 春衫 - 日志信息:定位方式:by.id--->定位值:com.ecloud.hobay:id/tv_tips
2020-08-10 17:30:11,991 - INFO - user_log.py - 春衫 - 日志信息:没有找到这个元素
2020-08-10 17:30:12,586 - INFO - user_log.py - 春衫 - 日志信息:截取网页成功，文件路径为为：D:\Pycharm_workspace\APPV1.0\Outputs\Error_Image\2020-08-10\2020-08-10-17-30-11-测试发布实物商品-.png
2020-08-10 17:38:35,057 - INFO - user_log.py - 春衫 - 日志信息:元素('xpath', "//*[@text='始终允许']")不存在
2020-08-10 17:38:40,059 - INFO - user_log.py - 春衫 - 日志信息:定位方式:by.id--->定位值:com.ecloud.hobay:id/rb_me
2020-08-10 17:38:40,449 - INFO - user_log.py - 春衫 - 日志信息:发布商品-通用条件-获取当前app的登陆状态-点击元素('id', 'com.ecloud.hobay:id/rb_me')
2020-08-10 17:38:42,737 - INFO - user_log.py - 春衫 - 日志信息:元素('id', 'com.ecloud.hobay:id/tv_setting')存在
2020-08-10 17:38:42,737 - INFO - user_log.py - 春衫 - 日志信息:定位方式:by.id--->定位值:com.ecloud.hobay:id/tv_setting
2020-08-10 17:38:43,276 - INFO - user_log.py - 春衫 - 日志信息:发布商品-通用条件-点击【设置】按钮-点击元素('id', 'com.ecloud.hobay:id/tv_setting')
2020-08-10 17:38:43,878 - INFO - user_log.py - 春衫 - 日志信息:定位方式:by.id--->定位值:com.ecloud.hobay:id/btn_exit
2020-08-10 17:38:44,491 - INFO - user_log.py - 春衫 - 日志信息:发布商品-通用条件-点击【退出】按钮-点击元素('id', 'com.ecloud.hobay:id/btn_exit')
2020-08-10 17:38:45,692 - INFO - user_log.py - 春衫 - 日志信息:点击坐标(440, 775)
2020-08-10 17:38:53,080 - INFO - user_log.py - 春衫 - 日志信息:输入数字是13724765586
2020-08-10 17:38:54,082 - INFO - user_log.py - 春衫 - 日志信息:点击坐标(540, 1030)
2020-08-10 17:38:55,766 - INFO - user_log.py - 春衫 - 日志信息:点击坐标(500, 860)
2020-08-10 17:39:01,770 - INFO - user_log.py - 春衫 - 日志信息:点击坐标(540, 1110)
2020-08-10 17:39:04,289 - INFO - user_log.py - 春衫 - 日志信息:等待元素('id', 'com.ecloud.hobay:id/rb_helpping_me')可见
2020-08-10 17:39:04,971 - INFO - user_log.py - 春衫 - 日志信息:等待时长为：0
2020-08-10 17:39:04,972 - INFO - user_log.py - 春衫 - 日志信息:定位方式:by.id--->定位值:com.ecloud.hobay:id/rb_helpping_me
2020-08-10 17:39:05,370 - INFO - user_log.py - 春衫 - 日志信息:点击底部导航栏-发布商品-点击元素('id', 'com.ecloud.hobay:id/rb_helpping_me')
2020-08-10 17:39:07,600 - INFO - user_log.py - 春衫 - 日志信息:定位方式:by.id--->定位值:com.ecloud.hobay:id/iv_publish_product
2020-08-10 17:39:07,663 - INFO - user_log.py - 春衫 - 日志信息:点击元素('id', 'com.ecloud.hobay:id/iv_publish_product')
2020-08-10 17:39:09,258 - INFO - user_log.py - 春衫 - 日志信息:定位方式:by.id--->定位值:com.ecloud.hobay:id/iv_add_pic
2020-08-10 17:39:09,322 - INFO - user_log.py - 春衫 - 日志信息:点击元素('id', 'com.ecloud.hobay:id/iv_add_pic')
2020-08-10 17:39:10,655 - INFO - user_log.py - 春衫 - 日志信息:元素('xpath', "//*[@text='始终允许']")不存在
2020-08-10 17:39:11,157 - INFO - user_log.py - 春衫 - 日志信息:定位方式:by.id--->定位值:com.ecloud.hobay:id/cb_check
2020-08-10 17:39:11,212 - INFO - user_log.py - 春衫 - 日志信息:点击元素('id', 'com.ecloud.hobay:id/cb_check')
2020-08-10 17:39:11,795 - INFO - user_log.py - 春衫 - 日志信息:定位方式:by.id--->定位值:com.ecloud.hobay:id/btn_ok
2020-08-10 17:39:12,246 - INFO - user_log.py - 春衫 - 日志信息:点击元素('id', 'com.ecloud.hobay:id/btn_ok')
2020-08-10 17:39:12,817 - INFO - user_log.py - 春衫 - 日志信息:输入的商品标题是:APP实物商品
2020-08-10 17:39:12,818 - INFO - user_log.py - 春衫 - 日志信息:定位方式:by.id--->定位值:com.ecloud.hobay:id/et_product_title
2020-08-10 17:39:14,564 - INFO - user_log.py - 春衫 - 日志信息:定位方式:by.id--->定位值:com.ecloud.hobay:id/tv_product_detail
2020-08-10 17:39:14,619 - INFO - user_log.py - 春衫 - 日志信息:点击【商品描述】选项-点击元素('id', 'com.ecloud.hobay:id/tv_product_detail')
2020-08-10 17:39:15,180 - INFO - user_log.py - 春衫 - 日志信息:定位方式:by.class name--->定位值:android.widget.EditText
2020-08-10 17:39:15,452 - INFO - user_log.py - 春衫 - 日志信息:输入商品详情:发布实物商品搞定啦，继续优化
2020-08-10 17:39:15,953 - INFO - user_log.py - 春衫 - 日志信息:定位方式:by.id--->定位值:com.ecloud.hobay:id/btn_add_pic
2020-08-10 17:39:16,075 - INFO - user_log.py - 春衫 - 日志信息:点击元素('id', 'com.ecloud.hobay:id/btn_add_pic')
2020-08-10 17:39:16,215 - INFO - user_log.py - 春衫 - 日志信息:元素('xpath', "//*[@text='始终允许']")不存在
2020-08-10 17:39:16,716 - INFO - user_log.py - 春衫 - 日志信息:定位方式:by.id--->定位值:com.ecloud.hobay:id/cb_check
2020-08-10 17:39:17,240 - INFO - user_log.py - 春衫 - 日志信息:点击元素('id', 'com.ecloud.hobay:id/cb_check')
2020-08-10 17:39:17,834 - INFO - user_log.py - 春衫 - 日志信息:定位方式:by.id--->定位值:com.ecloud.hobay:id/btn_ok
2020-08-10 17:39:18,323 - INFO - user_log.py - 春衫 - 日志信息:点击元素('id', 'com.ecloud.hobay:id/btn_ok')
2020-08-10 17:39:18,899 - INFO - user_log.py - 春衫 - 日志信息:定位方式:by.id--->定位值:com.ecloud.hobay:id/btn_complete
2020-08-10 17:39:19,580 - INFO - user_log.py - 春衫 - 日志信息:点击【完成】按钮-点击元素('id', 'com.ecloud.hobay:id/btn_complete')
2020-08-10 17:39:20,145 - INFO - user_log.py - 春衫 - 日志信息:定位方式:by.id--->定位值:com.ecloud.hobay:id/tv_product_phase
2020-08-10 17:39:20,294 - INFO - user_log.py - 春衫 - 日志信息:点击【品相】选项-点击元素('id', 'com.ecloud.hobay:id/tv_product_phase')
2020-08-10 17:39:21,284 - INFO - user_log.py - 春衫 - 日志信息:定位方式:by.id--->定位值:com.ecloud.hobay:id/tv_dialog_item
2020-08-10 17:39:21,994 - INFO - user_log.py - 春衫 - 日志信息:点击【全新】选项-点击元素('id', 'com.ecloud.hobay:id/tv_dialog_item')
2020-08-10 17:39:22,562 - INFO - user_log.py - 春衫 - 日志信息:定位方式:by.id--->定位值:com.ecloud.hobay:id/tv_select_type
2020-08-10 17:39:23,159 - INFO - user_log.py - 春衫 - 日志信息:点击【分类】选项-点击元素('id', 'com.ecloud.hobay:id/tv_select_type')
2020-08-10 17:39:24,234 - INFO - user_log.py - 春衫 - 日志信息:定位方式:by.id--->定位值:com.ecloud.hobay:id/tv_list_name
2020-08-10 17:39:24,430 - INFO - user_log.py - 春衫 - 日志信息:点击【二级分类】选项-点击元素('id', 'com.ecloud.hobay:id/tv_list_name')
2020-08-10 17:39:24,990 - INFO - user_log.py - 春衫 - 日志信息:定位方式:by.id--->定位值:com.ecloud.hobay:id/tv_show_name
2020-08-10 17:39:25,111 - INFO - user_log.py - 春衫 - 日志信息:选择【三级分类】选项-点击元素('id', 'com.ecloud.hobay:id/tv_show_name')
2020-08-10 17:39:25,690 - INFO - user_log.py - 春衫 - 日志信息:定位方式:by.id--->定位值:com.ecloud.hobay:id/tv_product_type
2020-08-10 17:39:26,266 - INFO - user_log.py - 春衫 - 日志信息:点击【商品类型】选项-点击元素('id', 'com.ecloud.hobay:id/tv_product_type')
2020-08-10 17:39:26,834 - INFO - user_log.py - 春衫 - 日志信息:定位方式:by.id--->定位值:com.ecloud.hobay:id/tv_dialog_item
2020-08-10 17:39:27,526 - INFO - user_log.py - 春衫 - 日志信息:选择【商品类型】选项-点击元素('id', 'com.ecloud.hobay:id/tv_dialog_item')
2020-08-10 17:39:28,091 - INFO - user_log.py - 春衫 - 日志信息:定位方式:by.id--->定位值:com.ecloud.hobay:id/tv_specification
2020-08-10 17:39:28,680 - INFO - user_log.py - 春衫 - 日志信息:点击【规格】选项-点击元素('id', 'com.ecloud.hobay:id/tv_specification')
2020-08-10 17:39:29,248 - INFO - user_log.py - 春衫 - 日志信息:输入的商品规格是:外套
2020-08-10 17:39:29,249 - INFO - user_log.py - 春衫 - 日志信息:定位方式:by.id--->定位值:com.ecloud.hobay:id/et_first_attributes
2020-08-10 17:39:30,502 - INFO - user_log.py - 春衫 - 日志信息:输入的商品属性是:红色
2020-08-10 17:39:30,503 - INFO - user_log.py - 春衫 - 日志信息:定位方式:by.id--->定位值:com.ecloud.hobay:id/et_name
2020-08-10 17:39:31,158 - INFO - user_log.py - 春衫 - 日志信息:定位方式:by.id--->定位值:com.ecloud.hobay:id/tv_add_pic
2020-08-10 17:39:31,212 - INFO - user_log.py - 春衫 - 日志信息:点击上传规格图片-点击元素('id', 'com.ecloud.hobay:id/tv_add_pic')
2020-08-10 17:39:31,791 - INFO - user_log.py - 春衫 - 日志信息:定位方式:by.id--->定位值:com.ecloud.hobay:id/iv_thumb
2020-08-10 17:39:32,340 - INFO - user_log.py - 春衫 - 日志信息:选择规格图片-点击元素('id', 'com.ecloud.hobay:id/iv_thumb')
2020-08-10 17:39:34,515 - INFO - user_log.py - 春衫 - 日志信息:定位方式:by.id--->定位值:com.ecloud.hobay:id/btn_next
2020-08-10 17:39:34,577 - INFO - user_log.py - 春衫 - 日志信息:点击【下一步】按钮-点击元素('id', 'com.ecloud.hobay:id/btn_next')
2020-08-10 17:39:35,155 - INFO - user_log.py - 春衫 - 日志信息:输入的商品进货价是:100
2020-08-10 17:39:35,156 - INFO - user_log.py - 春衫 - 日志信息:定位方式:by.id--->定位值:com.ecloud.hobay:id/et_purchase_price
2020-08-10 17:39:36,406 - INFO - user_log.py - 春衫 - 日志信息:输入的商品出售价是:100
2020-08-10 17:39:36,407 - INFO - user_log.py - 春衫 - 日志信息:定位方式:by.id--->定位值:com.ecloud.hobay:id/et_price
2020-08-10 17:39:37,791 - INFO - user_log.py - 春衫 - 日志信息:输入的商品库存是:10000
2020-08-10 17:39:37,792 - INFO - user_log.py - 春衫 - 日志信息:定位方式:by.id--->定位值:com.ecloud.hobay:id/et_number
2020-08-10 17:39:39,139 - INFO - user_log.py - 春衫 - 日志信息:定位方式:by.id--->定位值:com.ecloud.hobay:id/btn_confirm
2020-08-10 17:39:39,232 - INFO - user_log.py - 春衫 - 日志信息:点击【确定】按钮-点击元素('id', 'com.ecloud.hobay:id/btn_confirm')
2020-08-10 17:39:39,915 - INFO - user_log.py - 春衫 - 日志信息:定位方式:by.id--->定位值:com.ecloud.hobay:id/tv_freight
2020-08-10 17:39:40,424 - INFO - user_log.py - 春衫 - 日志信息:点击【运费】选项-点击元素('id', 'com.ecloud.hobay:id/tv_freight')
2020-08-10 17:39:41,031 - INFO - user_log.py - 春衫 - 日志信息:定位方式:by.id--->定位值:com.ecloud.hobay:id/tv_dialog_item
2020-08-10 17:39:41,307 - INFO - user_log.py - 春衫 - 日志信息:选择【包邮】选项-点击元素('id', 'com.ecloud.hobay:id/tv_dialog_item')
2020-08-10 17:39:42,097 - INFO - user_log.py - 春衫 - 日志信息:定位方式:by.id--->定位值:com.ecloud.hobay:id/btn_immediately_publish
2020-08-10 17:39:42,975 - INFO - user_log.py - 春衫 - 日志信息:点击【立即上架】按钮-点击元素('id', 'com.ecloud.hobay:id/btn_immediately_publish')
2020-08-10 17:39:43,037 - INFO - user_log.py - 春衫 - 日志信息:等待元素('id', 'com.ecloud.hobay:id/tv_tips')可见
2020-08-10 17:39:44,234 - INFO - user_log.py - 春衫 - 日志信息:等待时长为：1
2020-08-10 17:39:44,235 - INFO - user_log.py - 春衫 - 日志信息:定位方式:by.id--->定位值:com.ecloud.hobay:id/tv_tips
2020-08-10 17:46:46,224 - INFO - user_log.py - 春衫 - 日志信息:元素('xpath', "//*[@text='始终允许']")不存在
2020-08-10 17:46:51,226 - INFO - user_log.py - 春衫 - 日志信息:定位方式:by.id--->定位值:com.ecloud.hobay:id/rb_me
2020-08-10 17:46:51,906 - INFO - user_log.py - 春衫 - 日志信息:发布商品-通用条件-获取当前app的登陆状态-点击元素('id', 'com.ecloud.hobay:id/rb_me')
2020-08-10 17:46:54,115 - INFO - user_log.py - 春衫 - 日志信息:元素('id', 'com.ecloud.hobay:id/tv_setting')存在
2020-08-10 17:46:54,116 - INFO - user_log.py - 春衫 - 日志信息:定位方式:by.id--->定位值:com.ecloud.hobay:id/tv_setting
2020-08-10 17:46:54,383 - INFO - user_log.py - 春衫 - 日志信息:发布商品-通用条件-点击【设置】按钮-点击元素('id', 'com.ecloud.hobay:id/tv_setting')
2020-08-10 17:46:54,969 - INFO - user_log.py - 春衫 - 日志信息:定位方式:by.id--->定位值:com.ecloud.hobay:id/btn_exit
2020-08-10 17:46:55,792 - INFO - user_log.py - 春衫 - 日志信息:发布商品-通用条件-点击【退出】按钮-点击元素('id', 'com.ecloud.hobay:id/btn_exit')
2020-08-10 17:46:56,860 - INFO - user_log.py - 春衫 - 日志信息:点击坐标(440, 775)
2020-08-10 17:47:04,577 - INFO - user_log.py - 春衫 - 日志信息:输入数字是13724765586
2020-08-10 17:47:05,579 - INFO - user_log.py - 春衫 - 日志信息:点击坐标(540, 1030)
2020-08-10 17:47:06,756 - INFO - user_log.py - 春衫 - 日志信息:点击坐标(500, 860)
2020-08-10 17:47:12,626 - INFO - user_log.py - 春衫 - 日志信息:点击坐标(540, 1110)
2020-08-10 17:47:15,140 - INFO - user_log.py - 春衫 - 日志信息:等待元素('id', 'com.ecloud.hobay:id/rb_helpping_me')可见
2020-08-10 17:47:16,222 - INFO - user_log.py - 春衫 - 日志信息:等待时长为：1
2020-08-10 17:47:16,223 - INFO - user_log.py - 春衫 - 日志信息:定位方式:by.id--->定位值:com.ecloud.hobay:id/rb_helpping_me
2020-08-10 17:47:16,836 - INFO - user_log.py - 春衫 - 日志信息:点击底部导航栏-发布商品-点击元素('id', 'com.ecloud.hobay:id/rb_helpping_me')
2020-08-10 17:47:18,456 - INFO - user_log.py - 春衫 - 日志信息:定位方式:by.id--->定位值:com.ecloud.hobay:id/iv_publish_product
2020-08-10 17:47:18,546 - INFO - user_log.py - 春衫 - 日志信息:点击元素('id', 'com.ecloud.hobay:id/iv_publish_product')
2020-08-10 17:47:20,151 - INFO - user_log.py - 春衫 - 日志信息:定位方式:by.id--->定位值:com.ecloud.hobay:id/iv_add_pic
2020-08-10 17:47:20,234 - INFO - user_log.py - 春衫 - 日志信息:点击元素('id', 'com.ecloud.hobay:id/iv_add_pic')
2020-08-10 17:47:21,658 - INFO - user_log.py - 春衫 - 日志信息:元素('xpath', "//*[@text='始终允许']")不存在
2020-08-10 17:47:22,159 - INFO - user_log.py - 春衫 - 日志信息:定位方式:by.id--->定位值:com.ecloud.hobay:id/cb_check
2020-08-10 17:47:22,224 - INFO - user_log.py - 春衫 - 日志信息:点击元素('id', 'com.ecloud.hobay:id/cb_check')
2020-08-10 17:47:22,785 - INFO - user_log.py - 春衫 - 日志信息:定位方式:by.id--->定位值:com.ecloud.hobay:id/btn_ok
2020-08-10 17:47:23,920 - INFO - user_log.py - 春衫 - 日志信息:点击元素('id', 'com.ecloud.hobay:id/btn_ok')
2020-08-10 17:47:24,498 - INFO - user_log.py - 春衫 - 日志信息:输入的商品标题是:APP实物商品
2020-08-10 17:47:24,499 - INFO - user_log.py - 春衫 - 日志信息:定位方式:by.id--->定位值:com.ecloud.hobay:id/et_product_title
2020-08-10 17:47:26,332 - INFO - user_log.py - 春衫 - 日志信息:定位方式:by.id--->定位值:com.ecloud.hobay:id/tv_product_detail
2020-08-10 17:47:26,524 - INFO - user_log.py - 春衫 - 日志信息:点击【商品描述】选项-点击元素('id', 'com.ecloud.hobay:id/tv_product_detail')
2020-08-10 17:47:27,094 - INFO - user_log.py - 春衫 - 日志信息:定位方式:by.class name--->定位值:android.widget.EditText
2020-08-10 17:47:27,342 - INFO - user_log.py - 春衫 - 日志信息:输入商品详情:发布实物商品搞定啦，继续优化
2020-08-10 17:47:27,842 - INFO - user_log.py - 春衫 - 日志信息:定位方式:by.id--->定位值:com.ecloud.hobay:id/btn_add_pic
2020-08-10 17:47:27,974 - INFO - user_log.py - 春衫 - 日志信息:点击元素('id', 'com.ecloud.hobay:id/btn_add_pic')
2020-08-10 17:47:29,804 - INFO - user_log.py - 春衫 - 日志信息:元素('xpath', "//*[@text='始终允许']")不存在
2020-08-10 17:47:30,306 - INFO - user_log.py - 春衫 - 日志信息:定位方式:by.id--->定位值:com.ecloud.hobay:id/cb_check
2020-08-10 17:47:30,379 - INFO - user_log.py - 春衫 - 日志信息:点击元素('id', 'com.ecloud.hobay:id/cb_check')
2020-08-10 17:47:30,950 - INFO - user_log.py - 春衫 - 日志信息:定位方式:by.id--->定位值:com.ecloud.hobay:id/btn_ok
2020-08-10 17:47:31,396 - INFO - user_log.py - 春衫 - 日志信息:点击元素('id', 'com.ecloud.hobay:id/btn_ok')
2020-08-10 17:47:32,478 - INFO - user_log.py - 春衫 - 日志信息:定位方式:by.id--->定位值:com.ecloud.hobay:id/btn_complete
2020-08-10 17:47:33,155 - INFO - user_log.py - 春衫 - 日志信息:点击【完成】按钮-点击元素('id', 'com.ecloud.hobay:id/btn_complete')
2020-08-10 17:47:33,718 - INFO - user_log.py - 春衫 - 日志信息:定位方式:by.id--->定位值:com.ecloud.hobay:id/tv_product_phase
2020-08-10 17:47:34,340 - INFO - user_log.py - 春衫 - 日志信息:点击【品相】选项-点击元素('id', 'com.ecloud.hobay:id/tv_product_phase')
2020-08-10 17:47:34,905 - INFO - user_log.py - 春衫 - 日志信息:定位方式:by.id--->定位值:com.ecloud.hobay:id/tv_dialog_item
2020-08-10 17:47:35,205 - INFO - user_log.py - 春衫 - 日志信息:点击【全新】选项-点击元素('id', 'com.ecloud.hobay:id/tv_dialog_item')
2020-08-10 17:47:36,483 - INFO - user_log.py - 春衫 - 日志信息:定位方式:by.id--->定位值:com.ecloud.hobay:id/tv_select_type
2020-08-10 17:47:37,082 - INFO - user_log.py - 春衫 - 日志信息:点击【分类】选项-点击元素('id', 'com.ecloud.hobay:id/tv_select_type')
2020-08-10 17:47:38,141 - INFO - user_log.py - 春衫 - 日志信息:定位方式:by.id--->定位值:com.ecloud.hobay:id/tv_list_name
2020-08-10 17:47:38,839 - INFO - user_log.py - 春衫 - 日志信息:点击【二级分类】选项-点击元素('id', 'com.ecloud.hobay:id/tv_list_name')
2020-08-10 17:47:39,399 - INFO - user_log.py - 春衫 - 日志信息:定位方式:by.id--->定位值:com.ecloud.hobay:id/tv_show_name
2020-08-10 17:47:39,999 - INFO - user_log.py - 春衫 - 日志信息:选择【三级分类】选项-点击元素('id', 'com.ecloud.hobay:id/tv_show_name')
2020-08-10 17:47:40,558 - INFO - user_log.py - 春衫 - 日志信息:定位方式:by.id--->定位值:com.ecloud.hobay:id/tv_product_type
2020-08-10 17:47:41,165 - INFO - user_log.py - 春衫 - 日志信息:点击【商品类型】选项-点击元素('id', 'com.ecloud.hobay:id/tv_product_type')
2020-08-10 17:47:41,729 - INFO - user_log.py - 春衫 - 日志信息:定位方式:by.id--->定位值:com.ecloud.hobay:id/tv_dialog_item
2020-08-10 17:47:42,071 - INFO - user_log.py - 春衫 - 日志信息:选择【商品类型】选项-点击元素('id', 'com.ecloud.hobay:id/tv_dialog_item')
2020-08-10 17:47:42,654 - INFO - user_log.py - 春衫 - 日志信息:定位方式:by.id--->定位值:com.ecloud.hobay:id/tv_specification
2020-08-10 17:47:43,236 - INFO - user_log.py - 春衫 - 日志信息:点击【规格】选项-点击元素('id', 'com.ecloud.hobay:id/tv_specification')
2020-08-10 17:47:43,808 - INFO - user_log.py - 春衫 - 日志信息:输入的商品规格是:外套
2020-08-10 17:47:43,809 - INFO - user_log.py - 春衫 - 日志信息:定位方式:by.id--->定位值:com.ecloud.hobay:id/et_first_attributes
2020-08-10 17:47:45,442 - INFO - user_log.py - 春衫 - 日志信息:输入的商品属性是:红色
2020-08-10 17:47:45,443 - INFO - user_log.py - 春衫 - 日志信息:定位方式:by.id--->定位值:com.ecloud.hobay:id/et_name
2020-08-10 17:47:46,558 - INFO - user_log.py - 春衫 - 日志信息:定位方式:by.id--->定位值:com.ecloud.hobay:id/tv_add_pic
2020-08-10 17:47:46,622 - INFO - user_log.py - 春衫 - 日志信息:点击上传规格图片-点击元素('id', 'com.ecloud.hobay:id/tv_add_pic')
2020-08-10 17:47:47,192 - INFO - user_log.py - 春衫 - 日志信息:定位方式:by.id--->定位值:com.ecloud.hobay:id/iv_thumb
2020-08-10 17:47:48,022 - INFO - user_log.py - 春衫 - 日志信息:选择规格图片-点击元素('id', 'com.ecloud.hobay:id/iv_thumb')
2020-08-10 17:47:48,589 - INFO - user_log.py - 春衫 - 日志信息:定位方式:by.id--->定位值:com.ecloud.hobay:id/btn_next
2020-08-10 17:47:49,309 - INFO - user_log.py - 春衫 - 日志信息:点击【下一步】按钮-点击元素('id', 'com.ecloud.hobay:id/btn_next')
2020-08-10 17:47:49,881 - INFO - user_log.py - 春衫 - 日志信息:输入的商品进货价是:100
2020-08-10 17:47:49,882 - INFO - user_log.py - 春衫 - 日志信息:定位方式:by.id--->定位值:com.ecloud.hobay:id/et_purchase_price
2020-08-10 17:47:51,159 - INFO - user_log.py - 春衫 - 日志信息:输入的商品出售价是:100
2020-08-10 17:47:51,160 - INFO - user_log.py - 春衫 - 日志信息:定位方式:by.id--->定位值:com.ecloud.hobay:id/et_price
2020-08-10 17:47:52,499 - INFO - user_log.py - 春衫 - 日志信息:输入的商品库存是:10000
2020-08-10 17:47:52,499 - INFO - user_log.py - 春衫 - 日志信息:定位方式:by.id--->定位值:com.ecloud.hobay:id/et_number
2020-08-10 17:47:53,626 - INFO - user_log.py - 春衫 - 日志信息:定位方式:by.id--->定位值:com.ecloud.hobay:id/btn_confirm
2020-08-10 17:47:53,675 - INFO - user_log.py - 春衫 - 日志信息:点击【确定】按钮-点击元素('id', 'com.ecloud.hobay:id/btn_confirm')
2020-08-10 17:47:54,239 - INFO - user_log.py - 春衫 - 日志信息:定位方式:by.id--->定位值:com.ecloud.hobay:id/tv_freight
2020-08-10 17:47:54,352 - INFO - user_log.py - 春衫 - 日志信息:点击【运费】选项-点击元素('id', 'com.ecloud.hobay:id/tv_freight')
2020-08-10 17:47:55,362 - INFO - user_log.py - 春衫 - 日志信息:定位方式:by.id--->定位值:com.ecloud.hobay:id/tv_dialog_item
2020-08-10 17:47:56,045 - INFO - user_log.py - 春衫 - 日志信息:选择【包邮】选项-点击元素('id', 'com.ecloud.hobay:id/tv_dialog_item')
2020-08-10 17:47:56,621 - INFO - user_log.py - 春衫 - 日志信息:定位方式:by.id--->定位值:com.ecloud.hobay:id/btn_immediately_publish
2020-08-10 17:47:57,233 - INFO - user_log.py - 春衫 - 日志信息:点击【立即上架】按钮-点击元素('id', 'com.ecloud.hobay:id/btn_immediately_publish')
2020-08-10 17:47:58,294 - INFO - user_log.py - 春衫 - 日志信息:等待元素('id', 'com.ecloud.hobay:id/tv_tips')可见
2020-08-10 17:47:58,393 - INFO - user_log.py - 春衫 - 日志信息:等待时长为：0
2020-08-10 17:47:58,394 - INFO - user_log.py - 春衫 - 日志信息:定位方式:by.id--->定位值:com.ecloud.hobay:id/tv_tips
2020-08-10 17:47:58,461 - INFO - user_log.py - 春衫 - 日志信息:获取到的文本内容是：商品审核中
2020-08-10 17:52:43,358 - INFO - user_log.py - 春衫 - 日志信息:元素('xpath', "//*[@text='始终允许']")不存在
2020-08-10 17:52:48,358 - INFO - user_log.py - 春衫 - 日志信息:定位方式:by.id--->定位值:com.ecloud.hobay:id/rb_me
2020-08-10 17:52:48,815 - INFO - user_log.py - 春衫 - 日志信息:发布商品-通用条件-获取当前app的登陆状态-点击元素('id', 'com.ecloud.hobay:id/rb_me')
2020-08-10 17:52:50,749 - INFO - user_log.py - 春衫 - 日志信息:元素('id', 'com.ecloud.hobay:id/tv_setting')存在
2020-08-10 17:52:50,750 - INFO - user_log.py - 春衫 - 日志信息:定位方式:by.id--->定位值:com.ecloud.hobay:id/tv_setting
2020-08-10 17:52:51,173 - INFO - user_log.py - 春衫 - 日志信息:发布商品-通用条件-点击【设置】按钮-点击元素('id', 'com.ecloud.hobay:id/tv_setting')
2020-08-10 17:52:51,777 - INFO - user_log.py - 春衫 - 日志信息:定位方式:by.id--->定位值:com.ecloud.hobay:id/btn_exit
2020-08-10 17:52:52,381 - INFO - user_log.py - 春衫 - 日志信息:发布商品-通用条件-点击【退出】按钮-点击元素('id', 'com.ecloud.hobay:id/btn_exit')
2020-08-10 17:52:53,466 - INFO - user_log.py - 春衫 - 日志信息:点击坐标(440, 775)
2020-08-10 17:53:00,842 - INFO - user_log.py - 春衫 - 日志信息:输入数字是13724765586
2020-08-10 17:53:01,843 - INFO - user_log.py - 春衫 - 日志信息:点击坐标(540, 1030)
2020-08-10 17:53:03,519 - INFO - user_log.py - 春衫 - 日志信息:点击坐标(500, 860)
2020-08-10 17:53:09,002 - INFO - user_log.py - 春衫 - 日志信息:点击坐标(540, 1110)
2020-08-10 17:53:11,572 - INFO - user_log.py - 春衫 - 日志信息:等待元素('id', 'com.ecloud.hobay:id/rb_helpping_me')可见
2020-08-10 17:53:12,198 - INFO - user_log.py - 春衫 - 日志信息:等待时长为：0
2020-08-10 17:53:12,199 - INFO - user_log.py - 春衫 - 日志信息:定位方式:by.id--->定位值:com.ecloud.hobay:id/rb_helpping_me
2020-08-10 17:53:12,570 - INFO - user_log.py - 春衫 - 日志信息:点击底部导航栏-发布商品-点击元素('id', 'com.ecloud.hobay:id/rb_helpping_me')
2020-08-10 17:53:14,147 - INFO - user_log.py - 春衫 - 日志信息:定位方式:by.id--->定位值:com.ecloud.hobay:id/iv_publish_product
2020-08-10 17:53:14,212 - INFO - user_log.py - 春衫 - 日志信息:点击元素('id', 'com.ecloud.hobay:id/iv_publish_product')
2020-08-10 17:53:15,823 - INFO - user_log.py - 春衫 - 日志信息:定位方式:by.id--->定位值:com.ecloud.hobay:id/iv_add_pic
2020-08-10 17:53:15,905 - INFO - user_log.py - 春衫 - 日志信息:点击元素('id', 'com.ecloud.hobay:id/iv_add_pic')
2020-08-10 17:53:17,639 - INFO - user_log.py - 春衫 - 日志信息:元素('xpath', "//*[@text='始终允许']")不存在
2020-08-10 17:53:18,140 - INFO - user_log.py - 春衫 - 日志信息:定位方式:by.id--->定位值:com.ecloud.hobay:id/cb_check
2020-08-10 17:53:18,208 - INFO - user_log.py - 春衫 - 日志信息:点击元素('id', 'com.ecloud.hobay:id/cb_check')
2020-08-10 17:53:18,798 - INFO - user_log.py - 春衫 - 日志信息:定位方式:by.id--->定位值:com.ecloud.hobay:id/btn_ok
2020-08-10 17:53:19,237 - INFO - user_log.py - 春衫 - 日志信息:点击元素('id', 'com.ecloud.hobay:id/btn_ok')
2020-08-10 17:53:19,816 - INFO - user_log.py - 春衫 - 日志信息:输入的商品标题是:APP实物商品
2020-08-10 17:53:19,817 - INFO - user_log.py - 春衫 - 日志信息:定位方式:by.id--->定位值:com.ecloud.hobay:id/et_product_title
2020-08-10 17:53:21,871 - INFO - user_log.py - 春衫 - 日志信息:定位方式:by.id--->定位值:com.ecloud.hobay:id/tv_product_detail
2020-08-10 17:53:21,945 - INFO - user_log.py - 春衫 - 日志信息:点击【商品描述】选项-点击元素('id', 'com.ecloud.hobay:id/tv_product_detail')
2020-08-10 17:53:22,497 - INFO - user_log.py - 春衫 - 日志信息:定位方式:by.class name--->定位值:android.widget.EditText
2020-08-10 17:53:22,778 - INFO - user_log.py - 春衫 - 日志信息:输入商品详情:发布实物商品搞定啦，继续优化
2020-08-10 17:53:23,280 - INFO - user_log.py - 春衫 - 日志信息:定位方式:by.id--->定位值:com.ecloud.hobay:id/btn_add_pic
2020-08-10 17:53:23,401 - INFO - user_log.py - 春衫 - 日志信息:点击元素('id', 'com.ecloud.hobay:id/btn_add_pic')
2020-08-10 17:53:24,727 - INFO - user_log.py - 春衫 - 日志信息:元素('xpath', "//*[@text='始终允许']")不存在
2020-08-10 17:53:25,228 - INFO - user_log.py - 春衫 - 日志信息:定位方式:by.id--->定位值:com.ecloud.hobay:id/cb_check
2020-08-10 17:53:25,778 - INFO - user_log.py - 春衫 - 日志信息:点击元素('id', 'com.ecloud.hobay:id/cb_check')
2020-08-10 17:53:26,376 - INFO - user_log.py - 春衫 - 日志信息:定位方式:by.id--->定位值:com.ecloud.hobay:id/btn_ok
2020-08-10 17:53:26,801 - INFO - user_log.py - 春衫 - 日志信息:点击元素('id', 'com.ecloud.hobay:id/btn_ok')
2020-08-10 17:53:27,368 - INFO - user_log.py - 春衫 - 日志信息:定位方式:by.id--->定位值:com.ecloud.hobay:id/btn_complete
2020-08-10 17:53:28,057 - INFO - user_log.py - 春衫 - 日志信息:点击【完成】按钮-点击元素('id', 'com.ecloud.hobay:id/btn_complete')
2020-08-10 17:53:28,620 - INFO - user_log.py - 春衫 - 日志信息:定位方式:by.id--->定位值:com.ecloud.hobay:id/tv_product_phase
2020-08-10 17:53:29,404 - INFO - user_log.py - 春衫 - 日志信息:点击【品相】选项-点击元素('id', 'com.ecloud.hobay:id/tv_product_phase')
2020-08-10 17:53:29,958 - INFO - user_log.py - 春衫 - 日志信息:定位方式:by.id--->定位值:com.ecloud.hobay:id/tv_dialog_item
2020-08-10 17:53:30,247 - INFO - user_log.py - 春衫 - 日志信息:点击【全新】选项-点击元素('id', 'com.ecloud.hobay:id/tv_dialog_item')
2020-08-10 17:53:30,813 - INFO - user_log.py - 春衫 - 日志信息:定位方式:by.id--->定位值:com.ecloud.hobay:id/tv_select_type
2020-08-10 17:53:31,891 - INFO - user_log.py - 春衫 - 日志信息:点击【分类】选项-点击元素('id', 'com.ecloud.hobay:id/tv_select_type')
2020-08-10 17:53:32,958 - INFO - user_log.py - 春衫 - 日志信息:定位方式:by.id--->定位值:com.ecloud.hobay:id/tv_list_name
2020-08-10 17:53:33,434 - INFO - user_log.py - 春衫 - 日志信息:点击【二级分类】选项-点击元素('id', 'com.ecloud.hobay:id/tv_list_name')
2020-08-10 17:53:34,606 - INFO - user_log.py - 春衫 - 日志信息:定位方式:by.id--->定位值:com.ecloud.hobay:id/tv_show_name
2020-08-10 17:53:34,677 - INFO - user_log.py - 春衫 - 日志信息:选择【三级分类】选项-点击元素('id', 'com.ecloud.hobay:id/tv_show_name')
2020-08-10 17:53:35,241 - INFO - user_log.py - 春衫 - 日志信息:定位方式:by.id--->定位值:com.ecloud.hobay:id/tv_product_type
2020-08-10 17:53:35,315 - INFO - user_log.py - 春衫 - 日志信息:点击【商品类型】选项-点击元素('id', 'com.ecloud.hobay:id/tv_product_type')
2020-08-10 17:53:36,334 - INFO - user_log.py - 春衫 - 日志信息:定位方式:by.id--->定位值:com.ecloud.hobay:id/tv_dialog_item
2020-08-10 17:53:36,652 - INFO - user_log.py - 春衫 - 日志信息:选择【商品类型】选项-点击元素('id', 'com.ecloud.hobay:id/tv_dialog_item')
2020-08-10 17:53:37,243 - INFO - user_log.py - 春衫 - 日志信息:定位方式:by.id--->定位值:com.ecloud.hobay:id/tv_specification
2020-08-10 17:53:37,816 - INFO - user_log.py - 春衫 - 日志信息:点击【规格】选项-点击元素('id', 'com.ecloud.hobay:id/tv_specification')
2020-08-10 17:53:38,394 - INFO - user_log.py - 春衫 - 日志信息:输入的商品规格是:外套
2020-08-10 17:53:38,395 - INFO - user_log.py - 春衫 - 日志信息:定位方式:by.id--->定位值:com.ecloud.hobay:id/et_first_attributes
2020-08-10 17:53:39,142 - INFO - user_log.py - 春衫 - 日志信息:输入的商品属性是:红色
2020-08-10 17:53:39,143 - INFO - user_log.py - 春衫 - 日志信息:定位方式:by.id--->定位值:com.ecloud.hobay:id/et_name
2020-08-10 17:53:40,238 - INFO - user_log.py - 春衫 - 日志信息:定位方式:by.id--->定位值:com.ecloud.hobay:id/tv_add_pic
2020-08-10 17:53:40,297 - INFO - user_log.py - 春衫 - 日志信息:点击上传规格图片-点击元素('id', 'com.ecloud.hobay:id/tv_add_pic')
2020-08-10 17:53:40,876 - INFO - user_log.py - 春衫 - 日志信息:定位方式:by.id--->定位值:com.ecloud.hobay:id/iv_thumb
2020-08-10 17:53:41,438 - INFO - user_log.py - 春衫 - 日志信息:选择规格图片-点击元素('id', 'com.ecloud.hobay:id/iv_thumb')
2020-08-10 17:53:41,997 - INFO - user_log.py - 春衫 - 日志信息:定位方式:by.id--->定位值:com.ecloud.hobay:id/btn_next
2020-08-10 17:53:42,679 - INFO - user_log.py - 春衫 - 日志信息:点击【下一步】按钮-点击元素('id', 'com.ecloud.hobay:id/btn_next')
2020-08-10 17:53:43,239 - INFO - user_log.py - 春衫 - 日志信息:输入的商品进货价是:100
2020-08-10 17:53:43,240 - INFO - user_log.py - 春衫 - 日志信息:定位方式:by.id--->定位值:com.ecloud.hobay:id/et_purchase_price
2020-08-10 17:53:44,601 - INFO - user_log.py - 春衫 - 日志信息:输入的商品出售价是:100
2020-08-10 17:53:44,602 - INFO - user_log.py - 春衫 - 日志信息:定位方式:by.id--->定位值:com.ecloud.hobay:id/et_price
2020-08-10 17:53:45,957 - INFO - user_log.py - 春衫 - 日志信息:输入的商品库存是:10000
2020-08-10 17:53:45,958 - INFO - user_log.py - 春衫 - 日志信息:定位方式:by.id--->定位值:com.ecloud.hobay:id/et_number
2020-08-10 17:53:46,570 - INFO - user_log.py - 春衫 - 日志信息:定位方式:by.id--->定位值:com.ecloud.hobay:id/btn_confirm
2020-08-10 17:53:46,626 - INFO - user_log.py - 春衫 - 日志信息:点击【确定】按钮-点击元素('id', 'com.ecloud.hobay:id/btn_confirm')
2020-08-10 17:53:48,273 - INFO - user_log.py - 春衫 - 日志信息:定位方式:by.id--->定位值:com.ecloud.hobay:id/tv_freight
2020-08-10 17:53:48,340 - INFO - user_log.py - 春衫 - 日志信息:点击【运费】选项-点击元素('id', 'com.ecloud.hobay:id/tv_freight')
2020-08-10 17:53:48,905 - INFO - user_log.py - 春衫 - 日志信息:定位方式:by.id--->定位值:com.ecloud.hobay:id/tv_dialog_item
2020-08-10 17:53:49,599 - INFO - user_log.py - 春衫 - 日志信息:选择【包邮】选项-点击元素('id', 'com.ecloud.hobay:id/tv_dialog_item')
2020-08-10 17:53:50,162 - INFO - user_log.py - 春衫 - 日志信息:定位方式:by.id--->定位值:com.ecloud.hobay:id/btn_immediately_publish
2020-08-10 17:53:50,782 - INFO - user_log.py - 春衫 - 日志信息:点击【立即上架】按钮-点击元素('id', 'com.ecloud.hobay:id/btn_immediately_publish')
2020-08-10 17:53:51,836 - INFO - user_log.py - 春衫 - 日志信息:等待元素('id', 'com.ecloud.hobay:id/tv_tips')可见
2020-08-10 17:53:51,914 - INFO - user_log.py - 春衫 - 日志信息:等待时长为：0
2020-08-10 17:53:51,915 - INFO - user_log.py - 春衫 - 日志信息:定位方式:by.id--->定位值:com.ecloud.hobay:id/tv_tips
2020-08-10 17:53:51,980 - INFO - user_log.py - 春衫 - 日志信息:获取到的文本内容是：商品审核中
2020-08-10 17:57:43,655 - INFO - user_log.py - 春衫 - 日志信息:元素('xpath', "//*[@text='始终允许']")不存在
2020-08-10 17:57:48,656 - INFO - user_log.py - 春衫 - 日志信息:定位方式:by.id--->定位值:com.ecloud.hobay:id/rb_me
2020-08-10 17:57:49,199 - INFO - user_log.py - 春衫 - 日志信息:发布商品-通用条件-获取当前app的登陆状态-点击元素('id', 'com.ecloud.hobay:id/rb_me')
2020-08-10 17:57:51,084 - INFO - user_log.py - 春衫 - 日志信息:元素('id', 'com.ecloud.hobay:id/tv_setting')存在
2020-08-10 17:57:51,085 - INFO - user_log.py - 春衫 - 日志信息:定位方式:by.id--->定位值:com.ecloud.hobay:id/tv_setting
2020-08-10 17:57:51,645 - INFO - user_log.py - 春衫 - 日志信息:发布商品-通用条件-点击【设置】按钮-点击元素('id', 'com.ecloud.hobay:id/tv_setting')
2020-08-10 17:57:52,256 - INFO - user_log.py - 春衫 - 日志信息:定位方式:by.id--->定位值:com.ecloud.hobay:id/btn_exit
2020-08-10 17:57:52,874 - INFO - user_log.py - 春衫 - 日志信息:发布商品-通用条件-点击【退出】按钮-点击元素('id', 'com.ecloud.hobay:id/btn_exit')
2020-08-10 17:57:53,948 - INFO - user_log.py - 春衫 - 日志信息:点击坐标(440, 775)
2020-08-10 17:58:02,033 - INFO - user_log.py - 春衫 - 日志信息:输入数字是13724765586
2020-08-10 17:58:03,034 - INFO - user_log.py - 春衫 - 日志信息:点击坐标(540, 1030)
2020-08-10 17:58:04,755 - INFO - user_log.py - 春衫 - 日志信息:点击坐标(500, 860)
2020-08-10 17:58:10,526 - INFO - user_log.py - 春衫 - 日志信息:点击坐标(540, 1110)
2020-08-10 17:58:13,055 - INFO - user_log.py - 春衫 - 日志信息:等待元素('id', 'com.ecloud.hobay:id/rb_helpping_me')可见
2020-08-10 17:58:13,777 - INFO - user_log.py - 春衫 - 日志信息:等待时长为：0
2020-08-10 17:58:13,778 - INFO - user_log.py - 春衫 - 日志信息:定位方式:by.id--->定位值:com.ecloud.hobay:id/rb_helpping_me
2020-08-10 17:58:14,133 - INFO - user_log.py - 春衫 - 日志信息:点击底部导航栏-发布商品-点击元素('id', 'com.ecloud.hobay:id/rb_helpping_me')
2020-08-10 17:58:16,335 - INFO - user_log.py - 春衫 - 日志信息:定位方式:by.id--->定位值:com.ecloud.hobay:id/iv_publish_product
2020-08-10 17:58:16,443 - INFO - user_log.py - 春衫 - 日志信息:点击元素('id', 'com.ecloud.hobay:id/iv_publish_product')
2020-08-10 17:58:18,060 - INFO - user_log.py - 春衫 - 日志信息:定位方式:by.id--->定位值:com.ecloud.hobay:id/iv_add_pic
2020-08-10 17:58:18,148 - INFO - user_log.py - 春衫 - 日志信息:点击元素('id', 'com.ecloud.hobay:id/iv_add_pic')
2020-08-10 17:58:18,796 - INFO - user_log.py - 春衫 - 日志信息:元素('xpath', "//*[@text='始终允许']")不存在
2020-08-10 17:58:19,299 - INFO - user_log.py - 春衫 - 日志信息:定位方式:by.id--->定位值:com.ecloud.hobay:id/cb_check
2020-08-10 17:58:19,834 - INFO - user_log.py - 春衫 - 日志信息:点击元素('id', 'com.ecloud.hobay:id/cb_check')
2020-08-10 17:58:20,397 - INFO - user_log.py - 春衫 - 日志信息:定位方式:by.id--->定位值:com.ecloud.hobay:id/btn_ok
2020-08-10 17:58:20,900 - INFO - user_log.py - 春衫 - 日志信息:点击元素('id', 'com.ecloud.hobay:id/btn_ok')
2020-08-10 17:58:21,468 - INFO - user_log.py - 春衫 - 日志信息:输入的商品标题是:APP实物商品
2020-08-10 17:58:21,469 - INFO - user_log.py - 春衫 - 日志信息:定位方式:by.id--->定位值:com.ecloud.hobay:id/et_product_title
2020-08-10 17:58:23,783 - INFO - user_log.py - 春衫 - 日志信息:定位方式:by.id--->定位值:com.ecloud.hobay:id/tv_product_detail
2020-08-10 17:58:23,971 - INFO - user_log.py - 春衫 - 日志信息:点击【商品描述】选项-点击元素('id', 'com.ecloud.hobay:id/tv_product_detail')
2020-08-10 17:58:24,535 - INFO - user_log.py - 春衫 - 日志信息:定位方式:by.class name--->定位值:android.widget.EditText
2020-08-10 17:58:25,400 - INFO - user_log.py - 春衫 - 日志信息:输入商品详情:发布实物商品搞定啦，继续优化
2020-08-10 17:58:25,902 - INFO - user_log.py - 春衫 - 日志信息:定位方式:by.id--->定位值:com.ecloud.hobay:id/btn_add_pic
2020-08-10 17:58:26,036 - INFO - user_log.py - 春衫 - 日志信息:点击元素('id', 'com.ecloud.hobay:id/btn_add_pic')
2020-08-10 17:58:27,394 - INFO - user_log.py - 春衫 - 日志信息:元素('xpath', "//*[@text='始终允许']")不存在
2020-08-10 17:58:27,896 - INFO - user_log.py - 春衫 - 日志信息:定位方式:by.id--->定位值:com.ecloud.hobay:id/cb_check
2020-08-10 17:58:27,953 - INFO - user_log.py - 春衫 - 日志信息:点击元素('id', 'com.ecloud.hobay:id/cb_check')
2020-08-10 17:58:28,528 - INFO - user_log.py - 春衫 - 日志信息:定位方式:by.id--->定位值:com.ecloud.hobay:id/btn_ok
2020-08-10 17:58:28,962 - INFO - user_log.py - 春衫 - 日志信息:点击元素('id', 'com.ecloud.hobay:id/btn_ok')
2020-08-10 17:58:29,533 - INFO - user_log.py - 春衫 - 日志信息:定位方式:by.id--->定位值:com.ecloud.hobay:id/btn_complete
2020-08-10 17:58:30,221 - INFO - user_log.py - 春衫 - 日志信息:点击【完成】按钮-点击元素('id', 'com.ecloud.hobay:id/btn_complete')
2020-08-10 17:58:31,303 - INFO - user_log.py - 春衫 - 日志信息:定位方式:by.id--->定位值:com.ecloud.hobay:id/tv_product_phase
2020-08-10 17:58:31,926 - INFO - user_log.py - 春衫 - 日志信息:点击【品相】选项-点击元素('id', 'com.ecloud.hobay:id/tv_product_phase')
2020-08-10 17:58:32,497 - INFO - user_log.py - 春衫 - 日志信息:定位方式:by.id--->定位值:com.ecloud.hobay:id/tv_dialog_item
2020-08-10 17:58:32,813 - INFO - user_log.py - 春衫 - 日志信息:点击【全新】选项-点击元素('id', 'com.ecloud.hobay:id/tv_dialog_item')
2020-08-10 17:58:33,367 - INFO - user_log.py - 春衫 - 日志信息:定位方式:by.id--->定位值:com.ecloud.hobay:id/tv_select_type
2020-08-10 17:58:33,979 - INFO - user_log.py - 春衫 - 日志信息:点击【分类】选项-点击元素('id', 'com.ecloud.hobay:id/tv_select_type')
2020-08-10 17:58:35,813 - INFO - user_log.py - 春衫 - 日志信息:定位方式:by.id--->定位值:com.ecloud.hobay:id/tv_list_name
2020-08-10 17:58:36,114 - INFO - user_log.py - 春衫 - 日志信息:点击【二级分类】选项-点击元素('id', 'com.ecloud.hobay:id/tv_list_name')
2020-08-10 17:58:36,670 - INFO - user_log.py - 春衫 - 日志信息:定位方式:by.id--->定位值:com.ecloud.hobay:id/tv_show_name
2020-08-10 17:58:36,814 - INFO - user_log.py - 春衫 - 日志信息:选择【三级分类】选项-点击元素('id', 'com.ecloud.hobay:id/tv_show_name')
2020-08-10 17:58:37,378 - INFO - user_log.py - 春衫 - 日志信息:定位方式:by.id--->定位值:com.ecloud.hobay:id/tv_product_type
2020-08-10 17:58:37,958 - INFO - user_log.py - 春衫 - 日志信息:点击【商品类型】选项-点击元素('id', 'com.ecloud.hobay:id/tv_product_type')
2020-08-10 17:58:38,513 - INFO - user_log.py - 春衫 - 日志信息:定位方式:by.id--->定位值:com.ecloud.hobay:id/tv_dialog_item
2020-08-10 17:58:39,177 - INFO - user_log.py - 春衫 - 日志信息:选择【商品类型】选项-点击元素('id', 'com.ecloud.hobay:id/tv_dialog_item')
2020-08-10 17:58:39,738 - INFO - user_log.py - 春衫 - 日志信息:定位方式:by.id--->定位值:com.ecloud.hobay:id/tv_specification
2020-08-10 17:58:40,325 - INFO - user_log.py - 春衫 - 日志信息:点击【规格】选项-点击元素('id', 'com.ecloud.hobay:id/tv_specification')
2020-08-10 17:58:40,876 - INFO - user_log.py - 春衫 - 日志信息:输入的商品规格是:外套
2020-08-10 17:58:40,877 - INFO - user_log.py - 春衫 - 日志信息:定位方式:by.id--->定位值:com.ecloud.hobay:id/et_first_attributes
2020-08-10 17:58:42,123 - INFO - user_log.py - 春衫 - 日志信息:输入的商品属性是:红色
2020-08-10 17:58:42,124 - INFO - user_log.py - 春衫 - 日志信息:定位方式:by.id--->定位值:com.ecloud.hobay:id/et_name
2020-08-10 17:58:43,302 - INFO - user_log.py - 春衫 - 日志信息:定位方式:by.id--->定位值:com.ecloud.hobay:id/tv_add_pic
2020-08-10 17:58:43,362 - INFO - user_log.py - 春衫 - 日志信息:点击上传规格图片-点击元素('id', 'com.ecloud.hobay:id/tv_add_pic')
2020-08-10 17:58:43,944 - INFO - user_log.py - 春衫 - 日志信息:定位方式:by.id--->定位值:com.ecloud.hobay:id/iv_thumb
2020-08-10 17:58:44,482 - INFO - user_log.py - 春衫 - 日志信息:选择规格图片-点击元素('id', 'com.ecloud.hobay:id/iv_thumb')
2020-08-10 17:58:45,074 - INFO - user_log.py - 春衫 - 日志信息:定位方式:by.id--->定位值:com.ecloud.hobay:id/btn_next
2020-08-10 17:58:45,753 - INFO - user_log.py - 春衫 - 日志信息:点击【下一步】按钮-点击元素('id', 'com.ecloud.hobay:id/btn_next')
2020-08-10 17:58:46,309 - INFO - user_log.py - 春衫 - 日志信息:输入的商品进货价是:100
2020-08-10 17:58:46,310 - INFO - user_log.py - 春衫 - 日志信息:定位方式:by.id--->定位值:com.ecloud.hobay:id/et_purchase_price
2020-08-10 17:58:47,400 - INFO - user_log.py - 春衫 - 日志信息:输入的商品出售价是:100
2020-08-10 17:58:47,401 - INFO - user_log.py - 春衫 - 日志信息:定位方式:by.id--->定位值:com.ecloud.hobay:id/et_price
2020-08-10 17:58:48,507 - INFO - user_log.py - 春衫 - 日志信息:输入的商品库存是:10000
2020-08-10 17:58:48,508 - INFO - user_log.py - 春衫 - 日志信息:定位方式:by.id--->定位值:com.ecloud.hobay:id/et_number
2020-08-10 17:58:49,638 - INFO - user_log.py - 春衫 - 日志信息:定位方式:by.id--->定位值:com.ecloud.hobay:id/btn_confirm
2020-08-10 17:58:49,710 - INFO - user_log.py - 春衫 - 日志信息:点击【确定】按钮-点击元素('id', 'com.ecloud.hobay:id/btn_confirm')
2020-08-10 17:58:50,285 - INFO - user_log.py - 春衫 - 日志信息:定位方式:by.id--->定位值:com.ecloud.hobay:id/tv_freight
2020-08-10 17:58:50,923 - INFO - user_log.py - 春衫 - 日志信息:点击【运费】选项-点击元素('id', 'com.ecloud.hobay:id/tv_freight')
2020-08-10 17:58:51,518 - INFO - user_log.py - 春衫 - 日志信息:定位方式:by.id--->定位值:com.ecloud.hobay:id/tv_dialog_item
2020-08-10 17:58:51,823 - INFO - user_log.py - 春衫 - 日志信息:选择【包邮】选项-点击元素('id', 'com.ecloud.hobay:id/tv_dialog_item')
2020-08-10 17:58:52,397 - INFO - user_log.py - 春衫 - 日志信息:定位方式:by.id--->定位值:com.ecloud.hobay:id/btn_immediately_publish
2020-08-10 17:58:53,009 - INFO - user_log.py - 春衫 - 日志信息:点击【立即上架】按钮-点击元素('id', 'com.ecloud.hobay:id/btn_immediately_publish')
2020-08-10 17:58:54,068 - INFO - user_log.py - 春衫 - 日志信息:等待元素('id', 'com.ecloud.hobay:id/tv_tips')可见
2020-08-10 17:58:54,879 - INFO - user_log.py - 春衫 - 日志信息:等待时长为：0
2020-08-10 17:58:54,880 - INFO - user_log.py - 春衫 - 日志信息:定位方式:by.id--->定位值:com.ecloud.hobay:id/tv_tips
2020-08-10 17:58:54,959 - INFO - user_log.py - 春衫 - 日志信息:获取到的文本内容是：商品审核中
2020-08-10 19:08:16,670 - INFO - user_log.py - 春衫 - 日志信息:元素('xpath', "//*[@text='始终允许']")不存在
2020-08-10 19:08:21,671 - INFO - user_log.py - 春衫 - 日志信息:定位方式:by.id--->定位值:com.ecloud.hobay:id/rb_me
2020-08-10 19:08:22,212 - INFO - user_log.py - 春衫 - 日志信息:发布商品-通用条件-获取当前app的登陆状态-点击元素('id', 'com.ecloud.hobay:id/rb_me')
2020-08-10 19:08:24,378 - INFO - user_log.py - 春衫 - 日志信息:元素('id', 'com.ecloud.hobay:id/tv_setting')存在
2020-08-10 19:08:24,379 - INFO - user_log.py - 春衫 - 日志信息:定位方式:by.id--->定位值:com.ecloud.hobay:id/tv_setting
2020-08-10 19:08:24,691 - INFO - user_log.py - 春衫 - 日志信息:发布商品-通用条件-点击【设置】按钮-点击元素('id', 'com.ecloud.hobay:id/tv_setting')
2020-08-10 19:08:25,285 - INFO - user_log.py - 春衫 - 日志信息:定位方式:by.id--->定位值:com.ecloud.hobay:id/btn_exit
2020-08-10 19:08:25,884 - INFO - user_log.py - 春衫 - 日志信息:发布商品-通用条件-点击【退出】按钮-点击元素('id', 'com.ecloud.hobay:id/btn_exit')
2020-08-10 19:08:26,943 - INFO - user_log.py - 春衫 - 日志信息:点击坐标(440, 775)
2020-08-10 19:08:34,274 - INFO - user_log.py - 春衫 - 日志信息:输入数字是13724765586
2020-08-10 19:08:35,275 - INFO - user_log.py - 春衫 - 日志信息:点击坐标(540, 1030)
2020-08-10 19:08:36,969 - INFO - user_log.py - 春衫 - 日志信息:点击坐标(500, 860)
2020-08-10 19:08:42,513 - INFO - user_log.py - 春衫 - 日志信息:点击坐标(540, 1110)
2020-08-10 19:08:45,076 - INFO - user_log.py - 春衫 - 日志信息:等待元素('id', 'com.ecloud.hobay:id/rb_helpping_me')可见
2020-08-10 19:08:45,842 - INFO - user_log.py - 春衫 - 日志信息:等待时长为：0
2020-08-10 19:08:45,843 - INFO - user_log.py - 春衫 - 日志信息:定位方式:by.id--->定位值:com.ecloud.hobay:id/rb_helpping_me
2020-08-10 19:08:46,282 - INFO - user_log.py - 春衫 - 日志信息:点击底部导航栏-发布商品-点击元素('id', 'com.ecloud.hobay:id/rb_helpping_me')
2020-08-10 19:08:48,618 - INFO - user_log.py - 春衫 - 日志信息:定位方式:by.id--->定位值:com.ecloud.hobay:id/iv_publish_service
2020-08-10 19:08:48,683 - INFO - user_log.py - 春衫 - 日志信息:点击元素('id', 'com.ecloud.hobay:id/iv_publish_service')
2020-08-10 19:11:08,331 - INFO - user_log.py - 春衫 - 日志信息:元素('xpath', "//*[@text='始终允许']")不存在
2020-08-10 19:11:13,333 - INFO - user_log.py - 春衫 - 日志信息:定位方式:by.id--->定位值:com.ecloud.hobay:id/rb_me
2020-08-10 19:11:13,932 - INFO - user_log.py - 春衫 - 日志信息:发布商品-通用条件-获取当前app的登陆状态-点击元素('id', 'com.ecloud.hobay:id/rb_me')
2020-08-10 19:11:15,530 - INFO - user_log.py - 春衫 - 日志信息:元素('id', 'com.ecloud.hobay:id/tv_setting')存在
2020-08-10 19:11:15,531 - INFO - user_log.py - 春衫 - 日志信息:定位方式:by.id--->定位值:com.ecloud.hobay:id/tv_setting
2020-08-10 19:11:16,214 - INFO - user_log.py - 春衫 - 日志信息:发布商品-通用条件-点击【设置】按钮-点击元素('id', 'com.ecloud.hobay:id/tv_setting')
2020-08-10 19:11:16,816 - INFO - user_log.py - 春衫 - 日志信息:定位方式:by.id--->定位值:com.ecloud.hobay:id/btn_exit
2020-08-10 19:11:17,437 - INFO - user_log.py - 春衫 - 日志信息:发布商品-通用条件-点击【退出】按钮-点击元素('id', 'com.ecloud.hobay:id/btn_exit')
2020-08-10 19:11:18,507 - INFO - user_log.py - 春衫 - 日志信息:点击坐标(440, 775)
2020-08-10 19:11:25,866 - INFO - user_log.py - 春衫 - 日志信息:输入数字是13724765586
2020-08-10 19:11:26,867 - INFO - user_log.py - 春衫 - 日志信息:点击坐标(540, 1030)
2020-08-10 19:11:28,046 - INFO - user_log.py - 春衫 - 日志信息:点击坐标(500, 860)
2020-08-10 19:11:33,539 - INFO - user_log.py - 春衫 - 日志信息:点击坐标(540, 1110)
2020-08-10 19:11:36,082 - INFO - user_log.py - 春衫 - 日志信息:等待元素('id', 'com.ecloud.hobay:id/rb_helpping_me')可见
2020-08-10 19:11:37,267 - INFO - user_log.py - 春衫 - 日志信息:等待时长为：1
2020-08-10 19:11:37,268 - INFO - user_log.py - 春衫 - 日志信息:定位方式:by.id--->定位值:com.ecloud.hobay:id/rb_helpping_me
2020-08-10 19:11:38,347 - INFO - user_log.py - 春衫 - 日志信息:点击底部导航栏-发布商品-点击元素('id', 'com.ecloud.hobay:id/rb_helpping_me')
2020-08-10 19:11:39,966 - INFO - user_log.py - 春衫 - 日志信息:定位方式:by.id--->定位值:com.ecloud.hobay:id/iv_publish_service
2020-08-10 19:11:40,042 - INFO - user_log.py - 春衫 - 日志信息:点击元素('id', 'com.ecloud.hobay:id/iv_publish_service')
2020-08-10 19:11:41,677 - INFO - user_log.py - 春衫 - 日志信息:定位方式:by.id--->定位值:com.ecloud.hobay:id/iv_add_pic
2020-08-10 19:11:41,749 - INFO - user_log.py - 春衫 - 日志信息:点击元素('id', 'com.ecloud.hobay:id/iv_add_pic')
2020-08-10 19:11:43,160 - INFO - user_log.py - 春衫 - 日志信息:元素('xpath', "//*[@text='始终允许']")不存在
2020-08-10 19:11:43,660 - INFO - user_log.py - 春衫 - 日志信息:定位方式:by.id--->定位值:com.ecloud.hobay:id/cb_check
2020-08-10 19:11:43,815 - INFO - user_log.py - 春衫 - 日志信息:点击元素('id', 'com.ecloud.hobay:id/cb_check')
2020-08-10 19:11:44,400 - INFO - user_log.py - 春衫 - 日志信息:定位方式:by.id--->定位值:com.ecloud.hobay:id/btn_ok
2020-08-10 19:11:44,859 - INFO - user_log.py - 春衫 - 日志信息:点击元素('id', 'com.ecloud.hobay:id/btn_ok')
2020-08-10 19:11:45,444 - INFO - user_log.py - 春衫 - 日志信息:输入的商品标题是:APP商企服务
2020-08-10 19:11:45,445 - INFO - user_log.py - 春衫 - 日志信息:定位方式:by.id--->定位值:com.ecloud.hobay:id/et_product_title
2020-08-10 19:11:47,255 - INFO - user_log.py - 春衫 - 日志信息:输入商品详情是:发布商企服务搞定啦，继续优化
2020-08-10 19:11:47,256 - INFO - user_log.py - 春衫 - 日志信息:定位方式:by.id--->定位值:com.ecloud.hobay:id/et_product_desc
2020-08-10 19:11:48,387 - INFO - user_log.py - 春衫 - 日志信息:定位方式:by.id--->定位值:com.ecloud.hobay:id/tv_select_type
2020-08-10 19:11:48,918 - INFO - user_log.py - 春衫 - 日志信息:测试发布商企服务商品-发布商企服务商品-选择分类-点击元素('id', 'com.ecloud.hobay:id/tv_select_type')
2020-08-10 19:11:48,973 - INFO - user_log.py - 春衫 - 日志信息:定位方式:by.id--->定位值:com.ecloud.hobay:id/tv_list_name
2020-08-10 19:11:49,824 - INFO - user_log.py - 春衫 - 日志信息:测试发布商企服务商品-发布商企服务商品-选择二级分类-点击元素('id', 'com.ecloud.hobay:id/tv_list_name')
2020-08-10 19:11:50,236 - INFO - user_log.py - 春衫 - 日志信息:定位方式:by.id--->定位值:com.ecloud.hobay:id/tv_show_name
2020-08-10 19:11:50,876 - INFO - user_log.py - 春衫 - 日志信息:测试发布商企服务商品-发布商企服务商品-选择三级分类-点击元素('id', 'com.ecloud.hobay:id/tv_show_name')
2020-08-10 19:11:51,458 - INFO - user_log.py - 春衫 - 日志信息:输入商品总价是:100
2020-08-10 19:11:51,459 - INFO - user_log.py - 春衫 - 日志信息:定位方式:by.id--->定位值:com.ecloud.hobay:id/et_product_all_price
2020-08-10 19:11:53,676 - INFO - user_log.py - 春衫 - 日志信息:输入预付款是:10
2020-08-10 19:11:53,677 - INFO - user_log.py - 春衫 - 日志信息:定位方式:by.id--->定位值:com.ecloud.hobay:id/et_product_price
2020-08-10 19:11:54,302 - INFO - user_log.py - 春衫 - 日志信息:输入商品库存是:10000
2020-08-10 19:11:54,303 - INFO - user_log.py - 春衫 - 日志信息:定位方式:by.id--->定位值:com.ecloud.hobay:id/et_product_number
2020-08-10 19:11:55,447 - INFO - user_log.py - 春衫 - 日志信息:输入限购数量是:
2020-08-10 19:11:55,448 - INFO - user_log.py - 春衫 - 日志信息:定位方式:by.id--->定位值:com.ecloud.hobay:id/et_buy_num
2020-08-10 19:11:56,844 - INFO - user_log.py - 春衫 - 日志信息:定位方式:by.id--->定位值:com.ecloud.hobay:id/btn_immediately_publish
2020-08-10 19:11:56,924 - INFO - user_log.py - 春衫 - 日志信息:点击【立即上架】按钮-点击元素('id', 'com.ecloud.hobay:id/btn_immediately_publish')
2020-08-10 19:11:58,011 - INFO - user_log.py - 春衫 - 日志信息:等待元素('id', 'com.ecloud.hobay:id/tv_tips')可见
2020-08-10 19:11:58,081 - INFO - user_log.py - 春衫 - 日志信息:等待时长为：0
2020-08-10 19:11:58,082 - INFO - user_log.py - 春衫 - 日志信息:定位方式:by.id--->定位值:com.ecloud.hobay:id/tv_tips
2020-08-10 19:11:58,153 - INFO - user_log.py - 春衫 - 日志信息:获取到的文本内容是：商品审核中
2020-08-10 19:14:03,822 - INFO - user_log.py - 春衫 - 日志信息:元素('xpath', "//*[@text='始终允许']")不存在
2020-08-10 19:14:08,823 - INFO - user_log.py - 春衫 - 日志信息:定位方式:by.id--->定位值:com.ecloud.hobay:id/rb_me
2020-08-10 19:14:09,310 - INFO - user_log.py - 春衫 - 日志信息:发布商品-通用条件-获取当前app的登陆状态-点击元素('id', 'com.ecloud.hobay:id/rb_me')
2020-08-10 19:14:10,732 - INFO - user_log.py - 春衫 - 日志信息:元素('id', 'com.ecloud.hobay:id/tv_setting')存在
2020-08-10 19:14:10,733 - INFO - user_log.py - 春衫 - 日志信息:定位方式:by.id--->定位值:com.ecloud.hobay:id/tv_setting
2020-08-10 19:14:11,351 - INFO - user_log.py - 春衫 - 日志信息:发布商品-通用条件-点击【设置】按钮-点击元素('id', 'com.ecloud.hobay:id/tv_setting')
2020-08-10 19:14:11,955 - INFO - user_log.py - 春衫 - 日志信息:定位方式:by.id--->定位值:com.ecloud.hobay:id/btn_exit
2020-08-10 19:14:12,512 - INFO - user_log.py - 春衫 - 日志信息:发布商品-通用条件-点击【退出】按钮-点击元素('id', 'com.ecloud.hobay:id/btn_exit')
2020-08-10 19:14:13,607 - INFO - user_log.py - 春衫 - 日志信息:点击坐标(440, 775)
2020-08-10 19:14:21,395 - INFO - user_log.py - 春衫 - 日志信息:输入数字是13724765586
2020-08-10 19:14:22,397 - INFO - user_log.py - 春衫 - 日志信息:点击坐标(540, 1030)
2020-08-10 19:14:23,571 - INFO - user_log.py - 春衫 - 日志信息:点击坐标(500, 860)
2020-08-10 19:14:29,081 - INFO - user_log.py - 春衫 - 日志信息:点击坐标(540, 1110)
2020-08-10 19:14:30,740 - INFO - user_log.py - 春衫 - 日志信息:等待元素('id', 'com.ecloud.hobay:id/rb_helpping_me')可见
2020-08-10 19:14:32,919 - INFO - user_log.py - 春衫 - 日志信息:等待时长为：2
2020-08-10 19:14:32,920 - INFO - user_log.py - 春衫 - 日志信息:定位方式:by.id--->定位值:com.ecloud.hobay:id/rb_helpping_me
2020-08-10 19:14:33,313 - INFO - user_log.py - 春衫 - 日志信息:点击底部导航栏-发布商品-点击元素('id', 'com.ecloud.hobay:id/rb_helpping_me')
2020-08-10 19:14:34,920 - INFO - user_log.py - 春衫 - 日志信息:定位方式:by.id--->定位值:com.ecloud.hobay:id/iv_publish_card
2020-08-10 19:14:35,012 - INFO - user_log.py - 春衫 - 日志信息:点击元素('id', 'com.ecloud.hobay:id/iv_publish_card')
2020-08-10 19:14:36,610 - INFO - user_log.py - 春衫 - 日志信息:定位方式:by.id--->定位值:com.ecloud.hobay:id/iv_add_pic
2020-08-10 19:14:36,683 - INFO - user_log.py - 春衫 - 日志信息:点击元素('id', 'com.ecloud.hobay:id/iv_add_pic')
2020-08-10 19:14:38,037 - INFO - user_log.py - 春衫 - 日志信息:元素('xpath', "//*[@text='始终允许']")不存在
2020-08-10 19:14:38,539 - INFO - user_log.py - 春衫 - 日志信息:定位方式:by.id--->定位值:com.ecloud.hobay:id/cb_check
2020-08-10 19:14:38,607 - INFO - user_log.py - 春衫 - 日志信息:点击元素('id', 'com.ecloud.hobay:id/cb_check')
2020-08-10 19:14:39,199 - INFO - user_log.py - 春衫 - 日志信息:定位方式:by.id--->定位值:com.ecloud.hobay:id/btn_ok
2020-08-10 19:14:39,642 - INFO - user_log.py - 春衫 - 日志信息:点击元素('id', 'com.ecloud.hobay:id/btn_ok')
2020-08-10 19:14:40,238 - INFO - user_log.py - 春衫 - 日志信息:输入的商品标题是:APP本地生活
2020-08-10 19:14:40,239 - INFO - user_log.py - 春衫 - 日志信息:定位方式:by.id--->定位值:com.ecloud.hobay:id/et_product_title
2020-08-10 19:14:42,052 - INFO - user_log.py - 春衫 - 日志信息:输入商品详情:发布本地生活搞定啦，继续优化
2020-08-10 19:14:42,053 - INFO - user_log.py - 春衫 - 日志信息:定位方式:by.id--->定位值:com.ecloud.hobay:id/et_product_desc
2020-08-10 19:14:43,187 - INFO - user_log.py - 春衫 - 日志信息:定位方式:by.id--->定位值:com.ecloud.hobay:id/tv_select_type
2020-08-10 19:14:43,266 - INFO - user_log.py - 春衫 - 日志信息:测试发布本地生活商品-点击【分类】按钮-点击元素('id', 'com.ecloud.hobay:id/tv_select_type')
2020-08-10 19:14:43,826 - INFO - user_log.py - 春衫 - 日志信息:定位方式:by.id--->定位值:com.ecloud.hobay:id/tv_list_name
2020-08-10 19:14:44,422 - INFO - user_log.py - 春衫 - 日志信息:测试发布本地生活商品-点击【二级分类】选项-点击元素('id', 'com.ecloud.hobay:id/tv_list_name')
2020-08-10 19:14:45,015 - INFO - user_log.py - 春衫 - 日志信息:定位方式:by.id--->定位值:com.ecloud.hobay:id/tv_show_name
2020-08-10 19:14:45,122 - INFO - user_log.py - 春衫 - 日志信息:测试发布本地生活商品-选择第一个【三级分类】选项-点击元素('id', 'com.ecloud.hobay:id/tv_show_name')
2020-08-10 19:14:45,685 - INFO - user_log.py - 春衫 - 日志信息:定位方式:by.id--->定位值:com.ecloud.hobay:id/tv_select_volume
2020-08-10 19:14:46,276 - INFO - user_log.py - 春衫 - 日志信息:测试发布本地生活商品-点击【券类】按钮-点击元素('id', 'com.ecloud.hobay:id/tv_select_volume')
2020-08-10 19:14:46,841 - INFO - user_log.py - 春衫 - 日志信息:定位方式:by.-android uiautomator--->定位值:new UiSelector().text("代金券")
2020-08-10 19:14:47,036 - INFO - user_log.py - 春衫 - 日志信息:测试发布本地生活商品-点击【券类】按钮-点击元素('-android uiautomator', 'new UiSelector().text("代金券")')
2020-08-10 19:14:48,899 - INFO - user_log.py - 春衫 - 日志信息:输入的商品总价是:100
2020-08-10 19:14:48,900 - INFO - user_log.py - 春衫 - 日志信息:定位方式:by.id--->定位值:com.ecloud.hobay:id/et_product_price
2020-08-10 19:14:50,055 - INFO - user_log.py - 春衫 - 日志信息:输入的商品库存是:10000
2020-08-10 19:14:50,056 - INFO - user_log.py - 春衫 - 日志信息:定位方式:by.id--->定位值:com.ecloud.hobay:id/et_product_number
2020-08-10 19:14:51,184 - INFO - user_log.py - 春衫 - 日志信息:输入的商品限购数量是:
2020-08-10 19:14:51,185 - INFO - user_log.py - 春衫 - 日志信息:定位方式:by.id--->定位值:com.ecloud.hobay:id/et_buy_num
2020-08-10 19:14:51,807 - INFO - user_log.py - 春衫 - 日志信息:定位方式:by.id--->定位值:com.ecloud.hobay:id/btn_immediately_publish
2020-08-10 19:14:51,924 - INFO - user_log.py - 春衫 - 日志信息:点击【立即上架】按钮-点击元素('id', 'com.ecloud.hobay:id/btn_immediately_publish')
2020-08-10 19:14:53,459 - INFO - user_log.py - 春衫 - 日志信息:等待元素('id', 'com.ecloud.hobay:id/tv_tips')可见
2020-08-10 19:14:53,871 - INFO - user_log.py - 春衫 - 日志信息:等待时长为：0
2020-08-10 19:14:53,872 - INFO - user_log.py - 春衫 - 日志信息:定位方式:by.id--->定位值:com.ecloud.hobay:id/tv_tips
2020-08-10 19:14:53,957 - INFO - user_log.py - 春衫 - 日志信息:获取到的文本内容是：商品审核中
2020-08-10 19:15:13,596 - INFO - user_log.py - 春衫 - 日志信息:元素('xpath', "//*[@text='始终允许']")不存在
2020-08-10 19:15:18,597 - INFO - user_log.py - 春衫 - 日志信息:定位方式:by.id--->定位值:com.ecloud.hobay:id/rb_me
2020-08-10 19:15:19,002 - INFO - user_log.py - 春衫 - 日志信息:发布商品-通用条件-获取当前app的登陆状态-点击元素('id', 'com.ecloud.hobay:id/rb_me')
2020-08-10 19:15:21,136 - INFO - user_log.py - 春衫 - 日志信息:元素('id', 'com.ecloud.hobay:id/tv_setting')存在
2020-08-10 19:15:21,138 - INFO - user_log.py - 春衫 - 日志信息:定位方式:by.id--->定位值:com.ecloud.hobay:id/tv_setting
2020-08-10 19:15:21,822 - INFO - user_log.py - 春衫 - 日志信息:发布商品-通用条件-点击【设置】按钮-点击元素('id', 'com.ecloud.hobay:id/tv_setting')
2020-08-10 19:15:22,429 - INFO - user_log.py - 春衫 - 日志信息:定位方式:by.id--->定位值:com.ecloud.hobay:id/btn_exit
2020-08-10 19:15:23,027 - INFO - user_log.py - 春衫 - 日志信息:发布商品-通用条件-点击【退出】按钮-点击元素('id', 'com.ecloud.hobay:id/btn_exit')
2020-08-10 19:15:24,121 - INFO - user_log.py - 春衫 - 日志信息:点击坐标(440, 775)
2020-08-10 19:15:32,038 - INFO - user_log.py - 春衫 - 日志信息:输入数字是13724765586
2020-08-10 19:15:33,040 - INFO - user_log.py - 春衫 - 日志信息:点击坐标(540, 1030)
2020-08-10 19:15:34,735 - INFO - user_log.py - 春衫 - 日志信息:点击坐标(500, 860)
2020-08-10 19:15:40,459 - INFO - user_log.py - 春衫 - 日志信息:点击坐标(540, 1110)
2020-08-10 19:15:43,014 - INFO - user_log.py - 春衫 - 日志信息:等待元素('id', 'com.ecloud.hobay:id/rb_helpping_me')可见
2020-08-10 19:15:43,579 - INFO - user_log.py - 春衫 - 日志信息:等待时长为：0
2020-08-10 19:15:43,580 - INFO - user_log.py - 春衫 - 日志信息:定位方式:by.id--->定位值:com.ecloud.hobay:id/rb_helpping_me
2020-08-10 19:15:43,934 - INFO - user_log.py - 春衫 - 日志信息:点击底部导航栏-发布商品-点击元素('id', 'com.ecloud.hobay:id/rb_helpping_me')
2020-08-10 19:15:45,525 - INFO - user_log.py - 春衫 - 日志信息:定位方式:by.id--->定位值:com.ecloud.hobay:id/iv_publish_service
2020-08-10 19:15:45,590 - INFO - user_log.py - 春衫 - 日志信息:点击元素('id', 'com.ecloud.hobay:id/iv_publish_service')
2020-08-10 19:15:47,187 - INFO - user_log.py - 春衫 - 日志信息:定位方式:by.id--->定位值:com.ecloud.hobay:id/iv_add_pic
2020-08-10 19:15:47,258 - INFO - user_log.py - 春衫 - 日志信息:点击元素('id', 'com.ecloud.hobay:id/iv_add_pic')
2020-08-10 19:15:49,209 - INFO - user_log.py - 春衫 - 日志信息:元素('xpath', "//*[@text='始终允许']")不存在
2020-08-10 19:15:49,712 - INFO - user_log.py - 春衫 - 日志信息:定位方式:by.id--->定位值:com.ecloud.hobay:id/cb_check
2020-08-10 19:15:49,769 - INFO - user_log.py - 春衫 - 日志信息:点击元素('id', 'com.ecloud.hobay:id/cb_check')
2020-08-10 19:15:50,342 - INFO - user_log.py - 春衫 - 日志信息:定位方式:by.id--->定位值:com.ecloud.hobay:id/btn_ok
2020-08-10 19:15:50,773 - INFO - user_log.py - 春衫 - 日志信息:点击元素('id', 'com.ecloud.hobay:id/btn_ok')
2020-08-10 19:15:51,345 - INFO - user_log.py - 春衫 - 日志信息:输入的商品标题是:APP商企服务
2020-08-10 19:15:51,346 - INFO - user_log.py - 春衫 - 日志信息:定位方式:by.id--->定位值:com.ecloud.hobay:id/et_product_title
2020-08-10 19:15:53,171 - INFO - user_log.py - 春衫 - 日志信息:输入商品详情是:发布商企服务搞定啦，继续优化
2020-08-10 19:15:53,172 - INFO - user_log.py - 春衫 - 日志信息:定位方式:by.id--->定位值:com.ecloud.hobay:id/et_product_desc
2020-08-10 19:15:53,788 - INFO - user_log.py - 春衫 - 日志信息:定位方式:by.id--->定位值:com.ecloud.hobay:id/tv_select_type
2020-08-10 19:15:54,323 - INFO - user_log.py - 春衫 - 日志信息:测试发布商企服务商品-发布商企服务商品-选择分类-点击元素('id', 'com.ecloud.hobay:id/tv_select_type')
2020-08-10 19:15:54,384 - INFO - user_log.py - 春衫 - 日志信息:定位方式:by.id--->定位值:com.ecloud.hobay:id/tv_list_name
2020-08-10 19:15:54,438 - INFO - user_log.py - 春衫 - 日志信息:没有找到这个元素
2020-08-10 19:15:54,453 - INFO - user_log.py - 春衫 - 日志信息:元素点击操作失败!
2020-08-10 19:21:27,132 - INFO - user_log.py - 春衫 - 日志信息:元素('xpath', "//*[@text='始终允许']")不存在
2020-08-10 19:21:32,132 - INFO - user_log.py - 春衫 - 日志信息:定位方式:by.id--->定位值:com.ecloud.hobay:id/rb_me
2020-08-10 19:21:32,510 - INFO - user_log.py - 春衫 - 日志信息:发布商品-通用条件-获取当前app的登陆状态-点击元素('id', 'com.ecloud.hobay:id/rb_me')
2020-08-10 19:21:33,994 - INFO - user_log.py - 春衫 - 日志信息:元素('id', 'com.ecloud.hobay:id/tv_setting')存在
2020-08-10 19:21:33,995 - INFO - user_log.py - 春衫 - 日志信息:定位方式:by.id--->定位值:com.ecloud.hobay:id/tv_setting
2020-08-10 19:21:34,657 - INFO - user_log.py - 春衫 - 日志信息:发布商品-通用条件-点击【设置】按钮-点击元素('id', 'com.ecloud.hobay:id/tv_setting')
2020-08-10 19:21:35,261 - INFO - user_log.py - 春衫 - 日志信息:定位方式:by.id--->定位值:com.ecloud.hobay:id/btn_exit
2020-08-10 19:21:35,840 - INFO - user_log.py - 春衫 - 日志信息:发布商品-通用条件-点击【退出】按钮-点击元素('id', 'com.ecloud.hobay:id/btn_exit')
2020-08-10 19:21:36,907 - INFO - user_log.py - 春衫 - 日志信息:点击坐标(440, 775)
2020-08-10 19:21:44,215 - INFO - user_log.py - 春衫 - 日志信息:输入数字是13724765586
2020-08-10 19:21:45,216 - INFO - user_log.py - 春衫 - 日志信息:点击坐标(540, 1030)
2020-08-10 19:21:47,164 - INFO - user_log.py - 春衫 - 日志信息:点击坐标(500, 860)
2020-08-10 19:21:52,712 - INFO - user_log.py - 春衫 - 日志信息:点击坐标(540, 1110)
2020-08-10 19:21:55,245 - INFO - user_log.py - 春衫 - 日志信息:等待元素('id', 'com.ecloud.hobay:id/rb_helpping_me')可见
2020-08-10 19:21:55,974 - INFO - user_log.py - 春衫 - 日志信息:等待时长为：0
2020-08-10 19:21:55,975 - INFO - user_log.py - 春衫 - 日志信息:定位方式:by.id--->定位值:com.ecloud.hobay:id/rb_helpping_me
2020-08-10 19:21:56,450 - INFO - user_log.py - 春衫 - 日志信息:点击底部导航栏-发布商品-点击元素('id', 'com.ecloud.hobay:id/rb_helpping_me')
2020-08-10 19:21:58,783 - INFO - user_log.py - 春衫 - 日志信息:定位方式:by.id--->定位值:com.ecloud.hobay:id/iv_publish_card
2020-08-10 19:21:58,881 - INFO - user_log.py - 春衫 - 日志信息:点击元素('id', 'com.ecloud.hobay:id/iv_publish_card')
2020-08-10 19:22:00,482 - INFO - user_log.py - 春衫 - 日志信息:定位方式:by.id--->定位值:com.ecloud.hobay:id/iv_add_pic
2020-08-10 19:22:00,933 - INFO - user_log.py - 春衫 - 日志信息:点击元素('id', 'com.ecloud.hobay:id/iv_add_pic')
2020-08-10 19:22:02,343 - INFO - user_log.py - 春衫 - 日志信息:元素('xpath', "//*[@text='始终允许']")不存在
2020-08-10 19:22:02,844 - INFO - user_log.py - 春衫 - 日志信息:定位方式:by.id--->定位值:com.ecloud.hobay:id/cb_check
2020-08-10 19:22:02,914 - INFO - user_log.py - 春衫 - 日志信息:点击元素('id', 'com.ecloud.hobay:id/cb_check')
2020-08-10 19:22:03,486 - INFO - user_log.py - 春衫 - 日志信息:定位方式:by.id--->定位值:com.ecloud.hobay:id/btn_ok
2020-08-10 19:22:04,011 - INFO - user_log.py - 春衫 - 日志信息:点击元素('id', 'com.ecloud.hobay:id/btn_ok')
2020-08-10 19:22:04,577 - INFO - user_log.py - 春衫 - 日志信息:输入的商品标题是:APP本地生活
2020-08-10 19:22:04,578 - INFO - user_log.py - 春衫 - 日志信息:定位方式:by.id--->定位值:com.ecloud.hobay:id/et_product_title
2020-08-10 19:22:05,857 - INFO - user_log.py - 春衫 - 日志信息:输入商品详情:发布本地生活搞定啦，继续优化
2020-08-10 19:22:05,858 - INFO - user_log.py - 春衫 - 日志信息:定位方式:by.id--->定位值:com.ecloud.hobay:id/et_product_desc
2020-08-10 19:22:07,531 - INFO - user_log.py - 春衫 - 日志信息:定位方式:by.id--->定位值:com.ecloud.hobay:id/tv_select_type
2020-08-10 19:22:07,588 - INFO - user_log.py - 春衫 - 日志信息:测试发布本地生活商品-点击【分类】按钮-点击元素('id', 'com.ecloud.hobay:id/tv_select_type')
2020-08-10 19:22:08,140 - INFO - user_log.py - 春衫 - 日志信息:定位方式:by.id--->定位值:com.ecloud.hobay:id/tv_list_name
2020-08-10 19:22:08,515 - INFO - user_log.py - 春衫 - 日志信息:测试发布本地生活商品-点击【二级分类】选项-点击元素('id', 'com.ecloud.hobay:id/tv_list_name')
2020-08-10 19:22:09,081 - INFO - user_log.py - 春衫 - 日志信息:定位方式:by.id--->定位值:com.ecloud.hobay:id/tv_show_name
2020-08-10 19:22:09,214 - INFO - user_log.py - 春衫 - 日志信息:测试发布本地生活商品-选择第一个【三级分类】选项-点击元素('id', 'com.ecloud.hobay:id/tv_show_name')
2020-08-10 19:22:09,789 - INFO - user_log.py - 春衫 - 日志信息:定位方式:by.id--->定位值:com.ecloud.hobay:id/tv_select_volume
2020-08-10 19:22:10,364 - INFO - user_log.py - 春衫 - 日志信息:测试发布本地生活商品-点击【券类】按钮-点击元素('id', 'com.ecloud.hobay:id/tv_select_volume')
2020-08-10 19:22:10,925 - INFO - user_log.py - 春衫 - 日志信息:定位方式:by.-android uiautomator--->定位值:new UiSelector().text("代金券")
2020-08-10 19:22:11,128 - INFO - user_log.py - 春衫 - 日志信息:测试发布本地生活商品-点击【券类】按钮-点击元素('-android uiautomator', 'new UiSelector().text("代金券")')
2020-08-10 19:22:12,858 - INFO - user_log.py - 春衫 - 日志信息:输入的商品总价是:100
2020-08-10 19:22:12,859 - INFO - user_log.py - 春衫 - 日志信息:定位方式:by.id--->定位值:com.ecloud.hobay:id/et_product_price
2020-08-10 19:22:13,970 - INFO - user_log.py - 春衫 - 日志信息:输入的商品库存是:10000
2020-08-10 19:22:13,971 - INFO - user_log.py - 春衫 - 日志信息:定位方式:by.id--->定位值:com.ecloud.hobay:id/et_product_number
2020-08-10 19:22:15,360 - INFO - user_log.py - 春衫 - 日志信息:输入的商品限购数量是:
2020-08-10 19:22:15,361 - INFO - user_log.py - 春衫 - 日志信息:定位方式:by.id--->定位值:com.ecloud.hobay:id/et_buy_num
2020-08-10 19:22:16,719 - INFO - user_log.py - 春衫 - 日志信息:定位方式:by.id--->定位值:com.ecloud.hobay:id/btn_immediately_publish
2020-08-10 19:22:16,767 - INFO - user_log.py - 春衫 - 日志信息:点击【立即上架】按钮-点击元素('id', 'com.ecloud.hobay:id/btn_immediately_publish')
2020-08-10 19:22:17,831 - INFO - user_log.py - 春衫 - 日志信息:等待元素('id', 'com.ecloud.hobay:id/tv_tips')可见
2020-08-10 19:22:18,326 - INFO - user_log.py - 春衫 - 日志信息:等待时长为：0
2020-08-10 19:22:18,326 - INFO - user_log.py - 春衫 - 日志信息:定位方式:by.id--->定位值:com.ecloud.hobay:id/tv_tips
2020-08-10 19:22:18,395 - INFO - user_log.py - 春衫 - 日志信息:获取到的文本内容是：商品审核中
2020-08-10 19:22:38,537 - INFO - user_log.py - 春衫 - 日志信息:元素('xpath', "//*[@text='始终允许']")不存在
2020-08-10 19:22:43,538 - INFO - user_log.py - 春衫 - 日志信息:定位方式:by.id--->定位值:com.ecloud.hobay:id/rb_me
2020-08-10 19:22:44,138 - INFO - user_log.py - 春衫 - 日志信息:发布商品-通用条件-获取当前app的登陆状态-点击元素('id', 'com.ecloud.hobay:id/rb_me')
2020-08-10 19:22:45,428 - INFO - user_log.py - 春衫 - 日志信息:元素('id', 'com.ecloud.hobay:id/tv_setting')存在
2020-08-10 19:22:45,429 - INFO - user_log.py - 春衫 - 日志信息:定位方式:by.id--->定位值:com.ecloud.hobay:id/tv_setting
2020-08-10 19:22:45,745 - INFO - user_log.py - 春衫 - 日志信息:发布商品-通用条件-点击【设置】按钮-点击元素('id', 'com.ecloud.hobay:id/tv_setting')
2020-08-10 19:22:46,347 - INFO - user_log.py - 春衫 - 日志信息:定位方式:by.id--->定位值:com.ecloud.hobay:id/btn_exit
2020-08-10 19:22:46,891 - INFO - user_log.py - 春衫 - 日志信息:发布商品-通用条件-点击【退出】按钮-点击元素('id', 'com.ecloud.hobay:id/btn_exit')
2020-08-10 19:22:47,954 - INFO - user_log.py - 春衫 - 日志信息:点击坐标(440, 775)
2020-08-10 19:22:55,406 - INFO - user_log.py - 春衫 - 日志信息:输入数字是13724765586
2020-08-10 19:22:56,406 - INFO - user_log.py - 春衫 - 日志信息:点击坐标(540, 1030)
2020-08-10 19:22:58,081 - INFO - user_log.py - 春衫 - 日志信息:点击坐标(500, 860)
2020-08-10 19:23:03,902 - INFO - user_log.py - 春衫 - 日志信息:点击坐标(540, 1110)
2020-08-10 19:23:06,531 - INFO - user_log.py - 春衫 - 日志信息:等待元素('id', 'com.ecloud.hobay:id/rb_helpping_me')可见
2020-08-10 19:23:07,144 - INFO - user_log.py - 春衫 - 日志信息:等待时长为：0
2020-08-10 19:23:07,145 - INFO - user_log.py - 春衫 - 日志信息:定位方式:by.id--->定位值:com.ecloud.hobay:id/rb_helpping_me
2020-08-10 19:23:07,498 - INFO - user_log.py - 春衫 - 日志信息:点击底部导航栏-发布商品-点击元素('id', 'com.ecloud.hobay:id/rb_helpping_me')
2020-08-10 19:23:09,784 - INFO - user_log.py - 春衫 - 日志信息:定位方式:by.id--->定位值:com.ecloud.hobay:id/iv_publish_service
2020-08-10 19:23:09,871 - INFO - user_log.py - 春衫 - 日志信息:点击元素('id', 'com.ecloud.hobay:id/iv_publish_service')
2020-08-10 19:23:12,625 - INFO - user_log.py - 春衫 - 日志信息:定位方式:by.id--->定位值:com.ecloud.hobay:id/iv_add_pic
2020-08-10 19:23:12,699 - INFO - user_log.py - 春衫 - 日志信息:点击元素('id', 'com.ecloud.hobay:id/iv_add_pic')
2020-08-10 19:23:14,745 - INFO - user_log.py - 春衫 - 日志信息:元素('xpath', "//*[@text='始终允许']")不存在
2020-08-10 19:23:15,246 - INFO - user_log.py - 春衫 - 日志信息:定位方式:by.id--->定位值:com.ecloud.hobay:id/cb_check
2020-08-10 19:23:15,301 - INFO - user_log.py - 春衫 - 日志信息:点击元素('id', 'com.ecloud.hobay:id/cb_check')
2020-08-10 19:23:15,885 - INFO - user_log.py - 春衫 - 日志信息:定位方式:by.id--->定位值:com.ecloud.hobay:id/btn_ok
2020-08-10 19:23:16,312 - INFO - user_log.py - 春衫 - 日志信息:点击元素('id', 'com.ecloud.hobay:id/btn_ok')
2020-08-10 19:23:16,890 - INFO - user_log.py - 春衫 - 日志信息:输入的商品标题是:APP商企服务
2020-08-10 19:23:16,891 - INFO - user_log.py - 春衫 - 日志信息:定位方式:by.id--->定位值:com.ecloud.hobay:id/et_product_title
2020-08-10 19:23:18,164 - INFO - user_log.py - 春衫 - 日志信息:输入商品详情是:发布商企服务搞定啦，继续优化
2020-08-10 19:23:18,165 - INFO - user_log.py - 春衫 - 日志信息:定位方式:by.id--->定位值:com.ecloud.hobay:id/et_product_desc
2020-08-10 19:23:19,107 - INFO - user_log.py - 春衫 - 日志信息:定位方式:by.id--->定位值:com.ecloud.hobay:id/tv_select_type
2020-08-10 19:23:19,128 - INFO - user_log.py - 春衫 - 日志信息:没有找到这个元素
2020-08-10 19:23:19,152 - INFO - user_log.py - 春衫 - 日志信息:元素点击操作失败!
2020-08-10 19:32:12,038 - INFO - user_log.py - 春衫 - 日志信息:元素('xpath', "//*[@text='始终允许']")不存在
2020-08-10 19:32:17,038 - INFO - user_log.py - 春衫 - 日志信息:定位方式:by.id--->定位值:com.ecloud.hobay:id/rb_me
2020-08-10 19:32:17,389 - INFO - user_log.py - 春衫 - 日志信息:发布商品-通用条件-获取当前app的登陆状态-点击元素('id', 'com.ecloud.hobay:id/rb_me')
2020-08-10 19:32:18,871 - INFO - user_log.py - 春衫 - 日志信息:元素('id', 'com.ecloud.hobay:id/tv_setting')存在
2020-08-10 19:32:18,872 - INFO - user_log.py - 春衫 - 日志信息:定位方式:by.id--->定位值:com.ecloud.hobay:id/tv_setting
2020-08-10 19:32:19,422 - INFO - user_log.py - 春衫 - 日志信息:发布商品-通用条件-点击【设置】按钮-点击元素('id', 'com.ecloud.hobay:id/tv_setting')
2020-08-10 19:32:20,983 - INFO - user_log.py - 春衫 - 日志信息:定位方式:by.id--->定位值:com.ecloud.hobay:id/btn_exit
2020-08-10 19:32:21,591 - INFO - user_log.py - 春衫 - 日志信息:发布商品-通用条件-点击【退出】按钮-点击元素('id', 'com.ecloud.hobay:id/btn_exit')
2020-08-10 19:32:22,675 - INFO - user_log.py - 春衫 - 日志信息:点击坐标(440, 775)
2020-08-10 19:32:30,185 - INFO - user_log.py - 春衫 - 日志信息:输入数字是13724765586
2020-08-10 19:32:31,185 - INFO - user_log.py - 春衫 - 日志信息:点击坐标(540, 1030)
2020-08-10 19:32:32,410 - INFO - user_log.py - 春衫 - 日志信息:点击坐标(500, 860)
2020-08-10 19:32:38,098 - INFO - user_log.py - 春衫 - 日志信息:点击坐标(540, 1110)
2020-08-10 19:32:40,623 - INFO - user_log.py - 春衫 - 日志信息:等待元素('id', 'com.ecloud.hobay:id/rb_helpping_me')可见
2020-08-10 19:32:41,822 - INFO - user_log.py - 春衫 - 日志信息:等待时长为：1
2020-08-10 19:32:41,823 - INFO - user_log.py - 春衫 - 日志信息:定位方式:by.id--->定位值:com.ecloud.hobay:id/rb_helpping_me
2020-08-10 19:32:42,709 - INFO - user_log.py - 春衫 - 日志信息:点击底部导航栏-发布商品-点击元素('id', 'com.ecloud.hobay:id/rb_helpping_me')
2020-08-10 19:32:44,300 - INFO - user_log.py - 春衫 - 日志信息:定位方式:by.id--->定位值:com.ecloud.hobay:id/iv_publish_service
2020-08-10 19:32:44,573 - INFO - user_log.py - 春衫 - 日志信息:点击元素('id', 'com.ecloud.hobay:id/iv_publish_service')
2020-08-10 19:32:46,199 - INFO - user_log.py - 春衫 - 日志信息:定位方式:by.id--->定位值:com.ecloud.hobay:id/iv_add_pic
2020-08-10 19:32:46,259 - INFO - user_log.py - 春衫 - 日志信息:点击元素('id', 'com.ecloud.hobay:id/iv_add_pic')
2020-08-10 19:32:47,593 - INFO - user_log.py - 春衫 - 日志信息:元素('xpath', "//*[@text='始终允许']")不存在
2020-08-10 19:32:48,095 - INFO - user_log.py - 春衫 - 日志信息:定位方式:by.id--->定位值:com.ecloud.hobay:id/cb_check
2020-08-10 19:32:48,562 - INFO - user_log.py - 春衫 - 日志信息:点击元素('id', 'com.ecloud.hobay:id/cb_check')
2020-08-10 19:32:49,136 - INFO - user_log.py - 春衫 - 日志信息:定位方式:by.id--->定位值:com.ecloud.hobay:id/btn_ok
2020-08-10 19:32:49,571 - INFO - user_log.py - 春衫 - 日志信息:点击元素('id', 'com.ecloud.hobay:id/btn_ok')
2020-08-10 19:32:50,142 - INFO - user_log.py - 春衫 - 日志信息:输入的商品标题是:APP商企服务
2020-08-10 19:32:50,143 - INFO - user_log.py - 春衫 - 日志信息:定位方式:by.id--->定位值:com.ecloud.hobay:id/et_product_title
2020-08-10 19:32:51,961 - INFO - user_log.py - 春衫 - 日志信息:输入商品详情是:发布商企服务搞定啦，继续优化
2020-08-10 19:32:51,962 - INFO - user_log.py - 春衫 - 日志信息:定位方式:by.id--->定位值:com.ecloud.hobay:id/et_product_desc
2020-08-10 19:32:52,591 - INFO - user_log.py - 春衫 - 日志信息:定位方式:by.id--->定位值:com.ecloud.hobay:id/tv_select_type
2020-08-10 19:32:53,130 - INFO - user_log.py - 春衫 - 日志信息:测试发布商企服务商品-发布商企服务商品-选择分类-点击元素('id', 'com.ecloud.hobay:id/tv_select_type')
2020-08-10 19:32:53,643 - INFO - user_log.py - 春衫 - 日志信息:定位方式:by.id--->定位值:com.ecloud.hobay:id/tv_list_name
2020-08-10 19:32:54,807 - INFO - user_log.py - 春衫 - 日志信息:测试发布商企服务商品-发布商企服务商品-选择二级分类-点击元素('id', 'com.ecloud.hobay:id/tv_list_name')
2020-08-10 19:32:54,874 - INFO - user_log.py - 春衫 - 日志信息:定位方式:by.id--->定位值:com.ecloud.hobay:id/tv_show_name
2020-08-10 19:32:55,515 - INFO - user_log.py - 春衫 - 日志信息:测试发布商企服务商品-发布商企服务商品-选择三级分类-点击元素('id', 'com.ecloud.hobay:id/tv_show_name')
2020-08-10 19:32:56,077 - INFO - user_log.py - 春衫 - 日志信息:输入商品总价是:100
2020-08-10 19:32:56,079 - INFO - user_log.py - 春衫 - 日志信息:定位方式:by.id--->定位值:com.ecloud.hobay:id/et_product_all_price
2020-08-10 19:32:57,767 - INFO - user_log.py - 春衫 - 日志信息:输入预付款是:10
2020-08-10 19:32:57,773 - INFO - user_log.py - 春衫 - 日志信息:定位方式:by.id--->定位值:com.ecloud.hobay:id/et_product_price
2020-08-10 19:32:58,386 - INFO - user_log.py - 春衫 - 日志信息:输入商品库存是:10000
2020-08-10 19:32:58,387 - INFO - user_log.py - 春衫 - 日志信息:定位方式:by.id--->定位值:com.ecloud.hobay:id/et_product_number
2020-08-10 19:32:59,020 - INFO - user_log.py - 春衫 - 日志信息:输入限购数量是:
2020-08-10 19:32:59,021 - INFO - user_log.py - 春衫 - 日志信息:定位方式:by.id--->定位值:com.ecloud.hobay:id/et_buy_num
2020-08-10 19:32:59,622 - INFO - user_log.py - 春衫 - 日志信息:定位方式:by.id--->定位值:com.ecloud.hobay:id/btn_immediately_publish
2020-08-10 19:32:59,767 - INFO - user_log.py - 春衫 - 日志信息:点击【立即上架】按钮-点击元素('id', 'com.ecloud.hobay:id/btn_immediately_publish')
2020-08-10 19:33:00,850 - INFO - user_log.py - 春衫 - 日志信息:等待元素('id', 'com.ecloud.hobay:id/tv_tips')可见
2020-08-10 19:33:00,931 - INFO - user_log.py - 春衫 - 日志信息:等待时长为：0
2020-08-10 19:33:00,932 - INFO - user_log.py - 春衫 - 日志信息:定位方式:by.id--->定位值:com.ecloud.hobay:id/tv_tips
2020-08-10 19:33:01,005 - INFO - user_log.py - 春衫 - 日志信息:获取到的文本内容是：商品审核中
2020-08-10 19:50:28,065 - INFO - user_log.py - 春衫 - 日志信息:元素('xpath', "//*[@text='始终允许']")不存在
2020-08-10 19:50:33,065 - INFO - user_log.py - 春衫 - 日志信息:定位方式:by.id--->定位值:com.ecloud.hobay:id/rb_me
2020-08-10 19:50:33,510 - INFO - user_log.py - 春衫 - 日志信息:发布商品-通用条件-获取当前app的登陆状态-点击元素('id', 'com.ecloud.hobay:id/rb_me')
2020-08-10 19:50:35,130 - INFO - user_log.py - 春衫 - 日志信息:元素('id', 'com.ecloud.hobay:id/tv_setting')存在
2020-08-10 19:50:35,131 - INFO - user_log.py - 春衫 - 日志信息:定位方式:by.id--->定位值:com.ecloud.hobay:id/tv_setting
2020-08-10 19:50:35,763 - INFO - user_log.py - 春衫 - 日志信息:发布商品-通用条件-点击【设置】按钮-点击元素('id', 'com.ecloud.hobay:id/tv_setting')
2020-08-10 19:50:36,350 - INFO - user_log.py - 春衫 - 日志信息:定位方式:by.id--->定位值:com.ecloud.hobay:id/btn_exit
2020-08-10 19:50:36,963 - INFO - user_log.py - 春衫 - 日志信息:发布商品-通用条件-点击【退出】按钮-点击元素('id', 'com.ecloud.hobay:id/btn_exit')
2020-08-10 19:50:38,024 - INFO - user_log.py - 春衫 - 日志信息:点击坐标(440, 775)
