2020-08-12 12:06:35,103 - INFO - user_log.py - 春衫 - 日志信息:元素('xpath', "//*[@text='始终允许']")不存在
2020-08-12 12:06:35,105 - INFO - user_log.py - 春衫 - 日志信息:等待元素('id', 'com.ecloud.hobay:id/tv_yes')可见
2020-08-12 12:07:05,322 - INFO - user_log.py - 春衫 - 日志信息:等待元素可见失败!
2020-08-12 12:07:06,027 - INFO - user_log.py - 春衫 - 日志信息:截取网页成功，文件路径为为：D:\Pycharm_workspace\APPV1.0\Outputs\Error_Image\2020-08-12\2020-08-12-12-07-05-发布商品-通用条件-处理欢迎页面-.png
2020-08-12 12:07:43,291 - INFO - user_log.py - 春衫 - 日志信息:元素('xpath', "//*[@text='始终允许']")不存在
2020-08-12 12:07:43,293 - INFO - user_log.py - 春衫 - 日志信息:等待元素('id', 'com.ecloud.hobay:id/rb_me')可见
2020-08-12 12:07:43,401 - INFO - user_log.py - 春衫 - 日志信息:等待时长为：0
2020-08-12 12:07:43,401 - INFO - user_log.py - 春衫 - 日志信息:定位方式:by.id--->定位值:com.ecloud.hobay:id/rb_me
2020-08-12 12:07:43,543 - INFO - user_log.py - 春衫 - 日志信息:发布商品-通用条件-获取当前app的登陆状态-点击元素('id', 'com.ecloud.hobay:id/rb_me')
2020-08-12 12:07:43,727 - INFO - user_log.py - 春衫 - 日志信息:元素('id', 'com.ecloud.hobay:id/tv_setting')不存在
2020-08-12 12:07:46,729 - INFO - user_log.py - 春衫 - 日志信息:点击坐标(440, 775)
2020-08-12 12:07:52,697 - INFO - user_log.py - 春衫 - 日志信息:输入数字是17777777776
2020-08-12 12:07:53,699 - INFO - user_log.py - 春衫 - 日志信息:点击坐标(540, 1030)
2020-08-12 12:07:55,371 - INFO - user_log.py - 春衫 - 日志信息:点击坐标(500, 860)
2020-08-12 12:08:00,153 - INFO - user_log.py - 春衫 - 日志信息:点击坐标(540, 1110)
2020-08-12 12:08:01,958 - INFO - user_log.py - 春衫 - 日志信息:等待元素('id', 'com.ecloud.hobay:id/rb_helpping_me')可见
2020-08-12 12:08:02,149 - INFO - user_log.py - 春衫 - 日志信息:等待时长为：0
2020-08-12 12:08:02,149 - INFO - user_log.py - 春衫 - 日志信息:定位方式:by.id--->定位值:com.ecloud.hobay:id/rb_helpping_me
2020-08-12 12:08:02,338 - INFO - user_log.py - 春衫 - 日志信息:点击底部导航栏-发布商品-点击元素('id', 'com.ecloud.hobay:id/rb_helpping_me')
2020-08-12 12:08:02,414 - INFO - user_log.py - 春衫 - 日志信息:等待元素('id', 'com.ecloud.hobay:id/iv_publish_service')可见
2020-08-12 12:08:03,097 - INFO - user_log.py - 春衫 - 日志信息:等待时长为：0
2020-08-12 12:08:03,098 - INFO - user_log.py - 春衫 - 日志信息:定位方式:by.id--->定位值:com.ecloud.hobay:id/iv_publish_service
2020-08-12 12:08:03,133 - INFO - user_log.py - 春衫 - 日志信息:点击元素('id', 'com.ecloud.hobay:id/iv_publish_service')
2020-08-12 12:08:03,882 - INFO - user_log.py - 春衫 - 日志信息:等待元素('id', 'com.ecloud.hobay:id/iv_add_pic')可见
2020-08-12 12:08:04,798 - INFO - user_log.py - 春衫 - 日志信息:等待时长为：0
2020-08-12 12:08:04,799 - INFO - user_log.py - 春衫 - 日志信息:定位方式:by.id--->定位值:com.ecloud.hobay:id/iv_add_pic
2020-08-12 12:08:04,832 - INFO - user_log.py - 春衫 - 日志信息:点击元素('id', 'com.ecloud.hobay:id/iv_add_pic')
2020-08-12 12:08:06,004 - INFO - user_log.py - 春衫 - 日志信息:元素('xpath', "//*[@text='始终允许']")存在
2020-08-12 12:08:06,005 - INFO - user_log.py - 春衫 - 日志信息:定位方式:by.xpath--->定位值://*[@text='始终允许']
2020-08-12 12:08:06,094 - INFO - user_log.py - 春衫 - 日志信息:测试发布商企服务商品-发布商企服务商品-点击元素('xpath', "//*[@text='始终允许']")
2020-08-12 12:08:06,147 - INFO - user_log.py - 春衫 - 日志信息:元素点击操作失败!
2020-08-12 12:08:06,162 - INFO - user_log.py - 春衫 - 日志信息:上传图片失败!
2020-08-12 12:08:50,972 - INFO - user_log.py - 春衫 - 日志信息:元素('xpath', "//*[@text='始终允许']")不存在
2020-08-12 12:08:50,973 - INFO - user_log.py - 春衫 - 日志信息:等待元素('id', 'com.ecloud.hobay:id/rb_me')可见
2020-08-12 12:08:51,383 - INFO - user_log.py - 春衫 - 日志信息:等待时长为：0
2020-08-12 12:08:51,384 - INFO - user_log.py - 春衫 - 日志信息:定位方式:by.id--->定位值:com.ecloud.hobay:id/rb_me
2020-08-12 12:08:51,772 - INFO - user_log.py - 春衫 - 日志信息:发布商品-通用条件-获取当前app的登陆状态-点击元素('id', 'com.ecloud.hobay:id/rb_me')
2020-08-12 12:08:53,180 - INFO - user_log.py - 春衫 - 日志信息:元素('id', 'com.ecloud.hobay:id/tv_setting')存在
2020-08-12 12:08:53,181 - INFO - user_log.py - 春衫 - 日志信息:等待元素('id', 'com.ecloud.hobay:id/tv_phone')可见
2020-08-12 12:08:53,329 - INFO - user_log.py - 春衫 - 日志信息:等待时长为：0
2020-08-12 12:08:53,330 - INFO - user_log.py - 春衫 - 日志信息:定位方式:by.id--->定位值:com.ecloud.hobay:id/tv_phone
2020-08-12 12:08:53,468 - INFO - user_log.py - 春衫 - 日志信息:获取到的文本内容是：17777777776
2020-08-12 12:08:53,510 - INFO - user_log.py - 春衫 - 日志信息:等待元素('id', 'com.ecloud.hobay:id/rb_helpping_me')可见
2020-08-12 12:08:54,099 - INFO - user_log.py - 春衫 - 日志信息:等待时长为：0
2020-08-12 12:08:54,100 - INFO - user_log.py - 春衫 - 日志信息:定位方式:by.id--->定位值:com.ecloud.hobay:id/rb_helpping_me
2020-08-12 12:08:54,457 - INFO - user_log.py - 春衫 - 日志信息:点击底部导航栏-发布商品-点击元素('id', 'com.ecloud.hobay:id/rb_helpping_me')
2020-08-12 12:08:54,532 - INFO - user_log.py - 春衫 - 日志信息:等待元素('id', 'com.ecloud.hobay:id/iv_publish_service')可见
2020-08-12 12:08:55,262 - INFO - user_log.py - 春衫 - 日志信息:等待时长为：0
2020-08-12 12:08:55,263 - INFO - user_log.py - 春衫 - 日志信息:定位方式:by.id--->定位值:com.ecloud.hobay:id/iv_publish_service
2020-08-12 12:08:55,301 - INFO - user_log.py - 春衫 - 日志信息:点击元素('id', 'com.ecloud.hobay:id/iv_publish_service')
2020-08-12 12:08:55,368 - INFO - user_log.py - 春衫 - 日志信息:等待元素('id', 'com.ecloud.hobay:id/iv_add_pic')可见
2020-08-12 12:08:56,054 - INFO - user_log.py - 春衫 - 日志信息:等待时长为：0
2020-08-12 12:08:56,055 - INFO - user_log.py - 春衫 - 日志信息:定位方式:by.id--->定位值:com.ecloud.hobay:id/iv_add_pic
2020-08-12 12:08:56,084 - INFO - user_log.py - 春衫 - 日志信息:点击元素('id', 'com.ecloud.hobay:id/iv_add_pic')
2020-08-12 12:08:57,181 - INFO - user_log.py - 春衫 - 日志信息:元素('xpath', "//*[@text='始终允许']")存在
2020-08-12 12:08:57,182 - INFO - user_log.py - 春衫 - 日志信息:定位方式:by.xpath--->定位值://*[@text='始终允许']
2020-08-12 12:08:57,228 - INFO - user_log.py - 春衫 - 日志信息:测试发布商企服务商品-发布商企服务商品-点击元素('xpath', "//*[@text='始终允许']")
2020-08-12 12:08:57,276 - INFO - user_log.py - 春衫 - 日志信息:等待元素('id', 'com.ecloud.hobay:id/cb_check')可见
2020-08-12 12:08:58,380 - INFO - user_log.py - 春衫 - 日志信息:等待时长为：1
2020-08-12 12:08:58,381 - INFO - user_log.py - 春衫 - 日志信息:定位方式:by.id--->定位值:com.ecloud.hobay:id/cb_check
2020-08-12 12:08:58,437 - INFO - user_log.py - 春衫 - 日志信息:点击元素('id', 'com.ecloud.hobay:id/cb_check')
2020-08-12 12:08:58,503 - INFO - user_log.py - 春衫 - 日志信息:等待元素('id', 'com.ecloud.hobay:id/btn_ok')可见
2020-08-12 12:08:59,407 - INFO - user_log.py - 春衫 - 日志信息:等待时长为：0
2020-08-12 12:08:59,408 - INFO - user_log.py - 春衫 - 日志信息:定位方式:by.id--->定位值:com.ecloud.hobay:id/btn_ok
2020-08-12 12:08:59,445 - INFO - user_log.py - 春衫 - 日志信息:点击元素('id', 'com.ecloud.hobay:id/btn_ok')
2020-08-12 12:08:59,488 - INFO - user_log.py - 春衫 - 日志信息:等待元素('id', 'com.ecloud.hobay:id/et_product_title')可见
2020-08-12 12:09:00,705 - INFO - user_log.py - 春衫 - 日志信息:等待时长为：1
2020-08-12 12:09:00,706 - INFO - user_log.py - 春衫 - 日志信息:输入的商品标题是:APP商企服务
2020-08-12 12:09:00,706 - INFO - user_log.py - 春衫 - 日志信息:定位方式:by.id--->定位值:com.ecloud.hobay:id/et_product_title
2020-08-12 12:09:01,318 - INFO - user_log.py - 春衫 - 日志信息:等待元素('id', 'com.ecloud.hobay:id/et_product_desc')可见
2020-08-12 12:09:02,110 - INFO - user_log.py - 春衫 - 日志信息:等待时长为：0
2020-08-12 12:09:02,111 - INFO - user_log.py - 春衫 - 日志信息:输入商品详情是:发布商企服务搞定啦，继续优化
2020-08-12 12:09:02,111 - INFO - user_log.py - 春衫 - 日志信息:定位方式:by.id--->定位值:com.ecloud.hobay:id/et_product_desc
2020-08-12 12:09:02,193 - INFO - user_log.py - 春衫 - 日志信息:等待元素('id', 'com.ecloud.hobay:id/tv_select_type')可见
2020-08-12 12:09:02,735 - INFO - user_log.py - 春衫 - 日志信息:等待时长为：0
2020-08-12 12:09:02,735 - INFO - user_log.py - 春衫 - 日志信息:定位方式:by.id--->定位值:com.ecloud.hobay:id/tv_select_type
2020-08-12 12:09:02,772 - INFO - user_log.py - 春衫 - 日志信息:测试发布商企服务商品-点击【分类】选项-点击元素('id', 'com.ecloud.hobay:id/tv_select_type')
2020-08-12 12:09:02,820 - INFO - user_log.py - 春衫 - 日志信息:等待元素('-android uiautomator', 'new UiSelector().text("设计")')可见
2020-08-12 12:09:04,850 - INFO - user_log.py - 春衫 - 日志信息:等待时长为：2
2020-08-12 12:09:04,851 - INFO - user_log.py - 春衫 - 日志信息:定位方式:by.-android uiautomator--->定位值:new UiSelector().text("设计")
2020-08-12 12:09:04,889 - INFO - user_log.py - 春衫 - 日志信息:测试发布商企服务商品-点击【二级分类】-【设计】选项-点击元素('-android uiautomator', 'new UiSelector().text("设计")')
2020-08-12 12:09:06,111 - INFO - user_log.py - 春衫 - 日志信息:等待元素('-android uiautomator', 'new UiSelector().text("广告设计")')可见
2020-08-12 12:09:06,200 - INFO - user_log.py - 春衫 - 日志信息:等待时长为：0
2020-08-12 12:09:06,201 - INFO - user_log.py - 春衫 - 日志信息:定位方式:by.-android uiautomator--->定位值:new UiSelector().text("广告设计")
2020-08-12 12:09:06,234 - INFO - user_log.py - 春衫 - 日志信息:测试发布商企服务商品-选择【三级分类】-【广告设计】选项-点击元素('-android uiautomator', 'new UiSelector().text("广告设计")')
2020-08-12 12:09:07,496 - INFO - user_log.py - 春衫 - 日志信息:等待元素('id', 'com.ecloud.hobay:id/et_product_all_price')可见
2020-08-12 12:09:07,551 - INFO - user_log.py - 春衫 - 日志信息:等待时长为：0
2020-08-12 12:09:07,552 - INFO - user_log.py - 春衫 - 日志信息:输入商品总价是:100
2020-08-12 12:09:07,552 - INFO - user_log.py - 春衫 - 日志信息:定位方式:by.id--->定位值:com.ecloud.hobay:id/et_product_all_price
2020-08-12 12:09:07,645 - INFO - user_log.py - 春衫 - 日志信息:等待元素('id', 'com.ecloud.hobay:id/et_product_price')可见
2020-08-12 12:09:08,196 - INFO - user_log.py - 春衫 - 日志信息:等待时长为：0
2020-08-12 12:09:08,197 - INFO - user_log.py - 春衫 - 日志信息:输入预付款是:10
2020-08-12 12:09:08,198 - INFO - user_log.py - 春衫 - 日志信息:定位方式:by.id--->定位值:com.ecloud.hobay:id/et_product_price
2020-08-12 12:09:08,277 - INFO - user_log.py - 春衫 - 日志信息:等待元素('id', 'com.ecloud.hobay:id/et_product_number')可见
2020-08-12 12:09:08,831 - INFO - user_log.py - 春衫 - 日志信息:等待时长为：0
2020-08-12 12:09:08,831 - INFO - user_log.py - 春衫 - 日志信息:输入商品库存是:10000
2020-08-12 12:09:08,832 - INFO - user_log.py - 春衫 - 日志信息:定位方式:by.id--->定位值:com.ecloud.hobay:id/et_product_number
2020-08-12 12:09:09,402 - INFO - user_log.py - 春衫 - 日志信息:等待元素('id', 'com.ecloud.hobay:id/btn_immediately_publish')可见
2020-08-12 12:09:10,160 - INFO - user_log.py - 春衫 - 日志信息:等待时长为：0
2020-08-12 12:09:10,161 - INFO - user_log.py - 春衫 - 日志信息:定位方式:by.id--->定位值:com.ecloud.hobay:id/btn_immediately_publish
2020-08-12 12:09:10,199 - INFO - user_log.py - 春衫 - 日志信息:点击【立即上架】按钮-点击元素('id', 'com.ecloud.hobay:id/btn_immediately_publish')
2020-08-12 12:09:10,801 - INFO - user_log.py - 春衫 - 日志信息:等待元素('id', 'com.ecloud.hobay:id/tv_tips')可见
2020-08-12 12:09:12,220 - INFO - user_log.py - 春衫 - 日志信息:等待时长为：1
2020-08-12 12:09:12,221 - INFO - user_log.py - 春衫 - 日志信息:定位方式:by.id--->定位值:com.ecloud.hobay:id/tv_tips
2020-08-12 12:09:12,261 - INFO - user_log.py - 春衫 - 日志信息:获取到的文本内容是：商品审核中
2020-08-12 18:16:42,551 - INFO - user_log.py - 春衫 - 日志信息:元素('xpath', "//*[@text='始终允许']")不存在
2020-08-12 18:16:42,552 - INFO - user_log.py - 春衫 - 日志信息:等待元素('id', 'com.ecloud.hobay:id/tv_yes')可见
2020-08-12 18:17:15,585 - INFO - user_log.py - 春衫 - 日志信息:元素('xpath', "//*[@text='始终允许']")不存在
2020-08-12 18:17:15,587 - INFO - user_log.py - 春衫 - 日志信息:等待元素('id', 'com.ecloud.hobay:id/rb_me')可见
2020-08-12 18:17:15,852 - INFO - user_log.py - 春衫 - 日志信息:等待时长为：0
2020-08-12 18:17:15,853 - INFO - user_log.py - 春衫 - 日志信息:定位方式:by.id--->定位值:com.ecloud.hobay:id/rb_me
2020-08-12 18:17:16,110 - INFO - user_log.py - 春衫 - 日志信息:发布商品-通用条件-获取当前app的登陆状态-点击元素('id', 'com.ecloud.hobay:id/rb_me')
2020-08-12 18:17:16,864 - INFO - user_log.py - 春衫 - 日志信息:元素('id', 'com.ecloud.hobay:id/tv_setting')不存在
2020-08-12 18:17:19,866 - INFO - user_log.py - 春衫 - 日志信息:点击坐标(440, 775)
2020-08-12 18:17:26,741 - INFO - user_log.py - 春衫 - 日志信息:输入数字是17777777776
2020-08-12 18:17:27,745 - INFO - user_log.py - 春衫 - 日志信息:点击坐标(540, 1030)
2020-08-12 18:17:28,947 - INFO - user_log.py - 春衫 - 日志信息:点击坐标(500, 860)
2020-08-12 18:17:34,273 - INFO - user_log.py - 春衫 - 日志信息:点击坐标(540, 1110)
2020-08-12 18:17:34,462 - INFO - user_log.py - 春衫 - 日志信息:等待元素('id', 'com.ecloud.hobay:id/rb_helpping_me')可见
2020-08-12 18:18:05,285 - INFO - user_log.py - 春衫 - 日志信息:等待元素可见失败!
2020-08-12 18:18:05,747 - INFO - user_log.py - 春衫 - 日志信息:截取网页成功，文件路径为为：D:\Pycharm_workspace\APPV1.0\Outputs\Error_Image\2020-08-12\2020-08-12-18-18-05-点击底部导航栏-发布商品-.png
2020-08-12 18:18:21,990 - INFO - user_log.py - 春衫 - 日志信息:元素('xpath', "//*[@text='始终允许']")不存在
2020-08-12 18:18:21,991 - INFO - user_log.py - 春衫 - 日志信息:等待元素('id', 'com.ecloud.hobay:id/rb_me')可见
2020-08-12 18:18:22,293 - INFO - user_log.py - 春衫 - 日志信息:等待时长为：0
2020-08-12 18:18:22,293 - INFO - user_log.py - 春衫 - 日志信息:定位方式:by.id--->定位值:com.ecloud.hobay:id/rb_me
2020-08-12 18:18:22,584 - INFO - user_log.py - 春衫 - 日志信息:发布商品-通用条件-获取当前app的登陆状态-点击元素('id', 'com.ecloud.hobay:id/rb_me')
2020-08-12 18:18:22,766 - INFO - user_log.py - 春衫 - 日志信息:元素('id', 'com.ecloud.hobay:id/tv_setting')不存在
2020-08-12 18:18:25,768 - INFO - user_log.py - 春衫 - 日志信息:点击坐标(440, 775)
2020-08-12 18:18:32,558 - INFO - user_log.py - 春衫 - 日志信息:输入数字是17777777776
2020-08-12 18:18:33,559 - INFO - user_log.py - 春衫 - 日志信息:点击坐标(540, 1030)
2020-08-12 18:18:35,255 - INFO - user_log.py - 春衫 - 日志信息:点击坐标(500, 860)
2020-08-12 18:18:40,501 - INFO - user_log.py - 春衫 - 日志信息:点击坐标(540, 1110)
2020-08-12 18:18:41,174 - INFO - user_log.py - 春衫 - 日志信息:等待元素('id', 'com.ecloud.hobay:id/rb_helpping_me')可见
2020-08-12 18:18:43,624 - INFO - user_log.py - 春衫 - 日志信息:等待时长为：2
2020-08-12 18:18:43,625 - INFO - user_log.py - 春衫 - 日志信息:定位方式:by.id--->定位值:com.ecloud.hobay:id/rb_helpping_me
2020-08-12 18:18:43,908 - INFO - user_log.py - 春衫 - 日志信息:点击底部导航栏-发布商品-点击元素('id', 'com.ecloud.hobay:id/rb_helpping_me')
2020-08-12 18:18:43,977 - INFO - user_log.py - 春衫 - 日志信息:等待元素('id', 'com.ecloud.hobay:id/iv_publish_card')可见
2020-08-12 18:18:44,973 - INFO - user_log.py - 春衫 - 日志信息:等待时长为：0
2020-08-12 18:18:44,974 - INFO - user_log.py - 春衫 - 日志信息:定位方式:by.id--->定位值:com.ecloud.hobay:id/iv_publish_card
2020-08-12 18:18:45,026 - INFO - user_log.py - 春衫 - 日志信息:点击元素('id', 'com.ecloud.hobay:id/iv_publish_card')
2020-08-12 18:18:45,080 - INFO - user_log.py - 春衫 - 日志信息:等待元素('id', 'com.ecloud.hobay:id/iv_add_pic')可见
2020-08-12 18:18:46,063 - INFO - user_log.py - 春衫 - 日志信息:等待时长为：0
2020-08-12 18:18:46,064 - INFO - user_log.py - 春衫 - 日志信息:定位方式:by.id--->定位值:com.ecloud.hobay:id/iv_add_pic
2020-08-12 18:18:46,132 - INFO - user_log.py - 春衫 - 日志信息:点击元素('id', 'com.ecloud.hobay:id/iv_add_pic')
2020-08-12 18:18:47,536 - INFO - user_log.py - 春衫 - 日志信息:元素('xpath', "//*[@text='始终允许']")不存在
2020-08-12 18:18:47,537 - INFO - user_log.py - 春衫 - 日志信息:等待元素('id', 'com.ecloud.hobay:id/cb_check')可见
2020-08-12 18:18:47,634 - INFO - user_log.py - 春衫 - 日志信息:等待时长为：0
2020-08-12 18:18:47,635 - INFO - user_log.py - 春衫 - 日志信息:定位方式:by.id--->定位值:com.ecloud.hobay:id/cb_check
2020-08-12 18:18:47,709 - INFO - user_log.py - 春衫 - 日志信息:点击元素('id', 'com.ecloud.hobay:id/cb_check')
2020-08-12 18:18:47,784 - INFO - user_log.py - 春衫 - 日志信息:等待元素('id', 'com.ecloud.hobay:id/btn_ok')可见
2020-08-12 18:18:49,001 - INFO - user_log.py - 春衫 - 日志信息:等待时长为：1
2020-08-12 18:18:49,002 - INFO - user_log.py - 春衫 - 日志信息:定位方式:by.id--->定位值:com.ecloud.hobay:id/btn_ok
2020-08-12 18:18:49,078 - INFO - user_log.py - 春衫 - 日志信息:点击元素('id', 'com.ecloud.hobay:id/btn_ok')
2020-08-12 18:18:49,175 - INFO - user_log.py - 春衫 - 日志信息:等待元素('id', 'com.ecloud.hobay:id/et_product_title')可见
2020-08-12 18:18:50,363 - INFO - user_log.py - 春衫 - 日志信息:等待时长为：1
2020-08-12 18:18:50,364 - INFO - user_log.py - 春衫 - 日志信息:输入的商品标题是:APP本地生活
2020-08-12 18:18:50,365 - INFO - user_log.py - 春衫 - 日志信息:定位方式:by.id--->定位值:com.ecloud.hobay:id/et_product_title
2020-08-12 18:18:50,521 - INFO - user_log.py - 春衫 - 日志信息:等待元素('id', 'com.ecloud.hobay:id/et_product_desc')可见
2020-08-12 18:18:51,358 - INFO - user_log.py - 春衫 - 日志信息:等待时长为：0
2020-08-12 18:18:51,359 - INFO - user_log.py - 春衫 - 日志信息:输入商品详情:发布本地生活搞定啦，继续优化
2020-08-12 18:18:51,360 - INFO - user_log.py - 春衫 - 日志信息:定位方式:by.id--->定位值:com.ecloud.hobay:id/et_product_desc
2020-08-12 18:18:51,971 - INFO - user_log.py - 春衫 - 日志信息:等待元素('id', 'com.ecloud.hobay:id/tv_select_type')可见
2020-08-12 18:18:53,026 - INFO - user_log.py - 春衫 - 日志信息:等待时长为：1
2020-08-12 18:18:53,027 - INFO - user_log.py - 春衫 - 日志信息:定位方式:by.id--->定位值:com.ecloud.hobay:id/tv_select_type
2020-08-12 18:18:53,108 - INFO - user_log.py - 春衫 - 日志信息:测试发布本地生活商品-点击【分类】选项-点击元素('id', 'com.ecloud.hobay:id/tv_select_type')
2020-08-12 18:18:53,182 - INFO - user_log.py - 春衫 - 日志信息:等待元素('-android uiautomator', 'new UiSelector().text("酒水")')可见
2020-08-12 18:18:54,202 - INFO - user_log.py - 春衫 - 日志信息:等待时长为：1
2020-08-12 18:18:54,202 - INFO - user_log.py - 春衫 - 日志信息:定位方式:by.-android uiautomator--->定位值:new UiSelector().text("酒水")
2020-08-12 18:18:54,281 - INFO - user_log.py - 春衫 - 日志信息:测试发布本地生活商品-点击【二级分类】-【酒水】选项-点击元素('-android uiautomator', 'new UiSelector().text("酒水")')
2020-08-12 18:18:55,099 - INFO - user_log.py - 春衫 - 日志信息:等待元素('-android uiautomator', 'new UiSelector().text("红酒")')可见
2020-08-12 18:18:55,219 - INFO - user_log.py - 春衫 - 日志信息:等待时长为：0
2020-08-12 18:18:55,220 - INFO - user_log.py - 春衫 - 日志信息:定位方式:by.-android uiautomator--->定位值:new UiSelector().text("红酒")
2020-08-12 18:18:55,268 - INFO - user_log.py - 春衫 - 日志信息:测试发布本地生活商品-选择【三级分类】-【红酒】选项-点击元素('-android uiautomator', 'new UiSelector().text("红酒")')
2020-08-12 18:18:57,017 - INFO - user_log.py - 春衫 - 日志信息:等待元素('id', 'com.ecloud.hobay:id/tv_select_volume')可见
2020-08-12 18:18:57,101 - INFO - user_log.py - 春衫 - 日志信息:等待时长为：0
2020-08-12 18:18:57,102 - INFO - user_log.py - 春衫 - 日志信息:定位方式:by.id--->定位值:com.ecloud.hobay:id/tv_select_volume
2020-08-12 18:18:57,156 - INFO - user_log.py - 春衫 - 日志信息:测试发布本地生活商品-点击【券类】按钮-点击元素('id', 'com.ecloud.hobay:id/tv_select_volume')
2020-08-12 18:18:57,223 - INFO - user_log.py - 春衫 - 日志信息:等待元素('-android uiautomator', 'new UiSelector().text("代金券")')可见
2020-08-12 18:18:57,966 - INFO - user_log.py - 春衫 - 日志信息:等待时长为：0
2020-08-12 18:18:57,967 - INFO - user_log.py - 春衫 - 日志信息:定位方式:by.-android uiautomator--->定位值:new UiSelector().text("代金券")
2020-08-12 18:18:58,026 - INFO - user_log.py - 春衫 - 日志信息:测试发布本地生活商品-选择【代金券】-点击元素('-android uiautomator', 'new UiSelector().text("代金券")')
2020-08-12 18:18:59,270 - INFO - user_log.py - 春衫 - 日志信息:等待元素('id', 'com.ecloud.hobay:id/et_product_price')可见
2020-08-12 18:18:59,351 - INFO - user_log.py - 春衫 - 日志信息:等待时长为：0
2020-08-12 18:18:59,352 - INFO - user_log.py - 春衫 - 日志信息:输入的商品总价是:100
2020-08-12 18:18:59,353 - INFO - user_log.py - 春衫 - 日志信息:定位方式:by.id--->定位值:com.ecloud.hobay:id/et_product_price
2020-08-12 18:18:59,963 - INFO - user_log.py - 春衫 - 日志信息:等待元素('id', 'com.ecloud.hobay:id/et_product_number')可见
2020-08-12 18:19:00,514 - INFO - user_log.py - 春衫 - 日志信息:等待时长为：0
2020-08-12 18:19:00,515 - INFO - user_log.py - 春衫 - 日志信息:输入的商品库存是:10000
2020-08-12 18:19:00,516 - INFO - user_log.py - 春衫 - 日志信息:定位方式:by.id--->定位值:com.ecloud.hobay:id/et_product_number
2020-08-12 18:19:01,636 - INFO - user_log.py - 春衫 - 日志信息:等待元素('id', 'com.ecloud.hobay:id/btn_immediately_publish')可见
2020-08-12 18:19:02,211 - INFO - user_log.py - 春衫 - 日志信息:等待时长为：0
2020-08-12 18:19:02,212 - INFO - user_log.py - 春衫 - 日志信息:定位方式:by.id--->定位值:com.ecloud.hobay:id/btn_immediately_publish
2020-08-12 18:19:02,275 - INFO - user_log.py - 春衫 - 日志信息:点击【立即上架】按钮-点击元素('id', 'com.ecloud.hobay:id/btn_immediately_publish')
2020-08-12 18:19:02,336 - INFO - user_log.py - 春衫 - 日志信息:等待元素('id', 'com.ecloud.hobay:id/tv_tips')可见
2020-08-12 18:19:03,170 - INFO - user_log.py - 春衫 - 日志信息:等待时长为：0
2020-08-12 18:19:03,171 - INFO - user_log.py - 春衫 - 日志信息:定位方式:by.id--->定位值:com.ecloud.hobay:id/tv_tips
2020-08-12 18:19:03,239 - INFO - user_log.py - 春衫 - 日志信息:获取到的文本内容是：商品审核中
2020-08-12 18:19:18,785 - INFO - user_log.py - 春衫 - 日志信息:元素('xpath', "//*[@text='始终允许']")不存在
2020-08-12 18:19:18,786 - INFO - user_log.py - 春衫 - 日志信息:等待元素('id', 'com.ecloud.hobay:id/rb_me')可见
2020-08-12 18:19:20,053 - INFO - user_log.py - 春衫 - 日志信息:等待时长为：1
2020-08-12 18:19:20,054 - INFO - user_log.py - 春衫 - 日志信息:定位方式:by.id--->定位值:com.ecloud.hobay:id/rb_me
2020-08-12 18:19:20,562 - INFO - user_log.py - 春衫 - 日志信息:发布商品-通用条件-获取当前app的登陆状态-点击元素('id', 'com.ecloud.hobay:id/rb_me')
2020-08-12 18:19:21,789 - INFO - user_log.py - 春衫 - 日志信息:元素('id', 'com.ecloud.hobay:id/tv_setting')存在
2020-08-12 18:19:21,791 - INFO - user_log.py - 春衫 - 日志信息:等待元素('id', 'com.ecloud.hobay:id/tv_phone')可见
2020-08-12 18:19:21,936 - INFO - user_log.py - 春衫 - 日志信息:等待时长为：0
2020-08-12 18:19:21,937 - INFO - user_log.py - 春衫 - 日志信息:定位方式:by.id--->定位值:com.ecloud.hobay:id/tv_phone
2020-08-12 18:19:22,109 - INFO - user_log.py - 春衫 - 日志信息:获取到的文本内容是：17777777776
2020-08-12 18:19:22,166 - INFO - user_log.py - 春衫 - 日志信息:等待元素('id', 'com.ecloud.hobay:id/rb_helpping_me')可见
2020-08-12 18:19:22,463 - INFO - user_log.py - 春衫 - 日志信息:等待时长为：0
2020-08-12 18:19:22,465 - INFO - user_log.py - 春衫 - 日志信息:定位方式:by.id--->定位值:com.ecloud.hobay:id/rb_helpping_me
2020-08-12 18:19:22,783 - INFO - user_log.py - 春衫 - 日志信息:点击底部导航栏-发布商品-点击元素('id', 'com.ecloud.hobay:id/rb_helpping_me')
2020-08-12 18:19:22,857 - INFO - user_log.py - 春衫 - 日志信息:等待元素('id', 'com.ecloud.hobay:id/iv_publish_service')可见
2020-08-12 18:19:23,479 - INFO - user_log.py - 春衫 - 日志信息:等待时长为：0
2020-08-12 18:19:23,479 - INFO - user_log.py - 春衫 - 日志信息:定位方式:by.id--->定位值:com.ecloud.hobay:id/iv_publish_service
2020-08-12 18:19:23,559 - INFO - user_log.py - 春衫 - 日志信息:点击元素('id', 'com.ecloud.hobay:id/iv_publish_service')
2020-08-12 18:19:23,636 - INFO - user_log.py - 春衫 - 日志信息:等待元素('id', 'com.ecloud.hobay:id/iv_add_pic')可见
2020-08-12 18:19:24,317 - INFO - user_log.py - 春衫 - 日志信息:等待时长为：0
2020-08-12 18:19:24,318 - INFO - user_log.py - 春衫 - 日志信息:定位方式:by.id--->定位值:com.ecloud.hobay:id/iv_add_pic
2020-08-12 18:19:24,382 - INFO - user_log.py - 春衫 - 日志信息:点击元素('id', 'com.ecloud.hobay:id/iv_add_pic')
2020-08-12 18:19:25,690 - INFO - user_log.py - 春衫 - 日志信息:元素('xpath', "//*[@text='始终允许']")不存在
2020-08-12 18:19:25,691 - INFO - user_log.py - 春衫 - 日志信息:等待元素('id', 'com.ecloud.hobay:id/cb_check')可见
2020-08-12 18:19:25,763 - INFO - user_log.py - 春衫 - 日志信息:等待时长为：0
2020-08-12 18:19:25,764 - INFO - user_log.py - 春衫 - 日志信息:定位方式:by.id--->定位值:com.ecloud.hobay:id/cb_check
2020-08-12 18:19:25,828 - INFO - user_log.py - 春衫 - 日志信息:点击元素('id', 'com.ecloud.hobay:id/cb_check')
2020-08-12 18:19:25,884 - INFO - user_log.py - 春衫 - 日志信息:等待元素('id', 'com.ecloud.hobay:id/btn_ok')可见
2020-08-12 18:19:26,801 - INFO - user_log.py - 春衫 - 日志信息:等待时长为：0
2020-08-12 18:19:26,802 - INFO - user_log.py - 春衫 - 日志信息:定位方式:by.id--->定位值:com.ecloud.hobay:id/btn_ok
2020-08-12 18:19:27,361 - INFO - user_log.py - 春衫 - 日志信息:点击元素('id', 'com.ecloud.hobay:id/btn_ok')
2020-08-12 18:19:27,429 - INFO - user_log.py - 春衫 - 日志信息:等待元素('id', 'com.ecloud.hobay:id/et_product_title')可见
2020-08-12 18:19:29,127 - INFO - user_log.py - 春衫 - 日志信息:等待时长为：1
2020-08-12 18:19:29,128 - INFO - user_log.py - 春衫 - 日志信息:输入的商品标题是:APP商企服务
2020-08-12 18:19:29,129 - INFO - user_log.py - 春衫 - 日志信息:定位方式:by.id--->定位值:com.ecloud.hobay:id/et_product_title
2020-08-12 18:19:29,776 - INFO - user_log.py - 春衫 - 日志信息:等待元素('id', 'com.ecloud.hobay:id/et_product_desc')可见
2020-08-12 18:19:30,450 - INFO - user_log.py - 春衫 - 日志信息:等待时长为：0
2020-08-12 18:19:30,451 - INFO - user_log.py - 春衫 - 日志信息:输入商品详情是:发布商企服务搞定啦，继续优化
2020-08-12 18:19:30,452 - INFO - user_log.py - 春衫 - 日志信息:定位方式:by.id--->定位值:com.ecloud.hobay:id/et_product_desc
2020-08-12 18:19:31,057 - INFO - user_log.py - 春衫 - 日志信息:等待元素('id', 'com.ecloud.hobay:id/tv_select_type')可见
2020-08-12 18:19:31,618 - INFO - user_log.py - 春衫 - 日志信息:等待时长为：0
2020-08-12 18:19:31,619 - INFO - user_log.py - 春衫 - 日志信息:定位方式:by.id--->定位值:com.ecloud.hobay:id/tv_select_type
2020-08-12 18:19:31,666 - INFO - user_log.py - 春衫 - 日志信息:测试发布商企服务商品-点击【分类】选项-点击元素('id', 'com.ecloud.hobay:id/tv_select_type')
2020-08-12 18:19:31,744 - INFO - user_log.py - 春衫 - 日志信息:等待元素('-android uiautomator', 'new UiSelector().text("设计")')可见
2020-08-12 18:19:33,204 - INFO - user_log.py - 春衫 - 日志信息:等待时长为：1
2020-08-12 18:19:33,205 - INFO - user_log.py - 春衫 - 日志信息:定位方式:by.-android uiautomator--->定位值:new UiSelector().text("设计")
2020-08-12 18:19:33,242 - INFO - user_log.py - 春衫 - 日志信息:测试发布商企服务商品-点击【二级分类】-【设计】选项-点击元素('-android uiautomator', 'new UiSelector().text("设计")')
2020-08-12 18:19:34,003 - INFO - user_log.py - 春衫 - 日志信息:等待元素('-android uiautomator', 'new UiSelector().text("广告设计")')可见
2020-08-12 18:19:34,107 - INFO - user_log.py - 春衫 - 日志信息:等待时长为：0
2020-08-12 18:19:34,108 - INFO - user_log.py - 春衫 - 日志信息:定位方式:by.-android uiautomator--->定位值:new UiSelector().text("广告设计")
2020-08-12 18:19:34,150 - INFO - user_log.py - 春衫 - 日志信息:测试发布商企服务商品-选择【三级分类】-【广告设计】选项-点击元素('-android uiautomator', 'new UiSelector().text("广告设计")')
2020-08-12 18:19:37,145 - INFO - user_log.py - 春衫 - 日志信息:等待元素('id', 'com.ecloud.hobay:id/et_product_all_price')可见
2020-08-12 18:19:37,207 - INFO - user_log.py - 春衫 - 日志信息:等待时长为：0
2020-08-12 18:19:37,208 - INFO - user_log.py - 春衫 - 日志信息:输入商品总价是:100
2020-08-12 18:19:37,209 - INFO - user_log.py - 春衫 - 日志信息:定位方式:by.id--->定位值:com.ecloud.hobay:id/et_product_all_price
2020-08-12 18:19:37,805 - INFO - user_log.py - 春衫 - 日志信息:等待元素('id', 'com.ecloud.hobay:id/et_product_price')可见
2020-08-12 18:19:38,356 - INFO - user_log.py - 春衫 - 日志信息:等待时长为：0
2020-08-12 18:19:38,357 - INFO - user_log.py - 春衫 - 日志信息:输入预付款是:10
2020-08-12 18:19:38,358 - INFO - user_log.py - 春衫 - 日志信息:定位方式:by.id--->定位值:com.ecloud.hobay:id/et_product_price
2020-08-12 18:19:38,467 - INFO - user_log.py - 春衫 - 日志信息:等待元素('id', 'com.ecloud.hobay:id/et_product_number')可见
2020-08-12 18:19:39,014 - INFO - user_log.py - 春衫 - 日志信息:等待时长为：0
2020-08-12 18:19:39,015 - INFO - user_log.py - 春衫 - 日志信息:输入商品库存是:10000
2020-08-12 18:19:39,016 - INFO - user_log.py - 春衫 - 日志信息:定位方式:by.id--->定位值:com.ecloud.hobay:id/et_product_number
2020-08-12 18:19:39,607 - INFO - user_log.py - 春衫 - 日志信息:等待元素('id', 'com.ecloud.hobay:id/btn_immediately_publish')可见
2020-08-12 18:19:40,159 - INFO - user_log.py - 春衫 - 日志信息:等待时长为：0
2020-08-12 18:19:40,160 - INFO - user_log.py - 春衫 - 日志信息:定位方式:by.id--->定位值:com.ecloud.hobay:id/btn_immediately_publish
2020-08-12 18:19:40,211 - INFO - user_log.py - 春衫 - 日志信息:点击【立即上架】按钮-点击元素('id', 'com.ecloud.hobay:id/btn_immediately_publish')
2020-08-12 18:19:40,270 - INFO - user_log.py - 春衫 - 日志信息:等待元素('id', 'com.ecloud.hobay:id/tv_tips')可见
2020-08-12 18:19:41,193 - INFO - user_log.py - 春衫 - 日志信息:等待时长为：0
2020-08-12 18:19:41,193 - INFO - user_log.py - 春衫 - 日志信息:定位方式:by.id--->定位值:com.ecloud.hobay:id/tv_tips
2020-08-12 18:19:41,251 - INFO - user_log.py - 春衫 - 日志信息:获取到的文本内容是：商品审核中
2020-08-12 18:21:58,725 - INFO - user_log.py - 春衫 - 日志信息:元素('xpath', "//*[@text='始终允许']")不存在
2020-08-12 18:21:58,727 - INFO - user_log.py - 春衫 - 日志信息:等待元素('id', 'com.ecloud.hobay:id/rb_me')可见
2020-08-12 18:22:00,059 - INFO - user_log.py - 春衫 - 日志信息:等待时长为：1
2020-08-12 18:22:00,060 - INFO - user_log.py - 春衫 - 日志信息:定位方式:by.id--->定位值:com.ecloud.hobay:id/rb_me
2020-08-12 18:22:00,444 - INFO - user_log.py - 春衫 - 日志信息:发布商品-通用条件-获取当前app的登陆状态-点击元素('id', 'com.ecloud.hobay:id/rb_me')
2020-08-12 18:22:02,004 - INFO - user_log.py - 春衫 - 日志信息:元素('id', 'com.ecloud.hobay:id/tv_setting')存在
2020-08-12 18:22:02,005 - INFO - user_log.py - 春衫 - 日志信息:等待元素('id', 'com.ecloud.hobay:id/tv_phone')可见
2020-08-12 18:22:02,261 - INFO - user_log.py - 春衫 - 日志信息:等待时长为：0
2020-08-12 18:22:02,262 - INFO - user_log.py - 春衫 - 日志信息:定位方式:by.id--->定位值:com.ecloud.hobay:id/tv_phone
2020-08-12 18:22:02,452 - INFO - user_log.py - 春衫 - 日志信息:获取到的文本内容是：17777777776
2020-08-12 18:22:02,490 - INFO - user_log.py - 春衫 - 日志信息:等待元素('id', 'com.ecloud.hobay:id/rb_helpping_me')可见
2020-08-12 18:22:02,877 - INFO - user_log.py - 春衫 - 日志信息:等待时长为：0
2020-08-12 18:22:02,878 - INFO - user_log.py - 春衫 - 日志信息:定位方式:by.id--->定位值:com.ecloud.hobay:id/rb_helpping_me
2020-08-12 18:22:03,311 - INFO - user_log.py - 春衫 - 日志信息:点击底部导航栏-发布商品-点击元素('id', 'com.ecloud.hobay:id/rb_helpping_me')
2020-08-12 18:22:03,371 - INFO - user_log.py - 春衫 - 日志信息:等待元素('id', 'com.ecloud.hobay:id/iv_publish_product')可见
2020-08-12 18:22:04,162 - INFO - user_log.py - 春衫 - 日志信息:等待时长为：0
2020-08-12 18:22:04,164 - INFO - user_log.py - 春衫 - 日志信息:定位方式:by.id--->定位值:com.ecloud.hobay:id/iv_publish_product
2020-08-12 18:22:04,244 - INFO - user_log.py - 春衫 - 日志信息:点击元素('id', 'com.ecloud.hobay:id/iv_publish_product')
2020-08-12 18:22:04,338 - INFO - user_log.py - 春衫 - 日志信息:等待元素('id', 'com.ecloud.hobay:id/iv_add_pic')可见
2020-08-12 18:22:05,023 - INFO - user_log.py - 春衫 - 日志信息:等待时长为：0
2020-08-12 18:22:05,024 - INFO - user_log.py - 春衫 - 日志信息:定位方式:by.id--->定位值:com.ecloud.hobay:id/iv_add_pic
2020-08-12 18:22:05,099 - INFO - user_log.py - 春衫 - 日志信息:点击元素('id', 'com.ecloud.hobay:id/iv_add_pic')
2020-08-12 18:22:06,974 - INFO - user_log.py - 春衫 - 日志信息:元素('xpath', "//*[@text='始终允许']")不存在
2020-08-12 18:22:06,975 - INFO - user_log.py - 春衫 - 日志信息:等待元素('id', 'com.ecloud.hobay:id/cb_check')可见
2020-08-12 18:22:07,029 - INFO - user_log.py - 春衫 - 日志信息:等待时长为：0
2020-08-12 18:22:07,030 - INFO - user_log.py - 春衫 - 日志信息:定位方式:by.id--->定位值:com.ecloud.hobay:id/cb_check
2020-08-12 18:22:07,081 - INFO - user_log.py - 春衫 - 日志信息:点击元素('id', 'com.ecloud.hobay:id/cb_check')
2020-08-12 18:22:07,172 - INFO - user_log.py - 春衫 - 日志信息:等待元素('id', 'com.ecloud.hobay:id/btn_ok')可见
2020-08-12 18:22:08,087 - INFO - user_log.py - 春衫 - 日志信息:等待时长为：0
2020-08-12 18:22:08,088 - INFO - user_log.py - 春衫 - 日志信息:定位方式:by.id--->定位值:com.ecloud.hobay:id/btn_ok
2020-08-12 18:22:08,143 - INFO - user_log.py - 春衫 - 日志信息:点击元素('id', 'com.ecloud.hobay:id/btn_ok')
2020-08-12 18:22:08,211 - INFO - user_log.py - 春衫 - 日志信息:等待元素('id', 'com.ecloud.hobay:id/et_product_title')可见
2020-08-12 18:22:09,657 - INFO - user_log.py - 春衫 - 日志信息:等待时长为：1
2020-08-12 18:22:09,658 - INFO - user_log.py - 春衫 - 日志信息:输入的商品标题是:APP实物商品
2020-08-12 18:22:09,659 - INFO - user_log.py - 春衫 - 日志信息:定位方式:by.id--->定位值:com.ecloud.hobay:id/et_product_title
2020-08-12 18:22:10,301 - INFO - user_log.py - 春衫 - 日志信息:等待元素('id', 'com.ecloud.hobay:id/tv_product_detail')可见
2020-08-12 18:22:10,821 - INFO - user_log.py - 春衫 - 日志信息:等待时长为：0
2020-08-12 18:22:10,822 - INFO - user_log.py - 春衫 - 日志信息:定位方式:by.id--->定位值:com.ecloud.hobay:id/tv_product_detail
2020-08-12 18:22:10,887 - INFO - user_log.py - 春衫 - 日志信息:点击【商品描述】选项-点击元素('id', 'com.ecloud.hobay:id/tv_product_detail')
2020-08-12 18:22:10,957 - INFO - user_log.py - 春衫 - 日志信息:等待元素('class name', 'android.widget.EditText')可见
2020-08-12 18:22:11,662 - INFO - user_log.py - 春衫 - 日志信息:等待时长为：0
2020-08-12 18:22:11,663 - INFO - user_log.py - 春衫 - 日志信息:定位方式:by.class name--->定位值:android.widget.EditText
2020-08-12 18:22:11,788 - INFO - user_log.py - 春衫 - 日志信息:输入商品详情:发布实物商品搞定啦，继续优化
2020-08-12 18:22:11,790 - INFO - user_log.py - 春衫 - 日志信息:等待元素('id', 'com.ecloud.hobay:id/btn_add_pic')可见
2020-08-12 18:22:12,536 - INFO - user_log.py - 春衫 - 日志信息:等待时长为：0
2020-08-12 18:22:12,537 - INFO - user_log.py - 春衫 - 日志信息:定位方式:by.id--->定位值:com.ecloud.hobay:id/btn_add_pic
2020-08-12 18:22:12,574 - INFO - user_log.py - 春衫 - 日志信息:点击元素('id', 'com.ecloud.hobay:id/btn_add_pic')
2020-08-12 18:22:13,839 - INFO - user_log.py - 春衫 - 日志信息:元素('xpath', "//*[@text='始终允许']")不存在
2020-08-12 18:22:13,841 - INFO - user_log.py - 春衫 - 日志信息:等待元素('id', 'com.ecloud.hobay:id/cb_check')可见
2020-08-12 18:22:13,894 - INFO - user_log.py - 春衫 - 日志信息:等待时长为：0
2020-08-12 18:22:13,895 - INFO - user_log.py - 春衫 - 日志信息:定位方式:by.id--->定位值:com.ecloud.hobay:id/cb_check
2020-08-12 18:22:13,938 - INFO - user_log.py - 春衫 - 日志信息:点击元素('id', 'com.ecloud.hobay:id/cb_check')
2020-08-12 18:22:13,988 - INFO - user_log.py - 春衫 - 日志信息:等待元素('id', 'com.ecloud.hobay:id/btn_ok')可见
2020-08-12 18:22:14,896 - INFO - user_log.py - 春衫 - 日志信息:等待时长为：0
2020-08-12 18:22:14,897 - INFO - user_log.py - 春衫 - 日志信息:定位方式:by.id--->定位值:com.ecloud.hobay:id/btn_ok
2020-08-12 18:22:14,949 - INFO - user_log.py - 春衫 - 日志信息:点击元素('id', 'com.ecloud.hobay:id/btn_ok')
2020-08-12 18:22:15,016 - INFO - user_log.py - 春衫 - 日志信息:等待元素('id', 'com.ecloud.hobay:id/btn_complete')可见
2020-08-12 18:22:16,191 - INFO - user_log.py - 春衫 - 日志信息:等待时长为：1
2020-08-12 18:22:16,192 - INFO - user_log.py - 春衫 - 日志信息:定位方式:by.id--->定位值:com.ecloud.hobay:id/btn_complete
2020-08-12 18:22:16,229 - INFO - user_log.py - 春衫 - 日志信息:点击【完成】按钮-点击元素('id', 'com.ecloud.hobay:id/btn_complete')
2020-08-12 18:22:16,281 - INFO - user_log.py - 春衫 - 日志信息:等待元素('id', 'com.ecloud.hobay:id/tv_product_phase')可见
2020-08-12 18:22:17,722 - INFO - user_log.py - 春衫 - 日志信息:等待时长为：1
2020-08-12 18:22:17,723 - INFO - user_log.py - 春衫 - 日志信息:定位方式:by.id--->定位值:com.ecloud.hobay:id/tv_product_phase
2020-08-12 18:22:17,762 - INFO - user_log.py - 春衫 - 日志信息:点击【品相】选项-点击元素('id', 'com.ecloud.hobay:id/tv_product_phase')
2020-08-12 18:22:17,824 - INFO - user_log.py - 春衫 - 日志信息:等待元素('-android uiautomator', 'new UiSelector().text("全新")')可见
2020-08-12 18:22:18,512 - INFO - user_log.py - 春衫 - 日志信息:等待时长为：0
2020-08-12 18:22:18,513 - INFO - user_log.py - 春衫 - 日志信息:定位方式:by.-android uiautomator--->定位值:new UiSelector().text("全新")
2020-08-12 18:22:18,545 - INFO - user_log.py - 春衫 - 日志信息:点击【全新】选项-点击元素('-android uiautomator', 'new UiSelector().text("全新")')
2020-08-12 18:22:19,255 - INFO - user_log.py - 春衫 - 日志信息:等待元素('id', 'com.ecloud.hobay:id/tv_select_type')可见
2020-08-12 18:22:19,816 - INFO - user_log.py - 春衫 - 日志信息:等待时长为：0
2020-08-12 18:22:19,817 - INFO - user_log.py - 春衫 - 日志信息:定位方式:by.id--->定位值:com.ecloud.hobay:id/tv_select_type
2020-08-12 18:22:19,849 - INFO - user_log.py - 春衫 - 日志信息:点击【分类】选项-点击元素('id', 'com.ecloud.hobay:id/tv_select_type')
2020-08-12 18:22:19,899 - INFO - user_log.py - 春衫 - 日志信息:等待元素('-android uiautomator', 'new UiSelector().text("服装")')可见
2020-08-12 18:22:21,112 - INFO - user_log.py - 春衫 - 日志信息:等待时长为：1
2020-08-12 18:22:21,113 - INFO - user_log.py - 春衫 - 日志信息:定位方式:by.-android uiautomator--->定位值:new UiSelector().text("服装")
2020-08-12 18:22:21,146 - INFO - user_log.py - 春衫 - 日志信息:点击【二级分类】-【服装】选项-点击元素('-android uiautomator', 'new UiSelector().text("服装")')
2020-08-12 18:22:22,405 - INFO - user_log.py - 春衫 - 日志信息:等待元素('-android uiautomator', 'new UiSelector().text("裤子")')可见
2020-08-12 18:22:22,490 - INFO - user_log.py - 春衫 - 日志信息:等待时长为：0
2020-08-12 18:22:22,491 - INFO - user_log.py - 春衫 - 日志信息:定位方式:by.-android uiautomator--->定位值:new UiSelector().text("裤子")
2020-08-12 18:22:22,529 - INFO - user_log.py - 春衫 - 日志信息:选择【三级分类】-【裤子】选项-点击元素('-android uiautomator', 'new UiSelector().text("裤子")')
2020-08-12 18:22:24,721 - INFO - user_log.py - 春衫 - 日志信息:等待元素('id', 'com.ecloud.hobay:id/tv_product_type')可见
2020-08-12 18:22:24,810 - INFO - user_log.py - 春衫 - 日志信息:等待时长为：0
2020-08-12 18:22:24,811 - INFO - user_log.py - 春衫 - 日志信息:定位方式:by.id--->定位值:com.ecloud.hobay:id/tv_product_type
2020-08-12 18:22:24,857 - INFO - user_log.py - 春衫 - 日志信息:点击【商品类型】选项-点击元素('id', 'com.ecloud.hobay:id/tv_product_type')
2020-08-12 18:22:24,910 - INFO - user_log.py - 春衫 - 日志信息:等待元素('id', 'com.ecloud.hobay:id/tv_dialog_item')可见
2020-08-12 18:22:25,724 - INFO - user_log.py - 春衫 - 日志信息:等待时长为：0
2020-08-12 18:22:25,725 - INFO - user_log.py - 春衫 - 日志信息:定位方式:by.id--->定位值:com.ecloud.hobay:id/tv_dialog_item
2020-08-12 18:22:25,756 - INFO - user_log.py - 春衫 - 日志信息:选择【商品类型】-【易贝商品】选项-点击元素('id', 'com.ecloud.hobay:id/tv_dialog_item')
2020-08-12 18:22:25,813 - INFO - user_log.py - 春衫 - 日志信息:等待元素('id', 'com.ecloud.hobay:id/tv_specification')可见
2020-08-12 18:22:26,847 - INFO - user_log.py - 春衫 - 日志信息:等待时长为：1
2020-08-12 18:22:26,849 - INFO - user_log.py - 春衫 - 日志信息:定位方式:by.id--->定位值:com.ecloud.hobay:id/tv_specification
2020-08-12 18:22:26,899 - INFO - user_log.py - 春衫 - 日志信息:点击【规格】选项-点击元素('id', 'com.ecloud.hobay:id/tv_specification')
2020-08-12 18:22:26,951 - INFO - user_log.py - 春衫 - 日志信息:等待元素('id', 'com.ecloud.hobay:id/et_first_attributes')可见
2020-08-12 18:22:27,772 - INFO - user_log.py - 春衫 - 日志信息:等待时长为：0
2020-08-12 18:22:27,773 - INFO - user_log.py - 春衫 - 日志信息:输入的商品规格是:外套
2020-08-12 18:22:27,774 - INFO - user_log.py - 春衫 - 日志信息:定位方式:by.id--->定位值:com.ecloud.hobay:id/et_first_attributes
2020-08-12 18:22:28,351 - INFO - user_log.py - 春衫 - 日志信息:等待元素('id', 'com.ecloud.hobay:id/et_name')可见
2020-08-12 18:22:28,891 - INFO - user_log.py - 春衫 - 日志信息:等待时长为：0
2020-08-12 18:22:28,892 - INFO - user_log.py - 春衫 - 日志信息:输入的商品属性是:红色
2020-08-12 18:22:28,892 - INFO - user_log.py - 春衫 - 日志信息:定位方式:by.id--->定位值:com.ecloud.hobay:id/et_name
2020-08-12 18:22:29,712 - INFO - user_log.py - 春衫 - 日志信息:等待元素('id', 'com.ecloud.hobay:id/tv_add_pic')可见
2020-08-12 18:22:30,249 - INFO - user_log.py - 春衫 - 日志信息:等待时长为：0
2020-08-12 18:22:30,250 - INFO - user_log.py - 春衫 - 日志信息:定位方式:by.id--->定位值:com.ecloud.hobay:id/tv_add_pic
2020-08-12 18:22:30,293 - INFO - user_log.py - 春衫 - 日志信息:点击上传规格图片-点击元素('id', 'com.ecloud.hobay:id/tv_add_pic')
2020-08-12 18:22:31,124 - INFO - user_log.py - 春衫 - 日志信息:等待元素('id', 'com.ecloud.hobay:id/iv_thumb')可见
2020-08-12 18:22:31,194 - INFO - user_log.py - 春衫 - 日志信息:等待时长为：0
2020-08-12 18:22:31,195 - INFO - user_log.py - 春衫 - 日志信息:定位方式:by.id--->定位值:com.ecloud.hobay:id/iv_thumb
2020-08-12 18:22:31,240 - INFO - user_log.py - 春衫 - 日志信息:选择规格图片-点击元素('id', 'com.ecloud.hobay:id/iv_thumb')
2020-08-12 18:22:31,310 - INFO - user_log.py - 春衫 - 日志信息:等待元素('id', 'com.ecloud.hobay:id/btn_next')可见
2020-08-12 18:22:32,601 - INFO - user_log.py - 春衫 - 日志信息:等待时长为：1
2020-08-12 18:22:32,602 - INFO - user_log.py - 春衫 - 日志信息:定位方式:by.id--->定位值:com.ecloud.hobay:id/btn_next
2020-08-12 18:22:32,647 - INFO - user_log.py - 春衫 - 日志信息:点击【下一步】按钮-点击元素('id', 'com.ecloud.hobay:id/btn_next')
2020-08-12 18:22:32,702 - INFO - user_log.py - 春衫 - 日志信息:等待元素('id', 'com.ecloud.hobay:id/et_purchase_price')可见
2020-08-12 18:22:33,757 - INFO - user_log.py - 春衫 - 日志信息:等待时长为：1
2020-08-12 18:22:33,759 - INFO - user_log.py - 春衫 - 日志信息:输入的商品进货价是:100
2020-08-12 18:22:33,759 - INFO - user_log.py - 春衫 - 日志信息:定位方式:by.id--->定位值:com.ecloud.hobay:id/et_purchase_price
2020-08-12 18:22:34,348 - INFO - user_log.py - 春衫 - 日志信息:等待元素('id', 'com.ecloud.hobay:id/et_price')可见
2020-08-12 18:22:34,896 - INFO - user_log.py - 春衫 - 日志信息:等待时长为：0
2020-08-12 18:22:34,897 - INFO - user_log.py - 春衫 - 日志信息:输入的商品出售价是:100
2020-08-12 18:22:34,898 - INFO - user_log.py - 春衫 - 日志信息:定位方式:by.id--->定位值:com.ecloud.hobay:id/et_price
2020-08-12 18:22:35,481 - INFO - user_log.py - 春衫 - 日志信息:等待元素('id', 'com.ecloud.hobay:id/et_number')可见
2020-08-12 18:22:36,046 - INFO - user_log.py - 春衫 - 日志信息:等待时长为：0
2020-08-12 18:22:36,047 - INFO - user_log.py - 春衫 - 日志信息:输入的商品库存是:10000
2020-08-12 18:22:36,048 - INFO - user_log.py - 春衫 - 日志信息:定位方式:by.id--->定位值:com.ecloud.hobay:id/et_number
2020-08-12 18:22:36,962 - INFO - user_log.py - 春衫 - 日志信息:等待元素('id', 'com.ecloud.hobay:id/btn_confirm')可见
2020-08-12 18:22:37,774 - INFO - user_log.py - 春衫 - 日志信息:等待时长为：0
2020-08-12 18:22:37,775 - INFO - user_log.py - 春衫 - 日志信息:定位方式:by.id--->定位值:com.ecloud.hobay:id/btn_confirm
2020-08-12 18:22:37,820 - INFO - user_log.py - 春衫 - 日志信息:点击【确定】按钮-点击元素('id', 'com.ecloud.hobay:id/btn_confirm')
2020-08-12 18:22:37,876 - INFO - user_log.py - 春衫 - 日志信息:等待元素('id', 'com.ecloud.hobay:id/tv_freight')可见
2020-08-12 18:22:38,988 - INFO - user_log.py - 春衫 - 日志信息:等待时长为：1
2020-08-12 18:22:38,989 - INFO - user_log.py - 春衫 - 日志信息:定位方式:by.id--->定位值:com.ecloud.hobay:id/tv_freight
2020-08-12 18:22:39,033 - INFO - user_log.py - 春衫 - 日志信息:点击【运费】选项-点击元素('id', 'com.ecloud.hobay:id/tv_freight')
2020-08-12 18:22:39,112 - INFO - user_log.py - 春衫 - 日志信息:等待元素('-android uiautomator', 'new UiSelector().text("包邮")')可见
2020-08-12 18:22:40,049 - INFO - user_log.py - 春衫 - 日志信息:等待时长为：0
2020-08-12 18:22:40,051 - INFO - user_log.py - 春衫 - 日志信息:定位方式:by.-android uiautomator--->定位值:new UiSelector().text("包邮")
2020-08-12 18:22:40,084 - INFO - user_log.py - 春衫 - 日志信息:【运费】类型-选择【包邮】选项-点击元素('-android uiautomator', 'new UiSelector().text("包邮")')
2020-08-12 18:22:40,832 - INFO - user_log.py - 春衫 - 日志信息:等待元素('id', 'com.ecloud.hobay:id/btn_immediately_publish')可见
2020-08-12 18:22:41,800 - INFO - user_log.py - 春衫 - 日志信息:等待时长为：0
2020-08-12 18:22:41,801 - INFO - user_log.py - 春衫 - 日志信息:定位方式:by.id--->定位值:com.ecloud.hobay:id/btn_immediately_publish
2020-08-12 18:22:41,893 - INFO - user_log.py - 春衫 - 日志信息:点击【立即上架】按钮-点击元素('id', 'com.ecloud.hobay:id/btn_immediately_publish')
2020-08-12 18:22:41,962 - INFO - user_log.py - 春衫 - 日志信息:等待元素('id', 'com.ecloud.hobay:id/tv_tips')可见
2020-08-12 18:22:43,253 - INFO - user_log.py - 春衫 - 日志信息:等待时长为：1
2020-08-12 18:22:43,254 - INFO - user_log.py - 春衫 - 日志信息:定位方式:by.id--->定位值:com.ecloud.hobay:id/tv_tips
2020-08-12 18:22:43,319 - INFO - user_log.py - 春衫 - 日志信息:获取到的文本内容是：商品审核中
2020-08-12 18:22:59,095 - INFO - user_log.py - 春衫 - 日志信息:元素('xpath', "//*[@text='始终允许']")不存在
2020-08-12 18:22:59,096 - INFO - user_log.py - 春衫 - 日志信息:等待元素('id', 'com.ecloud.hobay:id/rb_me')可见
2020-08-12 18:23:00,592 - INFO - user_log.py - 春衫 - 日志信息:等待时长为：1
2020-08-12 18:23:00,593 - INFO - user_log.py - 春衫 - 日志信息:定位方式:by.id--->定位值:com.ecloud.hobay:id/rb_me
2020-08-12 18:23:00,977 - INFO - user_log.py - 春衫 - 日志信息:发布商品-通用条件-获取当前app的登陆状态-点击元素('id', 'com.ecloud.hobay:id/rb_me')
2020-08-12 18:23:02,364 - INFO - user_log.py - 春衫 - 日志信息:元素('id', 'com.ecloud.hobay:id/tv_setting')存在
2020-08-12 18:23:02,365 - INFO - user_log.py - 春衫 - 日志信息:等待元素('id', 'com.ecloud.hobay:id/tv_phone')可见
2020-08-12 18:23:03,026 - INFO - user_log.py - 春衫 - 日志信息:等待时长为：0
2020-08-12 18:23:03,027 - INFO - user_log.py - 春衫 - 日志信息:定位方式:by.id--->定位值:com.ecloud.hobay:id/tv_phone
2020-08-12 18:23:03,176 - INFO - user_log.py - 春衫 - 日志信息:获取到的文本内容是：17777777776
2020-08-12 18:23:03,234 - INFO - user_log.py - 春衫 - 日志信息:等待元素('id', 'com.ecloud.hobay:id/rb_helpping_me')可见
2020-08-12 18:23:03,671 - INFO - user_log.py - 春衫 - 日志信息:等待时长为：0
2020-08-12 18:23:03,671 - INFO - user_log.py - 春衫 - 日志信息:定位方式:by.id--->定位值:com.ecloud.hobay:id/rb_helpping_me
2020-08-12 18:23:04,161 - INFO - user_log.py - 春衫 - 日志信息:点击底部导航栏-发布商品-点击元素('id', 'com.ecloud.hobay:id/rb_helpping_me')
2020-08-12 18:23:04,513 - INFO - user_log.py - 春衫 - 日志信息:等待元素('id', 'com.ecloud.hobay:id/iv_publish_card')可见
2020-08-12 18:23:05,880 - INFO - user_log.py - 春衫 - 日志信息:等待时长为：1
2020-08-12 18:23:05,881 - INFO - user_log.py - 春衫 - 日志信息:定位方式:by.id--->定位值:com.ecloud.hobay:id/iv_publish_card
2020-08-12 18:23:05,955 - INFO - user_log.py - 春衫 - 日志信息:点击元素('id', 'com.ecloud.hobay:id/iv_publish_card')
2020-08-12 18:23:06,050 - INFO - user_log.py - 春衫 - 日志信息:等待元素('id', 'com.ecloud.hobay:id/iv_add_pic')可见
2020-08-12 18:23:06,743 - INFO - user_log.py - 春衫 - 日志信息:等待时长为：0
2020-08-12 18:23:06,744 - INFO - user_log.py - 春衫 - 日志信息:定位方式:by.id--->定位值:com.ecloud.hobay:id/iv_add_pic
2020-08-12 18:23:06,794 - INFO - user_log.py - 春衫 - 日志信息:点击元素('id', 'com.ecloud.hobay:id/iv_add_pic')
2020-08-12 18:23:08,091 - INFO - user_log.py - 春衫 - 日志信息:元素('xpath', "//*[@text='始终允许']")不存在
2020-08-12 18:23:08,093 - INFO - user_log.py - 春衫 - 日志信息:等待元素('id', 'com.ecloud.hobay:id/cb_check')可见
2020-08-12 18:23:08,181 - INFO - user_log.py - 春衫 - 日志信息:等待时长为：0
2020-08-12 18:23:08,182 - INFO - user_log.py - 春衫 - 日志信息:定位方式:by.id--->定位值:com.ecloud.hobay:id/cb_check
2020-08-12 18:23:08,238 - INFO - user_log.py - 春衫 - 日志信息:点击元素('id', 'com.ecloud.hobay:id/cb_check')
2020-08-12 18:23:08,307 - INFO - user_log.py - 春衫 - 日志信息:等待元素('id', 'com.ecloud.hobay:id/btn_ok')可见
2020-08-12 18:23:09,227 - INFO - user_log.py - 春衫 - 日志信息:等待时长为：0
2020-08-12 18:23:09,228 - INFO - user_log.py - 春衫 - 日志信息:定位方式:by.id--->定位值:com.ecloud.hobay:id/btn_ok
2020-08-12 18:23:09,280 - INFO - user_log.py - 春衫 - 日志信息:点击元素('id', 'com.ecloud.hobay:id/btn_ok')
2020-08-12 18:23:10,059 - INFO - user_log.py - 春衫 - 日志信息:等待元素('id', 'com.ecloud.hobay:id/et_product_title')可见
2020-08-12 18:23:10,601 - INFO - user_log.py - 春衫 - 日志信息:等待时长为：0
2020-08-12 18:23:10,602 - INFO - user_log.py - 春衫 - 日志信息:输入的商品标题是:APP本地生活
2020-08-12 18:23:10,603 - INFO - user_log.py - 春衫 - 日志信息:定位方式:by.id--->定位值:com.ecloud.hobay:id/et_product_title
2020-08-12 18:23:11,223 - INFO - user_log.py - 春衫 - 日志信息:等待元素('id', 'com.ecloud.hobay:id/et_product_desc')可见
2020-08-12 18:23:11,789 - INFO - user_log.py - 春衫 - 日志信息:等待时长为：0
2020-08-12 18:23:11,790 - INFO - user_log.py - 春衫 - 日志信息:输入商品详情:发布本地生活搞定啦，继续优化
2020-08-12 18:23:11,791 - INFO - user_log.py - 春衫 - 日志信息:定位方式:by.id--->定位值:com.ecloud.hobay:id/et_product_desc
2020-08-12 18:23:12,386 - INFO - user_log.py - 春衫 - 日志信息:等待元素('id', 'com.ecloud.hobay:id/tv_select_type')可见
2020-08-12 18:23:12,936 - INFO - user_log.py - 春衫 - 日志信息:等待时长为：0
2020-08-12 18:23:12,936 - INFO - user_log.py - 春衫 - 日志信息:定位方式:by.id--->定位值:com.ecloud.hobay:id/tv_select_type
2020-08-12 18:23:13,000 - INFO - user_log.py - 春衫 - 日志信息:测试发布本地生活商品-点击【分类】选项-点击元素('id', 'com.ecloud.hobay:id/tv_select_type')
2020-08-12 18:23:13,053 - INFO - user_log.py - 春衫 - 日志信息:等待元素('-android uiautomator', 'new UiSelector().text("酒水")')可见
2020-08-12 18:23:13,926 - INFO - user_log.py - 春衫 - 日志信息:等待时长为：0
2020-08-12 18:23:13,927 - INFO - user_log.py - 春衫 - 日志信息:定位方式:by.-android uiautomator--->定位值:new UiSelector().text("酒水")
2020-08-12 18:23:13,964 - INFO - user_log.py - 春衫 - 日志信息:测试发布本地生活商品-点击【二级分类】-【酒水】选项-点击元素('-android uiautomator', 'new UiSelector().text("酒水")')
2020-08-12 18:23:14,728 - INFO - user_log.py - 春衫 - 日志信息:等待元素('-android uiautomator', 'new UiSelector().text("红酒")')可见
2020-08-12 18:23:14,816 - INFO - user_log.py - 春衫 - 日志信息:等待时长为：0
2020-08-12 18:23:14,817 - INFO - user_log.py - 春衫 - 日志信息:定位方式:by.-android uiautomator--->定位值:new UiSelector().text("红酒")
2020-08-12 18:23:14,852 - INFO - user_log.py - 春衫 - 日志信息:测试发布本地生活商品-选择【三级分类】-【红酒】选项-点击元素('-android uiautomator', 'new UiSelector().text("红酒")')
2020-08-12 18:23:16,661 - INFO - user_log.py - 春衫 - 日志信息:等待元素('id', 'com.ecloud.hobay:id/tv_select_volume')可见
2020-08-12 18:23:16,794 - INFO - user_log.py - 春衫 - 日志信息:等待时长为：0
2020-08-12 18:23:16,795 - INFO - user_log.py - 春衫 - 日志信息:定位方式:by.id--->定位值:com.ecloud.hobay:id/tv_select_volume
2020-08-12 18:23:16,846 - INFO - user_log.py - 春衫 - 日志信息:测试发布本地生活商品-点击【券类】按钮-点击元素('id', 'com.ecloud.hobay:id/tv_select_volume')
2020-08-12 18:23:16,910 - INFO - user_log.py - 春衫 - 日志信息:等待元素('-android uiautomator', 'new UiSelector().text("代金券")')可见
2020-08-12 18:23:17,873 - INFO - user_log.py - 春衫 - 日志信息:等待时长为：0
2020-08-12 18:23:17,873 - INFO - user_log.py - 春衫 - 日志信息:定位方式:by.-android uiautomator--->定位值:new UiSelector().text("代金券")
2020-08-12 18:23:17,902 - INFO - user_log.py - 春衫 - 日志信息:测试发布本地生活商品-选择【代金券】-点击元素('-android uiautomator', 'new UiSelector().text("代金券")')
2020-08-12 18:23:19,135 - INFO - user_log.py - 春衫 - 日志信息:等待元素('id', 'com.ecloud.hobay:id/et_product_price')可见
2020-08-12 18:23:19,203 - INFO - user_log.py - 春衫 - 日志信息:等待时长为：0
2020-08-12 18:23:19,204 - INFO - user_log.py - 春衫 - 日志信息:输入的商品总价是:100
2020-08-12 18:23:19,204 - INFO - user_log.py - 春衫 - 日志信息:定位方式:by.id--->定位值:com.ecloud.hobay:id/et_product_price
2020-08-12 18:23:19,313 - INFO - user_log.py - 春衫 - 日志信息:等待元素('id', 'com.ecloud.hobay:id/et_product_number')可见
2020-08-12 18:23:19,888 - INFO - user_log.py - 春衫 - 日志信息:等待时长为：0
2020-08-12 18:23:19,889 - INFO - user_log.py - 春衫 - 日志信息:输入的商品库存是:10000
2020-08-12 18:23:19,890 - INFO - user_log.py - 春衫 - 日志信息:定位方式:by.id--->定位值:com.ecloud.hobay:id/et_product_number
2020-08-12 18:23:20,496 - INFO - user_log.py - 春衫 - 日志信息:等待元素('id', 'com.ecloud.hobay:id/btn_immediately_publish')可见
2020-08-12 18:23:21,042 - INFO - user_log.py - 春衫 - 日志信息:等待时长为：0
2020-08-12 18:23:21,043 - INFO - user_log.py - 春衫 - 日志信息:定位方式:by.id--->定位值:com.ecloud.hobay:id/btn_immediately_publish
2020-08-12 18:23:21,089 - INFO - user_log.py - 春衫 - 日志信息:点击【立即上架】按钮-点击元素('id', 'com.ecloud.hobay:id/btn_immediately_publish')
2020-08-12 18:23:21,144 - INFO - user_log.py - 春衫 - 日志信息:等待元素('id', 'com.ecloud.hobay:id/tv_tips')可见
2020-08-12 18:23:21,920 - INFO - user_log.py - 春衫 - 日志信息:等待时长为：0
2020-08-12 18:23:21,921 - INFO - user_log.py - 春衫 - 日志信息:定位方式:by.id--->定位值:com.ecloud.hobay:id/tv_tips
2020-08-12 18:23:21,979 - INFO - user_log.py - 春衫 - 日志信息:获取到的文本内容是：商品审核中
2020-08-12 18:23:39,375 - INFO - user_log.py - 春衫 - 日志信息:元素('xpath', "//*[@text='始终允许']")不存在
2020-08-12 18:23:39,376 - INFO - user_log.py - 春衫 - 日志信息:等待元素('id', 'com.ecloud.hobay:id/rb_me')可见
2020-08-12 18:23:39,719 - INFO - user_log.py - 春衫 - 日志信息:等待时长为：0
2020-08-12 18:23:39,720 - INFO - user_log.py - 春衫 - 日志信息:定位方式:by.id--->定位值:com.ecloud.hobay:id/rb_me
2020-08-12 18:23:39,995 - INFO - user_log.py - 春衫 - 日志信息:发布商品-通用条件-获取当前app的登陆状态-点击元素('id', 'com.ecloud.hobay:id/rb_me')
2020-08-12 18:23:41,023 - INFO - user_log.py - 春衫 - 日志信息:元素('id', 'com.ecloud.hobay:id/tv_setting')存在
2020-08-12 18:23:41,024 - INFO - user_log.py - 春衫 - 日志信息:等待元素('id', 'com.ecloud.hobay:id/tv_phone')可见
2020-08-12 18:23:42,085 - INFO - user_log.py - 春衫 - 日志信息:等待时长为：1
2020-08-12 18:23:42,086 - INFO - user_log.py - 春衫 - 日志信息:定位方式:by.id--->定位值:com.ecloud.hobay:id/tv_phone
2020-08-12 18:23:42,267 - INFO - user_log.py - 春衫 - 日志信息:获取到的文本内容是：17777777776
2020-08-12 18:23:42,301 - INFO - user_log.py - 春衫 - 日志信息:等待元素('id', 'com.ecloud.hobay:id/rb_helpping_me')可见
2020-08-12 18:23:42,632 - INFO - user_log.py - 春衫 - 日志信息:等待时长为：0
2020-08-12 18:23:42,633 - INFO - user_log.py - 春衫 - 日志信息:定位方式:by.id--->定位值:com.ecloud.hobay:id/rb_helpping_me
2020-08-12 18:23:42,928 - INFO - user_log.py - 春衫 - 日志信息:点击底部导航栏-发布商品-点击元素('id', 'com.ecloud.hobay:id/rb_helpping_me')
2020-08-12 18:23:43,630 - INFO - user_log.py - 春衫 - 日志信息:等待元素('id', 'com.ecloud.hobay:id/iv_publish_service')可见
2020-08-12 18:23:43,725 - INFO - user_log.py - 春衫 - 日志信息:等待时长为：0
2020-08-12 18:23:43,725 - INFO - user_log.py - 春衫 - 日志信息:定位方式:by.id--->定位值:com.ecloud.hobay:id/iv_publish_service
2020-08-12 18:23:43,785 - INFO - user_log.py - 春衫 - 日志信息:点击元素('id', 'com.ecloud.hobay:id/iv_publish_service')
2020-08-12 18:23:43,874 - INFO - user_log.py - 春衫 - 日志信息:等待元素('id', 'com.ecloud.hobay:id/iv_add_pic')可见
2020-08-12 18:23:44,571 - INFO - user_log.py - 春衫 - 日志信息:等待时长为：0
2020-08-12 18:23:44,572 - INFO - user_log.py - 春衫 - 日志信息:定位方式:by.id--->定位值:com.ecloud.hobay:id/iv_add_pic
2020-08-12 18:23:44,623 - INFO - user_log.py - 春衫 - 日志信息:点击元素('id', 'com.ecloud.hobay:id/iv_add_pic')
2020-08-12 18:23:46,113 - INFO - user_log.py - 春衫 - 日志信息:元素('xpath', "//*[@text='始终允许']")不存在
2020-08-12 18:23:46,114 - INFO - user_log.py - 春衫 - 日志信息:等待元素('id', 'com.ecloud.hobay:id/cb_check')可见
2020-08-12 18:23:46,201 - INFO - user_log.py - 春衫 - 日志信息:等待时长为：0
2020-08-12 18:23:46,202 - INFO - user_log.py - 春衫 - 日志信息:定位方式:by.id--->定位值:com.ecloud.hobay:id/cb_check
2020-08-12 18:23:46,300 - INFO - user_log.py - 春衫 - 日志信息:点击元素('id', 'com.ecloud.hobay:id/cb_check')
2020-08-12 18:23:46,372 - INFO - user_log.py - 春衫 - 日志信息:等待元素('id', 'com.ecloud.hobay:id/btn_ok')可见
2020-08-12 18:23:47,290 - INFO - user_log.py - 春衫 - 日志信息:等待时长为：0
2020-08-12 18:23:47,291 - INFO - user_log.py - 春衫 - 日志信息:定位方式:by.id--->定位值:com.ecloud.hobay:id/btn_ok
2020-08-12 18:23:47,349 - INFO - user_log.py - 春衫 - 日志信息:点击元素('id', 'com.ecloud.hobay:id/btn_ok')
2020-08-12 18:23:47,425 - INFO - user_log.py - 春衫 - 日志信息:等待元素('id', 'com.ecloud.hobay:id/et_product_title')可见
2020-08-12 18:23:48,632 - INFO - user_log.py - 春衫 - 日志信息:等待时长为：1
2020-08-12 18:23:48,633 - INFO - user_log.py - 春衫 - 日志信息:输入的商品标题是:APP商企服务
2020-08-12 18:23:48,634 - INFO - user_log.py - 春衫 - 日志信息:定位方式:by.id--->定位值:com.ecloud.hobay:id/et_product_title
2020-08-12 18:23:49,260 - INFO - user_log.py - 春衫 - 日志信息:等待元素('id', 'com.ecloud.hobay:id/et_product_desc')可见
2020-08-12 18:23:49,930 - INFO - user_log.py - 春衫 - 日志信息:等待时长为：0
2020-08-12 18:23:49,931 - INFO - user_log.py - 春衫 - 日志信息:输入商品详情是:发布商企服务搞定啦，继续优化
2020-08-12 18:23:49,932 - INFO - user_log.py - 春衫 - 日志信息:定位方式:by.id--->定位值:com.ecloud.hobay:id/et_product_desc
2020-08-12 18:23:50,535 - INFO - user_log.py - 春衫 - 日志信息:等待元素('id', 'com.ecloud.hobay:id/tv_select_type')可见
2020-08-12 18:23:51,223 - INFO - user_log.py - 春衫 - 日志信息:等待时长为：0
2020-08-12 18:23:51,224 - INFO - user_log.py - 春衫 - 日志信息:定位方式:by.id--->定位值:com.ecloud.hobay:id/tv_select_type
2020-08-12 18:23:51,271 - INFO - user_log.py - 春衫 - 日志信息:测试发布商企服务商品-点击【分类】选项-点击元素('id', 'com.ecloud.hobay:id/tv_select_type')
2020-08-12 18:23:51,325 - INFO - user_log.py - 春衫 - 日志信息:等待元素('-android uiautomator', 'new UiSelector().text("设计")')可见
2020-08-12 18:23:52,328 - INFO - user_log.py - 春衫 - 日志信息:等待时长为：1
2020-08-12 18:23:52,329 - INFO - user_log.py - 春衫 - 日志信息:定位方式:by.-android uiautomator--->定位值:new UiSelector().text("设计")
2020-08-12 18:23:52,372 - INFO - user_log.py - 春衫 - 日志信息:测试发布商企服务商品-点击【二级分类】-【设计】选项-点击元素('-android uiautomator', 'new UiSelector().text("设计")')
2020-08-12 18:23:53,154 - INFO - user_log.py - 春衫 - 日志信息:等待元素('-android uiautomator', 'new UiSelector().text("广告设计")')可见
2020-08-12 18:23:53,243 - INFO - user_log.py - 春衫 - 日志信息:等待时长为：0
2020-08-12 18:23:53,244 - INFO - user_log.py - 春衫 - 日志信息:定位方式:by.-android uiautomator--->定位值:new UiSelector().text("广告设计")
2020-08-12 18:23:53,284 - INFO - user_log.py - 春衫 - 日志信息:测试发布商企服务商品-选择【三级分类】-【广告设计】选项-点击元素('-android uiautomator', 'new UiSelector().text("广告设计")')
2020-08-12 18:23:54,515 - INFO - user_log.py - 春衫 - 日志信息:等待元素('id', 'com.ecloud.hobay:id/et_product_all_price')可见
2020-08-12 18:23:54,592 - INFO - user_log.py - 春衫 - 日志信息:等待时长为：0
2020-08-12 18:23:54,593 - INFO - user_log.py - 春衫 - 日志信息:输入商品总价是:100
2020-08-12 18:23:54,594 - INFO - user_log.py - 春衫 - 日志信息:定位方式:by.id--->定位值:com.ecloud.hobay:id/et_product_all_price
2020-08-12 18:23:55,220 - INFO - user_log.py - 春衫 - 日志信息:等待元素('id', 'com.ecloud.hobay:id/et_product_price')可见
2020-08-12 18:23:55,763 - INFO - user_log.py - 春衫 - 日志信息:等待时长为：0
2020-08-12 18:23:55,764 - INFO - user_log.py - 春衫 - 日志信息:输入预付款是:10
2020-08-12 18:23:55,764 - INFO - user_log.py - 春衫 - 日志信息:定位方式:by.id--->定位值:com.ecloud.hobay:id/et_product_price
2020-08-12 18:23:56,351 - INFO - user_log.py - 春衫 - 日志信息:等待元素('id', 'com.ecloud.hobay:id/et_product_number')可见
2020-08-12 18:23:56,910 - INFO - user_log.py - 春衫 - 日志信息:等待时长为：0
2020-08-12 18:23:56,911 - INFO - user_log.py - 春衫 - 日志信息:输入商品库存是:10000
2020-08-12 18:23:56,912 - INFO - user_log.py - 春衫 - 日志信息:定位方式:by.id--->定位值:com.ecloud.hobay:id/et_product_number
2020-08-12 18:23:58,007 - INFO - user_log.py - 春衫 - 日志信息:等待元素('id', 'com.ecloud.hobay:id/btn_immediately_publish')可见
2020-08-12 18:23:58,504 - INFO - user_log.py - 春衫 - 日志信息:等待时长为：0
2020-08-12 18:23:58,505 - INFO - user_log.py - 春衫 - 日志信息:定位方式:by.id--->定位值:com.ecloud.hobay:id/btn_immediately_publish
2020-08-12 18:23:58,564 - INFO - user_log.py - 春衫 - 日志信息:点击【立即上架】按钮-点击元素('id', 'com.ecloud.hobay:id/btn_immediately_publish')
2020-08-12 18:23:58,635 - INFO - user_log.py - 春衫 - 日志信息:等待元素('id', 'com.ecloud.hobay:id/tv_tips')可见
2020-08-12 18:23:59,450 - INFO - user_log.py - 春衫 - 日志信息:等待时长为：0
2020-08-12 18:23:59,451 - INFO - user_log.py - 春衫 - 日志信息:定位方式:by.id--->定位值:com.ecloud.hobay:id/tv_tips
2020-08-12 18:23:59,512 - INFO - user_log.py - 春衫 - 日志信息:获取到的文本内容是：商品审核中
