2020-07-17 12:21:00,876 - INFO - user_log.py - 春衫 - 日志信息:定位方式:id--->定位值:com.ecloud.hobay:id/iv_add_pic
2020-07-17 12:21:01,017 - INFO - user_log.py - 春衫 - 日志信息:定位方式:id--->定位值:com.ecloud.hobay:id/cb_check
2020-07-17 12:21:02,192 - INFO - user_log.py - 春衫 - 日志信息:定位方式:id--->定位值:com.ecloud.hobay:id/btn_ok
2020-07-17 12:21:03,141 - INFO - user_log.py - 春衫 - 日志信息:输入的商品标题是:普通焕商本地生活
2020-07-17 12:21:03,157 - INFO - user_log.py - 春衫 - 日志信息:定位方式:id--->定位值:com.ecloud.hobay:id/et_product_title
2020-07-17 12:23:45,250 - INFO - user_log.py - 春衫 - 日志信息:定位方式:id--->定位值:com.ecloud.hobay:id/iv_add_pic
2020-07-17 12:23:45,875 - INFO - user_log.py - 春衫 - 日志信息:定位方式:id--->定位值:com.ecloud.hobay:id/cb_check
2020-07-17 12:23:47,047 - INFO - user_log.py - 春衫 - 日志信息:定位方式:id--->定位值:com.ecloud.hobay:id/btn_ok
2020-07-17 12:23:48,031 - INFO - user_log.py - 春衫 - 日志信息:输入的商品标题是:普通焕商本地生活
2020-07-17 12:23:48,031 - INFO - user_log.py - 春衫 - 日志信息:定位方式:id--->定位值:com.ecloud.hobay:id/et_product_title
2020-07-17 12:23:49,813 - INFO - user_log.py - 春衫 - 日志信息:输入商品详情:发布本地生活搞定啦，继续优化
2020-07-17 12:23:49,813 - INFO - user_log.py - 春衫 - 日志信息:定位方式:id--->定位值:com.ecloud.hobay:id/et_product_desc
2020-07-17 12:23:50,922 - INFO - user_log.py - 春衫 - 日志信息:定位方式:id--->定位值:com.ecloud.hobay:id/tv_select_type
2020-07-17 12:23:52,203 - INFO - user_log.py - 春衫 - 日志信息:定位方式:id--->定位值:com.ecloud.hobay:id/tv_list_name
2020-07-17 12:25:11,652 - INFO - user_log.py - 春衫 - 日志信息:定位方式:id--->定位值:com.ecloud.hobay:id/iv_add_pic
2020-07-17 12:25:12,310 - INFO - user_log.py - 春衫 - 日志信息:定位方式:id--->定位值:com.ecloud.hobay:id/cb_check
2020-07-17 12:25:13,468 - INFO - user_log.py - 春衫 - 日志信息:定位方式:id--->定位值:com.ecloud.hobay:id/btn_ok
2020-07-17 12:25:14,468 - INFO - user_log.py - 春衫 - 日志信息:输入的商品标题是:普通焕商本地生活
2020-07-17 12:25:14,468 - INFO - user_log.py - 春衫 - 日志信息:定位方式:id--->定位值:com.ecloud.hobay:id/et_product_title
2020-07-17 12:25:16,781 - INFO - user_log.py - 春衫 - 日志信息:输入商品详情:发布本地生活搞定啦，继续优化
2020-07-17 12:25:16,781 - INFO - user_log.py - 春衫 - 日志信息:定位方式:id--->定位值:com.ecloud.hobay:id/et_product_desc
2020-07-17 12:25:17,874 - INFO - user_log.py - 春衫 - 日志信息:定位方式:id--->定位值:com.ecloud.hobay:id/tv_select_type
2020-07-17 12:25:18,499 - INFO - user_log.py - 春衫 - 日志信息:定位方式:id--->定位值:com.ecloud.hobay:id/tv_list_name
2020-07-17 12:25:20,234 - INFO - user_log.py - 春衫 - 日志信息:定位方式:id--->定位值:com.ecloud.hobay:id/tv_show_name
2020-07-17 12:25:20,827 - INFO - user_log.py - 春衫 - 日志信息:定位方式:id--->定位值:com.ecloud.hobay:id/tv_select_volume
2020-07-17 12:25:21,984 - INFO - user_log.py - 春衫 - 日志信息:定位方式:class_name--->定位值:android.widget.TextView
2020-07-17 12:25:22,765 - INFO - user_log.py - 春衫 - 日志信息:输入的商品总价是:100
2020-07-17 12:25:22,765 - INFO - user_log.py - 春衫 - 日志信息:定位方式:id--->定位值:com.ecloud.hobay:id/et_product_price
2020-07-17 12:27:43,953 - INFO - user_log.py - 春衫 - 日志信息:定位方式:id--->定位值:com.ecloud.hobay:id/iv_add_pic
2020-07-17 12:27:44,860 - INFO - user_log.py - 春衫 - 日志信息:定位方式:id--->定位值:com.ecloud.hobay:id/cb_check
2020-07-17 12:27:46,065 - INFO - user_log.py - 春衫 - 日志信息:定位方式:id--->定位值:com.ecloud.hobay:id/btn_ok
2020-07-17 12:27:47,081 - INFO - user_log.py - 春衫 - 日志信息:输入的商品标题是:普通焕商本地生活
2020-07-17 12:27:47,081 - INFO - user_log.py - 春衫 - 日志信息:定位方式:id--->定位值:com.ecloud.hobay:id/et_product_title
2020-07-17 12:27:49,346 - INFO - user_log.py - 春衫 - 日志信息:输入商品详情:发布本地生活搞定啦，继续优化
2020-07-17 12:27:49,346 - INFO - user_log.py - 春衫 - 日志信息:定位方式:id--->定位值:com.ecloud.hobay:id/et_product_desc
2020-07-17 12:27:50,206 - INFO - user_log.py - 春衫 - 日志信息:定位方式:id--->定位值:com.ecloud.hobay:id/tv_select_type
2020-07-17 12:27:50,862 - INFO - user_log.py - 春衫 - 日志信息:定位方式:id--->定位值:com.ecloud.hobay:id/tv_list_name
2020-07-17 12:27:51,753 - INFO - user_log.py - 春衫 - 日志信息:定位方式:id--->定位值:com.ecloud.hobay:id/tv_show_name
2020-07-17 12:27:52,893 - INFO - user_log.py - 春衫 - 日志信息:定位方式:id--->定位值:com.ecloud.hobay:id/tv_select_volume
2020-07-17 12:27:53,971 - INFO - user_log.py - 春衫 - 日志信息:定位方式:class_name--->定位值:android.widget.TextView
2020-07-17 12:29:39,871 - INFO - user_log.py - 春衫 - 日志信息:定位方式:id--->定位值:com.ecloud.hobay:id/iv_add_pic
2020-07-17 12:29:41,527 - INFO - user_log.py - 春衫 - 日志信息:定位方式:id--->定位值:com.ecloud.hobay:id/cb_check
2020-07-17 12:29:42,136 - INFO - user_log.py - 春衫 - 日志信息:定位方式:id--->定位值:com.ecloud.hobay:id/btn_ok
2020-07-17 12:29:43,199 - INFO - user_log.py - 春衫 - 日志信息:输入的商品标题是:普通焕商本地生活
2020-07-17 12:29:43,199 - INFO - user_log.py - 春衫 - 日志信息:定位方式:id--->定位值:com.ecloud.hobay:id/et_product_title
2020-07-17 12:29:45,185 - INFO - user_log.py - 春衫 - 日志信息:输入商品详情:发布本地生活搞定啦，继续优化
2020-07-17 12:29:45,185 - INFO - user_log.py - 春衫 - 日志信息:定位方式:id--->定位值:com.ecloud.hobay:id/et_product_desc
2020-07-17 12:29:46,296 - INFO - user_log.py - 春衫 - 日志信息:定位方式:id--->定位值:com.ecloud.hobay:id/tv_select_type
2020-07-17 12:29:46,922 - INFO - user_log.py - 春衫 - 日志信息:定位方式:id--->定位值:com.ecloud.hobay:id/tv_list_name
2020-07-17 12:29:47,814 - INFO - user_log.py - 春衫 - 日志信息:定位方式:id--->定位值:com.ecloud.hobay:id/tv_show_name
2020-07-17 12:29:48,533 - INFO - user_log.py - 春衫 - 日志信息:定位方式:id--->定位值:com.ecloud.hobay:id/tv_select_volume
2020-07-17 12:29:50,298 - INFO - user_log.py - 春衫 - 日志信息:定位方式:class_name--->定位值:android.widget.TextView
2020-07-17 12:29:50,908 - INFO - user_log.py - 春衫 - 日志信息:输入的商品总价是:100
2020-07-17 12:29:50,908 - INFO - user_log.py - 春衫 - 日志信息:定位方式:id--->定位值:com.ecloud.hobay:id/et_product_price
2020-07-17 12:29:52,501 - INFO - user_log.py - 春衫 - 日志信息:输入的商品库存是:10000
2020-07-17 12:29:52,501 - INFO - user_log.py - 春衫 - 日志信息:定位方式:id--->定位值:com.ecloud.hobay:id/et_product_number
2020-07-17 12:29:53,251 - INFO - user_log.py - 春衫 - 日志信息:输入的商品限购数量是:
2020-07-17 12:29:53,251 - INFO - user_log.py - 春衫 - 日志信息:定位方式:id--->定位值:com.ecloud.hobay:id/et_buy_num
2020-07-17 12:29:53,861 - INFO - user_log.py - 春衫 - 日志信息:定位方式:id--->定位值:com.ecloud.hobay:id/btn_immediately_publish
2020-07-17 12:29:54,439 - INFO - user_log.py - 春衫 - 日志信息:定位方式:id--->定位值:com.ecloud.hobay:id/btn_into_warehouse
2020-07-17 12:32:24,220 - INFO - user_log.py - 春衫 - 日志信息:定位方式:id--->定位值:com.ecloud.hobay:id/iv_add_pic
2020-07-17 12:32:24,876 - INFO - user_log.py - 春衫 - 日志信息:定位方式:id--->定位值:com.ecloud.hobay:id/cb_check
2020-07-17 12:32:26,048 - INFO - user_log.py - 春衫 - 日志信息:定位方式:id--->定位值:com.ecloud.hobay:id/btn_ok
2020-07-17 12:32:27,048 - INFO - user_log.py - 春衫 - 日志信息:输入的商品标题是:普通焕商本地生活
2020-07-17 12:32:27,048 - INFO - user_log.py - 春衫 - 日志信息:定位方式:id--->定位值:com.ecloud.hobay:id/et_product_title
2020-07-17 12:32:28,329 - INFO - user_log.py - 春衫 - 日志信息:输入商品详情:发布本地生活搞定啦，继续优化
2020-07-17 12:32:28,329 - INFO - user_log.py - 春衫 - 日志信息:定位方式:id--->定位值:com.ecloud.hobay:id/et_product_desc
2020-07-17 12:32:28,938 - INFO - user_log.py - 春衫 - 日志信息:定位方式:id--->定位值:com.ecloud.hobay:id/tv_select_type
2020-07-17 12:32:30,032 - INFO - user_log.py - 春衫 - 日志信息:定位方式:id--->定位值:com.ecloud.hobay:id/tv_list_name
2020-07-17 12:32:30,907 - INFO - user_log.py - 春衫 - 日志信息:定位方式:id--->定位值:com.ecloud.hobay:id/tv_show_name
2020-07-17 12:32:31,610 - INFO - user_log.py - 春衫 - 日志信息:定位方式:id--->定位值:com.ecloud.hobay:id/tv_select_volume
2020-07-17 12:32:32,751 - INFO - user_log.py - 春衫 - 日志信息:定位方式:class_name--->定位值:android.widget.TextView
2020-07-17 12:32:33,923 - INFO - user_log.py - 春衫 - 日志信息:输入的商品总价是:100
2020-07-17 12:32:33,923 - INFO - user_log.py - 春衫 - 日志信息:定位方式:id--->定位值:com.ecloud.hobay:id/et_product_price
2020-07-17 12:32:35,516 - INFO - user_log.py - 春衫 - 日志信息:输入的商品库存是:10000
2020-07-17 12:32:35,516 - INFO - user_log.py - 春衫 - 日志信息:定位方式:id--->定位值:com.ecloud.hobay:id/et_product_number
2020-07-17 12:32:36,235 - INFO - user_log.py - 春衫 - 日志信息:输入的商品限购数量是:
2020-07-17 12:32:36,235 - INFO - user_log.py - 春衫 - 日志信息:定位方式:id--->定位值:com.ecloud.hobay:id/et_buy_num
2020-07-17 12:32:36,845 - INFO - user_log.py - 春衫 - 日志信息:定位方式:id--->定位值:com.ecloud.hobay:id/btn_immediately_publish
2020-07-17 12:32:39,492 - INFO - user_log.py - 春衫 - 日志信息:定位方式:id--->定位值:com.ecloud.hobay:id/tv_tips
2020-07-17 13:54:39,297 - INFO - user_log.py - 春衫 - 日志信息:定位方式:id--->定位值:com.ecloud.hobay:id/rb_helpping_me
2020-07-17 13:55:23,549 - INFO - user_log.py - 春衫 - 日志信息:定位方式:id--->定位值:com.ecloud.hobay:id/rb_helpping_me
2020-07-17 13:55:50,883 - INFO - user_log.py - 春衫 - 日志信息:定位方式:id--->定位值:com.ecloud.hobay:id/rb_helpping_me
2020-07-17 13:55:52,196 - INFO - user_log.py - 春衫 - 日志信息:定位方式:id--->定位值:com.ecloud.hobay:id/iv_publish_product
2020-07-17 13:55:53,821 - INFO - user_log.py - 春衫 - 日志信息:定位方式:id--->定位值:com.ecloud.hobay:id/iv_add_pic
2020-07-17 13:55:54,446 - INFO - user_log.py - 春衫 - 日志信息:定位方式:id--->定位值:com.ecloud.hobay:id/cb_check
2020-07-17 13:55:55,602 - INFO - user_log.py - 春衫 - 日志信息:定位方式:id--->定位值:com.ecloud.hobay:id/btn_ok
2020-07-17 13:55:56,602 - INFO - user_log.py - 春衫 - 日志信息:输入的商品标题是:普通焕商实物商品
2020-07-17 13:55:56,602 - INFO - user_log.py - 春衫 - 日志信息:定位方式:id--->定位值:com.ecloud.hobay:id/et_product_title
2020-07-17 13:55:58,368 - INFO - user_log.py - 春衫 - 日志信息:定位方式:id--->定位值:com.ecloud.hobay:id/tv_product_detail
2020-07-17 13:55:58,977 - INFO - user_log.py - 春衫 - 日志信息:输入商品详情:发布实物商品搞定啦，继续优化
2020-07-17 13:55:58,977 - INFO - user_log.py - 春衫 - 日志信息:定位方式:class_name--->定位值:android.widget.EditText
2020-07-17 13:56:00,336 - INFO - user_log.py - 春衫 - 日志信息:定位方式:id--->定位值:com.ecloud.hobay:id/btn_add_pic
2020-07-17 13:56:01,039 - INFO - user_log.py - 春衫 - 日志信息:定位方式:id--->定位值:com.ecloud.hobay:id/cb_check
2020-07-17 13:56:02,289 - INFO - user_log.py - 春衫 - 日志信息:定位方式:id--->定位值:com.ecloud.hobay:id/btn_ok
2020-07-17 13:56:03,275 - INFO - user_log.py - 春衫 - 日志信息:定位方式:id--->定位值:com.ecloud.hobay:id/btn_complete
2020-07-17 13:56:04,541 - INFO - user_log.py - 春衫 - 日志信息:定位方式:id--->定位值:com.ecloud.hobay:id/tv_product_phase
2020-07-17 13:56:05,685 - INFO - user_log.py - 春衫 - 日志信息:定位方式:id--->定位值:com.ecloud.hobay:id/tv_dialog_item
2020-07-17 13:56:06,560 - INFO - user_log.py - 春衫 - 日志信息:定位方式:id--->定位值:com.ecloud.hobay:id/tv_select_type
2020-07-17 13:56:08,263 - INFO - user_log.py - 春衫 - 日志信息:定位方式:id--->定位值:com.ecloud.hobay:id/tv_list_name
2020-07-17 13:56:09,013 - INFO - user_log.py - 春衫 - 日志信息:定位方式:id--->定位值:com.ecloud.hobay:id/tv_show_name
2020-07-17 13:56:09,732 - INFO - user_log.py - 春衫 - 日志信息:定位方式:id--->定位值:com.ecloud.hobay:id/tv_product_type
2020-07-17 13:56:10,904 - INFO - user_log.py - 春衫 - 日志信息:定位方式:id--->定位值:com.ecloud.hobay:id/tv_dialog_item
2020-07-17 13:56:11,779 - INFO - user_log.py - 春衫 - 日志信息:定位方式:id--->定位值:com.ecloud.hobay:id/tv_specification
2020-07-17 13:56:12,937 - INFO - user_log.py - 春衫 - 日志信息:输入的商品规格是:外套
2020-07-17 13:56:12,938 - INFO - user_log.py - 春衫 - 日志信息:定位方式:id--->定位值:com.ecloud.hobay:id/et_first_attributes
2020-07-17 13:56:14,301 - INFO - user_log.py - 春衫 - 日志信息:输入的商品属性是:红色
2020-07-17 13:56:14,301 - INFO - user_log.py - 春衫 - 日志信息:定位方式:id--->定位值:com.ecloud.hobay:id/et_name
2020-07-17 13:56:15,904 - INFO - user_log.py - 春衫 - 日志信息:定位方式:id--->定位值:com.ecloud.hobay:id/tv_add_pic
2020-07-17 13:56:16,514 - INFO - user_log.py - 春衫 - 日志信息:定位方式:id--->定位值:com.ecloud.hobay:id/iv_thumb
2020-07-17 13:56:18,264 - INFO - user_log.py - 春衫 - 日志信息:定位方式:id--->定位值:com.ecloud.hobay:id/btn_next
2020-07-17 13:56:19,045 - INFO - user_log.py - 春衫 - 日志信息:输入的商品进货价是:100
2020-07-17 13:56:19,045 - INFO - user_log.py - 春衫 - 日志信息:定位方式:id--->定位值:com.ecloud.hobay:id/et_purchase_price
2020-07-17 13:56:20,295 - INFO - user_log.py - 春衫 - 日志信息:输入的商品出售价是:100
2020-07-17 13:56:20,295 - INFO - user_log.py - 春衫 - 日志信息:定位方式:id--->定位值:com.ecloud.hobay:id/et_price
2020-07-17 13:56:21,389 - INFO - user_log.py - 春衫 - 日志信息:输入的商品库存是:10000
2020-07-17 13:56:21,389 - INFO - user_log.py - 春衫 - 日志信息:定位方式:id--->定位值:com.ecloud.hobay:id/et_number
2020-07-17 13:56:22,935 - INFO - user_log.py - 春衫 - 日志信息:定位方式:id--->定位值:com.ecloud.hobay:id/btn_confirm
2020-07-17 13:56:23,529 - INFO - user_log.py - 春衫 - 日志信息:定位方式:id--->定位值:com.ecloud.hobay:id/tv_freight
2020-07-17 13:56:24,670 - INFO - user_log.py - 春衫 - 日志信息:定位方式:id--->定位值:com.ecloud.hobay:id/tv_dialog_item
2020-07-17 13:56:25,529 - INFO - user_log.py - 春衫 - 日志信息:输入的商品限购数量是:
2020-07-17 13:56:25,529 - INFO - user_log.py - 春衫 - 日志信息:定位方式:id--->定位值:com.ecloud.hobay:id/et_buy_num
2020-07-17 13:56:27,029 - INFO - user_log.py - 春衫 - 日志信息:定位方式:id--->定位值:com.ecloud.hobay:id/btn_immediately_publish
2020-07-17 13:56:29,248 - INFO - user_log.py - 春衫 - 日志信息:定位方式:id--->定位值:com.ecloud.hobay:id/tv_tips
2020-07-17 13:56:29,342 - INFO - user_log.py - 春衫 - 日志信息:定位方式:id--->定位值:com.ecloud.hobay:id/btn_look_product
2020-07-17 13:56:30,935 - INFO - user_log.py - 春衫 - 日志信息:定位方式:id--->定位值:com.ecloud.hobay:id/iv_publish_card
2020-07-17 13:56:32,623 - INFO - user_log.py - 春衫 - 日志信息:定位方式:id--->定位值:com.ecloud.hobay:id/iv_add_pic
2020-07-17 13:56:33,232 - INFO - user_log.py - 春衫 - 日志信息:定位方式:id--->定位值:com.ecloud.hobay:id/cb_check
2020-07-17 13:56:34,452 - INFO - user_log.py - 春衫 - 日志信息:定位方式:id--->定位值:com.ecloud.hobay:id/btn_ok
2020-07-17 13:56:35,485 - INFO - user_log.py - 春衫 - 日志信息:输入的商品标题是:普通焕商本地生活
2020-07-17 13:56:35,485 - INFO - user_log.py - 春衫 - 日志信息:定位方式:id--->定位值:com.ecloud.hobay:id/et_product_title
2020-07-17 13:56:37,331 - INFO - user_log.py - 春衫 - 日志信息:输入商品详情:发布本地生活搞定啦，继续优化
2020-07-17 13:56:37,331 - INFO - user_log.py - 春衫 - 日志信息:定位方式:id--->定位值:com.ecloud.hobay:id/et_product_desc
2020-07-17 13:56:39,206 - INFO - user_log.py - 春衫 - 日志信息:定位方式:id--->定位值:com.ecloud.hobay:id/tv_select_type
2020-07-17 13:56:39,815 - INFO - user_log.py - 春衫 - 日志信息:定位方式:id--->定位值:com.ecloud.hobay:id/tv_list_name
2020-07-17 13:56:40,690 - INFO - user_log.py - 春衫 - 日志信息:定位方式:id--->定位值:com.ecloud.hobay:id/tv_show_name
2020-07-17 13:56:41,409 - INFO - user_log.py - 春衫 - 日志信息:定位方式:id--->定位值:com.ecloud.hobay:id/tv_select_volume
2020-07-17 13:56:42,502 - INFO - user_log.py - 春衫 - 日志信息:定位方式:class_name--->定位值:android.widget.TextView
2020-07-17 13:56:43,254 - INFO - user_log.py - 春衫 - 日志信息:输入的商品总价是:100
2020-07-17 13:56:43,254 - INFO - user_log.py - 春衫 - 日志信息:定位方式:id--->定位值:com.ecloud.hobay:id/et_product_price
2020-07-17 13:56:44,386 - INFO - user_log.py - 春衫 - 日志信息:输入的商品库存是:10000
2020-07-17 13:56:44,386 - INFO - user_log.py - 春衫 - 日志信息:定位方式:id--->定位值:com.ecloud.hobay:id/et_product_number
2020-07-17 13:56:45,490 - INFO - user_log.py - 春衫 - 日志信息:输入的商品限购数量是:
2020-07-17 13:56:45,490 - INFO - user_log.py - 春衫 - 日志信息:定位方式:id--->定位值:com.ecloud.hobay:id/et_buy_num
2020-07-17 13:56:46,505 - INFO - user_log.py - 春衫 - 日志信息:定位方式:id--->定位值:com.ecloud.hobay:id/btn_immediately_publish
2020-07-17 13:56:49,115 - INFO - user_log.py - 春衫 - 日志信息:定位方式:id--->定位值:com.ecloud.hobay:id/tv_tips
2020-07-17 13:56:49,177 - INFO - user_log.py - 春衫 - 日志信息:定位方式:id--->定位值:com.ecloud.hobay:id/btn_look_product
2020-07-17 13:56:50,255 - INFO - user_log.py - 春衫 - 日志信息:定位方式:id--->定位值:com.ecloud.hobay:id/iv_publish_service
2020-07-17 13:56:51,943 - INFO - user_log.py - 春衫 - 日志信息:定位方式:id--->定位值:com.ecloud.hobay:id/iv_add_pic
2020-07-17 13:56:52,537 - INFO - user_log.py - 春衫 - 日志信息:定位方式:id--->定位值:com.ecloud.hobay:id/cb_check
2020-07-17 13:56:53,693 - INFO - user_log.py - 春衫 - 日志信息:定位方式:id--->定位值:com.ecloud.hobay:id/btn_ok
2020-07-17 13:56:54,709 - INFO - user_log.py - 春衫 - 日志信息:输入的商品标题是:普通焕商商企服务
2020-07-17 13:56:54,709 - INFO - user_log.py - 春衫 - 日志信息:定位方式:id--->定位值:com.ecloud.hobay:id/et_product_title
2020-07-17 13:56:55,912 - INFO - user_log.py - 春衫 - 日志信息:输入商品详情:发布商企服务搞定啦，继续优化
2020-07-17 13:56:55,912 - INFO - user_log.py - 春衫 - 日志信息:定位方式:id--->定位值:com.ecloud.hobay:id/et_product_desc
2020-07-17 13:56:57,021 - INFO - user_log.py - 春衫 - 日志信息:定位方式:id--->定位值:com.ecloud.hobay:id/tv_select_type
2020-07-17 13:56:57,630 - INFO - user_log.py - 春衫 - 日志信息:定位方式:id--->定位值:com.ecloud.hobay:id/tv_list_name
2020-07-17 13:56:59,349 - INFO - user_log.py - 春衫 - 日志信息:定位方式:id--->定位值:com.ecloud.hobay:id/tv_show_name
2020-07-17 13:56:59,974 - INFO - user_log.py - 春衫 - 日志信息:定位方式:id--->定位值:com.ecloud.hobay:id/et_product_all_price
2020-07-17 13:57:01,099 - INFO - user_log.py - 春衫 - 日志信息:定位方式:id--->定位值:com.ecloud.hobay:id/et_product_price
2020-07-17 13:57:01,693 - INFO - user_log.py - 春衫 - 日志信息:定位方式:id--->定位值:com.ecloud.hobay:id/et_product_number
2020-07-17 13:57:03,052 - INFO - user_log.py - 春衫 - 日志信息:定位方式:id--->定位值:com.ecloud.hobay:id/et_buy_num
2020-07-17 13:57:04,162 - INFO - user_log.py - 春衫 - 日志信息:定位方式:id--->定位值:com.ecloud.hobay:id/btn_immediately_publish
2020-07-17 13:57:06,275 - INFO - user_log.py - 春衫 - 日志信息:定位方式:id--->定位值:com.ecloud.hobay:id/tv_tips
2020-07-17 13:57:06,775 - INFO - user_log.py - 春衫 - 日志信息:定位方式:id--->定位值:com.ecloud.hobay:id/btn_look_product
