2020-08-11 12:05:11,784 - INFO - user_log.py - 春衫 - 日志信息:元素('xpath', "//*[@text='始终允许']")不存在
2020-08-11 12:05:11,785 - INFO - user_log.py - 春衫 - 日志信息:等待元素('id', 'com.ecloud.hobay:id/tv_yes')可见
2020-08-11 12:05:42,159 - INFO - user_log.py - 春衫 - 日志信息:等待元素可见失败!
2020-08-11 12:05:42,882 - INFO - user_log.py - 春衫 - 日志信息:截取网页成功，文件路径为为：D:\Pycharm_workspace\APPV1.0\Outputs\Error_Image\2020-08-11\2020-08-11-12-05-42-发布商品-通用条件-处理欢迎页面-.png
2020-08-11 12:06:24,120 - INFO - user_log.py - 春衫 - 日志信息:元素('xpath', "//*[@text='始终允许']")不存在
2020-08-11 12:06:29,122 - INFO - user_log.py - 春衫 - 日志信息:定位方式:by.id--->定位值:com.ecloud.hobay:id/rb_me
2020-08-11 12:06:29,240 - INFO - user_log.py - 春衫 - 日志信息:发布商品-通用条件-获取当前app的登陆状态-点击元素('id', 'com.ecloud.hobay:id/rb_me')
2020-08-11 12:06:30,431 - INFO - user_log.py - 春衫 - 日志信息:元素('id', 'com.ecloud.hobay:id/tv_setting')不存在
2020-08-11 12:06:31,432 - INFO - user_log.py - 春衫 - 日志信息:点击坐标(440, 775)
2020-08-11 12:06:38,579 - INFO - user_log.py - 春衫 - 日志信息:输入数字是13724765586
2020-08-11 12:06:39,581 - INFO - user_log.py - 春衫 - 日志信息:点击坐标(540, 1030)
2020-08-11 12:06:41,732 - INFO - user_log.py - 春衫 - 日志信息:点击坐标(500, 860)
2020-08-11 12:06:48,160 - INFO - user_log.py - 春衫 - 日志信息:点击坐标(540, 1110)
2020-08-11 12:06:48,298 - INFO - user_log.py - 春衫 - 日志信息:点击坐标失败!
2020-08-11 12:07:18,524 - INFO - user_log.py - 春衫 - 日志信息:元素('xpath', "//*[@text='始终允许']")不存在
2020-08-11 12:07:23,525 - INFO - user_log.py - 春衫 - 日志信息:定位方式:by.id--->定位值:com.ecloud.hobay:id/rb_me
2020-08-11 12:07:23,814 - INFO - user_log.py - 春衫 - 日志信息:发布商品-通用条件-获取当前app的登陆状态-点击元素('id', 'com.ecloud.hobay:id/rb_me')
2020-08-11 12:07:25,013 - INFO - user_log.py - 春衫 - 日志信息:元素('id', 'com.ecloud.hobay:id/tv_setting')不存在
2020-08-11 12:07:26,016 - INFO - user_log.py - 春衫 - 日志信息:点击坐标(440, 775)
2020-08-11 12:07:33,875 - INFO - user_log.py - 春衫 - 日志信息:输入数字是13724765586
2020-08-11 12:07:34,877 - INFO - user_log.py - 春衫 - 日志信息:点击坐标(540, 1030)
2020-08-11 12:07:36,062 - INFO - user_log.py - 春衫 - 日志信息:点击坐标(500, 860)
2020-08-11 12:07:41,637 - INFO - user_log.py - 春衫 - 日志信息:点击坐标(540, 1110)
2020-08-11 12:07:42,833 - INFO - user_log.py - 春衫 - 日志信息:等待元素('id', 'com.ecloud.hobay:id/rb_helpping_me')可见
2020-08-11 12:07:43,431 - INFO - user_log.py - 春衫 - 日志信息:等待时长为：0
2020-08-11 12:07:43,432 - INFO - user_log.py - 春衫 - 日志信息:定位方式:by.id--->定位值:com.ecloud.hobay:id/rb_helpping_me
2020-08-11 12:07:43,662 - INFO - user_log.py - 春衫 - 日志信息:点击底部导航栏-发布商品-点击元素('id', 'com.ecloud.hobay:id/rb_helpping_me')
2020-08-11 12:07:45,264 - INFO - user_log.py - 春衫 - 日志信息:定位方式:by.id--->定位值:com.ecloud.hobay:id/iv_publish_product
2020-08-11 12:07:46,486 - INFO - user_log.py - 春衫 - 日志信息:点击元素('id', 'com.ecloud.hobay:id/iv_publish_product')
2020-08-11 12:08:29,599 - INFO - user_log.py - 春衫 - 日志信息:元素('xpath', "//*[@text='始终允许']")不存在
2020-08-11 12:08:34,601 - INFO - user_log.py - 春衫 - 日志信息:定位方式:by.id--->定位值:com.ecloud.hobay:id/rb_me
2020-08-11 12:08:34,953 - INFO - user_log.py - 春衫 - 日志信息:发布商品-通用条件-获取当前app的登陆状态-点击元素('id', 'com.ecloud.hobay:id/rb_me')
2020-08-11 12:08:36,367 - INFO - user_log.py - 春衫 - 日志信息:元素('id', 'com.ecloud.hobay:id/tv_setting')存在
2020-08-11 12:08:36,368 - INFO - user_log.py - 春衫 - 日志信息:定位方式:by.id--->定位值:com.ecloud.hobay:id/tv_setting
2020-08-11 12:08:36,985 - INFO - user_log.py - 春衫 - 日志信息:发布商品-通用条件-点击【设置】按钮-点击元素('id', 'com.ecloud.hobay:id/tv_setting')
2020-08-11 12:08:37,762 - INFO - user_log.py - 春衫 - 日志信息:定位方式:by.id--->定位值:com.ecloud.hobay:id/btn_exit
2020-08-11 12:08:38,350 - INFO - user_log.py - 春衫 - 日志信息:发布商品-通用条件-点击【退出】按钮-点击元素('id', 'com.ecloud.hobay:id/btn_exit')
2020-08-11 12:08:39,417 - INFO - user_log.py - 春衫 - 日志信息:点击坐标(440, 775)
2020-08-11 12:08:46,818 - INFO - user_log.py - 春衫 - 日志信息:输入数字是13724765586
2020-08-11 12:08:47,820 - INFO - user_log.py - 春衫 - 日志信息:点击坐标(540, 1030)
2020-08-11 12:08:49,006 - INFO - user_log.py - 春衫 - 日志信息:点击坐标(500, 860)
2020-08-11 12:08:49,024 - INFO - user_log.py - 春衫 - 日志信息:点击坐标失败!
2020-08-11 12:09:18,162 - INFO - user_log.py - 春衫 - 日志信息:元素('xpath', "//*[@text='始终允许']")不存在
2020-08-11 12:09:23,163 - INFO - user_log.py - 春衫 - 日志信息:定位方式:by.id--->定位值:com.ecloud.hobay:id/rb_me
2020-08-11 12:09:23,329 - INFO - user_log.py - 春衫 - 日志信息:发布商品-通用条件-获取当前app的登陆状态-点击元素('id', 'com.ecloud.hobay:id/rb_me')
2020-08-11 12:09:24,537 - INFO - user_log.py - 春衫 - 日志信息:元素('id', 'com.ecloud.hobay:id/tv_setting')不存在
2020-08-11 12:09:25,539 - INFO - user_log.py - 春衫 - 日志信息:点击坐标(440, 775)
2020-08-11 12:09:33,283 - INFO - user_log.py - 春衫 - 日志信息:输入数字是13724765586
2020-08-11 12:09:34,286 - INFO - user_log.py - 春衫 - 日志信息:点击坐标(540, 1030)
2020-08-11 12:09:35,458 - INFO - user_log.py - 春衫 - 日志信息:点击坐标(500, 860)
2020-08-11 12:09:41,096 - INFO - user_log.py - 春衫 - 日志信息:点击坐标(540, 1110)
2020-08-11 12:09:43,727 - INFO - user_log.py - 春衫 - 日志信息:等待元素('id', 'com.ecloud.hobay:id/rb_helpping_me')可见
2020-08-11 12:09:44,039 - INFO - user_log.py - 春衫 - 日志信息:等待时长为：0
2020-08-11 12:09:44,040 - INFO - user_log.py - 春衫 - 日志信息:定位方式:by.id--->定位值:com.ecloud.hobay:id/rb_helpping_me
2020-08-11 12:09:44,182 - INFO - user_log.py - 春衫 - 日志信息:点击底部导航栏-发布商品-点击元素('id', 'com.ecloud.hobay:id/rb_helpping_me')
2020-08-11 12:09:45,746 - INFO - user_log.py - 春衫 - 日志信息:定位方式:by.id--->定位值:com.ecloud.hobay:id/iv_publish_product
2020-08-11 12:09:46,594 - INFO - user_log.py - 春衫 - 日志信息:点击元素('id', 'com.ecloud.hobay:id/iv_publish_product')
2020-08-11 12:27:01,411 - INFO - user_log.py - 春衫 - 日志信息:元素('xpath', "//*[@text='始终允许']")不存在
2020-08-11 12:27:06,413 - INFO - user_log.py - 春衫 - 日志信息:定位方式:by.id--->定位值:com.ecloud.hobay:id/rb_me
2020-08-11 12:27:06,468 - INFO - user_log.py - 春衫 - 日志信息:发布商品-通用条件-获取当前app的登陆状态-点击元素('id', 'com.ecloud.hobay:id/rb_me')
2020-08-11 12:27:07,582 - INFO - user_log.py - 春衫 - 日志信息:元素('id', 'com.ecloud.hobay:id/tv_setting')存在
2020-08-11 12:27:07,583 - INFO - user_log.py - 春衫 - 日志信息:定位方式:by.id--->定位值:com.ecloud.hobay:id/tv_setting
2020-08-11 12:27:08,017 - INFO - user_log.py - 春衫 - 日志信息:发布商品-通用条件-点击【设置】按钮-点击元素('id', 'com.ecloud.hobay:id/tv_setting')
2020-08-11 12:27:08,615 - INFO - user_log.py - 春衫 - 日志信息:定位方式:by.id--->定位值:com.ecloud.hobay:id/btn_exit
2020-08-11 12:27:09,194 - INFO - user_log.py - 春衫 - 日志信息:没有找到这个元素
2020-08-11 12:27:09,776 - INFO - user_log.py - 春衫 - 日志信息:截取网页成功，文件路径为为：D:\Pycharm_workspace\APPV1.0\Outputs\Error_Image\2020-08-11\2020-08-11-12-27-09-发布商品-通用条件-点击【退出】按钮-.png
2020-08-11 12:27:09,777 - INFO - user_log.py - 春衫 - 日志信息:元素点击操作失败!
2020-08-11 12:27:10,285 - INFO - user_log.py - 春衫 - 日志信息:截取网页成功，文件路径为为：D:\Pycharm_workspace\APPV1.0\Outputs\Error_Image\2020-08-11\2020-08-11-12-27-09-发布商品-通用条件-点击【退出】按钮-.png
2020-08-11 12:28:28,347 - INFO - user_log.py - 春衫 - 日志信息:元素('xpath', "//*[@text='始终允许']")不存在
2020-08-11 12:28:33,349 - INFO - user_log.py - 春衫 - 日志信息:定位方式:by.id--->定位值:com.ecloud.hobay:id/rb_me
2020-08-11 12:28:34,123 - INFO - user_log.py - 春衫 - 日志信息:发布商品-通用条件-获取当前app的登陆状态-点击元素('id', 'com.ecloud.hobay:id/rb_me')
2020-08-11 12:28:35,810 - INFO - user_log.py - 春衫 - 日志信息:元素('id', 'com.ecloud.hobay:id/tv_setting')存在
2020-08-11 12:28:35,811 - INFO - user_log.py - 春衫 - 日志信息:定位方式:by.id--->定位值:com.ecloud.hobay:id/tv_setting
2020-08-11 12:28:36,190 - INFO - user_log.py - 春衫 - 日志信息:发布商品-通用条件-点击【设置】按钮-点击元素('id', 'com.ecloud.hobay:id/tv_setting')
2020-08-11 12:28:36,806 - INFO - user_log.py - 春衫 - 日志信息:定位方式:by.id--->定位值:com.ecloud.hobay:id/btn_exit
2020-08-11 12:28:37,414 - INFO - user_log.py - 春衫 - 日志信息:发布商品-通用条件-点击【退出】按钮-点击元素('id', 'com.ecloud.hobay:id/btn_exit')
2020-08-11 12:28:38,478 - INFO - user_log.py - 春衫 - 日志信息:点击坐标(440, 775)
2020-08-11 12:28:45,921 - INFO - user_log.py - 春衫 - 日志信息:输入数字是13724765586
2020-08-11 12:28:46,921 - INFO - user_log.py - 春衫 - 日志信息:点击坐标(540, 1030)
2020-08-11 12:28:48,132 - INFO - user_log.py - 春衫 - 日志信息:点击坐标(500, 860)
2020-08-11 12:28:53,988 - INFO - user_log.py - 春衫 - 日志信息:点击坐标(540, 1110)
2020-08-11 12:28:56,515 - INFO - user_log.py - 春衫 - 日志信息:等待元素('id', 'com.ecloud.hobay:id/rb_helpping_me')可见
2020-08-11 12:28:57,277 - INFO - user_log.py - 春衫 - 日志信息:等待时长为：0
2020-08-11 12:28:57,278 - INFO - user_log.py - 春衫 - 日志信息:定位方式:by.id--->定位值:com.ecloud.hobay:id/rb_helpping_me
2020-08-11 12:28:57,836 - INFO - user_log.py - 春衫 - 日志信息:点击底部导航栏-发布商品-点击元素('id', 'com.ecloud.hobay:id/rb_helpping_me')
2020-08-11 12:29:00,133 - INFO - user_log.py - 春衫 - 日志信息:定位方式:by.id--->定位值:com.ecloud.hobay:id/iv_publish_product
2020-08-11 12:29:00,211 - INFO - user_log.py - 春衫 - 日志信息:点击元素('id', 'com.ecloud.hobay:id/iv_publish_product')
2020-08-11 12:43:06,892 - INFO - user_log.py - 春衫 - 日志信息:元素('xpath', "//*[@text='始终允许']")不存在
2020-08-11 12:43:11,893 - INFO - user_log.py - 春衫 - 日志信息:定位方式:by.id--->定位值:com.ecloud.hobay:id/rb_me
2020-08-11 12:43:12,312 - INFO - user_log.py - 春衫 - 日志信息:发布商品-通用条件-获取当前app的登陆状态-点击元素('id', 'com.ecloud.hobay:id/rb_me')
2020-08-11 12:43:14,454 - INFO - user_log.py - 春衫 - 日志信息:元素('id', 'com.ecloud.hobay:id/tv_setting')存在
2020-08-11 12:43:14,454 - INFO - user_log.py - 春衫 - 日志信息:定位方式:by.id--->定位值:com.ecloud.hobay:id/tv_setting
2020-08-11 12:43:14,802 - INFO - user_log.py - 春衫 - 日志信息:发布商品-通用条件-点击【设置】按钮-点击元素('id', 'com.ecloud.hobay:id/tv_setting')
2020-08-11 12:43:15,387 - INFO - user_log.py - 春衫 - 日志信息:定位方式:by.id--->定位值:com.ecloud.hobay:id/btn_exit
2020-08-11 12:43:15,984 - INFO - user_log.py - 春衫 - 日志信息:发布商品-通用条件-点击【退出】按钮-点击元素('id', 'com.ecloud.hobay:id/btn_exit')
2020-08-11 12:43:17,047 - INFO - user_log.py - 春衫 - 日志信息:点击坐标(440, 775)
2020-08-11 12:43:24,484 - INFO - user_log.py - 春衫 - 日志信息:输入数字是13724765586
2020-08-11 12:43:25,487 - INFO - user_log.py - 春衫 - 日志信息:点击坐标(540, 1030)
2020-08-11 12:43:27,254 - INFO - user_log.py - 春衫 - 日志信息:点击坐标(500, 860)
2020-08-11 12:43:33,148 - INFO - user_log.py - 春衫 - 日志信息:点击坐标(540, 1110)
2020-08-11 12:43:35,842 - INFO - user_log.py - 春衫 - 日志信息:等待元素('id', 'com.ecloud.hobay:id/rb_helpping_me')可见
2020-08-11 12:43:37,412 - INFO - user_log.py - 春衫 - 日志信息:等待时长为：1
2020-08-11 12:43:37,412 - INFO - user_log.py - 春衫 - 日志信息:定位方式:by.id--->定位值:com.ecloud.hobay:id/rb_helpping_me
2020-08-11 12:43:37,992 - INFO - user_log.py - 春衫 - 日志信息:点击底部导航栏-发布商品-点击元素('id', 'com.ecloud.hobay:id/rb_helpping_me')
2020-08-11 12:43:39,693 - INFO - user_log.py - 春衫 - 日志信息:定位方式:by.id--->定位值:com.ecloud.hobay:id/iv_publish_product
2020-08-11 12:43:39,884 - INFO - user_log.py - 春衫 - 日志信息:点击元素('id', 'com.ecloud.hobay:id/iv_publish_product')
2020-08-11 12:43:41,490 - INFO - user_log.py - 春衫 - 日志信息:定位方式:by.id--->定位值:com.ecloud.hobay:id/iv_add_pic
2020-08-11 12:43:41,550 - INFO - user_log.py - 春衫 - 日志信息:点击元素('id', 'com.ecloud.hobay:id/iv_add_pic')
2020-08-11 12:43:42,898 - INFO - user_log.py - 春衫 - 日志信息:元素('xpath', "//*[@text='始终允许']")不存在
2020-08-11 12:43:43,399 - INFO - user_log.py - 春衫 - 日志信息:定位方式:by.id--->定位值:com.ecloud.hobay:id/cb_check
2020-08-11 12:43:43,452 - INFO - user_log.py - 春衫 - 日志信息:点击元素('id', 'com.ecloud.hobay:id/cb_check')
2020-08-11 12:43:44,007 - INFO - user_log.py - 春衫 - 日志信息:定位方式:by.id--->定位值:com.ecloud.hobay:id/btn_ok
2020-08-11 12:43:44,442 - INFO - user_log.py - 春衫 - 日志信息:点击元素('id', 'com.ecloud.hobay:id/btn_ok')
2020-08-11 12:43:45,015 - INFO - user_log.py - 春衫 - 日志信息:输入的商品标题是:APP实物商品
2020-08-11 12:43:45,016 - INFO - user_log.py - 春衫 - 日志信息:定位方式:by.id--->定位值:com.ecloud.hobay:id/et_product_title
2020-08-11 12:43:47,267 - INFO - user_log.py - 春衫 - 日志信息:定位方式:by.id--->定位值:com.ecloud.hobay:id/tv_product_detail
2020-08-11 12:43:47,341 - INFO - user_log.py - 春衫 - 日志信息:点击【商品描述】选项-点击元素('id', 'com.ecloud.hobay:id/tv_product_detail')
2020-08-11 12:43:47,913 - INFO - user_log.py - 春衫 - 日志信息:定位方式:by.class name--->定位值:android.widget.EditText
2020-08-11 12:43:48,783 - INFO - user_log.py - 春衫 - 日志信息:输入商品详情:发布实物商品搞定啦，继续优化
2020-08-11 12:43:49,283 - INFO - user_log.py - 春衫 - 日志信息:定位方式:by.id--->定位值:com.ecloud.hobay:id/btn_add_pic
2020-08-11 12:43:49,414 - INFO - user_log.py - 春衫 - 日志信息:点击元素('id', 'com.ecloud.hobay:id/btn_add_pic')
2020-08-11 12:43:50,743 - INFO - user_log.py - 春衫 - 日志信息:元素('xpath', "//*[@text='始终允许']")不存在
2020-08-11 12:43:51,244 - INFO - user_log.py - 春衫 - 日志信息:定位方式:by.id--->定位值:com.ecloud.hobay:id/cb_check
2020-08-11 12:43:51,305 - INFO - user_log.py - 春衫 - 日志信息:点击元素('id', 'com.ecloud.hobay:id/cb_check')
2020-08-11 12:43:51,885 - INFO - user_log.py - 春衫 - 日志信息:定位方式:by.id--->定位值:com.ecloud.hobay:id/btn_ok
2020-08-11 12:43:52,338 - INFO - user_log.py - 春衫 - 日志信息:点击元素('id', 'com.ecloud.hobay:id/btn_ok')
2020-08-11 12:43:52,910 - INFO - user_log.py - 春衫 - 日志信息:定位方式:by.id--->定位值:com.ecloud.hobay:id/btn_complete
2020-08-11 12:43:53,587 - INFO - user_log.py - 春衫 - 日志信息:点击【完成】按钮-点击元素('id', 'com.ecloud.hobay:id/btn_complete')
2020-08-11 12:43:54,152 - INFO - user_log.py - 春衫 - 日志信息:定位方式:by.id--->定位值:com.ecloud.hobay:id/tv_product_phase
2020-08-11 12:43:54,759 - INFO - user_log.py - 春衫 - 日志信息:点击【品相】选项-点击元素('id', 'com.ecloud.hobay:id/tv_product_phase')
2020-08-11 12:43:55,322 - INFO - user_log.py - 春衫 - 日志信息:定位方式:by.-android uiautomator--->定位值:new UiSelector().text("全新")
2020-08-11 12:43:55,606 - INFO - user_log.py - 春衫 - 日志信息:点击【全新】选项-点击元素('-android uiautomator', 'new UiSelector().text("全新")')
2020-08-11 12:43:57,358 - INFO - user_log.py - 春衫 - 日志信息:定位方式:by.id--->定位值:com.ecloud.hobay:id/tv_select_type
2020-08-11 12:43:57,440 - INFO - user_log.py - 春衫 - 日志信息:点击【分类】选项-点击元素('id', 'com.ecloud.hobay:id/tv_select_type')
2020-08-11 12:43:58,506 - INFO - user_log.py - 春衫 - 日志信息:定位方式:by.-android uiautomator--->定位值:new UiSelector().text("服装")
2020-08-11 12:43:58,743 - INFO - user_log.py - 春衫 - 日志信息:点击【二级分类】-【服装】选项-点击元素('-android uiautomator', 'new UiSelector().text("服装")')
2020-08-11 12:44:00,034 - INFO - user_log.py - 春衫 - 日志信息:定位方式:by.-android uiautomator--->定位值:new UiSelector().text("裤子")
2020-08-11 12:44:00,104 - INFO - user_log.py - 春衫 - 日志信息:选择【三级分类】-【裤子】选项-点击元素('-android uiautomator', 'new UiSelector().text("裤子")')
2020-08-11 12:44:01,330 - INFO - user_log.py - 春衫 - 日志信息:定位方式:by.id--->定位值:com.ecloud.hobay:id/tv_product_type
2020-08-11 12:44:01,384 - INFO - user_log.py - 春衫 - 日志信息:点击【商品类型】选项-点击元素('id', 'com.ecloud.hobay:id/tv_product_type')
2020-08-11 12:44:01,945 - INFO - user_log.py - 春衫 - 日志信息:定位方式:by.id--->定位值:com.ecloud.hobay:id/tv_dialog_item
2020-08-11 12:44:02,246 - INFO - user_log.py - 春衫 - 日志信息:选择【商品类型】-【易贝商品】选项-点击元素('id', 'com.ecloud.hobay:id/tv_dialog_item')
2020-08-11 12:44:02,821 - INFO - user_log.py - 春衫 - 日志信息:定位方式:by.id--->定位值:com.ecloud.hobay:id/tv_specification
2020-08-11 12:44:03,383 - INFO - user_log.py - 春衫 - 日志信息:点击【规格】选项-点击元素('id', 'com.ecloud.hobay:id/tv_specification')
2020-08-11 12:44:03,957 - INFO - user_log.py - 春衫 - 日志信息:输入的商品规格是:外套
2020-08-11 12:44:03,958 - INFO - user_log.py - 春衫 - 日志信息:定位方式:by.id--->定位值:com.ecloud.hobay:id/et_first_attributes
2020-08-11 12:44:05,931 - INFO - user_log.py - 春衫 - 日志信息:输入的商品属性是:红色
2020-08-11 12:44:05,932 - INFO - user_log.py - 春衫 - 日志信息:定位方式:by.id--->定位值:com.ecloud.hobay:id/et_name
2020-08-11 12:44:06,817 - INFO - user_log.py - 春衫 - 日志信息:定位方式:by.id--->定位值:com.ecloud.hobay:id/tv_add_pic
2020-08-11 12:44:06,867 - INFO - user_log.py - 春衫 - 日志信息:点击上传规格图片-点击元素('id', 'com.ecloud.hobay:id/tv_add_pic')
2020-08-11 12:44:07,428 - INFO - user_log.py - 春衫 - 日志信息:定位方式:by.id--->定位值:com.ecloud.hobay:id/iv_thumb
2020-08-11 12:44:07,994 - INFO - user_log.py - 春衫 - 日志信息:选择规格图片-点击元素('id', 'com.ecloud.hobay:id/iv_thumb')
2020-08-11 12:44:08,553 - INFO - user_log.py - 春衫 - 日志信息:定位方式:by.id--->定位值:com.ecloud.hobay:id/btn_next
2020-08-11 12:44:09,252 - INFO - user_log.py - 春衫 - 日志信息:点击【下一步】按钮-点击元素('id', 'com.ecloud.hobay:id/btn_next')
2020-08-11 12:44:09,808 - INFO - user_log.py - 春衫 - 日志信息:输入的商品进货价是:100
2020-08-11 12:44:09,809 - INFO - user_log.py - 春衫 - 日志信息:定位方式:by.id--->定位值:com.ecloud.hobay:id/et_purchase_price
2020-08-11 12:44:10,791 - INFO - user_log.py - 春衫 - 日志信息:输入的商品出售价是:100
2020-08-11 12:44:10,792 - INFO - user_log.py - 春衫 - 日志信息:定位方式:by.id--->定位值:com.ecloud.hobay:id/et_price
2020-08-11 12:44:11,891 - INFO - user_log.py - 春衫 - 日志信息:输入的商品库存是:10000
2020-08-11 12:44:11,892 - INFO - user_log.py - 春衫 - 日志信息:定位方式:by.id--->定位值:com.ecloud.hobay:id/et_number
2020-08-11 12:44:13,000 - INFO - user_log.py - 春衫 - 日志信息:定位方式:by.id--->定位值:com.ecloud.hobay:id/btn_confirm
2020-08-11 12:44:13,058 - INFO - user_log.py - 春衫 - 日志信息:点击【确定】按钮-点击元素('id', 'com.ecloud.hobay:id/btn_confirm')
2020-08-11 12:44:13,612 - INFO - user_log.py - 春衫 - 日志信息:定位方式:by.id--->定位值:com.ecloud.hobay:id/tv_freight
2020-08-11 12:44:13,724 - INFO - user_log.py - 春衫 - 日志信息:点击【运费】选项-点击元素('id', 'com.ecloud.hobay:id/tv_freight')
2020-08-11 12:44:14,788 - INFO - user_log.py - 春衫 - 日志信息:定位方式:by.-android uiautomator--->定位值:new UiSelector().text("包邮")
2020-08-11 12:44:15,098 - INFO - user_log.py - 春衫 - 日志信息:【运费】类型-选择【包邮】选项-点击元素('-android uiautomator', 'new UiSelector().text("包邮")')
2020-08-11 12:44:16,853 - INFO - user_log.py - 春衫 - 日志信息:定位方式:by.id--->定位值:com.ecloud.hobay:id/btn_immediately_publish
2020-08-11 12:44:16,931 - INFO - user_log.py - 春衫 - 日志信息:点击【立即上架】按钮-点击元素('id', 'com.ecloud.hobay:id/btn_immediately_publish')
2020-08-11 12:44:17,985 - INFO - user_log.py - 春衫 - 日志信息:等待元素('id', 'com.ecloud.hobay:id/tv_tips')可见
2020-08-11 12:44:18,273 - INFO - user_log.py - 春衫 - 日志信息:等待时长为：0
2020-08-11 12:44:18,274 - INFO - user_log.py - 春衫 - 日志信息:定位方式:by.id--->定位值:com.ecloud.hobay:id/tv_tips
2020-08-11 12:44:18,335 - INFO - user_log.py - 春衫 - 日志信息:获取到的文本内容是：商品审核中
2020-08-11 12:45:59,959 - INFO - user_log.py - 春衫 - 日志信息:元素('xpath', "//*[@text='始终允许']")不存在
2020-08-11 12:46:04,960 - INFO - user_log.py - 春衫 - 日志信息:定位方式:by.id--->定位值:com.ecloud.hobay:id/rb_me
2020-08-11 12:46:05,858 - INFO - user_log.py - 春衫 - 日志信息:发布商品-通用条件-获取当前app的登陆状态-点击元素('id', 'com.ecloud.hobay:id/rb_me')
2020-08-11 12:46:07,614 - INFO - user_log.py - 春衫 - 日志信息:元素('id', 'com.ecloud.hobay:id/tv_setting')存在
2020-08-11 12:46:07,615 - INFO - user_log.py - 春衫 - 日志信息:定位方式:by.id--->定位值:com.ecloud.hobay:id/tv_setting
2020-08-11 12:46:08,001 - INFO - user_log.py - 春衫 - 日志信息:发布商品-通用条件-点击【设置】按钮-点击元素('id', 'com.ecloud.hobay:id/tv_setting')
2020-08-11 12:46:08,597 - INFO - user_log.py - 春衫 - 日志信息:定位方式:by.id--->定位值:com.ecloud.hobay:id/btn_exit
2020-08-11 12:46:09,203 - INFO - user_log.py - 春衫 - 日志信息:发布商品-通用条件-点击【退出】按钮-点击元素('id', 'com.ecloud.hobay:id/btn_exit')
2020-08-11 12:46:10,273 - INFO - user_log.py - 春衫 - 日志信息:点击坐标(440, 775)
2020-08-11 12:46:18,042 - INFO - user_log.py - 春衫 - 日志信息:输入数字是13724765586
2020-08-11 12:46:19,043 - INFO - user_log.py - 春衫 - 日志信息:点击坐标(540, 1030)
2020-08-11 12:46:20,744 - INFO - user_log.py - 春衫 - 日志信息:点击坐标(500, 860)
2020-08-11 12:46:26,346 - INFO - user_log.py - 春衫 - 日志信息:点击坐标(540, 1110)
2020-08-11 12:46:28,878 - INFO - user_log.py - 春衫 - 日志信息:等待元素('id', 'com.ecloud.hobay:id/rb_helpping_me')可见
2020-08-11 12:46:30,160 - INFO - user_log.py - 春衫 - 日志信息:等待时长为：1
2020-08-11 12:46:30,161 - INFO - user_log.py - 春衫 - 日志信息:定位方式:by.id--->定位值:com.ecloud.hobay:id/rb_helpping_me
2020-08-11 12:46:30,573 - INFO - user_log.py - 春衫 - 日志信息:点击底部导航栏-发布商品-点击元素('id', 'com.ecloud.hobay:id/rb_helpping_me')
2020-08-11 12:46:32,377 - INFO - user_log.py - 春衫 - 日志信息:定位方式:by.id--->定位值:com.ecloud.hobay:id/iv_publish_product
2020-08-11 12:46:32,849 - INFO - user_log.py - 春衫 - 日志信息:点击元素('id', 'com.ecloud.hobay:id/iv_publish_product')
2020-08-11 12:46:34,444 - INFO - user_log.py - 春衫 - 日志信息:定位方式:by.id--->定位值:com.ecloud.hobay:id/iv_add_pic
2020-08-11 12:46:34,885 - INFO - user_log.py - 春衫 - 日志信息:点击元素('id', 'com.ecloud.hobay:id/iv_add_pic')
2020-08-11 12:46:36,271 - INFO - user_log.py - 春衫 - 日志信息:元素('xpath', "//*[@text='始终允许']")不存在
2020-08-11 12:46:36,773 - INFO - user_log.py - 春衫 - 日志信息:定位方式:by.id--->定位值:com.ecloud.hobay:id/cb_check
2020-08-11 12:46:36,833 - INFO - user_log.py - 春衫 - 日志信息:点击元素('id', 'com.ecloud.hobay:id/cb_check')
2020-08-11 12:46:37,396 - INFO - user_log.py - 春衫 - 日志信息:定位方式:by.id--->定位值:com.ecloud.hobay:id/btn_ok
2020-08-11 12:46:38,062 - INFO - user_log.py - 春衫 - 日志信息:点击元素('id', 'com.ecloud.hobay:id/btn_ok')
2020-08-11 12:46:38,637 - INFO - user_log.py - 春衫 - 日志信息:输入的商品标题是:APP实物商品
2020-08-11 12:46:38,638 - INFO - user_log.py - 春衫 - 日志信息:定位方式:by.id--->定位值:com.ecloud.hobay:id/et_product_title
2020-08-11 12:46:40,454 - INFO - user_log.py - 春衫 - 日志信息:定位方式:by.id--->定位值:com.ecloud.hobay:id/tv_product_detail
2020-08-11 12:46:40,517 - INFO - user_log.py - 春衫 - 日志信息:点击【商品描述】选项-点击元素('id', 'com.ecloud.hobay:id/tv_product_detail')
2020-08-11 12:46:41,080 - INFO - user_log.py - 春衫 - 日志信息:定位方式:by.class name--->定位值:android.widget.EditText
2020-08-11 12:46:41,335 - INFO - user_log.py - 春衫 - 日志信息:输入商品详情:发布实物商品搞定啦，继续优化
2020-08-11 12:46:41,836 - INFO - user_log.py - 春衫 - 日志信息:定位方式:by.id--->定位值:com.ecloud.hobay:id/btn_add_pic
2020-08-11 12:46:41,963 - INFO - user_log.py - 春衫 - 日志信息:点击元素('id', 'com.ecloud.hobay:id/btn_add_pic')
2020-08-11 12:46:43,266 - INFO - user_log.py - 春衫 - 日志信息:元素('xpath', "//*[@text='始终允许']")不存在
2020-08-11 12:46:43,767 - INFO - user_log.py - 春衫 - 日志信息:定位方式:by.id--->定位值:com.ecloud.hobay:id/cb_check
2020-08-11 12:46:43,834 - INFO - user_log.py - 春衫 - 日志信息:点击元素('id', 'com.ecloud.hobay:id/cb_check')
2020-08-11 12:46:44,402 - INFO - user_log.py - 春衫 - 日志信息:定位方式:by.id--->定位值:com.ecloud.hobay:id/btn_ok
2020-08-11 12:46:44,839 - INFO - user_log.py - 春衫 - 日志信息:点击元素('id', 'com.ecloud.hobay:id/btn_ok')
2020-08-11 12:46:45,405 - INFO - user_log.py - 春衫 - 日志信息:定位方式:by.id--->定位值:com.ecloud.hobay:id/btn_complete
2020-08-11 12:46:46,074 - INFO - user_log.py - 春衫 - 日志信息:点击【完成】按钮-点击元素('id', 'com.ecloud.hobay:id/btn_complete')
2020-08-11 12:46:46,650 - INFO - user_log.py - 春衫 - 日志信息:定位方式:by.id--->定位值:com.ecloud.hobay:id/tv_product_phase
2020-08-11 12:46:47,263 - INFO - user_log.py - 春衫 - 日志信息:点击【品相】选项-点击元素('id', 'com.ecloud.hobay:id/tv_product_phase')
2020-08-11 12:46:47,837 - INFO - user_log.py - 春衫 - 日志信息:定位方式:by.-android uiautomator--->定位值:new UiSelector().text("全新")
2020-08-11 12:46:48,152 - INFO - user_log.py - 春衫 - 日志信息:点击【全新】选项-点击元素('-android uiautomator', 'new UiSelector().text("全新")')
2020-08-11 12:46:49,886 - INFO - user_log.py - 春衫 - 日志信息:定位方式:by.id--->定位值:com.ecloud.hobay:id/tv_select_type
2020-08-11 12:46:50,279 - INFO - user_log.py - 春衫 - 日志信息:点击【分类】选项-点击元素('id', 'com.ecloud.hobay:id/tv_select_type')
2020-08-11 12:46:52,541 - INFO - user_log.py - 春衫 - 日志信息:定位方式:by.-android uiautomator--->定位值:new UiSelector().text("服装")
2020-08-11 12:46:52,610 - INFO - user_log.py - 春衫 - 日志信息:点击【二级分类】-【服装】选项-点击元素('-android uiautomator', 'new UiSelector().text("服装")')
2020-08-11 12:46:53,892 - INFO - user_log.py - 春衫 - 日志信息:定位方式:by.-android uiautomator--->定位值:new UiSelector().text("裤子")
2020-08-11 12:46:53,957 - INFO - user_log.py - 春衫 - 日志信息:选择【三级分类】-【裤子】选项-点击元素('-android uiautomator', 'new UiSelector().text("裤子")')
2020-08-11 12:46:55,702 - INFO - user_log.py - 春衫 - 日志信息:定位方式:by.id--->定位值:com.ecloud.hobay:id/tv_product_type
2020-08-11 12:46:55,768 - INFO - user_log.py - 春衫 - 日志信息:点击【商品类型】选项-点击元素('id', 'com.ecloud.hobay:id/tv_product_type')
2020-08-11 12:46:56,335 - INFO - user_log.py - 春衫 - 日志信息:定位方式:by.id--->定位值:com.ecloud.hobay:id/tv_dialog_item
2020-08-11 12:46:56,591 - INFO - user_log.py - 春衫 - 日志信息:选择【商品类型】-【易贝商品】选项-点击元素('id', 'com.ecloud.hobay:id/tv_dialog_item')
2020-08-11 12:46:57,192 - INFO - user_log.py - 春衫 - 日志信息:定位方式:by.id--->定位值:com.ecloud.hobay:id/tv_specification
2020-08-11 12:46:57,804 - INFO - user_log.py - 春衫 - 日志信息:点击【规格】选项-点击元素('id', 'com.ecloud.hobay:id/tv_specification')
2020-08-11 12:46:58,390 - INFO - user_log.py - 春衫 - 日志信息:输入的商品规格是:外套
2020-08-11 12:46:58,391 - INFO - user_log.py - 春衫 - 日志信息:定位方式:by.id--->定位值:com.ecloud.hobay:id/et_first_attributes
2020-08-11 12:46:59,990 - INFO - user_log.py - 春衫 - 日志信息:输入的商品属性是:红色
2020-08-11 12:47:00,001 - INFO - user_log.py - 春衫 - 日志信息:定位方式:by.id--->定位值:com.ecloud.hobay:id/et_name
2020-08-11 12:47:01,127 - INFO - user_log.py - 春衫 - 日志信息:定位方式:by.id--->定位值:com.ecloud.hobay:id/tv_add_pic
2020-08-11 12:47:01,187 - INFO - user_log.py - 春衫 - 日志信息:点击上传规格图片-点击元素('id', 'com.ecloud.hobay:id/tv_add_pic')
2020-08-11 12:47:01,746 - INFO - user_log.py - 春衫 - 日志信息:定位方式:by.id--->定位值:com.ecloud.hobay:id/iv_thumb
2020-08-11 12:47:02,940 - INFO - user_log.py - 春衫 - 日志信息:选择规格图片-点击元素('id', 'com.ecloud.hobay:id/iv_thumb')
2020-08-11 12:47:03,526 - INFO - user_log.py - 春衫 - 日志信息:定位方式:by.id--->定位值:com.ecloud.hobay:id/btn_next
2020-08-11 12:47:04,224 - INFO - user_log.py - 春衫 - 日志信息:点击【下一步】按钮-点击元素('id', 'com.ecloud.hobay:id/btn_next')
2020-08-11 12:47:04,783 - INFO - user_log.py - 春衫 - 日志信息:输入的商品进货价是:100
2020-08-11 12:47:04,785 - INFO - user_log.py - 春衫 - 日志信息:定位方式:by.id--->定位值:com.ecloud.hobay:id/et_purchase_price
2020-08-11 12:47:06,505 - INFO - user_log.py - 春衫 - 日志信息:输入的商品出售价是:100
2020-08-11 12:47:06,506 - INFO - user_log.py - 春衫 - 日志信息:定位方式:by.id--->定位值:com.ecloud.hobay:id/et_price
2020-08-11 12:47:08,030 - INFO - user_log.py - 春衫 - 日志信息:输入的商品库存是:10000
2020-08-11 12:47:08,031 - INFO - user_log.py - 春衫 - 日志信息:定位方式:by.id--->定位值:com.ecloud.hobay:id/et_number
2020-08-11 12:47:08,647 - INFO - user_log.py - 春衫 - 日志信息:定位方式:by.id--->定位值:com.ecloud.hobay:id/btn_confirm
2020-08-11 12:47:08,703 - INFO - user_log.py - 春衫 - 日志信息:点击【确定】按钮-点击元素('id', 'com.ecloud.hobay:id/btn_confirm')
2020-08-11 12:47:09,256 - INFO - user_log.py - 春衫 - 日志信息:定位方式:by.id--->定位值:com.ecloud.hobay:id/tv_freight
2020-08-11 12:47:09,360 - INFO - user_log.py - 春衫 - 日志信息:点击【运费】选项-点击元素('id', 'com.ecloud.hobay:id/tv_freight')
2020-08-11 12:47:10,397 - INFO - user_log.py - 春衫 - 日志信息:定位方式:by.-android uiautomator--->定位值:new UiSelector().text("包邮")
2020-08-11 12:47:10,965 - INFO - user_log.py - 春衫 - 日志信息:【运费】类型-选择【包邮】选项-点击元素('-android uiautomator', 'new UiSelector().text("包邮")')
2020-08-11 12:47:12,708 - INFO - user_log.py - 春衫 - 日志信息:定位方式:by.id--->定位值:com.ecloud.hobay:id/btn_immediately_publish
2020-08-11 12:47:12,791 - INFO - user_log.py - 春衫 - 日志信息:点击【立即上架】按钮-点击元素('id', 'com.ecloud.hobay:id/btn_immediately_publish')
2020-08-11 12:47:13,855 - INFO - user_log.py - 春衫 - 日志信息:等待元素('id', 'com.ecloud.hobay:id/tv_tips')可见
2020-08-11 12:47:13,954 - INFO - user_log.py - 春衫 - 日志信息:等待时长为：0
2020-08-11 12:47:13,955 - INFO - user_log.py - 春衫 - 日志信息:定位方式:by.id--->定位值:com.ecloud.hobay:id/tv_tips
2020-08-11 12:47:14,025 - INFO - user_log.py - 春衫 - 日志信息:获取到的文本内容是：商品审核中
2020-08-11 13:02:38,516 - INFO - user_log.py - 春衫 - 日志信息:元素('xpath', "//*[@text='始终允许']")不存在
2020-08-11 13:02:43,516 - INFO - user_log.py - 春衫 - 日志信息:定位方式:by.id--->定位值:com.ecloud.hobay:id/rb_me
2020-08-11 13:02:43,965 - INFO - user_log.py - 春衫 - 日志信息:发布商品-通用条件-获取当前app的登陆状态-点击元素('id', 'com.ecloud.hobay:id/rb_me')
2020-08-11 13:02:46,266 - INFO - user_log.py - 春衫 - 日志信息:元素('id', 'com.ecloud.hobay:id/tv_setting')存在
2020-08-11 13:02:46,267 - INFO - user_log.py - 春衫 - 日志信息:定位方式:by.id--->定位值:com.ecloud.hobay:id/tv_setting
2020-08-11 13:02:47,013 - INFO - user_log.py - 春衫 - 日志信息:发布商品-通用条件-点击【设置】按钮-点击元素('id', 'com.ecloud.hobay:id/tv_setting')
2020-08-11 13:02:47,587 - INFO - user_log.py - 春衫 - 日志信息:定位方式:by.id--->定位值:com.ecloud.hobay:id/btn_exit
2020-08-11 13:02:48,204 - INFO - user_log.py - 春衫 - 日志信息:发布商品-通用条件-点击【退出】按钮-点击元素('id', 'com.ecloud.hobay:id/btn_exit')
2020-08-11 13:02:49,276 - INFO - user_log.py - 春衫 - 日志信息:点击坐标(440, 775)
2020-08-11 13:02:57,106 - INFO - user_log.py - 春衫 - 日志信息:输入数字是13724765586
2020-08-11 13:02:58,109 - INFO - user_log.py - 春衫 - 日志信息:点击坐标(540, 1030)
2020-08-11 13:02:59,800 - INFO - user_log.py - 春衫 - 日志信息:点击坐标(500, 860)
2020-08-11 13:03:05,546 - INFO - user_log.py - 春衫 - 日志信息:点击坐标(540, 1110)
2020-08-11 13:03:08,188 - INFO - user_log.py - 春衫 - 日志信息:等待元素('id', 'com.ecloud.hobay:id/rb_helpping_me')可见
2020-08-11 13:03:09,271 - INFO - user_log.py - 春衫 - 日志信息:等待时长为：1
2020-08-11 13:03:09,272 - INFO - user_log.py - 春衫 - 日志信息:定位方式:by.id--->定位值:com.ecloud.hobay:id/rb_helpping_me
2020-08-11 13:03:09,715 - INFO - user_log.py - 春衫 - 日志信息:点击底部导航栏-发布商品-点击元素('id', 'com.ecloud.hobay:id/rb_helpping_me')
2020-08-11 13:03:11,319 - INFO - user_log.py - 春衫 - 日志信息:定位方式:by.id--->定位值:com.ecloud.hobay:id/iv_publish_card
2020-08-11 13:03:11,413 - INFO - user_log.py - 春衫 - 日志信息:点击元素('id', 'com.ecloud.hobay:id/iv_publish_card')
2020-08-11 13:03:13,017 - INFO - user_log.py - 春衫 - 日志信息:定位方式:by.id--->定位值:com.ecloud.hobay:id/iv_add_pic
2020-08-11 13:03:13,086 - INFO - user_log.py - 春衫 - 日志信息:点击元素('id', 'com.ecloud.hobay:id/iv_add_pic')
2020-08-11 13:03:14,421 - INFO - user_log.py - 春衫 - 日志信息:元素('xpath', "//*[@text='始终允许']")不存在
2020-08-11 13:03:14,922 - INFO - user_log.py - 春衫 - 日志信息:定位方式:by.id--->定位值:com.ecloud.hobay:id/cb_check
2020-08-11 13:03:15,003 - INFO - user_log.py - 春衫 - 日志信息:点击元素('id', 'com.ecloud.hobay:id/cb_check')
2020-08-11 13:03:15,601 - INFO - user_log.py - 春衫 - 日志信息:定位方式:by.id--->定位值:com.ecloud.hobay:id/btn_ok
2020-08-11 13:03:16,149 - INFO - user_log.py - 春衫 - 日志信息:点击元素('id', 'com.ecloud.hobay:id/btn_ok')
2020-08-11 13:03:16,722 - INFO - user_log.py - 春衫 - 日志信息:输入的商品标题是:APP本地生活
2020-08-11 13:03:16,723 - INFO - user_log.py - 春衫 - 日志信息:定位方式:by.id--->定位值:com.ecloud.hobay:id/et_product_title
2020-08-11 13:03:18,522 - INFO - user_log.py - 春衫 - 日志信息:输入商品详情:发布本地生活搞定啦，继续优化
2020-08-11 13:03:18,523 - INFO - user_log.py - 春衫 - 日志信息:定位方式:by.id--->定位值:com.ecloud.hobay:id/et_product_desc
2020-08-11 13:03:20,290 - INFO - user_log.py - 春衫 - 日志信息:定位方式:by.id--->定位值:com.ecloud.hobay:id/tv_select_type
2020-08-11 13:03:20,339 - INFO - user_log.py - 春衫 - 日志信息:测试发布本地生活商品-点击【分类】选项-点击元素('id', 'com.ecloud.hobay:id/tv_select_type')
2020-08-11 13:03:21,395 - INFO - user_log.py - 春衫 - 日志信息:定位方式:by.-android uiautomator--->定位值:new UiSelector().text("酒水")
2020-08-11 13:03:21,483 - INFO - user_log.py - 春衫 - 日志信息:测试发布本地生活商品-点击【二级分类】-【酒水】选项-点击元素('-android uiautomator', 'new UiSelector().text("酒水")')
2020-08-11 13:03:22,791 - INFO - user_log.py - 春衫 - 日志信息:定位方式:by.-android uiautomator--->定位值:new UiSelector().text("红酒")
2020-08-11 13:03:22,850 - INFO - user_log.py - 春衫 - 日志信息:测试发布本地生活商品-选择【三级分类】-【红酒】选项-点击元素('-android uiautomator', 'new UiSelector().text("红酒")')
2020-08-11 13:03:25,798 - INFO - user_log.py - 春衫 - 日志信息:定位方式:by.id--->定位值:com.ecloud.hobay:id/tv_select_volume
2020-08-11 13:03:25,843 - INFO - user_log.py - 春衫 - 日志信息:测试发布本地生活商品-点击【券类】按钮-点击元素('id', 'com.ecloud.hobay:id/tv_select_volume')
2020-08-11 13:03:26,409 - INFO - user_log.py - 春衫 - 日志信息:定位方式:by.-android uiautomator--->定位值:new UiSelector().text("代金券")
2020-08-11 13:03:26,843 - INFO - user_log.py - 春衫 - 日志信息:测试发布本地生活商品-选择【代金券】-点击元素('-android uiautomator', 'new UiSelector().text("代金券")')
2020-08-11 13:03:28,123 - INFO - user_log.py - 春衫 - 日志信息:输入的商品总价是:100
2020-08-11 13:03:28,128 - INFO - user_log.py - 春衫 - 日志信息:定位方式:by.id--->定位值:com.ecloud.hobay:id/et_product_price
2020-08-11 13:03:29,236 - INFO - user_log.py - 春衫 - 日志信息:输入的商品库存是:10000
2020-08-11 13:03:29,237 - INFO - user_log.py - 春衫 - 日志信息:定位方式:by.id--->定位值:com.ecloud.hobay:id/et_product_number
2020-08-11 13:03:30,359 - INFO - user_log.py - 春衫 - 日志信息:定位方式:by.id--->定位值:com.ecloud.hobay:id/btn_immediately_publish
2020-08-11 13:03:30,819 - INFO - user_log.py - 春衫 - 日志信息:点击【立即上架】按钮-点击元素('id', 'com.ecloud.hobay:id/btn_immediately_publish')
2020-08-11 13:03:32,657 - INFO - user_log.py - 春衫 - 日志信息:等待元素('id', 'com.ecloud.hobay:id/tv_tips')可见
2020-08-11 13:03:32,746 - INFO - user_log.py - 春衫 - 日志信息:等待时长为：0
2020-08-11 13:03:32,747 - INFO - user_log.py - 春衫 - 日志信息:定位方式:by.id--->定位值:com.ecloud.hobay:id/tv_tips
2020-08-11 13:03:32,827 - INFO - user_log.py - 春衫 - 日志信息:获取到的文本内容是：商品审核中
2020-08-11 13:03:53,647 - INFO - user_log.py - 春衫 - 日志信息:元素('xpath', "//*[@text='始终允许']")不存在
2020-08-11 13:03:58,658 - INFO - user_log.py - 春衫 - 日志信息:定位方式:by.id--->定位值:com.ecloud.hobay:id/rb_me
2020-08-11 13:03:59,186 - INFO - user_log.py - 春衫 - 日志信息:发布商品-通用条件-获取当前app的登陆状态-点击元素('id', 'com.ecloud.hobay:id/rb_me')
2020-08-11 13:04:00,808 - INFO - user_log.py - 春衫 - 日志信息:元素('id', 'com.ecloud.hobay:id/tv_setting')存在
2020-08-11 13:04:00,810 - INFO - user_log.py - 春衫 - 日志信息:定位方式:by.id--->定位值:com.ecloud.hobay:id/tv_setting
2020-08-11 13:04:01,399 - INFO - user_log.py - 春衫 - 日志信息:发布商品-通用条件-点击【设置】按钮-点击元素('id', 'com.ecloud.hobay:id/tv_setting')
2020-08-11 13:04:01,961 - INFO - user_log.py - 春衫 - 日志信息:定位方式:by.id--->定位值:com.ecloud.hobay:id/btn_exit
2020-08-11 13:04:02,932 - INFO - user_log.py - 春衫 - 日志信息:发布商品-通用条件-点击【退出】按钮-点击元素('id', 'com.ecloud.hobay:id/btn_exit')
2020-08-11 13:04:04,008 - INFO - user_log.py - 春衫 - 日志信息:点击坐标(440, 775)
2020-08-11 13:04:11,560 - INFO - user_log.py - 春衫 - 日志信息:输入数字是13724765586
2020-08-11 13:04:12,562 - INFO - user_log.py - 春衫 - 日志信息:点击坐标(540, 1030)
2020-08-11 13:04:13,743 - INFO - user_log.py - 春衫 - 日志信息:点击坐标(500, 860)
2020-08-11 13:04:19,416 - INFO - user_log.py - 春衫 - 日志信息:点击坐标(540, 1110)
2020-08-11 13:04:21,956 - INFO - user_log.py - 春衫 - 日志信息:等待元素('id', 'com.ecloud.hobay:id/rb_helpping_me')可见
2020-08-11 13:04:23,256 - INFO - user_log.py - 春衫 - 日志信息:等待时长为：1
2020-08-11 13:04:23,257 - INFO - user_log.py - 春衫 - 日志信息:定位方式:by.id--->定位值:com.ecloud.hobay:id/rb_helpping_me
2020-08-11 13:04:23,654 - INFO - user_log.py - 春衫 - 日志信息:点击底部导航栏-发布商品-点击元素('id', 'com.ecloud.hobay:id/rb_helpping_me')
2020-08-11 13:04:25,261 - INFO - user_log.py - 春衫 - 日志信息:定位方式:by.id--->定位值:com.ecloud.hobay:id/iv_publish_service
2020-08-11 13:04:25,361 - INFO - user_log.py - 春衫 - 日志信息:点击元素('id', 'com.ecloud.hobay:id/iv_publish_service')
2020-08-11 13:04:27,468 - INFO - user_log.py - 春衫 - 日志信息:定位方式:by.id--->定位值:com.ecloud.hobay:id/iv_add_pic
2020-08-11 13:04:27,537 - INFO - user_log.py - 春衫 - 日志信息:点击元素('id', 'com.ecloud.hobay:id/iv_add_pic')
2020-08-11 13:04:28,907 - INFO - user_log.py - 春衫 - 日志信息:元素('xpath', "//*[@text='始终允许']")不存在
2020-08-11 13:04:29,408 - INFO - user_log.py - 春衫 - 日志信息:定位方式:by.id--->定位值:com.ecloud.hobay:id/cb_check
2020-08-11 13:04:29,467 - INFO - user_log.py - 春衫 - 日志信息:点击元素('id', 'com.ecloud.hobay:id/cb_check')
2020-08-11 13:04:30,056 - INFO - user_log.py - 春衫 - 日志信息:定位方式:by.id--->定位值:com.ecloud.hobay:id/btn_ok
2020-08-11 13:04:30,472 - INFO - user_log.py - 春衫 - 日志信息:点击元素('id', 'com.ecloud.hobay:id/btn_ok')
2020-08-11 13:04:31,531 - INFO - user_log.py - 春衫 - 日志信息:输入的商品标题是:APP商企服务
2020-08-11 13:04:31,532 - INFO - user_log.py - 春衫 - 日志信息:定位方式:by.id--->定位值:com.ecloud.hobay:id/et_product_title
2020-08-11 13:04:33,384 - INFO - user_log.py - 春衫 - 日志信息:输入商品详情是:发布商企服务搞定啦，继续优化
2020-08-11 13:04:33,385 - INFO - user_log.py - 春衫 - 日志信息:定位方式:by.id--->定位值:com.ecloud.hobay:id/et_product_desc
2020-08-11 13:04:33,404 - INFO - user_log.py - 春衫 - 日志信息:没有找到这个元素
2020-08-11 13:04:33,450 - INFO - user_log.py - 春衫 - 日志信息:元素输入操作失败!
2020-08-11 13:32:52,075 - INFO - user_log.py - 春衫 - 日志信息:元素('xpath', "//*[@text='始终允许']")不存在
2020-08-11 13:32:57,076 - INFO - user_log.py - 春衫 - 日志信息:定位方式:by.id--->定位值:com.ecloud.hobay:id/rb_me
2020-08-11 13:32:57,431 - INFO - user_log.py - 春衫 - 日志信息:发布商品-通用条件-获取当前app的登陆状态-点击元素('id', 'com.ecloud.hobay:id/rb_me')
2020-08-11 13:32:58,908 - INFO - user_log.py - 春衫 - 日志信息:元素('id', 'com.ecloud.hobay:id/tv_setting')存在
2020-08-11 13:32:58,909 - INFO - user_log.py - 春衫 - 日志信息:定位方式:by.id--->定位值:com.ecloud.hobay:id/tv_setting
2020-08-11 13:32:59,224 - INFO - user_log.py - 春衫 - 日志信息:发布商品-通用条件-点击【设置】按钮-点击元素('id', 'com.ecloud.hobay:id/tv_setting')
2020-08-11 13:32:59,813 - INFO - user_log.py - 春衫 - 日志信息:定位方式:by.id--->定位值:com.ecloud.hobay:id/btn_exit
2020-08-11 13:33:00,418 - INFO - user_log.py - 春衫 - 日志信息:发布商品-通用条件-点击【退出】按钮-点击元素('id', 'com.ecloud.hobay:id/btn_exit')
2020-08-11 13:33:01,509 - INFO - user_log.py - 春衫 - 日志信息:点击坐标(440, 775)
2020-08-11 13:33:08,708 - INFO - user_log.py - 春衫 - 日志信息:输入数字是13724765586
2020-08-11 13:33:09,709 - INFO - user_log.py - 春衫 - 日志信息:点击坐标(540, 1030)
2020-08-11 13:33:11,423 - INFO - user_log.py - 春衫 - 日志信息:点击坐标(500, 860)
2020-08-11 13:33:17,198 - INFO - user_log.py - 春衫 - 日志信息:点击坐标(540, 1110)
2020-08-11 13:33:19,722 - INFO - user_log.py - 春衫 - 日志信息:等待元素('id', 'com.ecloud.hobay:id/rb_helpping_me')可见
2020-08-11 13:33:21,081 - INFO - user_log.py - 春衫 - 日志信息:等待时长为：1
2020-08-11 13:33:21,082 - INFO - user_log.py - 春衫 - 日志信息:定位方式:by.id--->定位值:com.ecloud.hobay:id/rb_helpping_me
2020-08-11 13:33:21,588 - INFO - user_log.py - 春衫 - 日志信息:点击底部导航栏-发布商品-点击元素('id', 'com.ecloud.hobay:id/rb_helpping_me')
2020-08-11 13:33:23,189 - INFO - user_log.py - 春衫 - 日志信息:定位方式:by.id--->定位值:com.ecloud.hobay:id/iv_publish_service
2020-08-11 13:33:24,114 - INFO - user_log.py - 春衫 - 日志信息:点击元素('id', 'com.ecloud.hobay:id/iv_publish_service')
2020-08-11 13:33:25,757 - INFO - user_log.py - 春衫 - 日志信息:定位方式:by.id--->定位值:com.ecloud.hobay:id/iv_add_pic
2020-08-11 13:33:25,805 - INFO - user_log.py - 春衫 - 日志信息:点击元素('id', 'com.ecloud.hobay:id/iv_add_pic')
2020-08-11 13:33:27,159 - INFO - user_log.py - 春衫 - 日志信息:元素('xpath', "//*[@text='始终允许']")不存在
2020-08-11 13:33:27,660 - INFO - user_log.py - 春衫 - 日志信息:定位方式:by.id--->定位值:com.ecloud.hobay:id/cb_check
2020-08-11 13:33:28,116 - INFO - user_log.py - 春衫 - 日志信息:点击元素('id', 'com.ecloud.hobay:id/cb_check')
2020-08-11 13:33:28,686 - INFO - user_log.py - 春衫 - 日志信息:定位方式:by.id--->定位值:com.ecloud.hobay:id/btn_ok
2020-08-11 13:33:29,113 - INFO - user_log.py - 春衫 - 日志信息:点击元素('id', 'com.ecloud.hobay:id/btn_ok')
2020-08-11 13:33:29,673 - INFO - user_log.py - 春衫 - 日志信息:输入的商品标题是:APP商企服务
2020-08-11 13:33:29,674 - INFO - user_log.py - 春衫 - 日志信息:定位方式:by.id--->定位值:com.ecloud.hobay:id/et_product_title
2020-08-11 13:33:31,471 - INFO - user_log.py - 春衫 - 日志信息:输入商品详情是:发布商企服务搞定啦，继续优化
2020-08-11 13:33:31,472 - INFO - user_log.py - 春衫 - 日志信息:定位方式:by.id--->定位值:com.ecloud.hobay:id/et_product_desc
2020-08-11 13:33:32,098 - INFO - user_log.py - 春衫 - 日志信息:定位方式:by.id--->定位值:com.ecloud.hobay:id/tv_select_type
2020-08-11 13:33:32,164 - INFO - user_log.py - 春衫 - 日志信息:测试发布商企服务商品-点击【分类】选项-点击元素('id', 'com.ecloud.hobay:id/tv_select_type')
2020-08-11 13:33:33,222 - INFO - user_log.py - 春衫 - 日志信息:定位方式:by.-android uiautomator--->定位值:new UiSelector().text("设计")
2020-08-11 13:33:33,452 - INFO - user_log.py - 春衫 - 日志信息:测试发布商企服务商品-点击【二级分类】-【设计】选项-点击元素('-android uiautomator', 'new UiSelector().text("设计")')
2020-08-11 13:33:34,734 - INFO - user_log.py - 春衫 - 日志信息:定位方式:by.-android uiautomator--->定位值:new UiSelector().text("广告设计")
2020-08-11 13:33:34,802 - INFO - user_log.py - 春衫 - 日志信息:测试发布商企服务商品-选择【三级分类】-【广告设计】选项-点击元素('-android uiautomator', 'new UiSelector().text("广告设计")')
2020-08-11 13:33:36,630 - INFO - user_log.py - 春衫 - 日志信息:输入商品总价是:100
2020-08-11 13:33:36,631 - INFO - user_log.py - 春衫 - 日志信息:定位方式:by.id--->定位值:com.ecloud.hobay:id/et_product_all_price
2020-08-11 13:33:37,756 - INFO - user_log.py - 春衫 - 日志信息:输入预付款是:10
2020-08-11 13:33:37,757 - INFO - user_log.py - 春衫 - 日志信息:定位方式:by.id--->定位值:com.ecloud.hobay:id/et_product_price
2020-08-11 13:33:39,056 - INFO - user_log.py - 春衫 - 日志信息:输入商品库存是:10000
2020-08-11 13:33:39,057 - INFO - user_log.py - 春衫 - 日志信息:定位方式:by.id--->定位值:com.ecloud.hobay:id/et_product_number
2020-08-11 13:33:40,650 - INFO - user_log.py - 春衫 - 日志信息:定位方式:by.id--->定位值:com.ecloud.hobay:id/btn_immediately_publish
2020-08-11 13:33:40,723 - INFO - user_log.py - 春衫 - 日志信息:点击【立即上架】按钮-点击元素('id', 'com.ecloud.hobay:id/btn_immediately_publish')
2020-08-11 13:33:41,856 - INFO - user_log.py - 春衫 - 日志信息:等待元素('id', 'com.ecloud.hobay:id/tv_tips')可见
2020-08-11 13:33:41,950 - INFO - user_log.py - 春衫 - 日志信息:等待时长为：0
2020-08-11 13:33:41,952 - INFO - user_log.py - 春衫 - 日志信息:定位方式:by.id--->定位值:com.ecloud.hobay:id/tv_tips
2020-08-11 13:33:42,058 - INFO - user_log.py - 春衫 - 日志信息:获取到的文本内容是：商品审核中
2020-08-11 13:35:40,265 - INFO - user_log.py - 春衫 - 日志信息:元素('xpath', "//*[@text='始终允许']")不存在
2020-08-11 13:35:45,266 - INFO - user_log.py - 春衫 - 日志信息:定位方式:by.id--->定位值:com.ecloud.hobay:id/rb_me
2020-08-11 13:35:45,640 - INFO - user_log.py - 春衫 - 日志信息:发布商品-通用条件-获取当前app的登陆状态-点击元素('id', 'com.ecloud.hobay:id/rb_me')
2020-08-11 13:35:46,968 - INFO - user_log.py - 春衫 - 日志信息:元素('id', 'com.ecloud.hobay:id/tv_setting')存在
2020-08-11 13:35:46,969 - INFO - user_log.py - 春衫 - 日志信息:定位方式:by.id--->定位值:com.ecloud.hobay:id/tv_setting
2020-08-11 13:35:47,418 - INFO - user_log.py - 春衫 - 日志信息:发布商品-通用条件-点击【设置】按钮-点击元素('id', 'com.ecloud.hobay:id/tv_setting')
2020-08-11 13:35:48,175 - INFO - user_log.py - 春衫 - 日志信息:定位方式:by.id--->定位值:com.ecloud.hobay:id/btn_exit
2020-08-11 13:35:48,770 - INFO - user_log.py - 春衫 - 日志信息:发布商品-通用条件-点击【退出】按钮-点击元素('id', 'com.ecloud.hobay:id/btn_exit')
2020-08-11 13:35:49,833 - INFO - user_log.py - 春衫 - 日志信息:点击坐标(440, 775)
2020-08-11 13:35:57,390 - INFO - user_log.py - 春衫 - 日志信息:输入数字是13724765586
2020-08-11 13:35:58,392 - INFO - user_log.py - 春衫 - 日志信息:点击坐标(540, 1030)
2020-08-11 13:36:00,073 - INFO - user_log.py - 春衫 - 日志信息:点击坐标(500, 860)
2020-08-11 13:36:06,131 - INFO - user_log.py - 春衫 - 日志信息:点击坐标(540, 1110)
2020-08-11 13:36:08,734 - INFO - user_log.py - 春衫 - 日志信息:等待元素('id', 'com.ecloud.hobay:id/rb_helpping_me')可见
2020-08-11 13:36:09,647 - INFO - user_log.py - 春衫 - 日志信息:等待时长为：0
2020-08-11 13:36:09,648 - INFO - user_log.py - 春衫 - 日志信息:定位方式:by.id--->定位值:com.ecloud.hobay:id/rb_helpping_me
2020-08-11 13:36:10,067 - INFO - user_log.py - 春衫 - 日志信息:点击底部导航栏-发布商品-点击元素('id', 'com.ecloud.hobay:id/rb_helpping_me')
2020-08-11 13:36:11,684 - INFO - user_log.py - 春衫 - 日志信息:定位方式:by.id--->定位值:com.ecloud.hobay:id/iv_publish_product
2020-08-11 13:36:11,768 - INFO - user_log.py - 春衫 - 日志信息:点击元素('id', 'com.ecloud.hobay:id/iv_publish_product')
2020-08-11 13:36:14,235 - INFO - user_log.py - 春衫 - 日志信息:定位方式:by.id--->定位值:com.ecloud.hobay:id/iv_add_pic
2020-08-11 13:36:14,305 - INFO - user_log.py - 春衫 - 日志信息:点击元素('id', 'com.ecloud.hobay:id/iv_add_pic')
2020-08-11 13:36:14,520 - INFO - user_log.py - 春衫 - 日志信息:元素('xpath', "//*[@text='始终允许']")不存在
2020-08-11 13:36:15,021 - INFO - user_log.py - 春衫 - 日志信息:定位方式:by.id--->定位值:com.ecloud.hobay:id/cb_check
2020-08-11 13:36:15,478 - INFO - user_log.py - 春衫 - 日志信息:点击元素('id', 'com.ecloud.hobay:id/cb_check')
2020-08-11 13:36:16,086 - INFO - user_log.py - 春衫 - 日志信息:定位方式:by.id--->定位值:com.ecloud.hobay:id/btn_ok
2020-08-11 13:36:16,912 - INFO - user_log.py - 春衫 - 日志信息:点击元素('id', 'com.ecloud.hobay:id/btn_ok')
2020-08-11 13:36:17,507 - INFO - user_log.py - 春衫 - 日志信息:输入的商品标题是:APP实物商品
2020-08-11 13:36:17,508 - INFO - user_log.py - 春衫 - 日志信息:定位方式:by.id--->定位值:com.ecloud.hobay:id/et_product_title
2020-08-11 13:36:19,323 - INFO - user_log.py - 春衫 - 日志信息:定位方式:by.id--->定位值:com.ecloud.hobay:id/tv_product_detail
2020-08-11 13:36:19,397 - INFO - user_log.py - 春衫 - 日志信息:点击【商品描述】选项-点击元素('id', 'com.ecloud.hobay:id/tv_product_detail')
2020-08-11 13:36:19,965 - INFO - user_log.py - 春衫 - 日志信息:定位方式:by.class name--->定位值:android.widget.EditText
2020-08-11 13:36:21,144 - INFO - user_log.py - 春衫 - 日志信息:输入商品详情:发布实物商品搞定啦，继续优化
2020-08-11 13:36:21,646 - INFO - user_log.py - 春衫 - 日志信息:定位方式:by.id--->定位值:com.ecloud.hobay:id/btn_add_pic
2020-08-11 13:36:21,775 - INFO - user_log.py - 春衫 - 日志信息:点击元素('id', 'com.ecloud.hobay:id/btn_add_pic')
2020-08-11 13:36:23,133 - INFO - user_log.py - 春衫 - 日志信息:元素('xpath', "//*[@text='始终允许']")不存在
2020-08-11 13:36:23,634 - INFO - user_log.py - 春衫 - 日志信息:定位方式:by.id--->定位值:com.ecloud.hobay:id/cb_check
2020-08-11 13:36:23,690 - INFO - user_log.py - 春衫 - 日志信息:点击元素('id', 'com.ecloud.hobay:id/cb_check')
2020-08-11 13:36:24,760 - INFO - user_log.py - 春衫 - 日志信息:定位方式:by.id--->定位值:com.ecloud.hobay:id/btn_ok
2020-08-11 13:36:25,181 - INFO - user_log.py - 春衫 - 日志信息:点击元素('id', 'com.ecloud.hobay:id/btn_ok')
2020-08-11 13:36:25,750 - INFO - user_log.py - 春衫 - 日志信息:定位方式:by.id--->定位值:com.ecloud.hobay:id/btn_complete
2020-08-11 13:36:26,448 - INFO - user_log.py - 春衫 - 日志信息:点击【完成】按钮-点击元素('id', 'com.ecloud.hobay:id/btn_complete')
2020-08-11 13:36:27,024 - INFO - user_log.py - 春衫 - 日志信息:定位方式:by.id--->定位值:com.ecloud.hobay:id/tv_product_phase
2020-08-11 13:36:27,652 - INFO - user_log.py - 春衫 - 日志信息:点击【品相】选项-点击元素('id', 'com.ecloud.hobay:id/tv_product_phase')
2020-08-11 13:36:28,211 - INFO - user_log.py - 春衫 - 日志信息:定位方式:by.-android uiautomator--->定位值:new UiSelector().text("全新")
2020-08-11 13:36:28,833 - INFO - user_log.py - 春衫 - 日志信息:点击【全新】选项-点击元素('-android uiautomator', 'new UiSelector().text("全新")')
2020-08-11 13:36:30,573 - INFO - user_log.py - 春衫 - 日志信息:定位方式:by.id--->定位值:com.ecloud.hobay:id/tv_select_type
2020-08-11 13:36:30,634 - INFO - user_log.py - 春衫 - 日志信息:点击【分类】选项-点击元素('id', 'com.ecloud.hobay:id/tv_select_type')
2020-08-11 13:36:31,721 - INFO - user_log.py - 春衫 - 日志信息:定位方式:by.-android uiautomator--->定位值:new UiSelector().text("服装")
2020-08-11 13:36:31,903 - INFO - user_log.py - 春衫 - 日志信息:点击【二级分类】-【服装】选项-点击元素('-android uiautomator', 'new UiSelector().text("服装")')
2020-08-11 13:36:33,310 - INFO - user_log.py - 春衫 - 日志信息:定位方式:by.-android uiautomator--->定位值:new UiSelector().text("裤子")
2020-08-11 13:36:33,378 - INFO - user_log.py - 春衫 - 日志信息:选择【三级分类】-【裤子】选项-点击元素('-android uiautomator', 'new UiSelector().text("裤子")')
2020-08-11 13:36:37,328 - INFO - user_log.py - 春衫 - 日志信息:定位方式:by.id--->定位值:com.ecloud.hobay:id/tv_product_type
2020-08-11 13:36:37,397 - INFO - user_log.py - 春衫 - 日志信息:点击【商品类型】选项-点击元素('id', 'com.ecloud.hobay:id/tv_product_type')
2020-08-11 13:36:37,964 - INFO - user_log.py - 春衫 - 日志信息:定位方式:by.id--->定位值:com.ecloud.hobay:id/tv_dialog_item
2020-08-11 13:36:38,259 - INFO - user_log.py - 春衫 - 日志信息:选择【商品类型】-【易贝商品】选项-点击元素('id', 'com.ecloud.hobay:id/tv_dialog_item')
2020-08-11 13:36:38,852 - INFO - user_log.py - 春衫 - 日志信息:定位方式:by.id--->定位值:com.ecloud.hobay:id/tv_specification
2020-08-11 13:36:39,569 - INFO - user_log.py - 春衫 - 日志信息:点击【规格】选项-点击元素('id', 'com.ecloud.hobay:id/tv_specification')
2020-08-11 13:36:40,143 - INFO - user_log.py - 春衫 - 日志信息:输入的商品规格是:外套
2020-08-11 13:36:40,144 - INFO - user_log.py - 春衫 - 日志信息:定位方式:by.id--->定位值:com.ecloud.hobay:id/et_first_attributes
2020-08-11 13:36:41,882 - INFO - user_log.py - 春衫 - 日志信息:输入的商品属性是:红色
2020-08-11 13:36:41,883 - INFO - user_log.py - 春衫 - 日志信息:定位方式:by.id--->定位值:com.ecloud.hobay:id/et_name
2020-08-11 13:36:43,003 - INFO - user_log.py - 春衫 - 日志信息:定位方式:by.id--->定位值:com.ecloud.hobay:id/tv_add_pic
2020-08-11 13:36:43,064 - INFO - user_log.py - 春衫 - 日志信息:点击上传规格图片-点击元素('id', 'com.ecloud.hobay:id/tv_add_pic')
2020-08-11 13:36:43,627 - INFO - user_log.py - 春衫 - 日志信息:定位方式:by.id--->定位值:com.ecloud.hobay:id/iv_thumb
2020-08-11 13:36:44,191 - INFO - user_log.py - 春衫 - 日志信息:选择规格图片-点击元素('id', 'com.ecloud.hobay:id/iv_thumb')
2020-08-11 13:36:44,771 - INFO - user_log.py - 春衫 - 日志信息:定位方式:by.id--->定位值:com.ecloud.hobay:id/btn_next
2020-08-11 13:36:45,695 - INFO - user_log.py - 春衫 - 日志信息:点击【下一步】按钮-点击元素('id', 'com.ecloud.hobay:id/btn_next')
2020-08-11 13:36:46,259 - INFO - user_log.py - 春衫 - 日志信息:输入的商品进货价是:100
2020-08-11 13:36:46,260 - INFO - user_log.py - 春衫 - 日志信息:定位方式:by.id--->定位值:com.ecloud.hobay:id/et_purchase_price
2020-08-11 13:36:47,026 - INFO - user_log.py - 春衫 - 日志信息:输入的商品出售价是:100
2020-08-11 13:36:47,027 - INFO - user_log.py - 春衫 - 日志信息:定位方式:by.id--->定位值:com.ecloud.hobay:id/et_price
2020-08-11 13:36:48,151 - INFO - user_log.py - 春衫 - 日志信息:输入的商品库存是:10000
2020-08-11 13:36:48,153 - INFO - user_log.py - 春衫 - 日志信息:定位方式:by.id--->定位值:com.ecloud.hobay:id/et_number
2020-08-11 13:36:48,748 - INFO - user_log.py - 春衫 - 日志信息:定位方式:by.id--->定位值:com.ecloud.hobay:id/btn_confirm
2020-08-11 13:36:48,879 - INFO - user_log.py - 春衫 - 日志信息:点击【确定】按钮-点击元素('id', 'com.ecloud.hobay:id/btn_confirm')
2020-08-11 13:36:49,460 - INFO - user_log.py - 春衫 - 日志信息:定位方式:by.id--->定位值:com.ecloud.hobay:id/tv_freight
2020-08-11 13:36:50,065 - INFO - user_log.py - 春衫 - 日志信息:点击【运费】选项-点击元素('id', 'com.ecloud.hobay:id/tv_freight')
2020-08-11 13:36:50,633 - INFO - user_log.py - 春衫 - 日志信息:定位方式:by.-android uiautomator--->定位值:new UiSelector().text("包邮")
2020-08-11 13:36:50,919 - INFO - user_log.py - 春衫 - 日志信息:【运费】类型-选择【包邮】选项-点击元素('-android uiautomator', 'new UiSelector().text("包邮")')
2020-08-11 13:36:52,646 - INFO - user_log.py - 春衫 - 日志信息:定位方式:by.id--->定位值:com.ecloud.hobay:id/btn_immediately_publish
2020-08-11 13:36:52,980 - INFO - user_log.py - 春衫 - 日志信息:点击【立即上架】按钮-点击元素('id', 'com.ecloud.hobay:id/btn_immediately_publish')
2020-08-11 13:36:54,046 - INFO - user_log.py - 春衫 - 日志信息:等待元素('id', 'com.ecloud.hobay:id/tv_tips')可见
2020-08-11 13:36:54,179 - INFO - user_log.py - 春衫 - 日志信息:等待时长为：0
2020-08-11 13:36:54,180 - INFO - user_log.py - 春衫 - 日志信息:定位方式:by.id--->定位值:com.ecloud.hobay:id/tv_tips
2020-08-11 13:36:54,247 - INFO - user_log.py - 春衫 - 日志信息:获取到的文本内容是：商品审核中
2020-08-11 13:37:15,642 - INFO - user_log.py - 春衫 - 日志信息:元素('xpath', "//*[@text='始终允许']")不存在
2020-08-11 13:37:20,643 - INFO - user_log.py - 春衫 - 日志信息:定位方式:by.id--->定位值:com.ecloud.hobay:id/rb_me
2020-08-11 13:37:21,488 - INFO - user_log.py - 春衫 - 日志信息:发布商品-通用条件-获取当前app的登陆状态-点击元素('id', 'com.ecloud.hobay:id/rb_me')
2020-08-11 13:37:23,081 - INFO - user_log.py - 春衫 - 日志信息:元素('id', 'com.ecloud.hobay:id/tv_setting')存在
2020-08-11 13:37:23,082 - INFO - user_log.py - 春衫 - 日志信息:定位方式:by.id--->定位值:com.ecloud.hobay:id/tv_setting
2020-08-11 13:37:23,455 - INFO - user_log.py - 春衫 - 日志信息:发布商品-通用条件-点击【设置】按钮-点击元素('id', 'com.ecloud.hobay:id/tv_setting')
2020-08-11 13:37:24,053 - INFO - user_log.py - 春衫 - 日志信息:定位方式:by.id--->定位值:com.ecloud.hobay:id/btn_exit
2020-08-11 13:37:25,019 - INFO - user_log.py - 春衫 - 日志信息:发布商品-通用条件-点击【退出】按钮-点击元素('id', 'com.ecloud.hobay:id/btn_exit')
2020-08-11 13:37:26,078 - INFO - user_log.py - 春衫 - 日志信息:点击坐标(440, 775)
2020-08-11 13:37:33,727 - INFO - user_log.py - 春衫 - 日志信息:输入数字是13724765586
2020-08-11 13:37:34,727 - INFO - user_log.py - 春衫 - 日志信息:点击坐标(540, 1030)
2020-08-11 13:37:35,916 - INFO - user_log.py - 春衫 - 日志信息:点击坐标(500, 860)
2020-08-11 13:37:41,513 - INFO - user_log.py - 春衫 - 日志信息:点击坐标(540, 1110)
2020-08-11 13:37:43,992 - INFO - user_log.py - 春衫 - 日志信息:等待元素('id', 'com.ecloud.hobay:id/rb_helpping_me')可见
2020-08-11 13:37:45,774 - INFO - user_log.py - 春衫 - 日志信息:等待时长为：1
2020-08-11 13:37:45,775 - INFO - user_log.py - 春衫 - 日志信息:定位方式:by.id--->定位值:com.ecloud.hobay:id/rb_helpping_me
2020-08-11 13:37:46,443 - INFO - user_log.py - 春衫 - 日志信息:点击底部导航栏-发布商品-点击元素('id', 'com.ecloud.hobay:id/rb_helpping_me')
2020-08-11 13:37:48,073 - INFO - user_log.py - 春衫 - 日志信息:定位方式:by.id--->定位值:com.ecloud.hobay:id/iv_publish_card
2020-08-11 13:37:48,164 - INFO - user_log.py - 春衫 - 日志信息:点击元素('id', 'com.ecloud.hobay:id/iv_publish_card')
2020-08-11 13:37:49,778 - INFO - user_log.py - 春衫 - 日志信息:定位方式:by.id--->定位值:com.ecloud.hobay:id/iv_add_pic
2020-08-11 13:37:49,838 - INFO - user_log.py - 春衫 - 日志信息:点击元素('id', 'com.ecloud.hobay:id/iv_add_pic')
2020-08-11 13:37:51,251 - INFO - user_log.py - 春衫 - 日志信息:元素('xpath', "//*[@text='始终允许']")不存在
2020-08-11 13:37:51,752 - INFO - user_log.py - 春衫 - 日志信息:定位方式:by.id--->定位值:com.ecloud.hobay:id/cb_check
2020-08-11 13:37:51,815 - INFO - user_log.py - 春衫 - 日志信息:点击元素('id', 'com.ecloud.hobay:id/cb_check')
2020-08-11 13:37:52,375 - INFO - user_log.py - 春衫 - 日志信息:定位方式:by.id--->定位值:com.ecloud.hobay:id/btn_ok
2020-08-11 13:37:53,208 - INFO - user_log.py - 春衫 - 日志信息:点击元素('id', 'com.ecloud.hobay:id/btn_ok')
2020-08-11 13:37:53,789 - INFO - user_log.py - 春衫 - 日志信息:输入的商品标题是:APP本地生活
2020-08-11 13:37:53,790 - INFO - user_log.py - 春衫 - 日志信息:定位方式:by.id--->定位值:com.ecloud.hobay:id/et_product_title
2020-08-11 13:37:55,081 - INFO - user_log.py - 春衫 - 日志信息:输入商品详情:发布本地生活搞定啦，继续优化
2020-08-11 13:37:55,082 - INFO - user_log.py - 春衫 - 日志信息:定位方式:by.id--->定位值:com.ecloud.hobay:id/et_product_desc
2020-08-11 13:37:55,128 - INFO - user_log.py - 春衫 - 日志信息:没有找到这个元素
2020-08-11 13:37:55,141 - INFO - user_log.py - 春衫 - 日志信息:元素输入操作失败!
2020-08-11 13:38:17,107 - INFO - user_log.py - 春衫 - 日志信息:元素('xpath', "//*[@text='始终允许']")不存在
2020-08-11 13:38:22,108 - INFO - user_log.py - 春衫 - 日志信息:定位方式:by.id--->定位值:com.ecloud.hobay:id/rb_me
2020-08-11 13:38:22,733 - INFO - user_log.py - 春衫 - 日志信息:发布商品-通用条件-获取当前app的登陆状态-点击元素('id', 'com.ecloud.hobay:id/rb_me')
2020-08-11 13:38:24,117 - INFO - user_log.py - 春衫 - 日志信息:元素('id', 'com.ecloud.hobay:id/tv_setting')存在
2020-08-11 13:38:24,118 - INFO - user_log.py - 春衫 - 日志信息:定位方式:by.id--->定位值:com.ecloud.hobay:id/tv_setting
2020-08-11 13:38:24,519 - INFO - user_log.py - 春衫 - 日志信息:发布商品-通用条件-点击【设置】按钮-点击元素('id', 'com.ecloud.hobay:id/tv_setting')
2020-08-11 13:38:25,107 - INFO - user_log.py - 春衫 - 日志信息:定位方式:by.id--->定位值:com.ecloud.hobay:id/btn_exit
2020-08-11 13:38:25,694 - INFO - user_log.py - 春衫 - 日志信息:发布商品-通用条件-点击【退出】按钮-点击元素('id', 'com.ecloud.hobay:id/btn_exit')
2020-08-11 13:38:26,789 - INFO - user_log.py - 春衫 - 日志信息:点击坐标(440, 775)
2020-08-11 13:38:34,245 - INFO - user_log.py - 春衫 - 日志信息:输入数字是13724765586
2020-08-11 13:38:35,247 - INFO - user_log.py - 春衫 - 日志信息:点击坐标(540, 1030)
2020-08-11 13:38:36,925 - INFO - user_log.py - 春衫 - 日志信息:点击坐标(500, 860)
2020-08-11 13:38:42,711 - INFO - user_log.py - 春衫 - 日志信息:点击坐标(540, 1110)
2020-08-11 13:38:43,892 - INFO - user_log.py - 春衫 - 日志信息:等待元素('id', 'com.ecloud.hobay:id/rb_helpping_me')可见
2020-08-11 13:38:46,267 - INFO - user_log.py - 春衫 - 日志信息:等待时长为：2
2020-08-11 13:38:46,268 - INFO - user_log.py - 春衫 - 日志信息:定位方式:by.id--->定位值:com.ecloud.hobay:id/rb_helpping_me
2020-08-11 13:38:46,656 - INFO - user_log.py - 春衫 - 日志信息:点击底部导航栏-发布商品-点击元素('id', 'com.ecloud.hobay:id/rb_helpping_me')
2020-08-11 13:38:48,266 - INFO - user_log.py - 春衫 - 日志信息:定位方式:by.id--->定位值:com.ecloud.hobay:id/iv_publish_service
2020-08-11 13:38:48,345 - INFO - user_log.py - 春衫 - 日志信息:点击元素('id', 'com.ecloud.hobay:id/iv_publish_service')
2020-08-11 13:38:49,958 - INFO - user_log.py - 春衫 - 日志信息:定位方式:by.id--->定位值:com.ecloud.hobay:id/iv_add_pic
2020-08-11 13:38:50,016 - INFO - user_log.py - 春衫 - 日志信息:点击元素('id', 'com.ecloud.hobay:id/iv_add_pic')
2020-08-11 13:38:51,368 - INFO - user_log.py - 春衫 - 日志信息:元素('xpath', "//*[@text='始终允许']")不存在
2020-08-11 13:38:51,870 - INFO - user_log.py - 春衫 - 日志信息:定位方式:by.id--->定位值:com.ecloud.hobay:id/cb_check
2020-08-11 13:38:51,938 - INFO - user_log.py - 春衫 - 日志信息:点击元素('id', 'com.ecloud.hobay:id/cb_check')
2020-08-11 13:38:52,517 - INFO - user_log.py - 春衫 - 日志信息:定位方式:by.id--->定位值:com.ecloud.hobay:id/btn_ok
2020-08-11 13:38:53,401 - INFO - user_log.py - 春衫 - 日志信息:点击元素('id', 'com.ecloud.hobay:id/btn_ok')
2020-08-11 13:38:53,977 - INFO - user_log.py - 春衫 - 日志信息:输入的商品标题是:APP商企服务
2020-08-11 13:38:53,978 - INFO - user_log.py - 春衫 - 日志信息:定位方式:by.id--->定位值:com.ecloud.hobay:id/et_product_title
2020-08-11 13:38:55,301 - INFO - user_log.py - 春衫 - 日志信息:输入商品详情是:发布商企服务搞定啦，继续优化
2020-08-11 13:38:55,302 - INFO - user_log.py - 春衫 - 日志信息:定位方式:by.id--->定位值:com.ecloud.hobay:id/et_product_desc
2020-08-11 13:38:56,548 - INFO - user_log.py - 春衫 - 日志信息:定位方式:by.id--->定位值:com.ecloud.hobay:id/tv_select_type
2020-08-11 13:38:56,676 - INFO - user_log.py - 春衫 - 日志信息:没有找到这个元素
2020-08-11 13:38:56,720 - INFO - user_log.py - 春衫 - 日志信息:元素点击操作失败!
2020-08-11 13:42:44,852 - INFO - user_log.py - 春衫 - 日志信息:元素('xpath', "//*[@text='始终允许']")不存在
2020-08-11 13:42:49,853 - INFO - user_log.py - 春衫 - 日志信息:定位方式:by.id--->定位值:com.ecloud.hobay:id/rb_me
2020-08-11 13:42:49,903 - INFO - user_log.py - 春衫 - 日志信息:没有找到这个元素
2020-08-11 13:42:50,568 - INFO - user_log.py - 春衫 - 日志信息:截取网页成功，文件路径为为：D:\Pycharm_workspace\APPV1.0\Outputs\Error_Image\2020-08-11\2020-08-11-13-42-49-发布商品-通用条件-获取当前app的登陆状态-.png
2020-08-11 13:42:50,569 - INFO - user_log.py - 春衫 - 日志信息:元素点击操作失败!
2020-08-11 13:42:51,275 - INFO - user_log.py - 春衫 - 日志信息:截取网页成功，文件路径为为：D:\Pycharm_workspace\APPV1.0\Outputs\Error_Image\2020-08-11\2020-08-11-13-42-50-发布商品-通用条件-获取当前app的登陆状态-.png
2020-08-11 13:43:13,199 - INFO - user_log.py - 春衫 - 日志信息:元素('xpath', "//*[@text='始终允许']")不存在
2020-08-11 13:43:18,200 - INFO - user_log.py - 春衫 - 日志信息:定位方式:by.id--->定位值:com.ecloud.hobay:id/rb_me
2020-08-11 13:43:18,670 - INFO - user_log.py - 春衫 - 日志信息:发布商品-通用条件-获取当前app的登陆状态-点击元素('id', 'com.ecloud.hobay:id/rb_me')
2020-08-11 13:43:19,989 - INFO - user_log.py - 春衫 - 日志信息:元素('id', 'com.ecloud.hobay:id/tv_setting')存在
2020-08-11 13:43:19,990 - INFO - user_log.py - 春衫 - 日志信息:定位方式:by.id--->定位值:com.ecloud.hobay:id/tv_setting
2020-08-11 13:43:20,251 - INFO - user_log.py - 春衫 - 日志信息:发布商品-通用条件-点击【设置】按钮-点击元素('id', 'com.ecloud.hobay:id/tv_setting')
2020-08-11 13:43:20,838 - INFO - user_log.py - 春衫 - 日志信息:定位方式:by.id--->定位值:com.ecloud.hobay:id/btn_exit
2020-08-11 13:43:21,442 - INFO - user_log.py - 春衫 - 日志信息:发布商品-通用条件-点击【退出】按钮-点击元素('id', 'com.ecloud.hobay:id/btn_exit')
2020-08-11 13:43:22,534 - INFO - user_log.py - 春衫 - 日志信息:点击坐标(440, 775)
2020-08-11 13:43:29,996 - INFO - user_log.py - 春衫 - 日志信息:输入数字是13724765586
2020-08-11 13:43:30,998 - INFO - user_log.py - 春衫 - 日志信息:点击坐标(540, 1030)
2020-08-11 13:43:32,181 - INFO - user_log.py - 春衫 - 日志信息:点击坐标(500, 860)
2020-08-11 13:43:37,751 - INFO - user_log.py - 春衫 - 日志信息:点击坐标(540, 1110)
2020-08-11 13:43:39,570 - INFO - user_log.py - 春衫 - 日志信息:等待元素('id', 'com.ecloud.hobay:id/rb_helpping_me')可见
2020-08-11 13:43:42,607 - INFO - user_log.py - 春衫 - 日志信息:等待时长为：3
2020-08-11 13:43:42,609 - INFO - user_log.py - 春衫 - 日志信息:定位方式:by.id--->定位值:com.ecloud.hobay:id/rb_helpping_me
2020-08-11 13:43:43,080 - INFO - user_log.py - 春衫 - 日志信息:点击底部导航栏-发布商品-点击元素('id', 'com.ecloud.hobay:id/rb_helpping_me')
2020-08-11 13:43:44,668 - INFO - user_log.py - 春衫 - 日志信息:定位方式:by.id--->定位值:com.ecloud.hobay:id/iv_publish_card
2020-08-11 13:43:44,766 - INFO - user_log.py - 春衫 - 日志信息:点击元素('id', 'com.ecloud.hobay:id/iv_publish_card')
2020-08-11 13:43:47,180 - INFO - user_log.py - 春衫 - 日志信息:定位方式:by.id--->定位值:com.ecloud.hobay:id/iv_add_pic
2020-08-11 13:43:47,245 - INFO - user_log.py - 春衫 - 日志信息:点击元素('id', 'com.ecloud.hobay:id/iv_add_pic')
2020-08-11 13:43:48,556 - INFO - user_log.py - 春衫 - 日志信息:元素('xpath', "//*[@text='始终允许']")不存在
2020-08-11 13:43:49,057 - INFO - user_log.py - 春衫 - 日志信息:定位方式:by.id--->定位值:com.ecloud.hobay:id/cb_check
2020-08-11 13:43:49,136 - INFO - user_log.py - 春衫 - 日志信息:点击元素('id', 'com.ecloud.hobay:id/cb_check')
2020-08-11 13:43:49,705 - INFO - user_log.py - 春衫 - 日志信息:定位方式:by.id--->定位值:com.ecloud.hobay:id/btn_ok
2020-08-11 13:43:50,152 - INFO - user_log.py - 春衫 - 日志信息:点击元素('id', 'com.ecloud.hobay:id/btn_ok')
2020-08-11 13:43:51,201 - INFO - user_log.py - 春衫 - 日志信息:输入的商品标题是:APP本地生活
2020-08-11 13:43:51,202 - INFO - user_log.py - 春衫 - 日志信息:定位方式:by.id--->定位值:com.ecloud.hobay:id/et_product_title
2020-08-11 13:43:52,073 - INFO - user_log.py - 春衫 - 日志信息:没有找到这个元素
2020-08-11 13:43:52,087 - INFO - user_log.py - 春衫 - 日志信息:元素输入操作失败!
2020-08-11 13:44:12,683 - INFO - user_log.py - 春衫 - 日志信息:元素('xpath', "//*[@text='始终允许']")不存在
2020-08-11 13:44:17,684 - INFO - user_log.py - 春衫 - 日志信息:定位方式:by.id--->定位值:com.ecloud.hobay:id/rb_me
2020-08-11 13:44:18,147 - INFO - user_log.py - 春衫 - 日志信息:发布商品-通用条件-获取当前app的登陆状态-点击元素('id', 'com.ecloud.hobay:id/rb_me')
2020-08-11 13:44:20,424 - INFO - user_log.py - 春衫 - 日志信息:元素('id', 'com.ecloud.hobay:id/tv_setting')存在
2020-08-11 13:44:20,425 - INFO - user_log.py - 春衫 - 日志信息:定位方式:by.id--->定位值:com.ecloud.hobay:id/tv_setting
2020-08-11 13:44:20,807 - INFO - user_log.py - 春衫 - 日志信息:发布商品-通用条件-点击【设置】按钮-点击元素('id', 'com.ecloud.hobay:id/tv_setting')
2020-08-11 13:44:21,395 - INFO - user_log.py - 春衫 - 日志信息:定位方式:by.id--->定位值:com.ecloud.hobay:id/btn_exit
2020-08-11 13:44:22,003 - INFO - user_log.py - 春衫 - 日志信息:发布商品-通用条件-点击【退出】按钮-点击元素('id', 'com.ecloud.hobay:id/btn_exit')
2020-08-11 13:44:23,094 - INFO - user_log.py - 春衫 - 日志信息:点击坐标(440, 775)
2020-08-11 13:44:30,223 - INFO - user_log.py - 春衫 - 日志信息:输入数字是13724765586
2020-08-11 13:44:31,224 - INFO - user_log.py - 春衫 - 日志信息:点击坐标(540, 1030)
2020-08-11 13:44:32,932 - INFO - user_log.py - 春衫 - 日志信息:点击坐标(500, 860)
2020-08-11 13:44:38,614 - INFO - user_log.py - 春衫 - 日志信息:点击坐标(540, 1110)
2020-08-11 13:44:40,293 - INFO - user_log.py - 春衫 - 日志信息:等待元素('id', 'com.ecloud.hobay:id/rb_helpping_me')可见
2020-08-11 13:44:42,812 - INFO - user_log.py - 春衫 - 日志信息:等待时长为：2
2020-08-11 13:44:42,813 - INFO - user_log.py - 春衫 - 日志信息:定位方式:by.id--->定位值:com.ecloud.hobay:id/rb_helpping_me
2020-08-11 13:44:43,519 - INFO - user_log.py - 春衫 - 日志信息:点击底部导航栏-发布商品-点击元素('id', 'com.ecloud.hobay:id/rb_helpping_me')
2020-08-11 13:44:45,250 - INFO - user_log.py - 春衫 - 日志信息:定位方式:by.id--->定位值:com.ecloud.hobay:id/iv_publish_service
2020-08-11 13:44:45,337 - INFO - user_log.py - 春衫 - 日志信息:点击元素('id', 'com.ecloud.hobay:id/iv_publish_service')
2020-08-11 13:44:46,941 - INFO - user_log.py - 春衫 - 日志信息:定位方式:by.id--->定位值:com.ecloud.hobay:id/iv_add_pic
2020-08-11 13:44:47,010 - INFO - user_log.py - 春衫 - 日志信息:点击元素('id', 'com.ecloud.hobay:id/iv_add_pic')
2020-08-11 13:44:48,347 - INFO - user_log.py - 春衫 - 日志信息:元素('xpath', "//*[@text='始终允许']")不存在
2020-08-11 13:44:48,848 - INFO - user_log.py - 春衫 - 日志信息:定位方式:by.id--->定位值:com.ecloud.hobay:id/cb_check
2020-08-11 13:44:48,920 - INFO - user_log.py - 春衫 - 日志信息:点击元素('id', 'com.ecloud.hobay:id/cb_check')
2020-08-11 13:44:49,516 - INFO - user_log.py - 春衫 - 日志信息:定位方式:by.id--->定位值:com.ecloud.hobay:id/btn_ok
2020-08-11 13:44:49,945 - INFO - user_log.py - 春衫 - 日志信息:点击元素('id', 'com.ecloud.hobay:id/btn_ok')
2020-08-11 13:44:50,505 - INFO - user_log.py - 春衫 - 日志信息:输入的商品标题是:APP商企服务
2020-08-11 13:44:50,506 - INFO - user_log.py - 春衫 - 日志信息:定位方式:by.id--->定位值:com.ecloud.hobay:id/et_product_title
2020-08-11 13:44:52,297 - INFO - user_log.py - 春衫 - 日志信息:输入商品详情是:发布商企服务搞定啦，继续优化
2020-08-11 13:44:52,298 - INFO - user_log.py - 春衫 - 日志信息:定位方式:by.id--->定位值:com.ecloud.hobay:id/et_product_desc
2020-08-11 13:44:53,943 - INFO - user_log.py - 春衫 - 日志信息:定位方式:by.id--->定位值:com.ecloud.hobay:id/tv_select_type
2020-08-11 13:44:53,962 - INFO - user_log.py - 春衫 - 日志信息:没有找到这个元素
2020-08-11 13:44:53,975 - INFO - user_log.py - 春衫 - 日志信息:元素点击操作失败!
2020-08-11 13:46:16,568 - INFO - user_log.py - 春衫 - 日志信息:元素('xpath', "//*[@text='始终允许']")不存在
2020-08-11 13:46:21,569 - INFO - user_log.py - 春衫 - 日志信息:定位方式:by.id--->定位值:com.ecloud.hobay:id/rb_me
2020-08-11 13:46:21,948 - INFO - user_log.py - 春衫 - 日志信息:发布商品-通用条件-获取当前app的登陆状态-点击元素('id', 'com.ecloud.hobay:id/rb_me')
2020-08-11 13:46:23,681 - INFO - user_log.py - 春衫 - 日志信息:元素('id', 'com.ecloud.hobay:id/tv_setting')存在
2020-08-11 13:46:23,682 - INFO - user_log.py - 春衫 - 日志信息:定位方式:by.id--->定位值:com.ecloud.hobay:id/tv_setting
2020-08-11 13:46:24,249 - INFO - user_log.py - 春衫 - 日志信息:发布商品-通用条件-点击【设置】按钮-点击元素('id', 'com.ecloud.hobay:id/tv_setting')
2020-08-11 13:46:24,857 - INFO - user_log.py - 春衫 - 日志信息:定位方式:by.id--->定位值:com.ecloud.hobay:id/btn_exit
2020-08-11 13:46:25,440 - INFO - user_log.py - 春衫 - 日志信息:发布商品-通用条件-点击【退出】按钮-点击元素('id', 'com.ecloud.hobay:id/btn_exit')
2020-08-11 13:46:26,500 - INFO - user_log.py - 春衫 - 日志信息:点击坐标(440, 775)
2020-08-11 13:46:34,013 - INFO - user_log.py - 春衫 - 日志信息:输入数字是13724765586
2020-08-11 13:46:35,015 - INFO - user_log.py - 春衫 - 日志信息:点击坐标(540, 1030)
2020-08-11 13:46:36,697 - INFO - user_log.py - 春衫 - 日志信息:点击坐标(500, 860)
2020-08-11 13:46:42,281 - INFO - user_log.py - 春衫 - 日志信息:点击坐标(540, 1110)
2020-08-11 13:46:44,846 - INFO - user_log.py - 春衫 - 日志信息:等待元素('id', 'com.ecloud.hobay:id/rb_helpping_me')可见
2020-08-11 13:46:46,091 - INFO - user_log.py - 春衫 - 日志信息:等待时长为：1
2020-08-11 13:46:46,092 - INFO - user_log.py - 春衫 - 日志信息:定位方式:by.id--->定位值:com.ecloud.hobay:id/rb_helpping_me
2020-08-11 13:46:46,460 - INFO - user_log.py - 春衫 - 日志信息:点击底部导航栏-发布商品-点击元素('id', 'com.ecloud.hobay:id/rb_helpping_me')
2020-08-11 13:46:48,064 - INFO - user_log.py - 春衫 - 日志信息:定位方式:by.id--->定位值:com.ecloud.hobay:id/iv_publish_product
2020-08-11 13:46:48,146 - INFO - user_log.py - 春衫 - 日志信息:点击元素('id', 'com.ecloud.hobay:id/iv_publish_product')
2020-08-11 13:46:50,522 - INFO - user_log.py - 春衫 - 日志信息:定位方式:by.id--->定位值:com.ecloud.hobay:id/iv_add_pic
2020-08-11 13:46:50,678 - INFO - user_log.py - 春衫 - 日志信息:点击元素('id', 'com.ecloud.hobay:id/iv_add_pic')
2020-08-11 13:46:52,032 - INFO - user_log.py - 春衫 - 日志信息:元素('xpath', "//*[@text='始终允许']")不存在
2020-08-11 13:46:52,534 - INFO - user_log.py - 春衫 - 日志信息:定位方式:by.id--->定位值:com.ecloud.hobay:id/cb_check
2020-08-11 13:46:52,599 - INFO - user_log.py - 春衫 - 日志信息:点击元素('id', 'com.ecloud.hobay:id/cb_check')
2020-08-11 13:46:53,161 - INFO - user_log.py - 春衫 - 日志信息:定位方式:by.id--->定位值:com.ecloud.hobay:id/btn_ok
2020-08-11 13:46:53,593 - INFO - user_log.py - 春衫 - 日志信息:点击元素('id', 'com.ecloud.hobay:id/btn_ok')
2020-08-11 13:46:54,170 - INFO - user_log.py - 春衫 - 日志信息:输入的商品标题是:APP实物商品
2020-08-11 13:46:54,171 - INFO - user_log.py - 春衫 - 日志信息:定位方式:by.id--->定位值:com.ecloud.hobay:id/et_product_title
2020-08-11 13:46:56,439 - INFO - user_log.py - 春衫 - 日志信息:定位方式:by.id--->定位值:com.ecloud.hobay:id/tv_product_detail
2020-08-11 13:46:56,498 - INFO - user_log.py - 春衫 - 日志信息:点击【商品描述】选项-点击元素('id', 'com.ecloud.hobay:id/tv_product_detail')
2020-08-11 13:46:57,067 - INFO - user_log.py - 春衫 - 日志信息:定位方式:by.class name--->定位值:android.widget.EditText
2020-08-11 13:46:57,929 - INFO - user_log.py - 春衫 - 日志信息:输入商品详情:发布实物商品搞定啦，继续优化
2020-08-11 13:46:58,430 - INFO - user_log.py - 春衫 - 日志信息:定位方式:by.id--->定位值:com.ecloud.hobay:id/btn_add_pic
2020-08-11 13:46:59,365 - INFO - user_log.py - 春衫 - 日志信息:点击元素('id', 'com.ecloud.hobay:id/btn_add_pic')
2020-08-11 13:47:00,700 - INFO - user_log.py - 春衫 - 日志信息:元素('xpath', "//*[@text='始终允许']")不存在
2020-08-11 13:47:01,202 - INFO - user_log.py - 春衫 - 日志信息:定位方式:by.id--->定位值:com.ecloud.hobay:id/cb_check
2020-08-11 13:47:01,266 - INFO - user_log.py - 春衫 - 日志信息:点击元素('id', 'com.ecloud.hobay:id/cb_check')
2020-08-11 13:47:01,872 - INFO - user_log.py - 春衫 - 日志信息:定位方式:by.id--->定位值:com.ecloud.hobay:id/btn_ok
2020-08-11 13:47:02,284 - INFO - user_log.py - 春衫 - 日志信息:点击元素('id', 'com.ecloud.hobay:id/btn_ok')
2020-08-11 13:47:02,852 - INFO - user_log.py - 春衫 - 日志信息:定位方式:by.id--->定位值:com.ecloud.hobay:id/btn_complete
2020-08-11 13:47:03,532 - INFO - user_log.py - 春衫 - 日志信息:点击【完成】按钮-点击元素('id', 'com.ecloud.hobay:id/btn_complete')
2020-08-11 13:47:04,096 - INFO - user_log.py - 春衫 - 日志信息:定位方式:by.id--->定位值:com.ecloud.hobay:id/tv_product_phase
2020-08-11 13:47:04,198 - INFO - user_log.py - 春衫 - 日志信息:点击【品相】选项-点击元素('id', 'com.ecloud.hobay:id/tv_product_phase')
2020-08-11 13:47:06,572 - INFO - user_log.py - 春衫 - 日志信息:定位方式:by.-android uiautomator--->定位值:new UiSelector().text("全新")
2020-08-11 13:47:06,646 - INFO - user_log.py - 春衫 - 日志信息:点击【全新】选项-点击元素('-android uiautomator', 'new UiSelector().text("全新")')
2020-08-11 13:47:08,879 - INFO - user_log.py - 春衫 - 日志信息:定位方式:by.id--->定位值:com.ecloud.hobay:id/tv_select_type
2020-08-11 13:47:08,947 - INFO - user_log.py - 春衫 - 日志信息:点击【分类】选项-点击元素('id', 'com.ecloud.hobay:id/tv_select_type')
2020-08-11 13:47:10,004 - INFO - user_log.py - 春衫 - 日志信息:定位方式:by.-android uiautomator--->定位值:new UiSelector().text("服装")
2020-08-11 13:47:10,287 - INFO - user_log.py - 春衫 - 日志信息:点击【二级分类】-【服装】选项-点击元素('-android uiautomator', 'new UiSelector().text("服装")')
2020-08-11 13:47:11,875 - INFO - user_log.py - 春衫 - 日志信息:定位方式:by.-android uiautomator--->定位值:new UiSelector().text("裤子")
2020-08-11 13:47:11,936 - INFO - user_log.py - 春衫 - 日志信息:选择【三级分类】-【裤子】选项-点击元素('-android uiautomator', 'new UiSelector().text("裤子")')
2020-08-11 13:47:15,275 - INFO - user_log.py - 春衫 - 日志信息:定位方式:by.id--->定位值:com.ecloud.hobay:id/tv_product_type
2020-08-11 13:47:15,432 - INFO - user_log.py - 春衫 - 日志信息:点击【商品类型】选项-点击元素('id', 'com.ecloud.hobay:id/tv_product_type')
2020-08-11 13:47:16,494 - INFO - user_log.py - 春衫 - 日志信息:定位方式:by.id--->定位值:com.ecloud.hobay:id/tv_dialog_item
2020-08-11 13:47:16,545 - INFO - user_log.py - 春衫 - 日志信息:选择【商品类型】-【易贝商品】选项-点击元素('id', 'com.ecloud.hobay:id/tv_dialog_item')
2020-08-11 13:47:17,603 - INFO - user_log.py - 春衫 - 日志信息:定位方式:by.id--->定位值:com.ecloud.hobay:id/tv_specification
2020-08-11 13:47:17,674 - INFO - user_log.py - 春衫 - 日志信息:点击【规格】选项-点击元素('id', 'com.ecloud.hobay:id/tv_specification')
2020-08-11 13:47:18,242 - INFO - user_log.py - 春衫 - 日志信息:输入的商品规格是:外套
2020-08-11 13:47:18,243 - INFO - user_log.py - 春衫 - 日志信息:定位方式:by.id--->定位值:com.ecloud.hobay:id/et_first_attributes
2020-08-11 13:47:19,922 - INFO - user_log.py - 春衫 - 日志信息:输入的商品属性是:红色
2020-08-11 13:47:19,923 - INFO - user_log.py - 春衫 - 日志信息:定位方式:by.id--->定位值:com.ecloud.hobay:id/et_name
2020-08-11 13:47:21,473 - INFO - user_log.py - 春衫 - 日志信息:定位方式:by.id--->定位值:com.ecloud.hobay:id/tv_add_pic
2020-08-11 13:47:21,523 - INFO - user_log.py - 春衫 - 日志信息:点击上传规格图片-点击元素('id', 'com.ecloud.hobay:id/tv_add_pic')
2020-08-11 13:47:22,077 - INFO - user_log.py - 春衫 - 日志信息:定位方式:by.id--->定位值:com.ecloud.hobay:id/iv_thumb
2020-08-11 13:47:22,619 - INFO - user_log.py - 春衫 - 日志信息:选择规格图片-点击元素('id', 'com.ecloud.hobay:id/iv_thumb')
2020-08-11 13:47:23,187 - INFO - user_log.py - 春衫 - 日志信息:定位方式:by.id--->定位值:com.ecloud.hobay:id/btn_next
2020-08-11 13:47:23,903 - INFO - user_log.py - 春衫 - 日志信息:点击【下一步】按钮-点击元素('id', 'com.ecloud.hobay:id/btn_next')
2020-08-11 13:47:24,461 - INFO - user_log.py - 春衫 - 日志信息:输入的商品进货价是:100
2020-08-11 13:47:24,462 - INFO - user_log.py - 春衫 - 日志信息:定位方式:by.id--->定位值:com.ecloud.hobay:id/et_purchase_price
2020-08-11 13:47:25,708 - INFO - user_log.py - 春衫 - 日志信息:输入的商品出售价是:100
2020-08-11 13:47:25,708 - INFO - user_log.py - 春衫 - 日志信息:定位方式:by.id--->定位值:com.ecloud.hobay:id/et_price
2020-08-11 13:47:26,980 - INFO - user_log.py - 春衫 - 日志信息:输入的商品库存是:10000
2020-08-11 13:47:26,981 - INFO - user_log.py - 春衫 - 日志信息:定位方式:by.id--->定位值:com.ecloud.hobay:id/et_number
2020-08-11 13:47:28,511 - INFO - user_log.py - 春衫 - 日志信息:定位方式:by.id--->定位值:com.ecloud.hobay:id/btn_confirm
2020-08-11 13:47:28,568 - INFO - user_log.py - 春衫 - 日志信息:点击【确定】按钮-点击元素('id', 'com.ecloud.hobay:id/btn_confirm')
2020-08-11 13:47:29,139 - INFO - user_log.py - 春衫 - 日志信息:定位方式:by.id--->定位值:com.ecloud.hobay:id/tv_freight
2020-08-11 13:47:29,745 - INFO - user_log.py - 春衫 - 日志信息:点击【运费】选项-点击元素('id', 'com.ecloud.hobay:id/tv_freight')
2020-08-11 13:47:30,315 - INFO - user_log.py - 春衫 - 日志信息:定位方式:by.-android uiautomator--->定位值:new UiSelector().text("包邮")
2020-08-11 13:47:30,624 - INFO - user_log.py - 春衫 - 日志信息:【运费】类型-选择【包邮】选项-点击元素('-android uiautomator', 'new UiSelector().text("包邮")')
2020-08-11 13:47:32,365 - INFO - user_log.py - 春衫 - 日志信息:定位方式:by.id--->定位值:com.ecloud.hobay:id/btn_immediately_publish
2020-08-11 13:47:32,456 - INFO - user_log.py - 春衫 - 日志信息:点击【立即上架】按钮-点击元素('id', 'com.ecloud.hobay:id/btn_immediately_publish')
2020-08-11 13:47:33,515 - INFO - user_log.py - 春衫 - 日志信息:等待元素('id', 'com.ecloud.hobay:id/tv_tips')可见
2020-08-11 13:47:33,905 - INFO - user_log.py - 春衫 - 日志信息:等待时长为：0
2020-08-11 13:47:33,906 - INFO - user_log.py - 春衫 - 日志信息:定位方式:by.id--->定位值:com.ecloud.hobay:id/tv_tips
2020-08-11 13:47:33,966 - INFO - user_log.py - 春衫 - 日志信息:获取到的文本内容是：商品审核中
2020-08-11 13:47:54,672 - INFO - user_log.py - 春衫 - 日志信息:元素('xpath', "//*[@text='始终允许']")不存在
2020-08-11 13:47:59,672 - INFO - user_log.py - 春衫 - 日志信息:定位方式:by.id--->定位值:com.ecloud.hobay:id/rb_me
2020-08-11 13:48:00,096 - INFO - user_log.py - 春衫 - 日志信息:发布商品-通用条件-获取当前app的登陆状态-点击元素('id', 'com.ecloud.hobay:id/rb_me')
2020-08-11 13:48:01,637 - INFO - user_log.py - 春衫 - 日志信息:元素('id', 'com.ecloud.hobay:id/tv_setting')存在
2020-08-11 13:48:01,638 - INFO - user_log.py - 春衫 - 日志信息:定位方式:by.id--->定位值:com.ecloud.hobay:id/tv_setting
2020-08-11 13:48:02,160 - INFO - user_log.py - 春衫 - 日志信息:发布商品-通用条件-点击【设置】按钮-点击元素('id', 'com.ecloud.hobay:id/tv_setting')
2020-08-11 13:48:02,761 - INFO - user_log.py - 春衫 - 日志信息:定位方式:by.id--->定位值:com.ecloud.hobay:id/btn_exit
2020-08-11 13:48:03,557 - INFO - user_log.py - 春衫 - 日志信息:发布商品-通用条件-点击【退出】按钮-点击元素('id', 'com.ecloud.hobay:id/btn_exit')
2020-08-11 13:48:04,627 - INFO - user_log.py - 春衫 - 日志信息:点击坐标(440, 775)
2020-08-11 13:48:11,926 - INFO - user_log.py - 春衫 - 日志信息:输入数字是13724765586
2020-08-11 13:48:12,927 - INFO - user_log.py - 春衫 - 日志信息:点击坐标(540, 1030)
2020-08-11 13:48:14,616 - INFO - user_log.py - 春衫 - 日志信息:点击坐标(500, 860)
2020-08-11 13:48:20,189 - INFO - user_log.py - 春衫 - 日志信息:点击坐标(540, 1110)
2020-08-11 13:48:22,692 - INFO - user_log.py - 春衫 - 日志信息:等待元素('id', 'com.ecloud.hobay:id/rb_helpping_me')可见
2020-08-11 13:48:23,769 - INFO - user_log.py - 春衫 - 日志信息:等待时长为：1
2020-08-11 13:48:23,770 - INFO - user_log.py - 春衫 - 日志信息:定位方式:by.id--->定位值:com.ecloud.hobay:id/rb_helpping_me
2020-08-11 13:48:24,115 - INFO - user_log.py - 春衫 - 日志信息:点击底部导航栏-发布商品-点击元素('id', 'com.ecloud.hobay:id/rb_helpping_me')
2020-08-11 13:48:25,695 - INFO - user_log.py - 春衫 - 日志信息:定位方式:by.id--->定位值:com.ecloud.hobay:id/iv_publish_card
2020-08-11 13:48:25,785 - INFO - user_log.py - 春衫 - 日志信息:点击元素('id', 'com.ecloud.hobay:id/iv_publish_card')
2020-08-11 13:48:27,390 - INFO - user_log.py - 春衫 - 日志信息:定位方式:by.id--->定位值:com.ecloud.hobay:id/iv_add_pic
2020-08-11 13:48:27,672 - INFO - user_log.py - 春衫 - 日志信息:点击元素('id', 'com.ecloud.hobay:id/iv_add_pic')
2020-08-11 13:48:29,044 - INFO - user_log.py - 春衫 - 日志信息:元素('xpath', "//*[@text='始终允许']")不存在
2020-08-11 13:48:29,545 - INFO - user_log.py - 春衫 - 日志信息:定位方式:by.id--->定位值:com.ecloud.hobay:id/cb_check
2020-08-11 13:48:29,598 - INFO - user_log.py - 春衫 - 日志信息:点击元素('id', 'com.ecloud.hobay:id/cb_check')
2020-08-11 13:48:30,176 - INFO - user_log.py - 春衫 - 日志信息:定位方式:by.id--->定位值:com.ecloud.hobay:id/btn_ok
2020-08-11 13:48:30,598 - INFO - user_log.py - 春衫 - 日志信息:点击元素('id', 'com.ecloud.hobay:id/btn_ok')
2020-08-11 13:48:31,179 - INFO - user_log.py - 春衫 - 日志信息:输入的商品标题是:APP本地生活
2020-08-11 13:48:31,180 - INFO - user_log.py - 春衫 - 日志信息:定位方式:by.id--->定位值:com.ecloud.hobay:id/et_product_title
2020-08-11 13:48:32,939 - INFO - user_log.py - 春衫 - 日志信息:输入商品详情:发布本地生活搞定啦，继续优化
2020-08-11 13:48:32,940 - INFO - user_log.py - 春衫 - 日志信息:定位方式:by.id--->定位值:com.ecloud.hobay:id/et_product_desc
2020-08-11 13:48:34,551 - INFO - user_log.py - 春衫 - 日志信息:定位方式:by.id--->定位值:com.ecloud.hobay:id/tv_select_type
2020-08-11 13:48:34,568 - INFO - user_log.py - 春衫 - 日志信息:没有找到这个元素
2020-08-11 13:48:34,582 - INFO - user_log.py - 春衫 - 日志信息:元素点击操作失败!
2020-08-11 13:48:53,807 - INFO - user_log.py - 春衫 - 日志信息:元素('xpath', "//*[@text='始终允许']")不存在
2020-08-11 13:48:58,809 - INFO - user_log.py - 春衫 - 日志信息:定位方式:by.id--->定位值:com.ecloud.hobay:id/rb_me
2020-08-11 13:48:59,153 - INFO - user_log.py - 春衫 - 日志信息:发布商品-通用条件-获取当前app的登陆状态-点击元素('id', 'com.ecloud.hobay:id/rb_me')
2020-08-11 13:49:01,101 - INFO - user_log.py - 春衫 - 日志信息:元素('id', 'com.ecloud.hobay:id/tv_setting')存在
2020-08-11 13:49:01,102 - INFO - user_log.py - 春衫 - 日志信息:定位方式:by.id--->定位值:com.ecloud.hobay:id/tv_setting
2020-08-11 13:49:01,323 - INFO - user_log.py - 春衫 - 日志信息:发布商品-通用条件-点击【设置】按钮-点击元素('id', 'com.ecloud.hobay:id/tv_setting')
2020-08-11 13:49:01,886 - INFO - user_log.py - 春衫 - 日志信息:定位方式:by.id--->定位值:com.ecloud.hobay:id/btn_exit
2020-08-11 13:49:02,483 - INFO - user_log.py - 春衫 - 日志信息:发布商品-通用条件-点击【退出】按钮-点击元素('id', 'com.ecloud.hobay:id/btn_exit')
2020-08-11 13:49:03,544 - INFO - user_log.py - 春衫 - 日志信息:点击坐标(440, 775)
2020-08-11 13:49:11,127 - INFO - user_log.py - 春衫 - 日志信息:输入数字是13724765586
2020-08-11 13:49:12,129 - INFO - user_log.py - 春衫 - 日志信息:点击坐标(540, 1030)
2020-08-11 13:49:13,299 - INFO - user_log.py - 春衫 - 日志信息:点击坐标(500, 860)
2020-08-11 13:49:18,786 - INFO - user_log.py - 春衫 - 日志信息:点击坐标(540, 1110)
2020-08-11 13:49:21,293 - INFO - user_log.py - 春衫 - 日志信息:等待元素('id', 'com.ecloud.hobay:id/rb_helpping_me')可见
2020-08-11 13:49:22,350 - INFO - user_log.py - 春衫 - 日志信息:等待时长为：1
2020-08-11 13:49:22,351 - INFO - user_log.py - 春衫 - 日志信息:定位方式:by.id--->定位值:com.ecloud.hobay:id/rb_helpping_me
2020-08-11 13:49:22,693 - INFO - user_log.py - 春衫 - 日志信息:点击底部导航栏-发布商品-点击元素('id', 'com.ecloud.hobay:id/rb_helpping_me')
2020-08-11 13:49:24,297 - INFO - user_log.py - 春衫 - 日志信息:定位方式:by.id--->定位值:com.ecloud.hobay:id/iv_publish_service
2020-08-11 13:49:24,376 - INFO - user_log.py - 春衫 - 日志信息:点击元素('id', 'com.ecloud.hobay:id/iv_publish_service')
2020-08-11 13:49:25,991 - INFO - user_log.py - 春衫 - 日志信息:定位方式:by.id--->定位值:com.ecloud.hobay:id/iv_add_pic
2020-08-11 13:49:26,050 - INFO - user_log.py - 春衫 - 日志信息:点击元素('id', 'com.ecloud.hobay:id/iv_add_pic')
2020-08-11 13:49:27,420 - INFO - user_log.py - 春衫 - 日志信息:元素('xpath', "//*[@text='始终允许']")不存在
2020-08-11 13:49:27,921 - INFO - user_log.py - 春衫 - 日志信息:定位方式:by.id--->定位值:com.ecloud.hobay:id/cb_check
2020-08-11 13:49:28,005 - INFO - user_log.py - 春衫 - 日志信息:点击元素('id', 'com.ecloud.hobay:id/cb_check')
2020-08-11 13:49:28,562 - INFO - user_log.py - 春衫 - 日志信息:定位方式:by.id--->定位值:com.ecloud.hobay:id/btn_ok
2020-08-11 13:49:29,001 - INFO - user_log.py - 春衫 - 日志信息:点击元素('id', 'com.ecloud.hobay:id/btn_ok')
2020-08-11 13:49:29,567 - INFO - user_log.py - 春衫 - 日志信息:输入的商品标题是:APP商企服务
2020-08-11 13:49:29,568 - INFO - user_log.py - 春衫 - 日志信息:定位方式:by.id--->定位值:com.ecloud.hobay:id/et_product_title
2020-08-11 13:49:30,859 - INFO - user_log.py - 春衫 - 日志信息:输入商品详情是:发布商企服务搞定啦，继续优化
2020-08-11 13:49:30,860 - INFO - user_log.py - 春衫 - 日志信息:定位方式:by.id--->定位值:com.ecloud.hobay:id/et_product_desc
2020-08-11 13:49:32,864 - INFO - user_log.py - 春衫 - 日志信息:定位方式:by.id--->定位值:com.ecloud.hobay:id/tv_select_type
2020-08-11 13:49:32,922 - INFO - user_log.py - 春衫 - 日志信息:测试发布商企服务商品-点击【分类】选项-点击元素('id', 'com.ecloud.hobay:id/tv_select_type')
2020-08-11 13:49:33,990 - INFO - user_log.py - 春衫 - 日志信息:定位方式:by.-android uiautomator--->定位值:new UiSelector().text("设计")
2020-08-11 13:49:34,070 - INFO - user_log.py - 春衫 - 日志信息:测试发布商企服务商品-点击【二级分类】-【设计】选项-点击元素('-android uiautomator', 'new UiSelector().text("设计")')
2020-08-11 13:49:35,355 - INFO - user_log.py - 春衫 - 日志信息:定位方式:by.-android uiautomator--->定位值:new UiSelector().text("广告设计")
2020-08-11 13:49:36,177 - INFO - user_log.py - 春衫 - 日志信息:没有找到这个元素
2020-08-11 13:49:36,190 - INFO - user_log.py - 春衫 - 日志信息:元素点击操作失败!
